Using pre-set license
Built from '2021.3/staging' branch; Version is '2021.3.4f1 (cb45f9cae8b7) revision 13321721'; Using compiler version '192829333'; Build Type 'Release'
OS: 'Windows 11  (10.0.22621) 64bit Core' Language: 'en' Physical Memory: 24277 MB
BatchMode: 1, IsHumanControllingUs: 0, StartBugReporterOnCrash: 0, Is64bit: 1, IsPro: 1

COMMAND LINE ARGUMENTS:
C:\Program Files\Unity\Hub\Editor\2021.3.4f1\Editor\Unity.exe
-adb2
-batchMode
-noUpm
-name
AssetImportWorker10
-projectPath
C:/Users/check/OneDrive/Documents/GitHub/AWalkInWinterland/A Walk In Winterland
-logFile
Logs/AssetImportWorker10.log
-srvPort
55023
Successfully changed project path to: C:/Users/check/OneDrive/Documents/GitHub/AWalkInWinterland/A Walk In Winterland
C:/Users/check/OneDrive/Documents/GitHub/AWalkInWinterland/A Walk In Winterland
[UnityMemory] Configuration Parameters - Can be set up in boot.config
    "memorysetup-bucket-allocator-granularity=16"
    "memorysetup-bucket-allocator-bucket-count=8"
    "memorysetup-bucket-allocator-block-size=33554432"
    "memorysetup-bucket-allocator-block-count=8"
    "memorysetup-main-allocator-block-size=16777216"
    "memorysetup-thread-allocator-block-size=16777216"
    "memorysetup-gfx-main-allocator-block-size=16777216"
    "memorysetup-gfx-thread-allocator-block-size=16777216"
    "memorysetup-cache-allocator-block-size=4194304"
    "memorysetup-typetree-allocator-block-size=2097152"
    "memorysetup-profiler-bucket-allocator-granularity=16"
    "memorysetup-profiler-bucket-allocator-bucket-count=8"
    "memorysetup-profiler-bucket-allocator-block-size=33554432"
    "memorysetup-profiler-bucket-allocator-block-count=8"
    "memorysetup-profiler-allocator-block-size=16777216"
    "memorysetup-profiler-editor-allocator-block-size=1048576"
    "memorysetup-temp-allocator-size-main=16777216"
    "memorysetup-job-temp-allocator-block-size=2097152"
    "memorysetup-job-temp-allocator-block-size-background=1048576"
    "memorysetup-job-temp-allocator-reduction-small-platforms=262144"
    "memorysetup-temp-allocator-size-background-worker=32768"
    "memorysetup-temp-allocator-size-job-worker=262144"
    "memorysetup-temp-allocator-size-preload-manager=33554432"
    "memorysetup-temp-allocator-size-nav-mesh-worker=65536"
    "memorysetup-temp-allocator-size-audio-worker=65536"
    "memorysetup-temp-allocator-size-cloud-worker=32768"
    "memorysetup-temp-allocator-size-gi-baking-worker=262144"
    "memorysetup-temp-allocator-size-gfx=262144"
Refreshing native plugins compatible for Editor in 174.36 ms, found 7 plugins.
Preloading 0 native plugins for Editor in 0.00 ms.
Initialize engine version: 2021.3.4f1 (cb45f9cae8b7)
[Subsystems] Discovering subsystems at path C:/Program Files/Unity/Hub/Editor/2021.3.4f1/Editor/Data/Resources/UnitySubsystems
[Subsystems] Discovering subsystems at path C:/Users/check/OneDrive/Documents/GitHub/AWalkInWinterland/A Walk In Winterland/Assets
GfxDevice: creating device client; threaded=0; jobified=0
Direct3D:
    Version:  Direct3D 11.0 [level 11.1]
    Renderer: NVIDIA GeForce RTX 3050 Laptop GPU (ID=0x25a5)
    Vendor:   NVIDIA
    VRAM:     3977 MB
    Driver:   31.0.15.3179
Initialize mono
Mono path[0] = 'C:/Program Files/Unity/Hub/Editor/2021.3.4f1/Editor/Data/Managed'
Mono path[1] = 'C:/Program Files/Unity/Hub/Editor/2021.3.4f1/Editor/Data/MonoBleedingEdge/lib/mono/unityjit-win32'
Mono config path = 'C:/Program Files/Unity/Hub/Editor/2021.3.4f1/Editor/Data/MonoBleedingEdge/etc'
Using monoOptions --debugger-agent=transport=dt_socket,embedding=1,server=y,suspend=n,address=127.0.0.1:56356
Begin MonoManager ReloadAssembly
Registering precompiled unity dll's ...
Register platform support module: C:/Program Files/Unity/Hub/Editor/2021.3.4f1/Editor/Data/PlaybackEngines/iOSSupport/UnityEditor.iOS.Extensions.dll
Register platform support module: C:/Program Files/Unity/Hub/Editor/2021.3.4f1/Editor/Data/PlaybackEngines/WindowsStandaloneSupport/UnityEditor.WindowsStandalone.Extensions.dll
Registered in 0.003900 seconds.
Native extension for WindowsStandalone target not found
[usbmuxd] Start listen thread
[usbmuxd] Listen thread started
Native extension for iOS target not found
Refreshing native plugins compatible for Editor in 149.35 ms, found 7 plugins.
Preloading 0 native plugins for Editor in 0.00 ms.
Mono: successfully reloaded assembly
- Completed reload, in  0.592 seconds
Domain Reload Profiling:
	ReloadAssembly (592ms)
		BeginReloadAssembly (56ms)
			ExecutionOrderSort (0ms)
			DisableScriptedObjects (0ms)
			BackupInstance (0ms)
			ReleaseScriptingObjects (0ms)
			CreateAndSetChildDomain (1ms)
		EndReloadAssembly (450ms)
			LoadAssemblies (55ms)
			RebuildTransferFunctionScriptingTraits (0ms)
			SetupTypeCache (80ms)
			ReleaseScriptCaches (0ms)
			RebuildScriptCaches (20ms)
			SetupLoadedEditorAssemblies (307ms)
				LogAssemblyErrors (0ms)
				InitializePlatformSupportModulesInManaged (19ms)
				SetLoadedEditorAssemblies (0ms)
				RefreshPlugins (149ms)
				BeforeProcessingInitializeOnLoad (1ms)
				ProcessInitializeOnLoadAttributes (103ms)
				ProcessInitializeOnLoadMethodAttributes (34ms)
				AfterProcessingInitializeOnLoad (0ms)
				EditorAssembliesLoaded (0ms)
			ExecutionOrderSort2 (0ms)
			AwakeInstancesAfterBackupRestoration (0ms)
Platform modules already initialized, skipping
Registering precompiled user dll's ...
Registered in 0.007380 seconds.
Begin MonoManager ReloadAssembly
Symbol file LoadedFromMemory doesn't match image C:\Users\check\OneDrive\Documents\GitHub\AWalkInWinterland\A Walk In Winterland\Library\PackageCache\com.unity.visualscripting@1.7.8\Editor\VisualScripting.Core\Dependencies\DotNetZip\Unity.VisualScripting.IonicZip.dll
Symbol file LoadedFromMemory doesn't match image C:\Users\check\OneDrive\Documents\GitHub\AWalkInWinterland\A Walk In Winterland\Library\PackageCache\com.unity.visualscripting@1.7.8\Editor\VisualScripting.Core\Dependencies\YamlDotNet\Unity.VisualScripting.YamlDotNet.dll
Native extension for WindowsStandalone target not found
Native extension for iOS target not found
Refreshing native plugins compatible for Editor in 151.58 ms, found 7 plugins.
Preloading 0 native plugins for Editor in 0.00 ms.
Mono: successfully reloaded assembly
- Completed reload, in  1.559 seconds
Domain Reload Profiling:
	ReloadAssembly (1560ms)
		BeginReloadAssembly (81ms)
			ExecutionOrderSort (0ms)
			DisableScriptedObjects (4ms)
			BackupInstance (0ms)
			ReleaseScriptingObjects (0ms)
			CreateAndSetChildDomain (16ms)
		EndReloadAssembly (1385ms)
			LoadAssemblies (89ms)
			RebuildTransferFunctionScriptingTraits (0ms)
			SetupTypeCache (286ms)
			ReleaseScriptCaches (2ms)
			RebuildScriptCaches (74ms)
			SetupLoadedEditorAssemblies (885ms)
				LogAssemblyErrors (0ms)
				InitializePlatformSupportModulesInManaged (17ms)
				SetLoadedEditorAssemblies (0ms)
				RefreshPlugins (152ms)
				BeforeProcessingInitializeOnLoad (122ms)
				ProcessInitializeOnLoadAttributes (507ms)
				ProcessInitializeOnLoadMethodAttributes (82ms)
				AfterProcessingInitializeOnLoad (5ms)
				EditorAssembliesLoaded (0ms)
			ExecutionOrderSort2 (0ms)
			AwakeInstancesAfterBackupRestoration (5ms)
Platform modules already initialized, skipping
========================================================================
Worker process is ready to serve import requests
Launched and connected shader compiler UnityShaderCompiler.exe after 0.05 seconds
Refreshing native plugins compatible for Editor in 1.60 ms, found 7 plugins.
Preloading 0 native plugins for Editor in 0.00 ms.
Unloading 7106 Unused Serialized files (Serialized files now loaded: 0)
Unloading 145 unused Assets / (2.5 MB). Loaded Objects now: 7502.
Memory consumption went from 355.4 MB to 352.9 MB.
Total: 5.383700 ms (FindLiveObjects: 0.552300 ms CreateObjectMapping: 0.313900 ms MarkObjects: 4.039900 ms  DeleteObjects: 0.476400 ms)

AssetImportParameters requested are different than current active one (requested -> active):
  custom:video-decoder-ogg-theora: a1e56fd34408186e4bbccfd4996cb3dc -> 
  custom:container-muxer-webm: aa71ff27fc2769a1b78a27578f13a17b -> 
  custom:container-demuxer-webm: 4f35f7cbe854078d1ac9338744f61a02 -> 
  custom:video-encoder-webm-vp8: eb34c28f22e8b96e1ab97ce403110664 -> 
  custom:audio-encoder-webm-vorbis: bf7c407c2cedff20999df2af8eb42d56 -> 
  custom:framework-win-MediaFoundation: 216162199b28c13a410421893ffa2e32 -> 
  custom:container-demuxer-ogg: 62fdf1f143b41e24485cea50d1cbac27 -> 
  custom:video-decoder-webm-vp8: 9c59270c3fd7afecdb556c50c9e8de78 -> 
  custom:audio-decoder-ogg-vorbis: bf7c407c2cedff20999df2af8eb42d56 -> 
========================================================================
Received Import Request.
  Time since last request: 829538.920311 seconds.
  path: Assets/Resources/Prefabs/Cliff/Cliff.mat
  artifactKey: Guid(73f8746080cfd614aac1436c692f7062) Importer(815301076,1909f56bfc062723c751e8b465ee728b)
Start importing Assets/Resources/Prefabs/Cliff/Cliff.mat using Guid(73f8746080cfd614aac1436c692f7062) Importer(815301076,1909f56bfc062723c751e8b465ee728b)  -> (artifact id: 'f4dcba16ed4c4cf50fe436cd8f59a5ee') in 0.274169 seconds 
========================================================================
Received Import Request.
  Time since last request: 23.946564 seconds.
  path: Assets/Resources/Prefabs/Cliff/Cliff.prefab
  artifactKey: Guid(339e1bed85e20024bbcd044e31a46efd) Importer(815301076,1909f56bfc062723c751e8b465ee728b)
Start importing Assets/Resources/Prefabs/Cliff/Cliff.prefab using Guid(339e1bed85e20024bbcd044e31a46efd) Importer(815301076,1909f56bfc062723c751e8b465ee728b)  -> (artifact id: 'b9938ff5a2e6bdf4e36d73849b306e8e') in 0.050360 seconds 
========================================================================
Received Import Request.
  Time since last request: 0.000025 seconds.
  path: Assets/Resources/Prefabs/Cliff/stonen_55_COLOR.png
  artifactKey: Guid(b19831147c1f7fa4291b72f7402b4a7d) Importer(815301076,1909f56bfc062723c751e8b465ee728b)
Start importing Assets/Resources/Prefabs/Cliff/stonen_55_COLOR.png using Guid(b19831147c1f7fa4291b72f7402b4a7d) Importer(815301076,1909f56bfc062723c751e8b465ee728b)  -> (artifact id: 'fe8763f63fb85ccd34ea50a90002fc85') in 0.036249 seconds 
========================================================================
Received Import Request.
  Time since last request: 28.129345 seconds.
  path: Assets/Resources/Prefabs/Cliff/Cliff.prefab
  artifactKey: Guid(339e1bed85e20024bbcd044e31a46efd) Importer(815301076,1909f56bfc062723c751e8b465ee728b)
Start importing Assets/Resources/Prefabs/Cliff/Cliff.prefab using Guid(339e1bed85e20024bbcd044e31a46efd) Importer(815301076,1909f56bfc062723c751e8b465ee728b)  -> (artifact id: '4f485ecdf834761c5502726cbdd23a7e') in 0.052788 seconds 
========================================================================
Received Import Request.
  Time since last request: 0.000022 seconds.
  path: Assets/Resources/Prefabs/Cliff/stonen_55_COLOR.png
  artifactKey: Guid(b19831147c1f7fa4291b72f7402b4a7d) Importer(815301076,1909f56bfc062723c751e8b465ee728b)
Start importing Assets/Resources/Prefabs/Cliff/stonen_55_COLOR.png using Guid(b19831147c1f7fa4291b72f7402b4a7d) Importer(815301076,1909f56bfc062723c751e8b465ee728b)  -> (artifact id: 'c09a49b6aca9ded231b80c3d3ab552b3') in 0.028380 seconds 
========================================================================
Received Import Request.
  Time since last request: 32.350305 seconds.
  path: Assets/Resources/Prefabs/Cliff/Cliff.prefab
  artifactKey: Guid(339e1bed85e20024bbcd044e31a46efd) Importer(815301076,1909f56bfc062723c751e8b465ee728b)
Start importing Assets/Resources/Prefabs/Cliff/Cliff.prefab using Guid(339e1bed85e20024bbcd044e31a46efd) Importer(815301076,1909f56bfc062723c751e8b465ee728b)  -> (artifact id: 'd35b21ce3b985748ea8e5aff8360d628') in 0.049996 seconds 
========================================================================
Received Import Request.
  Time since last request: 0.000023 seconds.
  path: Assets/Resources/Prefabs/Cliff/cliff_5_lower.obj
  artifactKey: Guid(a8e833ca445fa1b44af8c5972b520ef3) Importer(815301076,1909f56bfc062723c751e8b465ee728b)
Start importing Assets/Resources/Prefabs/Cliff/cliff_5_lower.obj using Guid(a8e833ca445fa1b44af8c5972b520ef3) Importer(815301076,1909f56bfc062723c751e8b465ee728b)  -> (artifact id: '3afec9deee5c6c213601f5e5f13e9098') in 0.103253 seconds 
========================================================================
Received Import Request.
  Time since last request: 31.113264 seconds.
  path: Assets/Resources/Prefabs/Cliff/Cliff.prefab
  artifactKey: Guid(339e1bed85e20024bbcd044e31a46efd) Importer(815301076,1909f56bfc062723c751e8b465ee728b)
Start importing Assets/Resources/Prefabs/Cliff/Cliff.prefab using Guid(339e1bed85e20024bbcd044e31a46efd) Importer(815301076,1909f56bfc062723c751e8b465ee728b)  -> (artifact id: '06241f6a4521204ae3e027aa1d310b80') in 0.052473 seconds 
========================================================================
Received Import Request.
  Time since last request: 0.000029 seconds.
  path: Assets/Resources/Prefabs/Cliff/stonen_55_NRM.png
  artifactKey: Guid(fd067ca57b255d042bc324348cc34471) Importer(815301076,1909f56bfc062723c751e8b465ee728b)
Start importing Assets/Resources/Prefabs/Cliff/stonen_55_NRM.png using Guid(fd067ca57b255d042bc324348cc34471) Importer(815301076,1909f56bfc062723c751e8b465ee728b)  -> (artifact id: '5f36e20296e21e2d23c5e85f41fd0e29') in 0.034374 seconds 
Editor requested this worker to shutdown with reason: Scaling down because of idle timeout
AssetImportWorker is now disconnected from the server
Process exiting
Exiting without the bug reporter. Application will terminate with return code 0