Using pre-set license
Built from '2021.3/staging' branch; Version is '2021.3.4f1 (cb45f9cae8b7) revision 13321721'; Using compiler version '192829333'; Build Type 'Release'
OS: 'Windows 10  (10.0.19044) 64bit Core' Language: 'en' Physical Memory: 32509 MB
BatchMode: 1, IsHumanControllingUs: 0, StartBugReporterOnCrash: 0, Is64bit: 1, IsPro: 1

COMMAND LINE ARGUMENTS:
C:\Program Files\Unity\Hub\Editor\2021.3.4f1\Editor\Unity.exe
-adb2
-batchMode
-noUpm
-name
AssetImportWorker28
-projectPath
C:/Users/Carter/Documents/GitHub/AWalkInWinterland/A Walk In Winterland
-logFile
Logs/AssetImportWorker28.log
-srvPort
51232
Successfully changed project path to: C:/Users/Carter/Documents/GitHub/AWalkInWinterland/A Walk In Winterland
C:/Users/Carter/Documents/GitHub/AWalkInWinterland/A Walk In Winterland
[UnityMemory] Configuration Parameters - Can be set up in boot.config
    "memorysetup-bucket-allocator-granularity=16"
    "memorysetup-bucket-allocator-bucket-count=8"
    "memorysetup-bucket-allocator-block-size=33554432"
    "memorysetup-bucket-allocator-block-count=8"
    "memorysetup-main-allocator-block-size=16777216"
    "memorysetup-thread-allocator-block-size=16777216"
    "memorysetup-gfx-main-allocator-block-size=16777216"
    "memorysetup-gfx-thread-allocator-block-size=16777216"
    "memorysetup-cache-allocator-block-size=4194304"
    "memorysetup-typetree-allocator-block-size=2097152"
    "memorysetup-profiler-bucket-allocator-granularity=16"
    "memorysetup-profiler-bucket-allocator-bucket-count=8"
    "memorysetup-profiler-bucket-allocator-block-size=33554432"
    "memorysetup-profiler-bucket-allocator-block-count=8"
    "memorysetup-profiler-allocator-block-size=16777216"
    "memorysetup-profiler-editor-allocator-block-size=1048576"
    "memorysetup-temp-allocator-size-main=16777216"
    "memorysetup-job-temp-allocator-block-size=2097152"
    "memorysetup-job-temp-allocator-block-size-background=1048576"
    "memorysetup-job-temp-allocator-reduction-small-platforms=262144"
    "memorysetup-temp-allocator-size-background-worker=32768"
    "memorysetup-temp-allocator-size-job-worker=262144"
    "memorysetup-temp-allocator-size-preload-manager=33554432"
    "memorysetup-temp-allocator-size-nav-mesh-worker=65536"
    "memorysetup-temp-allocator-size-audio-worker=65536"
    "memorysetup-temp-allocator-size-cloud-worker=32768"
    "memorysetup-temp-allocator-size-gi-baking-worker=262144"
    "memorysetup-temp-allocator-size-gfx=262144"
Refreshing native plugins compatible for Editor in 269.61 ms, found 6 plugins.
Preloading 0 native plugins for Editor in 0.00 ms.
Initialize engine version: 2021.3.4f1 (cb45f9cae8b7)
[Subsystems] Discovering subsystems at path C:/Program Files/Unity/Hub/Editor/2021.3.4f1/Editor/Data/Resources/UnitySubsystems
[Subsystems] Discovering subsystems at path C:/Users/Carter/Documents/GitHub/AWalkInWinterland/A Walk In Winterland/Assets
GfxDevice: creating device client; threaded=0; jobified=0
Direct3D:
    Version:  Direct3D 11.0 [level 11.1]
    Renderer: NVIDIA GeForce RTX 3070 Ti (ID=0x2482)
    Vendor:   NVIDIA
    VRAM:     8041 MB
    Driver:   31.0.15.1748
Initialize mono
Mono path[0] = 'C:/Program Files/Unity/Hub/Editor/2021.3.4f1/Editor/Data/Managed'
Mono path[1] = 'C:/Program Files/Unity/Hub/Editor/2021.3.4f1/Editor/Data/MonoBleedingEdge/lib/mono/unityjit-win32'
Mono config path = 'C:/Program Files/Unity/Hub/Editor/2021.3.4f1/Editor/Data/MonoBleedingEdge/etc'
Using monoOptions --debugger-agent=transport=dt_socket,embedding=1,server=y,suspend=n,address=127.0.0.1:56912
Begin MonoManager ReloadAssembly
Registering precompiled unity dll's ...
Register platform support module: C:/Program Files/Unity/Hub/Editor/2021.3.4f1/Editor/Data/PlaybackEngines/WebGLSupport/UnityEditor.WebGL.Extensions.dll
Register platform support module: C:/Program Files/Unity/Hub/Editor/2021.3.4f1/Editor/Data/PlaybackEngines/AndroidPlayer/UnityEditor.Android.Extensions.dll
Register platform support module: C:/Program Files/Unity/Hub/Editor/2021.3.4f1/Editor/Data/PlaybackEngines/iOSSupport/UnityEditor.iOS.Extensions.dll
Register platform support module: C:/Program Files/Unity/Hub/Editor/2021.3.4f1/Editor/Data/PlaybackEngines/WindowsStandaloneSupport/UnityEditor.WindowsStandalone.Extensions.dll
Registered in 0.011259 seconds.
Native extension for WindowsStandalone target not found
[usbmuxd] Start listen thread
[usbmuxd] Listen thread started
Native extension for iOS target not found
[usbmuxd] Send listen message
Native extension for Android target not found
Native extension for WebGL target not found
Refreshing native plugins compatible for Editor in 231.14 ms, found 6 plugins.
Preloading 0 native plugins for Editor in 0.00 ms.
Mono: successfully reloaded assembly
- Completed reload, in  0.991 seconds
Domain Reload Profiling:
	ReloadAssembly (991ms)
		BeginReloadAssembly (98ms)
			ExecutionOrderSort (0ms)
			DisableScriptedObjects (0ms)
			BackupInstance (0ms)
			ReleaseScriptingObjects (0ms)
			CreateAndSetChildDomain (1ms)
		EndReloadAssembly (746ms)
			LoadAssemblies (96ms)
			RebuildTransferFunctionScriptingTraits (0ms)
			SetupTypeCache (135ms)
			ReleaseScriptCaches (0ms)
			RebuildScriptCaches (32ms)
			SetupLoadedEditorAssemblies (499ms)
				LogAssemblyErrors (0ms)
				InitializePlatformSupportModulesInManaged (90ms)
				SetLoadedEditorAssemblies (0ms)
				RefreshPlugins (231ms)
				BeforeProcessingInitializeOnLoad (4ms)
				ProcessInitializeOnLoadAttributes (119ms)
				ProcessInitializeOnLoadMethodAttributes (54ms)
				AfterProcessingInitializeOnLoad (0ms)
				EditorAssembliesLoaded (0ms)
			ExecutionOrderSort2 (0ms)
			AwakeInstancesAfterBackupRestoration (0ms)
Platform modules already initialized, skipping
Registering precompiled user dll's ...
Registered in 0.015578 seconds.
Begin MonoManager ReloadAssembly
Symbol file LoadedFromMemory doesn't match image C:\Users\Carter\Documents\GitHub\AWalkInWinterland\A Walk In Winterland\Library\PackageCache\com.unity.visualscripting@1.7.8\Editor\VisualScripting.Core\Dependencies\DotNetZip\Unity.VisualScripting.IonicZip.dll
Symbol file LoadedFromMemory doesn't match image C:\Users\Carter\Documents\GitHub\AWalkInWinterland\A Walk In Winterland\Library\PackageCache\com.unity.visualscripting@1.7.8\Editor\VisualScripting.Core\Dependencies\YamlDotNet\Unity.VisualScripting.YamlDotNet.dll
Native extension for WindowsStandalone target not found
Native extension for iOS target not found
Native extension for Android target not found
Native extension for WebGL target not found
Refreshing native plugins compatible for Editor in 191.81 ms, found 6 plugins.
Preloading 0 native plugins for Editor in 0.00 ms.
Mono: successfully reloaded assembly
- Completed reload, in  1.932 seconds
Domain Reload Profiling:
	ReloadAssembly (1933ms)
		BeginReloadAssembly (202ms)
			ExecutionOrderSort (0ms)
			DisableScriptedObjects (7ms)
			BackupInstance (0ms)
			ReleaseScriptingObjects (0ms)
			CreateAndSetChildDomain (129ms)
		EndReloadAssembly (1596ms)
			LoadAssemblies (71ms)
			RebuildTransferFunctionScriptingTraits (0ms)
			SetupTypeCache (334ms)
			ReleaseScriptCaches (1ms)
			RebuildScriptCaches (87ms)
			SetupLoadedEditorAssemblies (1017ms)
				LogAssemblyErrors (0ms)
				InitializePlatformSupportModulesInManaged (29ms)
				SetLoadedEditorAssemblies (0ms)
				RefreshPlugins (192ms)
				BeforeProcessingInitializeOnLoad (175ms)
				ProcessInitializeOnLoadAttributes (506ms)
				ProcessInitializeOnLoadMethodAttributes (105ms)
				AfterProcessingInitializeOnLoad (9ms)
				EditorAssembliesLoaded (0ms)
			ExecutionOrderSort2 (0ms)
			AwakeInstancesAfterBackupRestoration (6ms)
Platform modules already initialized, skipping
========================================================================
Worker process is ready to serve import requests
Switching render pipeline e1260c1148f6143b28bae5ace5e9c5d1 -> d0e2fc18fe036412f8223b3b3d9ad574
Launched and connected shader compiler UnityShaderCompiler.exe after 0.03 seconds
Refreshing native plugins compatible for Editor in 1.42 ms, found 6 plugins.
Preloading 0 native plugins for Editor in 0.00 ms.
Unloading 6665 Unused Serialized files (Serialized files now loaded: 0)
Unloading 140 unused Assets / (2.0 MB). Loaded Objects now: 7094.
Memory consumption went from 376.5 MB to 374.4 MB.
Total: 4.483600 ms (FindLiveObjects: 0.691700 ms CreateObjectMapping: 0.245900 ms MarkObjects: 3.130100 ms  DeleteObjects: 0.414900 ms)

AssetImportParameters requested are different than current active one (requested -> active):
  custom:video-decoder-ogg-theora: a1e56fd34408186e4bbccfd4996cb3dc -> 
  custom:container-muxer-webm: aa71ff27fc2769a1b78a27578f13a17b -> 
  custom:container-demuxer-webm: 4f35f7cbe854078d1ac9338744f61a02 -> 
  custom:video-encoder-webm-vp8: eb34c28f22e8b96e1ab97ce403110664 -> 
  custom:audio-encoder-webm-vorbis: bf7c407c2cedff20999df2af8eb42d56 -> 
  custom:framework-win-MediaFoundation: 216162199b28c13a410421893ffa2e32 -> 
  custom:container-demuxer-ogg: 62fdf1f143b41e24485cea50d1cbac27 -> 
  custom:video-decoder-webm-vp8: 9c59270c3fd7afecdb556c50c9e8de78 -> 
  custom:audio-decoder-ogg-vorbis: bf7c407c2cedff20999df2af8eb42d56 -> 
  custom:srp/default-pipeline: 0d2ecf81ef3046218f22b3b3d3a95d47 -> 1e62c011846f41b382ab5eca5e9e5c1d
========================================================================
Received Import Request.
  Time since last request: 365435.075620 seconds.
  path: Assets/LeanTween/Examples/Prefabs/BasicExamplesText.prefab
  artifactKey: Guid(0b4ce6f9ebfb948a58b5b05397daaaea) Importer(815301076,1909f56bfc062723c751e8b465ee728b)
Start importing Assets/LeanTween/Examples/Prefabs/BasicExamplesText.prefab using Guid(0b4ce6f9ebfb948a58b5b05397daaaea) Importer(815301076,1909f56bfc062723c751e8b465ee728b)  -> (artifact id: '32e194edf6a818b5e573fbb1bee92fb8') in 0.330332 seconds 
========================================================================
Received Import Request.
  Time since last request: 0.000026 seconds.
  path: Assets/Resources/SnowmanDescriptions/IceSnowman.asset
  artifactKey: Guid(90ce85699ab1b874f952f197eab8b694) Importer(815301076,1909f56bfc062723c751e8b465ee728b)
Start importing Assets/Resources/SnowmanDescriptions/IceSnowman.asset using Guid(90ce85699ab1b874f952f197eab8b694) Importer(815301076,1909f56bfc062723c751e8b465ee728b)  -> (artifact id: 'e268ad88abf1360f52c5b71aaa1576bc') in 0.011194 seconds 
========================================================================
Received Import Request.
  Time since last request: 0.000040 seconds.
  path: Assets/Snowmen/Textures/IcecreamSnowman.jpg
  artifactKey: Guid(5e0c8447a37b19a448d1f31108aaa486) Importer(815301076,1909f56bfc062723c751e8b465ee728b)
Start importing Assets/Snowmen/Textures/IcecreamSnowman.jpg using Guid(5e0c8447a37b19a448d1f31108aaa486) Importer(815301076,1909f56bfc062723c751e8b465ee728b)  -> (artifact id: 'd1a9fe7cee8363900bb61debb6fab9e0') in 0.081987 seconds 
========================================================================
Received Import Request.
  Time since last request: 0.000030 seconds.
  path: Assets/Snowmen/Textures/SnowmanIceNorm.png
  artifactKey: Guid(5e9f040d4fd03c245a45442f850cfd9b) Importer(815301076,1909f56bfc062723c751e8b465ee728b)
Start importing Assets/Snowmen/Textures/SnowmanIceNorm.png using Guid(5e9f040d4fd03c245a45442f850cfd9b) Importer(815301076,1909f56bfc062723c751e8b465ee728b)  -> (artifact id: '8a28ed10be90686c9754db33253308b1') in 0.039156 seconds 
========================================================================
Received Import Request.
  Time since last request: 0.000022 seconds.
  path: Assets/Snowmen/SnowmanMaterials/IcecreamSnowman.mat
  artifactKey: Guid(53f4c1b83e6953c4e9d35fb944d5678f) Importer(815301076,1909f56bfc062723c751e8b465ee728b)
Start importing Assets/Snowmen/SnowmanMaterials/IcecreamSnowman.mat using Guid(53f4c1b83e6953c4e9d35fb944d5678f) Importer(815301076,1909f56bfc062723c751e8b465ee728b)  -> (artifact id: '318346eef41faeea42d49ee83ec6edc9') in 0.064667 seconds 
========================================================================
Received Import Request.
  Time since last request: 0.000034 seconds.
  path: Assets/BruteForce/Textures/Ice/Ice03Albedo.png
  artifactKey: Guid(935a48e93c5bc3f40b87d85ecec8642d) Importer(815301076,1909f56bfc062723c751e8b465ee728b)
Start importing Assets/BruteForce/Textures/Ice/Ice03Albedo.png using Guid(935a48e93c5bc3f40b87d85ecec8642d) Importer(815301076,1909f56bfc062723c751e8b465ee728b)  -> (artifact id: '9ac0a4c2803fdcd84f9d09dbbed827ca') in 0.034849 seconds 
========================================================================
Received Import Request.
  Time since last request: 0.000078 seconds.
  path: Assets/BruteForce/Textures/Ice/IceNormal03.png
  artifactKey: Guid(f42cea328e314cb44a1359ea9e70a7d6) Importer(815301076,1909f56bfc062723c751e8b465ee728b)
Start importing Assets/BruteForce/Textures/Ice/IceNormal03.png using Guid(f42cea328e314cb44a1359ea9e70a7d6) Importer(815301076,1909f56bfc062723c751e8b465ee728b)  -> (artifact id: 'ec395e6adc3733a85771f98002eb8fe5') in 0.031508 seconds 
========================================================================
Received Import Request.
  Time since last request: 0.000033 seconds.
  path: Assets/BruteForce/Textures/Ice/Ice02.png
  artifactKey: Guid(d88b56166d52b82409c9c66a30cd119c) Importer(815301076,1909f56bfc062723c751e8b465ee728b)
Start importing Assets/BruteForce/Textures/Ice/Ice02.png using Guid(d88b56166d52b82409c9c66a30cd119c) Importer(815301076,1909f56bfc062723c751e8b465ee728b)  -> (artifact id: '4ad2bee372a44e9fd3b1d9c0f63bf015') in 0.033286 seconds 
========================================================================
Received Import Request.
  Time since last request: 0.000031 seconds.
  path: Assets/BruteForce/Textures/Ice/Ice08.png
  artifactKey: Guid(f2b38a2f7a958a84aabc630abf69b93d) Importer(815301076,1909f56bfc062723c751e8b465ee728b)
Start importing Assets/BruteForce/Textures/Ice/Ice08.png using Guid(f2b38a2f7a958a84aabc630abf69b93d) Importer(815301076,1909f56bfc062723c751e8b465ee728b)  -> (artifact id: '8bfaa5a96b133b9b0228e5b324246ca4') in 0.029341 seconds 
========================================================================
Received Import Request.
  Time since last request: 0.000061 seconds.
  path: Assets/Resources/SnowmanDescriptions/IcecreamSnowman.asset
  artifactKey: Guid(d766c779e40af7f418218081356ab43a) Importer(815301076,1909f56bfc062723c751e8b465ee728b)
Start importing Assets/Resources/SnowmanDescriptions/IcecreamSnowman.asset using Guid(d766c779e40af7f418218081356ab43a) Importer(815301076,1909f56bfc062723c751e8b465ee728b)  -> (artifact id: '6ed219e3dafc10956b3b1c30c1647935') in 0.005590 seconds 
========================================================================
Received Import Request.
  Time since last request: 0.000060 seconds.
  path: Assets/SnowmanImages/IcecreamSnowman.png
  artifactKey: Guid(7bbd8b3585b32b247851e63a84fdfedb) Importer(815301076,1909f56bfc062723c751e8b465ee728b)
Start importing Assets/SnowmanImages/IcecreamSnowman.png using Guid(7bbd8b3585b32b247851e63a84fdfedb) Importer(815301076,1909f56bfc062723c751e8b465ee728b)  -> (artifact id: 'c94d1244f508768aa30c48cca98299de') in 0.160458 seconds 
========================================================================
Received Import Request.
  Time since last request: 0.000029 seconds.
  path: Assets/BruteForce/Textures/Ice/Ice05Rougness.png
  artifactKey: Guid(28dbb4a1b0daf0749b475f1de1d6c1e2) Importer(815301076,1909f56bfc062723c751e8b465ee728b)
Start importing Assets/BruteForce/Textures/Ice/Ice05Rougness.png using Guid(28dbb4a1b0daf0749b475f1de1d6c1e2) Importer(815301076,1909f56bfc062723c751e8b465ee728b)  -> (artifact id: 'ce71420203b3566b548215ef16c32fe5') in 0.052207 seconds 
========================================================================
Received Import Request.
  Time since last request: 0.000040 seconds.
  path: Assets/Snowmen/Textures/IcecreamSnowmanNorm.png
  artifactKey: Guid(4eb02bf2b3c84b14ca1816ae47483ca4) Importer(815301076,1909f56bfc062723c751e8b465ee728b)
Start importing Assets/Snowmen/Textures/IcecreamSnowmanNorm.png using Guid(4eb02bf2b3c84b14ca1816ae47483ca4) Importer(815301076,1909f56bfc062723c751e8b465ee728b)  -> (artifact id: '5aa36f7c74313a4ff67bc2f4751fcbf2') in 0.033103 seconds 
========================================================================
Received Import Request.
  Time since last request: 0.000027 seconds.
  path: Assets/BruteForce/Extra/PhysicsMat/ZIce.physicMaterial
  artifactKey: Guid(672f836d4d8b17041a8cddfb76d71d7e) Importer(815301076,1909f56bfc062723c751e8b465ee728b)
Start importing Assets/BruteForce/Extra/PhysicsMat/ZIce.physicMaterial using Guid(672f836d4d8b17041a8cddfb76d71d7e) Importer(815301076,1909f56bfc062723c751e8b465ee728b)  -> (artifact id: '46c0c30526abca3a8996fcafacc9e3e1') in 0.030887 seconds 
========================================================================
Received Import Request.
  Time since last request: 0.000027 seconds.
  path: Assets/BruteForce/Prefabs/SnowPrefabs/Standard/BF_SnowIceSetup.prefab
  artifactKey: Guid(eaf5bbf85a1187344bf4f8af9a4cefb3) Importer(815301076,1909f56bfc062723c751e8b465ee728b)
Start importing Assets/BruteForce/Prefabs/SnowPrefabs/Standard/BF_SnowIceSetup.prefab using Guid(eaf5bbf85a1187344bf4f8af9a4cefb3) Importer(815301076,1909f56bfc062723c751e8b465ee728b)  -> (artifact id: '6298877c50d8e5fa27bbca2404c57f43') in 0.285998 seconds 
========================================================================
Received Import Request.
  Time since last request: 0.003538 seconds.
  path: Assets/BruteForce/Textures/Ice/IceNormal02.png
  artifactKey: Guid(324cad460aba8a14cb253a0f09541724) Importer(815301076,1909f56bfc062723c751e8b465ee728b)
Start importing Assets/BruteForce/Textures/Ice/IceNormal02.png using Guid(324cad460aba8a14cb253a0f09541724) Importer(815301076,1909f56bfc062723c751e8b465ee728b)  -> (artifact id: 'a6f8f6f475197600cc053960958cfa17') in 0.030608 seconds 
========================================================================
Received Import Request.
  Time since last request: 0.000023 seconds.
  path: Assets/BruteForce/Textures/Ice/Ice03.png
  artifactKey: Guid(fab6e78bb71d26649919efc4dc495771) Importer(815301076,1909f56bfc062723c751e8b465ee728b)
Start importing Assets/BruteForce/Textures/Ice/Ice03.png using Guid(fab6e78bb71d26649919efc4dc495771) Importer(815301076,1909f56bfc062723c751e8b465ee728b)  -> (artifact id: 'e896f0580e912ce00df446ae17ed48ac') in 0.029584 seconds 
========================================================================
Received Import Request.
  Time since last request: 0.000065 seconds.
  path: Assets/BruteForce/Prefabs/SnowPrefabs/URP/BF_SnowIceSetupURP.prefab
  artifactKey: Guid(5dbd1b341525fc0428a38922f57e4dca) Importer(815301076,1909f56bfc062723c751e8b465ee728b)
Start importing Assets/BruteForce/Prefabs/SnowPrefabs/URP/BF_SnowIceSetupURP.prefab using Guid(5dbd1b341525fc0428a38922f57e4dca) Importer(815301076,1909f56bfc062723c751e8b465ee728b)  -> (artifact id: 'da3a6d03c2974bf7bf6b2cf57450e17d') in 0.836279 seconds 
========================================================================
Received Import Request.
  Time since last request: 0.000039 seconds.
  path: Assets/BruteForce/Textures/Ice/Ice07Roughness.png
  artifactKey: Guid(a66838d7be9a0924da41c8691cd696cb) Importer(815301076,1909f56bfc062723c751e8b465ee728b)
Start importing Assets/BruteForce/Textures/Ice/Ice07Roughness.png using Guid(a66838d7be9a0924da41c8691cd696cb) Importer(815301076,1909f56bfc062723c751e8b465ee728b)  -> (artifact id: '76b5f53ac503d58f4415805294ab84f5') in 0.038907 seconds 
========================================================================
Received Import Request.
  Time since last request: 0.000034 seconds.
  path: Assets/BruteForce/Textures/Ice/Ice05.png
  artifactKey: Guid(e64dcca08f455e742988e11448dc949d) Importer(815301076,1909f56bfc062723c751e8b465ee728b)
Start importing Assets/BruteForce/Textures/Ice/Ice05.png using Guid(e64dcca08f455e742988e11448dc949d) Importer(815301076,1909f56bfc062723c751e8b465ee728b)  -> (artifact id: '606d48119d14f1efe83724a9d8895bca') in 0.035182 seconds 
========================================================================
Received Import Request.
  Time since last request: 0.000032 seconds.
  path: Assets/BruteForce/Textures/Ice/Ice06Rougness.png
  artifactKey: Guid(6a6d219720d9dc748a8320a0eead2672) Importer(815301076,1909f56bfc062723c751e8b465ee728b)
Start importing Assets/BruteForce/Textures/Ice/Ice06Rougness.png using Guid(6a6d219720d9dc748a8320a0eead2672) Importer(815301076,1909f56bfc062723c751e8b465ee728b)  -> (artifact id: '085a97d03f367e9c353456fa5f888338') in 0.033298 seconds 
========================================================================
Received Import Request.
  Time since last request: 0.000028 seconds.
  path: Assets/BruteForce/Textures/Ice/Ice01.png
  artifactKey: Guid(9d2bc4563c4469046b3894dadfed737e) Importer(815301076,1909f56bfc062723c751e8b465ee728b)
Start importing Assets/BruteForce/Textures/Ice/Ice01.png using Guid(9d2bc4563c4469046b3894dadfed737e) Importer(815301076,1909f56bfc062723c751e8b465ee728b)  -> (artifact id: '619355136b1648e9d71289a9c97282da') in 0.028799 seconds 
========================================================================
Received Import Request.
  Time since last request: 0.000025 seconds.
  path: Assets/SnowmanImages/SnowmanIce.png
  artifactKey: Guid(04a85f5b172f49141850ba8709b2809c) Importer(815301076,1909f56bfc062723c751e8b465ee728b)
Start importing Assets/SnowmanImages/SnowmanIce.png using Guid(04a85f5b172f49141850ba8709b2809c) Importer(815301076,1909f56bfc062723c751e8b465ee728b)  -> (artifact id: '9e9ba9630e890efb1849a7bc8c39ebe9') in 0.118711 seconds 
========================================================================
Received Import Request.
  Time since last request: 0.000038 seconds.
  path: Assets/BruteForce/Textures/Ice/IceNormal01.png
  artifactKey: Guid(012a5067ceb32244db6aec7e3f1bb5ef) Importer(815301076,1909f56bfc062723c751e8b465ee728b)
Start importing Assets/BruteForce/Textures/Ice/IceNormal01.png using Guid(012a5067ceb32244db6aec7e3f1bb5ef) Importer(815301076,1909f56bfc062723c751e8b465ee728b)  -> (artifact id: 'a329f01097b66bd3883cf4384f62cf2f') in 0.034265 seconds 
========================================================================
Received Import Request.
  Time since last request: 32.489694 seconds.
  path: Assets/UniStorm Weather System/Demo Source/Terrain/Mud.terrainlayer
  artifactKey: Guid(1054bc184a742fa45bd530695d06d452) Importer(815301076,1909f56bfc062723c751e8b465ee728b)
Start importing Assets/UniStorm Weather System/Demo Source/Terrain/Mud.terrainlayer using Guid(1054bc184a742fa45bd530695d06d452) Importer(815301076,1909f56bfc062723c751e8b465ee728b)  -> (artifact id: '19ed93fef2819649de5fc545240a4776') in 0.045479 seconds 
========================================================================
Received Import Request.
  Time since last request: 5.212021 seconds.
  path: Assets/Terrain/TerrainData_1ab0c606-5526-45b3-a87f-89ae8630502e.asset
  artifactKey: Guid(ab594deabfd8be344af39d488dbb6d91) Importer(815301076,1909f56bfc062723c751e8b465ee728b)
Start importing Assets/Terrain/TerrainData_1ab0c606-5526-45b3-a87f-89ae8630502e.asset using Guid(ab594deabfd8be344af39d488dbb6d91) Importer(815301076,1909f56bfc062723c751e8b465ee728b)  -> (artifact id: '8fc43d01b520b0c4b508d151c8ec3020') in 0.039396 seconds 
========================================================================
Received Import Request.
  Time since last request: 0.000045 seconds.
  path: Assets/Terrain/TerrainData_0683b69b-4afd-41b8-9634-9041a82f8795.asset
  artifactKey: Guid(c3f7db13105089840b140cd875dee556) Importer(815301076,1909f56bfc062723c751e8b465ee728b)
Start importing Assets/Terrain/TerrainData_0683b69b-4afd-41b8-9634-9041a82f8795.asset using Guid(c3f7db13105089840b140cd875dee556) Importer(815301076,1909f56bfc062723c751e8b465ee728b)  -> (artifact id: '99125b0b41d353581b55dd998e2b878e') in 0.022786 seconds 
Editor requested this worker to shutdown with reason: Scaling down because of idle timeout
AssetImportWorker is now disconnected from the server
Process exiting
Exiting without the bug reporter. Application will terminate with return code 0