Using pre-set license
Built from '2021.3/staging' branch; Version is '2021.3.4f1 (cb45f9cae8b7) revision 13321721'; Using compiler version '192829333'; Build Type 'Release'
OS: 'Windows 10  (10.0.19044) 64bit Core' Language: 'en' Physical Memory: 32509 MB
BatchMode: 1, IsHumanControllingUs: 0, StartBugReporterOnCrash: 0, Is64bit: 1, IsPro: 1

COMMAND LINE ARGUMENTS:
C:\Program Files\Unity\Hub\Editor\2021.3.4f1\Editor\Unity.exe
-adb2
-batchMode
-noUpm
-name
AssetImportWorker15
-projectPath
C:/Users/Carter/Documents/GitHub/AWalkInWinterland/A Walk In Winterland
-logFile
Logs/AssetImportWorker15.log
-srvPort
55727
Successfully changed project path to: C:/Users/Carter/Documents/GitHub/AWalkInWinterland/A Walk In Winterland
C:/Users/Carter/Documents/GitHub/AWalkInWinterland/A Walk In Winterland
[UnityMemory] Configuration Parameters - Can be set up in boot.config
    "memorysetup-bucket-allocator-granularity=16"
    "memorysetup-bucket-allocator-bucket-count=8"
    "memorysetup-bucket-allocator-block-size=33554432"
    "memorysetup-bucket-allocator-block-count=8"
    "memorysetup-main-allocator-block-size=16777216"
    "memorysetup-thread-allocator-block-size=16777216"
    "memorysetup-gfx-main-allocator-block-size=16777216"
    "memorysetup-gfx-thread-allocator-block-size=16777216"
    "memorysetup-cache-allocator-block-size=4194304"
    "memorysetup-typetree-allocator-block-size=2097152"
    "memorysetup-profiler-bucket-allocator-granularity=16"
    "memorysetup-profiler-bucket-allocator-bucket-count=8"
    "memorysetup-profiler-bucket-allocator-block-size=33554432"
    "memorysetup-profiler-bucket-allocator-block-count=8"
    "memorysetup-profiler-allocator-block-size=16777216"
    "memorysetup-profiler-editor-allocator-block-size=1048576"
    "memorysetup-temp-allocator-size-main=16777216"
    "memorysetup-job-temp-allocator-block-size=2097152"
    "memorysetup-job-temp-allocator-block-size-background=1048576"
    "memorysetup-job-temp-allocator-reduction-small-platforms=262144"
    "memorysetup-temp-allocator-size-background-worker=32768"
    "memorysetup-temp-allocator-size-job-worker=262144"
    "memorysetup-temp-allocator-size-preload-manager=33554432"
    "memorysetup-temp-allocator-size-nav-mesh-worker=65536"
    "memorysetup-temp-allocator-size-audio-worker=65536"
    "memorysetup-temp-allocator-size-cloud-worker=32768"
    "memorysetup-temp-allocator-size-gi-baking-worker=262144"
    "memorysetup-temp-allocator-size-gfx=262144"
Refreshing native plugins compatible for Editor in 217.77 ms, found 6 plugins.
Preloading 0 native plugins for Editor in 0.00 ms.
Initialize engine version: 2021.3.4f1 (cb45f9cae8b7)
[Subsystems] Discovering subsystems at path C:/Program Files/Unity/Hub/Editor/2021.3.4f1/Editor/Data/Resources/UnitySubsystems
[Subsystems] Discovering subsystems at path C:/Users/Carter/Documents/GitHub/AWalkInWinterland/A Walk In Winterland/Assets
GfxDevice: creating device client; threaded=0; jobified=0
Direct3D:
    Version:  Direct3D 11.0 [level 11.1]
    Renderer: NVIDIA GeForce RTX 3070 Ti (ID=0x2482)
    Vendor:   NVIDIA
    VRAM:     8041 MB
    Driver:   31.0.15.1748
Initialize mono
Mono path[0] = 'C:/Program Files/Unity/Hub/Editor/2021.3.4f1/Editor/Data/Managed'
Mono path[1] = 'C:/Program Files/Unity/Hub/Editor/2021.3.4f1/Editor/Data/MonoBleedingEdge/lib/mono/unityjit-win32'
Mono config path = 'C:/Program Files/Unity/Hub/Editor/2021.3.4f1/Editor/Data/MonoBleedingEdge/etc'
Using monoOptions --debugger-agent=transport=dt_socket,embedding=1,server=y,suspend=n,address=127.0.0.1:56372
Begin MonoManager ReloadAssembly
Registering precompiled unity dll's ...
Register platform support module: C:/Program Files/Unity/Hub/Editor/2021.3.4f1/Editor/Data/PlaybackEngines/WebGLSupport/UnityEditor.WebGL.Extensions.dll
Register platform support module: C:/Program Files/Unity/Hub/Editor/2021.3.4f1/Editor/Data/PlaybackEngines/AndroidPlayer/UnityEditor.Android.Extensions.dll
Register platform support module: C:/Program Files/Unity/Hub/Editor/2021.3.4f1/Editor/Data/PlaybackEngines/iOSSupport/UnityEditor.iOS.Extensions.dll
Register platform support module: C:/Program Files/Unity/Hub/Editor/2021.3.4f1/Editor/Data/PlaybackEngines/WindowsStandaloneSupport/UnityEditor.WindowsStandalone.Extensions.dll
Registered in 0.013447 seconds.
Native extension for WindowsStandalone target not found
[usbmuxd] Start listen thread
[usbmuxd] Listen thread started
[usbmuxd] Send listen message
Native extension for iOS target not found
Native extension for Android target not found
Native extension for WebGL target not found
Refreshing native plugins compatible for Editor in 182.69 ms, found 6 plugins.
Preloading 0 native plugins for Editor in 0.00 ms.
Mono: successfully reloaded assembly
- Completed reload, in  0.852 seconds
Domain Reload Profiling:
	ReloadAssembly (852ms)
		BeginReloadAssembly (77ms)
			ExecutionOrderSort (0ms)
			DisableScriptedObjects (0ms)
			BackupInstance (0ms)
			ReleaseScriptingObjects (0ms)
			CreateAndSetChildDomain (1ms)
		EndReloadAssembly (637ms)
			LoadAssemblies (76ms)
			RebuildTransferFunctionScriptingTraits (0ms)
			SetupTypeCache (118ms)
			ReleaseScriptCaches (0ms)
			RebuildScriptCaches (29ms)
			SetupLoadedEditorAssemblies (424ms)
				LogAssemblyErrors (0ms)
				InitializePlatformSupportModulesInManaged (79ms)
				SetLoadedEditorAssemblies (0ms)
				RefreshPlugins (183ms)
				BeforeProcessingInitializeOnLoad (1ms)
				ProcessInitializeOnLoadAttributes (111ms)
				ProcessInitializeOnLoadMethodAttributes (49ms)
				AfterProcessingInitializeOnLoad (0ms)
				EditorAssembliesLoaded (0ms)
			ExecutionOrderSort2 (0ms)
			AwakeInstancesAfterBackupRestoration (0ms)
Platform modules already initialized, skipping
Registering precompiled user dll's ...
Registered in 0.013517 seconds.
Begin MonoManager ReloadAssembly
Symbol file LoadedFromMemory doesn't match image C:\Users\Carter\Documents\GitHub\AWalkInWinterland\A Walk In Winterland\Library\PackageCache\com.unity.visualscripting@1.7.8\Editor\VisualScripting.Core\Dependencies\DotNetZip\Unity.VisualScripting.IonicZip.dll
Symbol file LoadedFromMemory doesn't match image C:\Users\Carter\Documents\GitHub\AWalkInWinterland\A Walk In Winterland\Library\PackageCache\com.unity.visualscripting@1.7.8\Editor\VisualScripting.Core\Dependencies\YamlDotNet\Unity.VisualScripting.YamlDotNet.dll
Native extension for WindowsStandalone target not found
Native extension for iOS target not found
Native extension for Android target not found
Native extension for WebGL target not found
Refreshing native plugins compatible for Editor in 178.37 ms, found 6 plugins.
Preloading 0 native plugins for Editor in 0.00 ms.
Mono: successfully reloaded assembly
- Completed reload, in  1.955 seconds
Domain Reload Profiling:
	ReloadAssembly (1956ms)
		BeginReloadAssembly (232ms)
			ExecutionOrderSort (0ms)
			DisableScriptedObjects (7ms)
			BackupInstance (0ms)
			ReleaseScriptingObjects (0ms)
			CreateAndSetChildDomain (132ms)
		EndReloadAssembly (1582ms)
			LoadAssemblies (106ms)
			RebuildTransferFunctionScriptingTraits (0ms)
			SetupTypeCache (341ms)
			ReleaseScriptCaches (1ms)
			RebuildScriptCaches (88ms)
			SetupLoadedEditorAssemblies (979ms)
				LogAssemblyErrors (0ms)
				InitializePlatformSupportModulesInManaged (28ms)
				SetLoadedEditorAssemblies (0ms)
				RefreshPlugins (178ms)
				BeforeProcessingInitializeOnLoad (167ms)
				ProcessInitializeOnLoadAttributes (482ms)
				ProcessInitializeOnLoadMethodAttributes (112ms)
				AfterProcessingInitializeOnLoad (11ms)
				EditorAssembliesLoaded (0ms)
			ExecutionOrderSort2 (0ms)
			AwakeInstancesAfterBackupRestoration (6ms)
Platform modules already initialized, skipping
========================================================================
Worker process is ready to serve import requests
Launched and connected shader compiler UnityShaderCompiler.exe after 0.07 seconds
Refreshing native plugins compatible for Editor in 1.59 ms, found 6 plugins.
Preloading 0 native plugins for Editor in 0.00 ms.
Unloading 6296 Unused Serialized files (Serialized files now loaded: 0)
Unloading 113 unused Assets / (495.3 KB). Loaded Objects now: 6707.
Memory consumption went from 252.2 MB to 251.7 MB.
Total: 6.460700 ms (FindLiveObjects: 1.332700 ms CreateObjectMapping: 0.308100 ms MarkObjects: 4.715600 ms  DeleteObjects: 0.102800 ms)

AssetImportParameters requested are different than current active one (requested -> active):
  custom:video-decoder-ogg-theora: a1e56fd34408186e4bbccfd4996cb3dc -> 
  custom:container-muxer-webm: aa71ff27fc2769a1b78a27578f13a17b -> 
  custom:container-demuxer-webm: 4f35f7cbe854078d1ac9338744f61a02 -> 
  custom:video-encoder-webm-vp8: eb34c28f22e8b96e1ab97ce403110664 -> 
  custom:audio-encoder-webm-vorbis: bf7c407c2cedff20999df2af8eb42d56 -> 
  custom:framework-win-MediaFoundation: 216162199b28c13a410421893ffa2e32 -> 
  custom:container-demuxer-ogg: 62fdf1f143b41e24485cea50d1cbac27 -> 
  custom:video-decoder-webm-vp8: 9c59270c3fd7afecdb556c50c9e8de78 -> 
  custom:audio-decoder-ogg-vorbis: bf7c407c2cedff20999df2af8eb42d56 -> 
========================================================================
Received Import Request.
  Time since last request: 6853880.342018 seconds.
  path: Packages/com.unity.collab-proxy/Editor/PlasticSCM/Assets/Images/d_genericbuho1.png
  artifactKey: Guid(43ad51e043491b94d8f6c62d55ac5ede) Importer(815301076,1909f56bfc062723c751e8b465ee728b)
Start importing Packages/com.unity.collab-proxy/Editor/PlasticSCM/Assets/Images/d_genericbuho1.png using Guid(43ad51e043491b94d8f6c62d55ac5ede) Importer(815301076,1909f56bfc062723c751e8b465ee728b)  -> (artifact id: 'd95cb0949508acac10e93dc6004fa52f') in 0.134187 seconds 
========================================================================
Received Import Request.
  Time since last request: 61.276293 seconds.
  path: Assets/Snowmen/Accessories/Pickaxe.obj
  artifactKey: Guid(133329b5ef7ee8b469b4e6211f3ad0ad) Importer(815301076,1909f56bfc062723c751e8b465ee728b)
Start importing Assets/Snowmen/Accessories/Pickaxe.obj using Guid(133329b5ef7ee8b469b4e6211f3ad0ad) Importer(815301076,1909f56bfc062723c751e8b465ee728b)  -> (artifact id: 'e28646824d9eb8089e0971e923407153') in 0.228670 seconds 
========================================================================
Received Import Request.
  Time since last request: 0.575585 seconds.
  path: Assets/Snowmen/Accessories/Pickaxe.obj
  artifactKey: Guid(133329b5ef7ee8b469b4e6211f3ad0ad) Importer(815301076,1909f56bfc062723c751e8b465ee728b)
Start importing Assets/Snowmen/Accessories/Pickaxe.obj using Guid(133329b5ef7ee8b469b4e6211f3ad0ad) Importer(815301076,1909f56bfc062723c751e8b465ee728b)  -> (artifact id: '2a261a149a5f6ddd32118e7eb2d69b26') in 0.042480 seconds 
========================================================================
Received Import Request.
  Time since last request: 3.653089 seconds.
  path: Assets/Snowmen/SnowmanMaterials/Accessories/Pickaxe.mat
  artifactKey: Guid(d8ee32dc913e49342907a00c7c9ec67a) Importer(815301076,1909f56bfc062723c751e8b465ee728b)
Start importing Assets/Snowmen/SnowmanMaterials/Accessories/Pickaxe.mat using Guid(d8ee32dc913e49342907a00c7c9ec67a) Importer(815301076,1909f56bfc062723c751e8b465ee728b)  -> (artifact id: 'f2666a473a6a9cbe75bb0d1fb7521915') in 0.040634 seconds 
========================================================================
Received Import Request.
  Time since last request: 2.780808 seconds.
  path: Assets/Snowmen/SnowmanMaterials/Accessories/Pickaxe 1.mat
  artifactKey: Guid(aa1b736ef6f35714dae28c7c7a75ca69) Importer(815301076,1909f56bfc062723c751e8b465ee728b)
Start importing Assets/Snowmen/SnowmanMaterials/Accessories/Pickaxe 1.mat using Guid(aa1b736ef6f35714dae28c7c7a75ca69) Importer(815301076,1909f56bfc062723c751e8b465ee728b)  -> (artifact id: 'a17d00638b95a381b30781c2ac480277') in 0.019743 seconds 
========================================================================
Received Import Request.
  Time since last request: 15.394494 seconds.
  path: Assets/Snowmen/SnowmanMaterials/Accessories/Hard Hat.mat
  artifactKey: Guid(aa1b736ef6f35714dae28c7c7a75ca69) Importer(815301076,1909f56bfc062723c751e8b465ee728b)
Start importing Assets/Snowmen/SnowmanMaterials/Accessories/Hard Hat.mat using Guid(aa1b736ef6f35714dae28c7c7a75ca69) Importer(815301076,1909f56bfc062723c751e8b465ee728b)  -> (artifact id: 'd004eac9d5c21ef5ab94d7d7e980b17d') in 0.028032 seconds 
========================================================================
Received Import Request.
  Time since last request: 7.706070 seconds.
  path: Packages/com.unity.2d.animation/Editor/Assets/SkinningModule/Icons/Light/Visibility_Hidded.png
  artifactKey: Guid(a20f7223e2252fc4d813fc92d0f3a614) Importer(815301076,1909f56bfc062723c751e8b465ee728b)
Start importing Packages/com.unity.2d.animation/Editor/Assets/SkinningModule/Icons/Light/Visibility_Hidded.png using Guid(a20f7223e2252fc4d813fc92d0f3a614) Importer(815301076,1909f56bfc062723c751e8b465ee728b)  -> (artifact id: '1ed4a3a1550b368aab41fa20acc3da64') in 0.057969 seconds 
========================================================================
Received Import Request.
  Time since last request: 0.000023 seconds.
  path: Packages/com.unity.2d.animation/Editor/Assets/SkinningModule/Icons/Light/Visibility_Hidded@4x.png
  artifactKey: Guid(f469f8253737d534ca7809ae6f0d2422) Importer(815301076,1909f56bfc062723c751e8b465ee728b)
Start importing Packages/com.unity.2d.animation/Editor/Assets/SkinningModule/Icons/Light/Visibility_Hidded@4x.png using Guid(f469f8253737d534ca7809ae6f0d2422) Importer(815301076,1909f56bfc062723c751e8b465ee728b)  -> (artifact id: 'c743ab30196dd515c7bb601e0a4d3f9e') in 0.031767 seconds 
========================================================================
Received Import Request.
  Time since last request: 10.542090 seconds.
  path: Packages/com.unity.2d.spriteshape/Editor/ObjectMenuCreation/DefaultAssets/Textures/Sprite Shape Corner.png
  artifactKey: Guid(608e61deb05c54660bebf5a4dd2ee02d) Importer(815301076,1909f56bfc062723c751e8b465ee728b)
Start importing Packages/com.unity.2d.spriteshape/Editor/ObjectMenuCreation/DefaultAssets/Textures/Sprite Shape Corner.png using Guid(608e61deb05c54660bebf5a4dd2ee02d) Importer(815301076,1909f56bfc062723c751e8b465ee728b)  -> (artifact id: 'd2ab186ea623c3c8e3c42b6b4e39a913') in 0.046680 seconds 
========================================================================
Received Import Request.
  Time since last request: 0.000031 seconds.
  path: Packages/com.unity.timeline/Editor/StyleSheets/Images/LightSkin/TimelineInfiniteTrackNoShadow.png
  artifactKey: Guid(69ff79f863a32ad44a9497d4896d9d1c) Importer(815301076,1909f56bfc062723c751e8b465ee728b)
Start importing Packages/com.unity.timeline/Editor/StyleSheets/Images/LightSkin/TimelineInfiniteTrackNoShadow.png using Guid(69ff79f863a32ad44a9497d4896d9d1c) Importer(815301076,1909f56bfc062723c751e8b465ee728b)  -> (artifact id: 'bcbc43ffe24fc69d8318f4ab0797b7da') in 0.018246 seconds 
========================================================================
Received Import Request.
  Time since last request: 7.415154 seconds.
  path: Assets/Snowmen/SnowmanMaterials/Accessories/HardHat.mat
  artifactKey: Guid(51550cae524493f4ca961ef41d233fce) Importer(815301076,1909f56bfc062723c751e8b465ee728b)
Start importing Assets/Snowmen/SnowmanMaterials/Accessories/HardHat.mat using Guid(51550cae524493f4ca961ef41d233fce) Importer(815301076,1909f56bfc062723c751e8b465ee728b)  -> (artifact id: '40cf3a1072848a69f6fb8350fc520fcb') in 0.016542 seconds 
========================================================================
Received Import Request.
  Time since last request: 22.095975 seconds.
  path: Assets/Snowmen/Accessories/HardHat.obj
  artifactKey: Guid(93f06963ebb11b749826274e8c7d0504) Importer(815301076,1909f56bfc062723c751e8b465ee728b)
Start importing Assets/Snowmen/Accessories/HardHat.obj using Guid(93f06963ebb11b749826274e8c7d0504) Importer(815301076,1909f56bfc062723c751e8b465ee728b)  -> (artifact id: '81b0af630fa4d079005dbcfa7ab1881f') in 0.054835 seconds 
========================================================================
Received Import Request.
  Time since last request: 3.951331 seconds.
  path: Assets/Resources/Prefabs/SnowmanPrefabs/AstronautSnowman 1.prefab
  artifactKey: Guid(b230aa08eb1022f4595c2665beb71534) Importer(815301076,1909f56bfc062723c751e8b465ee728b)
Start importing Assets/Resources/Prefabs/SnowmanPrefabs/AstronautSnowman 1.prefab using Guid(b230aa08eb1022f4595c2665beb71534) Importer(815301076,1909f56bfc062723c751e8b465ee728b)  -> (artifact id: '1f617dd74ecd3275ec3a8dfcdf604920') in 0.059324 seconds 
========================================================================
Received Import Request.
  Time since last request: 4.311505 seconds.
  path: Assets/Resources/Prefabs/SnowmanPrefabs/MinerSnowman.prefab
  artifactKey: Guid(b230aa08eb1022f4595c2665beb71534) Importer(815301076,1909f56bfc062723c751e8b465ee728b)
Start importing Assets/Resources/Prefabs/SnowmanPrefabs/MinerSnowman.prefab using Guid(b230aa08eb1022f4595c2665beb71534) Importer(815301076,1909f56bfc062723c751e8b465ee728b)  -> (artifact id: '8b14634729d5cee66ed4f5fe66905d96') in 0.047757 seconds 
========================================================================
Received Import Request.
  Time since last request: 7.089629 seconds.
  path: Assets/SnowmanImages/MinerSnowman.png
  artifactKey: Guid(0e7290f6231cf614fb601c6f71c944dd) Importer(815301076,1909f56bfc062723c751e8b465ee728b)
Start importing Assets/SnowmanImages/MinerSnowman.png using Guid(0e7290f6231cf614fb601c6f71c944dd) Importer(815301076,1909f56bfc062723c751e8b465ee728b)  -> (artifact id: 'a707f67eb8748691a972a1193818ee33') in 0.015116 seconds 
========================================================================
Received Import Request.
  Time since last request: 11.622169 seconds.
  path: Assets/SnowmanImages/MinerSnowman.png
  artifactKey: Guid(0e7290f6231cf614fb601c6f71c944dd) Importer(815301076,1909f56bfc062723c751e8b465ee728b)
Start importing Assets/SnowmanImages/MinerSnowman.png using Guid(0e7290f6231cf614fb601c6f71c944dd) Importer(815301076,1909f56bfc062723c751e8b465ee728b)  -> (artifact id: '4be89c14584c1d5464200418f5a7ef92') in 0.127170 seconds 
========================================================================
Received Import Request.
  Time since last request: 2.602593 seconds.
  path: Assets/Resources/SnowmanDescriptions/AstronautSnowman 1.asset
  artifactKey: Guid(f03d2f153a3b5fe498642488191de759) Importer(815301076,1909f56bfc062723c751e8b465ee728b)
Start importing Assets/Resources/SnowmanDescriptions/AstronautSnowman 1.asset using Guid(f03d2f153a3b5fe498642488191de759) Importer(815301076,1909f56bfc062723c751e8b465ee728b)  -> (artifact id: '989ecd161b1622700e0f2998786a9a10') in 0.006685 seconds 
========================================================================
Received Import Request.
  Time since last request: 5.096965 seconds.
  path: Assets/Resources/SnowmanDescriptions/MinerSnowman.asset
  artifactKey: Guid(f03d2f153a3b5fe498642488191de759) Importer(815301076,1909f56bfc062723c751e8b465ee728b)
Start importing Assets/Resources/SnowmanDescriptions/MinerSnowman.asset using Guid(f03d2f153a3b5fe498642488191de759) Importer(815301076,1909f56bfc062723c751e8b465ee728b)  -> (artifact id: '345359bf032fb8e75ba381ff84056772') in 0.004605 seconds 
========================================================================
Received Import Request.
  Time since last request: 10.533897 seconds.
  path: Assets/Resources/SnowmanDescriptions/MinerSnowman.asset
  artifactKey: Guid(f03d2f153a3b5fe498642488191de759) Importer(815301076,1909f56bfc062723c751e8b465ee728b)
Start importing Assets/Resources/SnowmanDescriptions/MinerSnowman.asset using Guid(f03d2f153a3b5fe498642488191de759) Importer(815301076,1909f56bfc062723c751e8b465ee728b)  -> (artifact id: 'b9d7fb3b0e09f4026b9fae60361b81b1') in 0.003847 seconds 
========================================================================
Received Import Request.
  Time since last request: 11.563083 seconds.
  path: Assets/Resources/Prefabs/SnowmanPrefabs/MinerSnowman.prefab
  artifactKey: Guid(b230aa08eb1022f4595c2665beb71534) Importer(815301076,1909f56bfc062723c751e8b465ee728b)
Start importing Assets/Resources/Prefabs/SnowmanPrefabs/MinerSnowman.prefab using Guid(b230aa08eb1022f4595c2665beb71534) Importer(815301076,1909f56bfc062723c751e8b465ee728b)  -> (artifact id: 'ee2544de9291444b12ae147fc9a51a5c') in 0.034263 seconds 
========================================================================
Received Import Request.
  Time since last request: 1.147611 seconds.
  path: Assets/Resources/Prefabs/SnowmanPrefabs/MinerSnowman.prefab
  artifactKey: Guid(b230aa08eb1022f4595c2665beb71534) Importer(815301076,1909f56bfc062723c751e8b465ee728b)
Start importing Assets/Resources/Prefabs/SnowmanPrefabs/MinerSnowman.prefab using Guid(b230aa08eb1022f4595c2665beb71534) Importer(815301076,1909f56bfc062723c751e8b465ee728b)  -> (artifact id: '855bc61c9fc498d9b630e572a7621860') in 0.032741 seconds 
========================================================================
Received Import Request.
  Time since last request: 60.349504 seconds.
  path: Assets/Snowmen/SnowmanMaterials/Accessories/Pickaxe.mat
  artifactKey: Guid(d8ee32dc913e49342907a00c7c9ec67a) Importer(815301076,1909f56bfc062723c751e8b465ee728b)
Start importing Assets/Snowmen/SnowmanMaterials/Accessories/Pickaxe.mat using Guid(d8ee32dc913e49342907a00c7c9ec67a) Importer(815301076,1909f56bfc062723c751e8b465ee728b)  -> (artifact id: '46fd8c55d684fb762d2b44bfa5bbe2e7') in 0.026998 seconds 
========================================================================
Received Import Request.
  Time since last request: 149.172605 seconds.
  path: Assets/Snowmen/SnowmanMaterials/Accessories/HardHat.mat
  artifactKey: Guid(51550cae524493f4ca961ef41d233fce) Importer(815301076,1909f56bfc062723c751e8b465ee728b)
Start importing Assets/Snowmen/SnowmanMaterials/Accessories/HardHat.mat using Guid(51550cae524493f4ca961ef41d233fce) Importer(815301076,1909f56bfc062723c751e8b465ee728b)  -> (artifact id: '6c161e5fd7f9b430e13dabfb28e4d082') in 0.019264 seconds 
========================================================================
Received Import Request.
  Time since last request: 2.413728 seconds.
  path: Assets/Snowmen/SnowmanMaterials/AstronautSnowman 1.mat
  artifactKey: Guid(088e5d9db150908428143ac856fbe748) Importer(815301076,1909f56bfc062723c751e8b465ee728b)
Start importing Assets/Snowmen/SnowmanMaterials/AstronautSnowman 1.mat using Guid(088e5d9db150908428143ac856fbe748) Importer(815301076,1909f56bfc062723c751e8b465ee728b)  -> (artifact id: 'ea09c1d2e840c08993c736c820ed1b31') in 0.020249 seconds 
========================================================================
Received Import Request.
  Time since last request: 3.609425 seconds.
  path: Assets/Snowmen/SnowmanMaterials/MinerSnowman.mat
  artifactKey: Guid(088e5d9db150908428143ac856fbe748) Importer(815301076,1909f56bfc062723c751e8b465ee728b)
Start importing Assets/Snowmen/SnowmanMaterials/MinerSnowman.mat using Guid(088e5d9db150908428143ac856fbe748) Importer(815301076,1909f56bfc062723c751e8b465ee728b)  -> (artifact id: '1913a7f3d687f6203e15115969eba606') in 0.027234 seconds 
========================================================================
Received Import Request.
  Time since last request: 13.388937 seconds.
  path: Assets/Snowmen/Textures/SnowmanMiner.jpg
  artifactKey: Guid(72af8837277aa9b47ac69810e65b10ae) Importer(815301076,1909f56bfc062723c751e8b465ee728b)
Start importing Assets/Snowmen/Textures/SnowmanMiner.jpg using Guid(72af8837277aa9b47ac69810e65b10ae) Importer(815301076,1909f56bfc062723c751e8b465ee728b)  -> (artifact id: '50de58fb0e9e9995e7238694d346b4a8') in 0.025275 seconds 
========================================================================
Received Import Request.
  Time since last request: 10.323524 seconds.
  path: Assets/Snowmen/SnowmanMaterials/MinerSnowman.mat
  artifactKey: Guid(088e5d9db150908428143ac856fbe748) Importer(815301076,1909f56bfc062723c751e8b465ee728b)
Start importing Assets/Snowmen/SnowmanMaterials/MinerSnowman.mat using Guid(088e5d9db150908428143ac856fbe748) Importer(815301076,1909f56bfc062723c751e8b465ee728b)  -> (artifact id: 'cd645a1e33cd125600999999e136d92f') in 0.037368 seconds 
========================================================================
Received Import Request.
  Time since last request: 21.606806 seconds.
  path: Assets/Snowmen/SnowmanMaterials/MinerSnowman.mat
  artifactKey: Guid(088e5d9db150908428143ac856fbe748) Importer(815301076,1909f56bfc062723c751e8b465ee728b)
Start importing Assets/Snowmen/SnowmanMaterials/MinerSnowman.mat using Guid(088e5d9db150908428143ac856fbe748) Importer(815301076,1909f56bfc062723c751e8b465ee728b)  -> (artifact id: '0166dca618dcc8a3039d234d7f07eef8') in 0.021169 seconds 
========================================================================
Received Import Request.
  Time since last request: 398.515228 seconds.
  path: Assets/Snowmen/Accessories/HardHat.obj
  artifactKey: Guid(93f06963ebb11b749826274e8c7d0504) Importer(815301076,1909f56bfc062723c751e8b465ee728b)
Start importing Assets/Snowmen/Accessories/HardHat.obj using Guid(93f06963ebb11b749826274e8c7d0504) Importer(815301076,1909f56bfc062723c751e8b465ee728b)  -> (artifact id: '1bc979ebedccb2dcdd3614bea2500ca9') in 0.032615 seconds 
========================================================================
Received Import Request.
  Time since last request: 8.154093 seconds.
  path: Assets/Snowmen/Accessories/HardHat.obj
  artifactKey: Guid(93f06963ebb11b749826274e8c7d0504) Importer(815301076,1909f56bfc062723c751e8b465ee728b)
Start importing Assets/Snowmen/Accessories/HardHat.obj using Guid(93f06963ebb11b749826274e8c7d0504) Importer(815301076,1909f56bfc062723c751e8b465ee728b)  -> (artifact id: '2173ea645ad45a5a310029620bf89a41') in 0.063617 seconds 
========================================================================
Received Import Request.
  Time since last request: 9.394389 seconds.
  path: Assets/Snowmen/Accessories/HardHat.obj
  artifactKey: Guid(93f06963ebb11b749826274e8c7d0504) Importer(815301076,1909f56bfc062723c751e8b465ee728b)
Start importing Assets/Snowmen/Accessories/HardHat.obj using Guid(93f06963ebb11b749826274e8c7d0504) Importer(815301076,1909f56bfc062723c751e8b465ee728b)  -> (artifact id: 'b999de6905c7e69e18b25f3005fcb665') in 0.052127 seconds 
========================================================================
Received Prepare
Registering precompiled user dll's ...
Registered in 0.012494 seconds.
Begin MonoManager ReloadAssembly
Symbol file LoadedFromMemory doesn't match image C:\Users\Carter\Documents\GitHub\AWalkInWinterland\A Walk In Winterland\Library\PackageCache\com.unity.visualscripting@1.7.8\Editor\VisualScripting.Core\Dependencies\DotNetZip\Unity.VisualScripting.IonicZip.dll
Symbol file LoadedFromMemory doesn't match image C:\Users\Carter\Documents\GitHub\AWalkInWinterland\A Walk In Winterland\Library\PackageCache\com.unity.visualscripting@1.7.8\Editor\VisualScripting.Core\Dependencies\YamlDotNet\Unity.VisualScripting.YamlDotNet.dll
Native extension for WindowsStandalone target not found
Native extension for iOS target not found
Native extension for Android target not found
Native extension for WebGL target not found
Refreshing native plugins compatible for Editor in 4.91 ms, found 6 plugins.
Preloading 0 native plugins for Editor in 0.00 ms.
Mono: successfully reloaded assembly
- Completed reload, in  1.721 seconds
Domain Reload Profiling:
	ReloadAssembly (1722ms)
		BeginReloadAssembly (172ms)
			ExecutionOrderSort (0ms)
			DisableScriptedObjects (12ms)
			BackupInstance (0ms)
			ReleaseScriptingObjects (0ms)
			CreateAndSetChildDomain (50ms)
		EndReloadAssembly (1419ms)
			LoadAssemblies (126ms)
			RebuildTransferFunctionScriptingTraits (0ms)
			SetupTypeCache (362ms)
			ReleaseScriptCaches (2ms)
			RebuildScriptCaches (72ms)
			SetupLoadedEditorAssemblies (731ms)
				LogAssemblyErrors (0ms)
				InitializePlatformSupportModulesInManaged (45ms)
				SetLoadedEditorAssemblies (1ms)
				RefreshPlugins (5ms)
				BeforeProcessingInitializeOnLoad (151ms)
				ProcessInitializeOnLoadAttributes (406ms)
				ProcessInitializeOnLoadMethodAttributes (112ms)
				AfterProcessingInitializeOnLoad (11ms)
				EditorAssembliesLoaded (0ms)
			ExecutionOrderSort2 (0ms)
			AwakeInstancesAfterBackupRestoration (31ms)
Platform modules already initialized, skipping
Refreshing native plugins compatible for Editor in 15.92 ms, found 6 plugins.
Preloading 0 native plugins for Editor in 0.00 ms.
Unloading 6147 Unused Serialized files (Serialized files now loaded: 0)
Unloading 87 unused Assets / (487.7 KB). Loaded Objects now: 6835.
Memory consumption went from 254.5 MB to 254.0 MB.
Total: 5.873500 ms (FindLiveObjects: 0.653200 ms CreateObjectMapping: 0.201800 ms MarkObjects: 4.904200 ms  DeleteObjects: 0.112800 ms)

AssetImportParameters requested are different than current active one (requested -> active):
  custom:video-decoder-ogg-theora: a1e56fd34408186e4bbccfd4996cb3dc -> 
  custom:container-muxer-webm: aa71ff27fc2769a1b78a27578f13a17b -> 
  custom:container-demuxer-webm: 4f35f7cbe854078d1ac9338744f61a02 -> 
  custom:video-encoder-webm-vp8: eb34c28f22e8b96e1ab97ce403110664 -> 
  custom:audio-encoder-webm-vorbis: bf7c407c2cedff20999df2af8eb42d56 -> 
  custom:framework-win-MediaFoundation: 216162199b28c13a410421893ffa2e32 -> 
  custom:container-demuxer-ogg: 62fdf1f143b41e24485cea50d1cbac27 -> 
  custom:video-decoder-webm-vp8: 9c59270c3fd7afecdb556c50c9e8de78 -> 
  custom:audio-decoder-ogg-vorbis: bf7c407c2cedff20999df2af8eb42d56 -> 
========================================================================
Received Import Request.
  Time since last request: 228.737746 seconds.
  path: Assets/Resources/Prefabs/SnowmanPrefabs/MinerSnowman.prefab
  artifactKey: Guid(b230aa08eb1022f4595c2665beb71534) Importer(815301076,1909f56bfc062723c751e8b465ee728b)
Start importing Assets/Resources/Prefabs/SnowmanPrefabs/MinerSnowman.prefab using Guid(b230aa08eb1022f4595c2665beb71534) Importer(815301076,1909f56bfc062723c751e8b465ee728b)  -> (artifact id: 'ff70a5bbb2794525bf31529fa8daf9a7') in 0.262435 seconds 
========================================================================
Received Import Request.
  Time since last request: 9.151323 seconds.
  path: Assets/Resources/Prefabs/SnowmanPrefabs/MinerSnowman.prefab
  artifactKey: Guid(b230aa08eb1022f4595c2665beb71534) Importer(815301076,1909f56bfc062723c751e8b465ee728b)
Start importing Assets/Resources/Prefabs/SnowmanPrefabs/MinerSnowman.prefab using Guid(b230aa08eb1022f4595c2665beb71534) Importer(815301076,1909f56bfc062723c751e8b465ee728b)  -> (artifact id: 'cded8aac0f2b7e7664769857914d4ad0') in 0.040502 seconds 
========================================================================
Received Import Request.
  Time since last request: 1.146967 seconds.
  path: Assets/Resources/Prefabs/SnowmanPrefabs/MinerSnowman.prefab
  artifactKey: Guid(b230aa08eb1022f4595c2665beb71534) Importer(815301076,1909f56bfc062723c751e8b465ee728b)
Start importing Assets/Resources/Prefabs/SnowmanPrefabs/MinerSnowman.prefab using Guid(b230aa08eb1022f4595c2665beb71534) Importer(815301076,1909f56bfc062723c751e8b465ee728b)  -> (artifact id: '447e162c33d3925260619dbe7fd27dab') in 0.047712 seconds 
========================================================================
Received Prepare
Registering precompiled user dll's ...
Registered in 0.011912 seconds.
Begin MonoManager ReloadAssembly
Symbol file LoadedFromMemory doesn't match image C:\Users\Carter\Documents\GitHub\AWalkInWinterland\A Walk In Winterland\Library\PackageCache\com.unity.visualscripting@1.7.8\Editor\VisualScripting.Core\Dependencies\DotNetZip\Unity.VisualScripting.IonicZip.dll
Symbol file LoadedFromMemory doesn't match image C:\Users\Carter\Documents\GitHub\AWalkInWinterland\A Walk In Winterland\Library\PackageCache\com.unity.visualscripting@1.7.8\Editor\VisualScripting.Core\Dependencies\YamlDotNet\Unity.VisualScripting.YamlDotNet.dll
Native extension for WindowsStandalone target not found
Native extension for iOS target not found
Native extension for Android target not found
Native extension for WebGL target not found
Refreshing native plugins compatible for Editor in 3.45 ms, found 6 plugins.
Preloading 0 native plugins for Editor in 0.00 ms.
Mono: successfully reloaded assembly
- Completed reload, in  1.736 seconds
Domain Reload Profiling:
	ReloadAssembly (1736ms)
		BeginReloadAssembly (183ms)
			ExecutionOrderSort (0ms)
			DisableScriptedObjects (11ms)
			BackupInstance (0ms)
			ReleaseScriptingObjects (0ms)
			CreateAndSetChildDomain (60ms)
		EndReloadAssembly (1423ms)
			LoadAssemblies (126ms)
			RebuildTransferFunctionScriptingTraits (0ms)
			SetupTypeCache (357ms)
			ReleaseScriptCaches (3ms)
			RebuildScriptCaches (70ms)
			SetupLoadedEditorAssemblies (737ms)
				LogAssemblyErrors (0ms)
				InitializePlatformSupportModulesInManaged (43ms)
				SetLoadedEditorAssemblies (1ms)
				RefreshPlugins (4ms)
				BeforeProcessingInitializeOnLoad (142ms)
				ProcessInitializeOnLoadAttributes (418ms)
				ProcessInitializeOnLoadMethodAttributes (118ms)
				AfterProcessingInitializeOnLoad (12ms)
				EditorAssembliesLoaded (0ms)
			ExecutionOrderSort2 (0ms)
			AwakeInstancesAfterBackupRestoration (34ms)
Platform modules already initialized, skipping
Refreshing native plugins compatible for Editor in 14.81 ms, found 6 plugins.
Preloading 0 native plugins for Editor in 0.00 ms.
Unloading 6147 Unused Serialized files (Serialized files now loaded: 0)
Unloading 87 unused Assets / (487.6 KB). Loaded Objects now: 6894.
Memory consumption went from 254.5 MB to 254.1 MB.
Total: 4.813800 ms (FindLiveObjects: 0.827300 ms CreateObjectMapping: 0.313600 ms MarkObjects: 3.560900 ms  DeleteObjects: 0.110000 ms)

AssetImportParameters requested are different than current active one (requested -> active):
  custom:video-decoder-ogg-theora: a1e56fd34408186e4bbccfd4996cb3dc -> 
  custom:container-muxer-webm: aa71ff27fc2769a1b78a27578f13a17b -> 
  custom:container-demuxer-webm: 4f35f7cbe854078d1ac9338744f61a02 -> 
  custom:video-encoder-webm-vp8: eb34c28f22e8b96e1ab97ce403110664 -> 
  custom:audio-encoder-webm-vorbis: bf7c407c2cedff20999df2af8eb42d56 -> 
  custom:framework-win-MediaFoundation: 216162199b28c13a410421893ffa2e32 -> 
  custom:container-demuxer-ogg: 62fdf1f143b41e24485cea50d1cbac27 -> 
  custom:video-decoder-webm-vp8: 9c59270c3fd7afecdb556c50c9e8de78 -> 
  custom:audio-decoder-ogg-vorbis: bf7c407c2cedff20999df2af8eb42d56 -> 
========================================================================
Received Import Request.
  Time since last request: 172.030819 seconds.
  path: Packages/com.unity.2d.animation/Editor/Assets/SkinningModule/Icons/Light/Visibility_Tool.png
  artifactKey: Guid(1e7c59239d2a59140b34f39ea6d4d44c) Importer(815301076,1909f56bfc062723c751e8b465ee728b)
Start importing Packages/com.unity.2d.animation/Editor/Assets/SkinningModule/Icons/Light/Visibility_Tool.png using Guid(1e7c59239d2a59140b34f39ea6d4d44c) Importer(815301076,1909f56bfc062723c751e8b465ee728b)  -> (artifact id: 'b33d78c8d20a43bff24e47eba63d020d') in 0.083774 seconds 
========================================================================
Received Import Request.
  Time since last request: 48.752581 seconds.
  path: Packages/com.unity.2d.animation/Editor/Assets/SkinningModule/Icons/Light/Split Bones@4x.png
  artifactKey: Guid(e530623cd53f3ea46ac09b786f0c49ef) Importer(815301076,1909f56bfc062723c751e8b465ee728b)
Start importing Packages/com.unity.2d.animation/Editor/Assets/SkinningModule/Icons/Light/Split Bones@4x.png using Guid(e530623cd53f3ea46ac09b786f0c49ef) Importer(815301076,1909f56bfc062723c751e8b465ee728b)  -> (artifact id: 'f36253a7191e20cb62d0854933d51b7d') in 0.025792 seconds 
========================================================================
Received Import Request.
  Time since last request: 0.421239 seconds.
  path: Packages/com.unity.2d.animation/Editor/Assets/SkinningModule/Icons/Selected/Split_Edge.png
  artifactKey: Guid(8800032f7e7cdd544b74849c80ce05d4) Importer(815301076,1909f56bfc062723c751e8b465ee728b)
Start importing Packages/com.unity.2d.animation/Editor/Assets/SkinningModule/Icons/Selected/Split_Edge.png using Guid(8800032f7e7cdd544b74849c80ce05d4) Importer(815301076,1909f56bfc062723c751e8b465ee728b)  -> (artifact id: '41e0403ee4792fcdc7a554a76ba23381') in 0.030686 seconds 
========================================================================
Received Import Request.
  Time since last request: 0.000028 seconds.
  path: Packages/com.unity.2d.animation/Editor/Assets/SkinningModule/Icons/Selected/Split_Edge@3x.png
  artifactKey: Guid(7764b2bf79a49894e8ea10f3d661a4ed) Importer(815301076,1909f56bfc062723c751e8b465ee728b)
Start importing Packages/com.unity.2d.animation/Editor/Assets/SkinningModule/Icons/Selected/Split_Edge@3x.png using Guid(7764b2bf79a49894e8ea10f3d661a4ed) Importer(815301076,1909f56bfc062723c751e8b465ee728b)  -> (artifact id: '296fbc78020d389314f41f010cd99025') in 0.029435 seconds 
========================================================================
Received Import Request.
  Time since last request: 0.000032 seconds.
  path: Packages/com.unity.2d.animation/Editor/Assets/SkinningModule/Icons/Light/Split_Edge@4x.png
  artifactKey: Guid(21d43e7114c758c49886cb9fc604dd66) Importer(815301076,1909f56bfc062723c751e8b465ee728b)
Start importing Packages/com.unity.2d.animation/Editor/Assets/SkinningModule/Icons/Light/Split_Edge@4x.png using Guid(21d43e7114c758c49886cb9fc604dd66) Importer(815301076,1909f56bfc062723c751e8b465ee728b)  -> (artifact id: 'a00b5167af330a97b86a00550f0b0bdb') in 0.038154 seconds 
========================================================================
Received Import Request.
  Time since last request: 0.038155 seconds.
  path: Packages/com.unity.2d.animation/Editor/Assets/SkinningModule/Icons/Selected/Sprite_Influence.png
  artifactKey: Guid(a2db0b51e2c0e418b8d5f85cee0d4876) Importer(815301076,1909f56bfc062723c751e8b465ee728b)
Start importing Packages/com.unity.2d.animation/Editor/Assets/SkinningModule/Icons/Selected/Sprite_Influence.png using Guid(a2db0b51e2c0e418b8d5f85cee0d4876) Importer(815301076,1909f56bfc062723c751e8b465ee728b)  -> (artifact id: '33399b84b123380298baa375de65c688') in 0.024954 seconds 
========================================================================
Received Import Request.
  Time since last request: 0.000053 seconds.
  path: Packages/com.unity.2d.animation/Editor/Assets/SkinningModule/Icons/Light/Sprite_Influence@2x.png
  artifactKey: Guid(8169b95b76b504e3b8dc9ccf0bdbe226) Importer(815301076,1909f56bfc062723c751e8b465ee728b)
Start importing Packages/com.unity.2d.animation/Editor/Assets/SkinningModule/Icons/Light/Sprite_Influence@2x.png using Guid(8169b95b76b504e3b8dc9ccf0bdbe226) Importer(815301076,1909f56bfc062723c751e8b465ee728b)  -> (artifact id: '4f74795ce55f376ab3dfce5ab36c6c17') in 0.028836 seconds 
========================================================================
Received Import Request.
  Time since last request: 0.619902 seconds.
  path: Packages/com.unity.2d.spriteshape/Editor/Handles/ss_leftrange.png
  artifactKey: Guid(9417efc47083f4a1598c1966a6345cdb) Importer(815301076,1909f56bfc062723c751e8b465ee728b)
Start importing Packages/com.unity.2d.spriteshape/Editor/Handles/ss_leftrange.png using Guid(9417efc47083f4a1598c1966a6345cdb) Importer(815301076,1909f56bfc062723c751e8b465ee728b)  -> (artifact id: 'cc620605b456d50f1c543c3d9ee4b3c3') in 0.036638 seconds 
Editor requested this worker to shutdown with reason: Scaling down because of idle timeout
AssetImportWorker is now disconnected from the server
Process exiting
Exiting without the bug reporter. Application will terminate with return code 0