Using pre-set license
Built from '2021.3/staging' branch; Version is '2021.3.4f1 (cb45f9cae8b7) revision 13321721'; Using compiler version '192829333'; Build Type 'Release'
OS: 'Windows 10  (10.0.19044) 64bit Core' Language: 'en' Physical Memory: 32509 MB
BatchMode: 1, IsHumanControllingUs: 0, StartBugReporterOnCrash: 0, Is64bit: 1, IsPro: 1

COMMAND LINE ARGUMENTS:
C:\Program Files\Unity\Hub\Editor\2021.3.4f1\Editor\Unity.exe
-adb2
-batchMode
-noUpm
-name
AssetImportWorker26
-projectPath
C:/Users/Carter/Documents/GitHub/AWalkInWinterland/A Walk In Winterland
-logFile
Logs/AssetImportWorker26.log
-srvPort
59116
Successfully changed project path to: C:/Users/Carter/Documents/GitHub/AWalkInWinterland/A Walk In Winterland
C:/Users/Carter/Documents/GitHub/AWalkInWinterland/A Walk In Winterland
[UnityMemory] Configuration Parameters - Can be set up in boot.config
    "memorysetup-bucket-allocator-granularity=16"
    "memorysetup-bucket-allocator-bucket-count=8"
    "memorysetup-bucket-allocator-block-size=33554432"
    "memorysetup-bucket-allocator-block-count=8"
    "memorysetup-main-allocator-block-size=16777216"
    "memorysetup-thread-allocator-block-size=16777216"
    "memorysetup-gfx-main-allocator-block-size=16777216"
    "memorysetup-gfx-thread-allocator-block-size=16777216"
    "memorysetup-cache-allocator-block-size=4194304"
    "memorysetup-typetree-allocator-block-size=2097152"
    "memorysetup-profiler-bucket-allocator-granularity=16"
    "memorysetup-profiler-bucket-allocator-bucket-count=8"
    "memorysetup-profiler-bucket-allocator-block-size=33554432"
    "memorysetup-profiler-bucket-allocator-block-count=8"
    "memorysetup-profiler-allocator-block-size=16777216"
    "memorysetup-profiler-editor-allocator-block-size=1048576"
    "memorysetup-temp-allocator-size-main=16777216"
    "memorysetup-job-temp-allocator-block-size=2097152"
    "memorysetup-job-temp-allocator-block-size-background=1048576"
    "memorysetup-job-temp-allocator-reduction-small-platforms=262144"
    "memorysetup-temp-allocator-size-background-worker=32768"
    "memorysetup-temp-allocator-size-job-worker=262144"
    "memorysetup-temp-allocator-size-preload-manager=33554432"
    "memorysetup-temp-allocator-size-nav-mesh-worker=65536"
    "memorysetup-temp-allocator-size-audio-worker=65536"
    "memorysetup-temp-allocator-size-cloud-worker=32768"
    "memorysetup-temp-allocator-size-gi-baking-worker=262144"
    "memorysetup-temp-allocator-size-gfx=262144"
Refreshing native plugins compatible for Editor in 274.36 ms, found 6 plugins.
Preloading 0 native plugins for Editor in 0.00 ms.
Initialize engine version: 2021.3.4f1 (cb45f9cae8b7)
[Subsystems] Discovering subsystems at path C:/Program Files/Unity/Hub/Editor/2021.3.4f1/Editor/Data/Resources/UnitySubsystems
[Subsystems] Discovering subsystems at path C:/Users/Carter/Documents/GitHub/AWalkInWinterland/A Walk In Winterland/Assets
GfxDevice: creating device client; threaded=0; jobified=0
Direct3D:
    Version:  Direct3D 11.0 [level 11.1]
    Renderer: NVIDIA GeForce RTX 3070 Ti (ID=0x2482)
    Vendor:   NVIDIA
    VRAM:     8041 MB
    Driver:   31.0.15.1748
Initialize mono
Mono path[0] = 'C:/Program Files/Unity/Hub/Editor/2021.3.4f1/Editor/Data/Managed'
Mono path[1] = 'C:/Program Files/Unity/Hub/Editor/2021.3.4f1/Editor/Data/MonoBleedingEdge/lib/mono/unityjit-win32'
Mono config path = 'C:/Program Files/Unity/Hub/Editor/2021.3.4f1/Editor/Data/MonoBleedingEdge/etc'
Using monoOptions --debugger-agent=transport=dt_socket,embedding=1,server=y,suspend=n,address=127.0.0.1:56972
Begin MonoManager ReloadAssembly
Registering precompiled unity dll's ...
Register platform support module: C:/Program Files/Unity/Hub/Editor/2021.3.4f1/Editor/Data/PlaybackEngines/WebGLSupport/UnityEditor.WebGL.Extensions.dll
Register platform support module: C:/Program Files/Unity/Hub/Editor/2021.3.4f1/Editor/Data/PlaybackEngines/AndroidPlayer/UnityEditor.Android.Extensions.dll
Register platform support module: C:/Program Files/Unity/Hub/Editor/2021.3.4f1/Editor/Data/PlaybackEngines/iOSSupport/UnityEditor.iOS.Extensions.dll
Register platform support module: C:/Program Files/Unity/Hub/Editor/2021.3.4f1/Editor/Data/PlaybackEngines/WindowsStandaloneSupport/UnityEditor.WindowsStandalone.Extensions.dll
Registered in 0.013360 seconds.
Native extension for WindowsStandalone target not found
[usbmuxd] Start listen thread
[usbmuxd] Listen thread started
[usbmuxd] Send listen message
Native extension for iOS target not found
Native extension for Android target not found
Native extension for WebGL target not found
Refreshing native plugins compatible for Editor in 232.75 ms, found 6 plugins.
Preloading 0 native plugins for Editor in 0.00 ms.
Mono: successfully reloaded assembly
- Completed reload, in  1.092 seconds
Domain Reload Profiling:
	ReloadAssembly (1092ms)
		BeginReloadAssembly (114ms)
			ExecutionOrderSort (0ms)
			DisableScriptedObjects (0ms)
			BackupInstance (0ms)
			ReleaseScriptingObjects (0ms)
			CreateAndSetChildDomain (1ms)
		EndReloadAssembly (797ms)
			LoadAssemblies (110ms)
			RebuildTransferFunctionScriptingTraits (0ms)
			SetupTypeCache (188ms)
			ReleaseScriptCaches (0ms)
			RebuildScriptCaches (39ms)
			SetupLoadedEditorAssemblies (483ms)
				LogAssemblyErrors (0ms)
				InitializePlatformSupportModulesInManaged (88ms)
				SetLoadedEditorAssemblies (0ms)
				RefreshPlugins (233ms)
				BeforeProcessingInitializeOnLoad (2ms)
				ProcessInitializeOnLoadAttributes (109ms)
				ProcessInitializeOnLoadMethodAttributes (51ms)
				AfterProcessingInitializeOnLoad (0ms)
				EditorAssembliesLoaded (0ms)
			ExecutionOrderSort2 (0ms)
			AwakeInstancesAfterBackupRestoration (0ms)
Platform modules already initialized, skipping
Registering precompiled user dll's ...
Registered in 0.012958 seconds.
Begin MonoManager ReloadAssembly
Symbol file LoadedFromMemory doesn't match image C:\Users\Carter\Documents\GitHub\AWalkInWinterland\A Walk In Winterland\Library\PackageCache\com.unity.visualscripting@1.7.8\Editor\VisualScripting.Core\Dependencies\DotNetZip\Unity.VisualScripting.IonicZip.dll
Symbol file LoadedFromMemory doesn't match image C:\Users\Carter\Documents\GitHub\AWalkInWinterland\A Walk In Winterland\Library\PackageCache\com.unity.visualscripting@1.7.8\Editor\VisualScripting.Core\Dependencies\YamlDotNet\Unity.VisualScripting.YamlDotNet.dll
Native extension for WindowsStandalone target not found
Native extension for iOS target not found
Native extension for Android target not found
Native extension for WebGL target not found
Refreshing native plugins compatible for Editor in 219.24 ms, found 6 plugins.
Preloading 0 native plugins for Editor in 0.00 ms.
Mono: successfully reloaded assembly
- Completed reload, in  2.120 seconds
Domain Reload Profiling:
	ReloadAssembly (2121ms)
		BeginReloadAssembly (207ms)
			ExecutionOrderSort (0ms)
			DisableScriptedObjects (7ms)
			BackupInstance (0ms)
			ReleaseScriptingObjects (0ms)
			CreateAndSetChildDomain (130ms)
		EndReloadAssembly (1772ms)
			LoadAssemblies (85ms)
			RebuildTransferFunctionScriptingTraits (0ms)
			SetupTypeCache (389ms)
			ReleaseScriptCaches (2ms)
			RebuildScriptCaches (110ms)
			SetupLoadedEditorAssemblies (1097ms)
				LogAssemblyErrors (0ms)
				InitializePlatformSupportModulesInManaged (28ms)
				SetLoadedEditorAssemblies (0ms)
				RefreshPlugins (219ms)
				BeforeProcessingInitializeOnLoad (179ms)
				ProcessInitializeOnLoadAttributes (547ms)
				ProcessInitializeOnLoadMethodAttributes (114ms)
				AfterProcessingInitializeOnLoad (9ms)
				EditorAssembliesLoaded (0ms)
			ExecutionOrderSort2 (0ms)
			AwakeInstancesAfterBackupRestoration (6ms)
Platform modules already initialized, skipping
========================================================================
Worker process is ready to serve import requests
Launched and connected shader compiler UnityShaderCompiler.exe after 0.05 seconds
Refreshing native plugins compatible for Editor in 2.72 ms, found 6 plugins.
Preloading 0 native plugins for Editor in 0.00 ms.
Unloading 6693 Unused Serialized files (Serialized files now loaded: 0)
Unloading 140 unused Assets / (2.3 MB). Loaded Objects now: 7123.
Memory consumption went from 426.0 MB to 423.7 MB.
Total: 7.762300 ms (FindLiveObjects: 1.110400 ms CreateObjectMapping: 0.556600 ms MarkObjects: 5.290900 ms  DeleteObjects: 0.801900 ms)

AssetImportParameters requested are different than current active one (requested -> active):
  custom:video-decoder-ogg-theora: a1e56fd34408186e4bbccfd4996cb3dc -> 
  custom:container-muxer-webm: aa71ff27fc2769a1b78a27578f13a17b -> 
  custom:container-demuxer-webm: 4f35f7cbe854078d1ac9338744f61a02 -> 
  custom:video-encoder-webm-vp8: eb34c28f22e8b96e1ab97ce403110664 -> 
  custom:audio-encoder-webm-vorbis: bf7c407c2cedff20999df2af8eb42d56 -> 
  custom:framework-win-MediaFoundation: 216162199b28c13a410421893ffa2e32 -> 
  custom:container-demuxer-ogg: 62fdf1f143b41e24485cea50d1cbac27 -> 
  custom:video-decoder-webm-vp8: 9c59270c3fd7afecdb556c50c9e8de78 -> 
  custom:audio-decoder-ogg-vorbis: bf7c407c2cedff20999df2af8eb42d56 -> 
========================================================================
Received Import Request.
  Time since last request: 1076780.101479 seconds.
  path: Assets/NatureManufacture Assets/Meadow Environment Dynamic Nature/Rocks/Rocks/Models/m_rock_02.FBX
  artifactKey: Guid(66a7b716f0dd39b4696047a0e93d1fb9) Importer(815301076,1909f56bfc062723c751e8b465ee728b)
Start importing Assets/NatureManufacture Assets/Meadow Environment Dynamic Nature/Rocks/Rocks/Models/m_rock_02.FBX using Guid(66a7b716f0dd39b4696047a0e93d1fb9) Importer(815301076,1909f56bfc062723c751e8b465ee728b)  -> (artifact id: 'c9b07f1498d419065d5ba8c897011ece') in 0.590277 seconds 
========================================================================
Received Import Request.
  Time since last request: 0.000055 seconds.
  path: Assets/NatureManufacture Assets/Meadow Environment Dynamic Nature/Rocks/Rocks/Models/Rock_02_cut.FBX
  artifactKey: Guid(7d13f117304bb0c46a2eca9c1ce7093b) Importer(815301076,1909f56bfc062723c751e8b465ee728b)
Start importing Assets/NatureManufacture Assets/Meadow Environment Dynamic Nature/Rocks/Rocks/Models/Rock_02_cut.FBX using Guid(7d13f117304bb0c46a2eca9c1ce7093b) Importer(815301076,1909f56bfc062723c751e8b465ee728b)  -> (artifact id: 'd7c2c5ac373a57f5e52337f7d542fd51') in 0.124446 seconds 
========================================================================
Received Import Request.
  Time since last request: 0.000132 seconds.
  path: Assets/NatureManufacture Assets/Meadow Environment Dynamic Nature/Rocks/Rocks/Models/s_rock_05.FBX
  artifactKey: Guid(cd1c86e632c00b84bb64daf0b7e5ab3b) Importer(815301076,1909f56bfc062723c751e8b465ee728b)
Start importing Assets/NatureManufacture Assets/Meadow Environment Dynamic Nature/Rocks/Rocks/Models/s_rock_05.FBX using Guid(cd1c86e632c00b84bb64daf0b7e5ab3b) Importer(815301076,1909f56bfc062723c751e8b465ee728b)  -> (artifact id: '2c2655eebc4fc1c476a665919b3bd006') in 0.132675 seconds 
========================================================================
Received Import Request.
  Time since last request: 0.000072 seconds.
  path: Assets/NatureManufacture Assets/Meadow Environment Dynamic Nature/Rocks/Rocks/Prefabs/prefab_Rock_01_cut.prefab
  artifactKey: Guid(fd4d3394505a620469af1bccaeceaf57) Importer(815301076,1909f56bfc062723c751e8b465ee728b)
Start importing Assets/NatureManufacture Assets/Meadow Environment Dynamic Nature/Rocks/Rocks/Prefabs/prefab_Rock_01_cut.prefab using Guid(fd4d3394505a620469af1bccaeceaf57) Importer(815301076,1909f56bfc062723c751e8b465ee728b)  -> (artifact id: '0cda85d283f00c74f76144ef8e87d4da') in 0.121403 seconds 
========================================================================
Received Import Request.
  Time since last request: 0.000079 seconds.
  path: Assets/NatureManufacture Assets/Meadow Environment Dynamic Nature/Rocks/Rocks/Prefabs/prefab_Rock_05_cut.prefab
  artifactKey: Guid(9495367db89964f47bf85cf0a404acd1) Importer(815301076,1909f56bfc062723c751e8b465ee728b)
Start importing Assets/NatureManufacture Assets/Meadow Environment Dynamic Nature/Rocks/Rocks/Prefabs/prefab_Rock_05_cut.prefab using Guid(9495367db89964f47bf85cf0a404acd1) Importer(815301076,1909f56bfc062723c751e8b465ee728b)  -> (artifact id: 'd825d28ca9b67e8efb2f3fb8c1be6aac') in 0.148128 seconds 
========================================================================
Received Import Request.
  Time since last request: 0.000098 seconds.
  path: Assets/NatureManufacture Assets/Meadow Environment Dynamic Nature/Rocks/Rocks/Models/s_rock_03.FBX
  artifactKey: Guid(85e7e15f09095694b944fb754c5c0589) Importer(815301076,1909f56bfc062723c751e8b465ee728b)
Start importing Assets/NatureManufacture Assets/Meadow Environment Dynamic Nature/Rocks/Rocks/Models/s_rock_03.FBX using Guid(85e7e15f09095694b944fb754c5c0589) Importer(815301076,1909f56bfc062723c751e8b465ee728b)  -> (artifact id: '72d3829059623a9bbf2f43045b910f1f') in 0.152981 seconds 
========================================================================
Received Import Request.
  Time since last request: 0.000079 seconds.
  path: Assets/NatureManufacture Assets/Meadow Environment Dynamic Nature/Rocks/Rocks/Models/Rock_01.FBX
  artifactKey: Guid(286edee7c74a4dd47900e38fa917cb5e) Importer(815301076,1909f56bfc062723c751e8b465ee728b)
Start importing Assets/NatureManufacture Assets/Meadow Environment Dynamic Nature/Rocks/Rocks/Models/Rock_01.FBX using Guid(286edee7c74a4dd47900e38fa917cb5e) Importer(815301076,1909f56bfc062723c751e8b465ee728b)  -> (artifact id: 'b95ed19ecbb3f6ad81153b9ea379cf48') in 0.140998 seconds 
========================================================================
Received Import Request.
  Time since last request: 0.000287 seconds.
  path: Assets/NatureManufacture Assets/Meadow Environment Dynamic Nature/Rocks/Rocks/Prefabs/prefab_s_rock_05.prefab
  artifactKey: Guid(d0d730af5139dcc44bdcb2117da227b0) Importer(815301076,1909f56bfc062723c751e8b465ee728b)
Start importing Assets/NatureManufacture Assets/Meadow Environment Dynamic Nature/Rocks/Rocks/Prefabs/prefab_s_rock_05.prefab using Guid(d0d730af5139dcc44bdcb2117da227b0) Importer(815301076,1909f56bfc062723c751e8b465ee728b)  -> (artifact id: '1819da1d06e32254e340115a6c2b4d8d') in 0.089670 seconds 
========================================================================
Received Import Request.
  Time since last request: 0.000071 seconds.
  path: Assets/NatureManufacture Assets/Meadow Environment Dynamic Nature/Rocks/Rocks/Prefabs/prefab_Rock_02.prefab
  artifactKey: Guid(4209a6b35d2e4074ebca1b48284ff446) Importer(815301076,1909f56bfc062723c751e8b465ee728b)
Start importing Assets/NatureManufacture Assets/Meadow Environment Dynamic Nature/Rocks/Rocks/Prefabs/prefab_Rock_02.prefab using Guid(4209a6b35d2e4074ebca1b48284ff446) Importer(815301076,1909f56bfc062723c751e8b465ee728b)  -> (artifact id: 'fe50dc26ec94c1c9c31ecc41668732c3') in 0.077977 seconds 
========================================================================
Received Import Request.
  Time since last request: 0.000037 seconds.
  path: Assets/NatureManufacture Assets/Meadow Environment Dynamic Nature/Rocks/Rocks/Models/Rock_05_cut.FBX
  artifactKey: Guid(cf32afa2450b3344ea773eb308c0d786) Importer(815301076,1909f56bfc062723c751e8b465ee728b)
Start importing Assets/NatureManufacture Assets/Meadow Environment Dynamic Nature/Rocks/Rocks/Models/Rock_05_cut.FBX using Guid(cf32afa2450b3344ea773eb308c0d786) Importer(815301076,1909f56bfc062723c751e8b465ee728b)  -> (artifact id: 'b7a3917ac1cf80ff2d498d24e5f6e11c') in 0.168509 seconds 
========================================================================
Received Import Request.
  Time since last request: 0.000067 seconds.
  path: Assets/NatureManufacture Assets/Meadow Environment Dynamic Nature/Rocks/Rocks/Prefabs/prefab_Rock_05.prefab
  artifactKey: Guid(7d900f5d15875dd4290ab23375937555) Importer(815301076,1909f56bfc062723c751e8b465ee728b)
Start importing Assets/NatureManufacture Assets/Meadow Environment Dynamic Nature/Rocks/Rocks/Prefabs/prefab_Rock_05.prefab using Guid(7d900f5d15875dd4290ab23375937555) Importer(815301076,1909f56bfc062723c751e8b465ee728b)  -> (artifact id: '5e74481c6e9b7bdbab18a422d7383e99') in 0.075389 seconds 
========================================================================
Received Import Request.
  Time since last request: 0.003570 seconds.
  path: Assets/NatureManufacture Assets/Meadow Environment Dynamic Nature/Rocks/Rocks/Models/Rock_03.FBX
  artifactKey: Guid(4425cadd7cd32e6458403a90077923e4) Importer(815301076,1909f56bfc062723c751e8b465ee728b)
Start importing Assets/NatureManufacture Assets/Meadow Environment Dynamic Nature/Rocks/Rocks/Models/Rock_03.FBX using Guid(4425cadd7cd32e6458403a90077923e4) Importer(815301076,1909f56bfc062723c751e8b465ee728b)  -> (artifact id: 'd38724554162d9d5feb73a117e1008fb') in 0.173552 seconds 
========================================================================
Received Import Request.
  Time since last request: 0.000059 seconds.
  path: Assets/NatureManufacture Assets/Meadow Environment Dynamic Nature/Rocks/Rocks/Models/s_rock_06.FBX
  artifactKey: Guid(4796e10b980c5824a83d3ae98f360455) Importer(815301076,1909f56bfc062723c751e8b465ee728b)
Start importing Assets/NatureManufacture Assets/Meadow Environment Dynamic Nature/Rocks/Rocks/Models/s_rock_06.FBX using Guid(4796e10b980c5824a83d3ae98f360455) Importer(815301076,1909f56bfc062723c751e8b465ee728b)  -> (artifact id: '1a4f641249b8a207557901f1164d108e') in 0.122197 seconds 
========================================================================
Received Import Request.
  Time since last request: 0.000053 seconds.
  path: Assets/NatureManufacture Assets/Meadow Environment Dynamic Nature/Rocks/Rocks/Prefabs/prefab_s_rock_03.prefab
  artifactKey: Guid(7ec17d04f78c6cc4ebe74b50def1c98d) Importer(815301076,1909f56bfc062723c751e8b465ee728b)
Start importing Assets/NatureManufacture Assets/Meadow Environment Dynamic Nature/Rocks/Rocks/Prefabs/prefab_s_rock_03.prefab using Guid(7ec17d04f78c6cc4ebe74b50def1c98d) Importer(815301076,1909f56bfc062723c751e8b465ee728b)  -> (artifact id: '5728d685b44a91acc4a8d916c03f8613') in 0.083319 seconds 
========================================================================
Received Import Request.
  Time since last request: 0.000076 seconds.
  path: Assets/NatureManufacture Assets/Meadow Environment Dynamic Nature/Rocks/Rocks/Prefabs/prefab_Rock_04.prefab
  artifactKey: Guid(46062596d5452a5468e144c7156a6694) Importer(815301076,1909f56bfc062723c751e8b465ee728b)
Start importing Assets/NatureManufacture Assets/Meadow Environment Dynamic Nature/Rocks/Rocks/Prefabs/prefab_Rock_04.prefab using Guid(46062596d5452a5468e144c7156a6694) Importer(815301076,1909f56bfc062723c751e8b465ee728b)  -> (artifact id: '507c6ad90437bce4b081ffe53f151777') in 0.080741 seconds 
========================================================================
Received Import Request.
  Time since last request: 0.000043 seconds.
  path: Assets/NatureManufacture Assets/Meadow Environment Dynamic Nature/Rocks/Rocks/Prefabs/prefab_m_rock_03.prefab
  artifactKey: Guid(80b21438fa390444080d7965894dc7cd) Importer(815301076,1909f56bfc062723c751e8b465ee728b)
Start importing Assets/NatureManufacture Assets/Meadow Environment Dynamic Nature/Rocks/Rocks/Prefabs/prefab_m_rock_03.prefab using Guid(80b21438fa390444080d7965894dc7cd) Importer(815301076,1909f56bfc062723c751e8b465ee728b)  -> (artifact id: '509591e95b23191729030a4c0289a7da') in 0.090629 seconds 
========================================================================
Received Import Request.
  Time since last request: 0.000072 seconds.
  path: Assets/NatureManufacture Assets/Meadow Environment Dynamic Nature/Rocks/Rocks/Models/s_rock_01.FBX
  artifactKey: Guid(322c66e3e3e81c24bb52e111eabdc271) Importer(815301076,1909f56bfc062723c751e8b465ee728b)
Start importing Assets/NatureManufacture Assets/Meadow Environment Dynamic Nature/Rocks/Rocks/Models/s_rock_01.FBX using Guid(322c66e3e3e81c24bb52e111eabdc271) Importer(815301076,1909f56bfc062723c751e8b465ee728b)  -> (artifact id: '5cb5c3847ddd36bce7db1afa136c5a0f') in 0.180876 seconds 
========================================================================
Received Import Request.
  Time since last request: 0.000822 seconds.
  path: Assets/NatureManufacture Assets/Meadow Environment Dynamic Nature/Rocks/Rocks/Prefabs/prefab_s_rock_04.prefab
  artifactKey: Guid(a69b80b4b90e6314f9c82583268e0b11) Importer(815301076,1909f56bfc062723c751e8b465ee728b)
Start importing Assets/NatureManufacture Assets/Meadow Environment Dynamic Nature/Rocks/Rocks/Prefabs/prefab_s_rock_04.prefab using Guid(a69b80b4b90e6314f9c82583268e0b11) Importer(815301076,1909f56bfc062723c751e8b465ee728b)  -> (artifact id: '9e11a22daf17855cb3fff7f707a0eeec') in 0.073851 seconds 
========================================================================
Received Import Request.
  Time since last request: 0.000031 seconds.
  path: Assets/NatureManufacture Assets/Meadow Environment Dynamic Nature/Rocks/Rocks/Models/Rock_02.FBX
  artifactKey: Guid(d73abbeea643c504382367c695486c5a) Importer(815301076,1909f56bfc062723c751e8b465ee728b)
Start importing Assets/NatureManufacture Assets/Meadow Environment Dynamic Nature/Rocks/Rocks/Models/Rock_02.FBX using Guid(d73abbeea643c504382367c695486c5a) Importer(815301076,1909f56bfc062723c751e8b465ee728b)  -> (artifact id: 'a0893f3ba84847dd6758eb7235837371') in 0.167772 seconds 
========================================================================
Received Import Request.
  Time since last request: 0.000077 seconds.
  path: Assets/NatureManufacture Assets/Meadow Environment Dynamic Nature/Rocks/Rocks/Prefabs/prefab_s_rock_06.prefab
  artifactKey: Guid(afbb2b508d079274db9696dcb6658dd4) Importer(815301076,1909f56bfc062723c751e8b465ee728b)
Start importing Assets/NatureManufacture Assets/Meadow Environment Dynamic Nature/Rocks/Rocks/Prefabs/prefab_s_rock_06.prefab using Guid(afbb2b508d079274db9696dcb6658dd4) Importer(815301076,1909f56bfc062723c751e8b465ee728b)  -> (artifact id: '1e672899f0cf99da6c8202c744bca4a2') in 0.077537 seconds 
========================================================================
Received Import Request.
  Time since last request: 13.580255 seconds.
  path: Assets/NatureManufacture Assets/Meadow Environment Dynamic Nature/Rocks/Rocks/Prefabs Grass/prefab_Rock_05_grass.prefab
  artifactKey: Guid(03e166dbbd77cd04a8ab102ebdcd2d47) Importer(815301076,1909f56bfc062723c751e8b465ee728b)
Start importing Assets/NatureManufacture Assets/Meadow Environment Dynamic Nature/Rocks/Rocks/Prefabs Grass/prefab_Rock_05_grass.prefab using Guid(03e166dbbd77cd04a8ab102ebdcd2d47) Importer(815301076,1909f56bfc062723c751e8b465ee728b)  -> (artifact id: '8053bf0f6a77418b168dce74755445af') in 0.123274 seconds 
========================================================================
Received Import Request.
  Time since last request: 1.074301 seconds.
  path: Assets/NatureManufacture Assets/Meadow Environment Dynamic Nature/Rocks/Rocks/Prefabs Grass Top/prefab_Rock_01_cut_grass_top.prefab
  artifactKey: Guid(d3781b43d7b90284b9dabddca49c6bb9) Importer(815301076,1909f56bfc062723c751e8b465ee728b)
Start importing Assets/NatureManufacture Assets/Meadow Environment Dynamic Nature/Rocks/Rocks/Prefabs Grass Top/prefab_Rock_01_cut_grass_top.prefab using Guid(d3781b43d7b90284b9dabddca49c6bb9) Importer(815301076,1909f56bfc062723c751e8b465ee728b)  -> (artifact id: 'c83ef00411785b84d5dcf305ec23e36f') in 0.141132 seconds 
========================================================================
Received Import Request.
  Time since last request: 0.000055 seconds.
  path: Assets/NatureManufacture Assets/Meadow Environment Dynamic Nature/Rocks/Rocks/Prefabs Grass Top/prefab_Rock_03_cut_grass_top.prefab
  artifactKey: Guid(afa7b4dbbf4395b4a9bf5687be484eb5) Importer(815301076,1909f56bfc062723c751e8b465ee728b)
Start importing Assets/NatureManufacture Assets/Meadow Environment Dynamic Nature/Rocks/Rocks/Prefabs Grass Top/prefab_Rock_03_cut_grass_top.prefab using Guid(afa7b4dbbf4395b4a9bf5687be484eb5) Importer(815301076,1909f56bfc062723c751e8b465ee728b)  -> (artifact id: '2cd04fccc53a075cf05686a98a1a33f7') in 0.141165 seconds 
========================================================================
Received Import Request.
  Time since last request: 0.000073 seconds.
  path: Assets/NatureManufacture Assets/Meadow Environment Dynamic Nature/Rocks/Rocks/Prefabs Grass Top/prefab_Rock_02_grass_top.prefab
  artifactKey: Guid(863dfe438e8a7774e9c1a379f866205c) Importer(815301076,1909f56bfc062723c751e8b465ee728b)
Start importing Assets/NatureManufacture Assets/Meadow Environment Dynamic Nature/Rocks/Rocks/Prefabs Grass Top/prefab_Rock_02_grass_top.prefab using Guid(863dfe438e8a7774e9c1a379f866205c) Importer(815301076,1909f56bfc062723c751e8b465ee728b)  -> (artifact id: 'a45e7b7d9a538013741f9537febef947') in 0.150846 seconds 
========================================================================
Received Import Request.
  Time since last request: 0.000073 seconds.
  path: Assets/NatureManufacture Assets/Meadow Environment Dynamic Nature/Rocks/Rocks/Prefabs Grass Top/prefab_s_rock_05_grass_top.prefab
  artifactKey: Guid(d7e77f70e3d00c44990f8ea8613fdc65) Importer(815301076,1909f56bfc062723c751e8b465ee728b)
Start importing Assets/NatureManufacture Assets/Meadow Environment Dynamic Nature/Rocks/Rocks/Prefabs Grass Top/prefab_s_rock_05_grass_top.prefab using Guid(d7e77f70e3d00c44990f8ea8613fdc65) Importer(815301076,1909f56bfc062723c751e8b465ee728b)  -> (artifact id: 'ef4e259ca5a23999815760b5f1dd1af1') in 0.134163 seconds 
========================================================================
Received Import Request.
  Time since last request: 0.000052 seconds.
  path: Assets/NatureManufacture Assets/Meadow Environment Dynamic Nature/Rocks/Rocks/Prefabs Grass Top/prefab_s_rock_03_grass_top.prefab
  artifactKey: Guid(f2327dfaf934b42469f0c0b0626c782d) Importer(815301076,1909f56bfc062723c751e8b465ee728b)
Start importing Assets/NatureManufacture Assets/Meadow Environment Dynamic Nature/Rocks/Rocks/Prefabs Grass Top/prefab_s_rock_03_grass_top.prefab using Guid(f2327dfaf934b42469f0c0b0626c782d) Importer(815301076,1909f56bfc062723c751e8b465ee728b)  -> (artifact id: '0a5ef7e837a0313e78db8ba3647f6af1') in 0.138385 seconds 
========================================================================
Received Import Request.
  Time since last request: 222.803731 seconds.
  path: Assets/NatureManufacture Assets/Meadow Environment Dynamic Nature/Rocks/Rocks/Models/Materials/M_photoscanned_rocks_01_Grass.mat
  artifactKey: Guid(1f01b4dc0695cb94abcf921d97293ebd) Importer(815301076,1909f56bfc062723c751e8b465ee728b)
Start importing Assets/NatureManufacture Assets/Meadow Environment Dynamic Nature/Rocks/Rocks/Models/Materials/M_photoscanned_rocks_01_Grass.mat using Guid(1f01b4dc0695cb94abcf921d97293ebd) Importer(815301076,1909f56bfc062723c751e8b465ee728b)  -> (artifact id: '8487bfb3918cdc84232f905d38bfbc3c') in 0.132951 seconds 
========================================================================
Received Import Request.
  Time since last request: 0.000051 seconds.
  path: Assets/NatureManufacture Assets/Meadow Environment Dynamic Nature/Rocks/Rocks/Models/Materials/M_photoscanned_rocks_01_Leaves.mat
  artifactKey: Guid(be10d42ceeb938a448fd988c2be95a02) Importer(815301076,1909f56bfc062723c751e8b465ee728b)
Start importing Assets/NatureManufacture Assets/Meadow Environment Dynamic Nature/Rocks/Rocks/Models/Materials/M_photoscanned_rocks_01_Leaves.mat using Guid(be10d42ceeb938a448fd988c2be95a02) Importer(815301076,1909f56bfc062723c751e8b465ee728b)  -> (artifact id: '44080e1d598006675e72c9f2a41a79e1') in 0.095454 seconds 
========================================================================
Received Import Request.
  Time since last request: 0.745638 seconds.
  path: Assets/NatureManufacture Assets/Meadow Environment Dynamic Nature/Rocks/Rocks/Models/Textures/T_Photoscanned_rocks_01_N.tga
  artifactKey: Guid(cc2e8fee83f231d42944ed71e5ef8aeb) Importer(815301076,1909f56bfc062723c751e8b465ee728b)
Start importing Assets/NatureManufacture Assets/Meadow Environment Dynamic Nature/Rocks/Rocks/Models/Textures/T_Photoscanned_rocks_01_N.tga using Guid(cc2e8fee83f231d42944ed71e5ef8aeb) Importer(815301076,1909f56bfc062723c751e8b465ee728b)  -> (artifact id: '833728785a118a190cf59fcfd707afdd') in 0.052608 seconds 
Editor requested this worker to shutdown with reason: Scaling down because of idle timeout
AssetImportWorker is now disconnected from the server
Process exiting
Exiting without the bug reporter. Application will terminate with return code 0