Using pre-set license
Built from '2021.3/staging' branch; Version is '2021.3.4f1 (cb45f9cae8b7) revision 13321721'; Using compiler version '192829333'; Build Type 'Release'
OS: 'Windows 10  (10.0.19044) 64bit Core' Language: 'en' Physical Memory: 32509 MB
BatchMode: 1, IsHumanControllingUs: 0, StartBugReporterOnCrash: 0, Is64bit: 1, IsPro: 1

COMMAND LINE ARGUMENTS:
C:\Program Files\Unity\Hub\Editor\2021.3.4f1\Editor\Unity.exe
-adb2
-batchMode
-noUpm
-name
AssetImportWorker21
-projectPath
C:/Users/Carter/Documents/GitHub/AWalkInWinterland/A Walk In Winterland
-logFile
Logs/AssetImportWorker21.log
-srvPort
65214
Successfully changed project path to: C:/Users/Carter/Documents/GitHub/AWalkInWinterland/A Walk In Winterland
C:/Users/Carter/Documents/GitHub/AWalkInWinterland/A Walk In Winterland
[UnityMemory] Configuration Parameters - Can be set up in boot.config
    "memorysetup-bucket-allocator-granularity=16"
    "memorysetup-bucket-allocator-bucket-count=8"
    "memorysetup-bucket-allocator-block-size=33554432"
    "memorysetup-bucket-allocator-block-count=8"
    "memorysetup-main-allocator-block-size=16777216"
    "memorysetup-thread-allocator-block-size=16777216"
    "memorysetup-gfx-main-allocator-block-size=16777216"
    "memorysetup-gfx-thread-allocator-block-size=16777216"
    "memorysetup-cache-allocator-block-size=4194304"
    "memorysetup-typetree-allocator-block-size=2097152"
    "memorysetup-profiler-bucket-allocator-granularity=16"
    "memorysetup-profiler-bucket-allocator-bucket-count=8"
    "memorysetup-profiler-bucket-allocator-block-size=33554432"
    "memorysetup-profiler-bucket-allocator-block-count=8"
    "memorysetup-profiler-allocator-block-size=16777216"
    "memorysetup-profiler-editor-allocator-block-size=1048576"
    "memorysetup-temp-allocator-size-main=16777216"
    "memorysetup-job-temp-allocator-block-size=2097152"
    "memorysetup-job-temp-allocator-block-size-background=1048576"
    "memorysetup-job-temp-allocator-reduction-small-platforms=262144"
    "memorysetup-temp-allocator-size-background-worker=32768"
    "memorysetup-temp-allocator-size-job-worker=262144"
    "memorysetup-temp-allocator-size-preload-manager=33554432"
    "memorysetup-temp-allocator-size-nav-mesh-worker=65536"
    "memorysetup-temp-allocator-size-audio-worker=65536"
    "memorysetup-temp-allocator-size-cloud-worker=32768"
    "memorysetup-temp-allocator-size-gi-baking-worker=262144"
    "memorysetup-temp-allocator-size-gfx=262144"
Refreshing native plugins compatible for Editor in 179.95 ms, found 5 plugins.
Preloading 0 native plugins for Editor in 0.00 ms.
Initialize engine version: 2021.3.4f1 (cb45f9cae8b7)
[Subsystems] Discovering subsystems at path C:/Program Files/Unity/Hub/Editor/2021.3.4f1/Editor/Data/Resources/UnitySubsystems
[Subsystems] Discovering subsystems at path C:/Users/Carter/Documents/GitHub/AWalkInWinterland/A Walk In Winterland/Assets
GfxDevice: creating device client; threaded=0; jobified=0
Direct3D:
    Version:  Direct3D 11.0 [level 11.1]
    Renderer: NVIDIA GeForce RTX 3070 Ti (ID=0x2482)
    Vendor:   NVIDIA
    VRAM:     8041 MB
    Driver:   31.0.15.1748
Initialize mono
Mono path[0] = 'C:/Program Files/Unity/Hub/Editor/2021.3.4f1/Editor/Data/Managed'
Mono path[1] = 'C:/Program Files/Unity/Hub/Editor/2021.3.4f1/Editor/Data/MonoBleedingEdge/lib/mono/unityjit-win32'
Mono config path = 'C:/Program Files/Unity/Hub/Editor/2021.3.4f1/Editor/Data/MonoBleedingEdge/etc'
Using monoOptions --debugger-agent=transport=dt_socket,embedding=1,server=y,suspend=n,address=127.0.0.1:56352
Begin MonoManager ReloadAssembly
Registering precompiled unity dll's ...
Register platform support module: C:/Program Files/Unity/Hub/Editor/2021.3.4f1/Editor/Data/PlaybackEngines/WebGLSupport/UnityEditor.WebGL.Extensions.dll
Register platform support module: C:/Program Files/Unity/Hub/Editor/2021.3.4f1/Editor/Data/PlaybackEngines/AndroidPlayer/UnityEditor.Android.Extensions.dll
Register platform support module: C:/Program Files/Unity/Hub/Editor/2021.3.4f1/Editor/Data/PlaybackEngines/iOSSupport/UnityEditor.iOS.Extensions.dll
Register platform support module: C:/Program Files/Unity/Hub/Editor/2021.3.4f1/Editor/Data/PlaybackEngines/WindowsStandaloneSupport/UnityEditor.WindowsStandalone.Extensions.dll
Registered in 0.011064 seconds.
Native extension for WindowsStandalone target not found
[usbmuxd] Start listen thread
[usbmuxd] Listen thread started
[usbmuxd] Send listen message
Native extension for iOS target not found
Native extension for Android target not found
Native extension for WebGL target not found
Refreshing native plugins compatible for Editor in 137.14 ms, found 5 plugins.
Preloading 0 native plugins for Editor in 0.00 ms.
Mono: successfully reloaded assembly
- Completed reload, in  0.751 seconds
Domain Reload Profiling:
	ReloadAssembly (752ms)
		BeginReloadAssembly (73ms)
			ExecutionOrderSort (0ms)
			DisableScriptedObjects (0ms)
			BackupInstance (0ms)
			ReleaseScriptingObjects (0ms)
			CreateAndSetChildDomain (0ms)
		EndReloadAssembly (558ms)
			LoadAssemblies (73ms)
			RebuildTransferFunctionScriptingTraits (0ms)
			SetupTypeCache (111ms)
			ReleaseScriptCaches (0ms)
			RebuildScriptCaches (26ms)
			SetupLoadedEditorAssemblies (361ms)
				LogAssemblyErrors (0ms)
				InitializePlatformSupportModulesInManaged (73ms)
				SetLoadedEditorAssemblies (0ms)
				RefreshPlugins (137ms)
				BeforeProcessingInitializeOnLoad (1ms)
				ProcessInitializeOnLoadAttributes (101ms)
				ProcessInitializeOnLoadMethodAttributes (48ms)
				AfterProcessingInitializeOnLoad (0ms)
				EditorAssembliesLoaded (0ms)
			ExecutionOrderSort2 (0ms)
			AwakeInstancesAfterBackupRestoration (0ms)
Platform modules already initialized, skipping
Registering precompiled user dll's ...
Registered in 0.010097 seconds.
Begin MonoManager ReloadAssembly
Symbol file LoadedFromMemory doesn't match image C:\Users\Carter\Documents\GitHub\AWalkInWinterland\A Walk In Winterland\Library\PackageCache\com.unity.visualscripting@1.7.8\Editor\VisualScripting.Core\Dependencies\DotNetZip\Unity.VisualScripting.IonicZip.dll
Symbol file LoadedFromMemory doesn't match image C:\Users\Carter\Documents\GitHub\AWalkInWinterland\A Walk In Winterland\Library\PackageCache\com.unity.visualscripting@1.7.8\Editor\VisualScripting.Core\Dependencies\YamlDotNet\Unity.VisualScripting.YamlDotNet.dll
Native extension for WindowsStandalone target not found
Native extension for iOS target not found
Native extension for Android target not found
Native extension for WebGL target not found
Refreshing native plugins compatible for Editor in 136.86 ms, found 5 plugins.
Preloading 0 native plugins for Editor in 0.00 ms.
Mono: successfully reloaded assembly
- Completed reload, in  1.619 seconds
Domain Reload Profiling:
	ReloadAssembly (1620ms)
		BeginReloadAssembly (239ms)
			ExecutionOrderSort (0ms)
			DisableScriptedObjects (6ms)
			BackupInstance (0ms)
			ReleaseScriptingObjects (0ms)
			CreateAndSetChildDomain (138ms)
		EndReloadAssembly (1252ms)
			LoadAssemblies (101ms)
			RebuildTransferFunctionScriptingTraits (0ms)
			SetupTypeCache (280ms)
			ReleaseScriptCaches (1ms)
			RebuildScriptCaches (75ms)
			SetupLoadedEditorAssemblies (753ms)
				LogAssemblyErrors (0ms)
				InitializePlatformSupportModulesInManaged (25ms)
				SetLoadedEditorAssemblies (0ms)
				RefreshPlugins (137ms)
				BeforeProcessingInitializeOnLoad (138ms)
				ProcessInitializeOnLoadAttributes (354ms)
				ProcessInitializeOnLoadMethodAttributes (91ms)
				AfterProcessingInitializeOnLoad (8ms)
				EditorAssembliesLoaded (0ms)
			ExecutionOrderSort2 (0ms)
			AwakeInstancesAfterBackupRestoration (5ms)
Platform modules already initialized, skipping
========================================================================
Worker process is ready to serve import requests
Launched and connected shader compiler UnityShaderCompiler.exe after 0.03 seconds
Refreshing native plugins compatible for Editor in 1.29 ms, found 5 plugins.
Preloading 0 native plugins for Editor in 0.00 ms.
Unloading 5728 Unused Serialized files (Serialized files now loaded: 0)
Unloading 102 unused Assets / (419.7 KB). Loaded Objects now: 6137.
Memory consumption went from 228.6 MB to 228.2 MB.
Total: 4.078700 ms (FindLiveObjects: 0.719500 ms CreateObjectMapping: 0.208900 ms MarkObjects: 2.950400 ms  DeleteObjects: 0.198600 ms)

AssetImportParameters requested are different than current active one (requested -> active):
  custom:video-decoder-ogg-theora: a1e56fd34408186e4bbccfd4996cb3dc -> 
  custom:container-muxer-webm: aa71ff27fc2769a1b78a27578f13a17b -> 
  custom:container-demuxer-webm: 4f35f7cbe854078d1ac9338744f61a02 -> 
  custom:video-encoder-webm-vp8: eb34c28f22e8b96e1ab97ce403110664 -> 
  custom:audio-encoder-webm-vorbis: bf7c407c2cedff20999df2af8eb42d56 -> 
  custom:framework-win-MediaFoundation: 216162199b28c13a410421893ffa2e32 -> 
  custom:container-demuxer-ogg: 62fdf1f143b41e24485cea50d1cbac27 -> 
  custom:video-decoder-webm-vp8: 9c59270c3fd7afecdb556c50c9e8de78 -> 
  custom:audio-decoder-ogg-vorbis: bf7c407c2cedff20999df2af8eb42d56 -> 
========================================================================
Received Import Request.
  Time since last request: 3226265.756711 seconds.
  path: Assets/Models/SnowmanBlend/SnowmanBase.blend
  artifactKey: Guid(8ffdfbb28a9c07640aef296da31e052b) Importer(815301076,1909f56bfc062723c751e8b465ee728b)
Start importing Assets/Models/SnowmanBlend/SnowmanBase.blend using Guid(8ffdfbb28a9c07640aef296da31e052b) Importer(815301076,1909f56bfc062723c751e8b465ee728b)  -> (artifact id: 'c68fd199aac32d97391ee08b2440fdec') in 0.406797 seconds 
========================================================================
Received Import Request.
  Time since last request: 25.523533 seconds.
  path: Assets/Models/SnowmanBlend/SnowmanBase.blend
  artifactKey: Guid(8ffdfbb28a9c07640aef296da31e052b) Importer(815301076,1909f56bfc062723c751e8b465ee728b)
Start importing Assets/Models/SnowmanBlend/SnowmanBase.blend using Guid(8ffdfbb28a9c07640aef296da31e052b) Importer(815301076,1909f56bfc062723c751e8b465ee728b)  -> (artifact id: '4e1fab1a8005e24e485af96c80a5117c') in 0.084879 seconds 
========================================================================
Received Import Request.
  Time since last request: 44.103420 seconds.
  path: Assets/Resources/Prefabs/SnowmanPrefabs/BasicSnowman.prefab
  artifactKey: Guid(43d887eb10fdbd14f941c16b1b4389a5) Importer(815301076,1909f56bfc062723c751e8b465ee728b)
Start importing Assets/Resources/Prefabs/SnowmanPrefabs/BasicSnowman.prefab using Guid(43d887eb10fdbd14f941c16b1b4389a5) Importer(815301076,1909f56bfc062723c751e8b465ee728b)  -> (artifact id: 'cdc7817b0a12f93ed282a7379e629cee') in 0.046372 seconds 
========================================================================
Received Import Request.
  Time since last request: 38.810065 seconds.
  path: Assets/Resources/Prefabs/SnowmanPrefabs/BasicSnowman.prefab
  artifactKey: Guid(43d887eb10fdbd14f941c16b1b4389a5) Importer(815301076,1909f56bfc062723c751e8b465ee728b)
Start importing Assets/Resources/Prefabs/SnowmanPrefabs/BasicSnowman.prefab using Guid(43d887eb10fdbd14f941c16b1b4389a5) Importer(815301076,1909f56bfc062723c751e8b465ee728b)  -> (artifact id: 'e069d28379f1529311f45589be9d8051') in 0.023633 seconds 
========================================================================
Received Import Request.
  Time since last request: 17.512307 seconds.
  path: Assets/Models/SnowmanBlend/SnowmanBase.blend
  artifactKey: Guid(8ffdfbb28a9c07640aef296da31e052b) Importer(815301076,1909f56bfc062723c751e8b465ee728b)
Start importing Assets/Models/SnowmanBlend/SnowmanBase.blend using Guid(8ffdfbb28a9c07640aef296da31e052b) Importer(815301076,1909f56bfc062723c751e8b465ee728b)  -> (artifact id: '9ff2dbb60350eb5bb7f417fd0bba3238') in 0.096686 seconds 
========================================================================
Received Import Request.
  Time since last request: 498.155534 seconds.
  path: Assets/Models/SnowmanBlend/SnowmanBase.blend1
  artifactKey: Guid(07662e0a07fbaee429fc2924824312e6) Importer(815301076,1909f56bfc062723c751e8b465ee728b)
Start importing Assets/Models/SnowmanBlend/SnowmanBase.blend1 using Guid(07662e0a07fbaee429fc2924824312e6) Importer(815301076,1909f56bfc062723c751e8b465ee728b)  -> (artifact id: '57395a1e927446db118d35e0b4621f31') in 0.004384 seconds 
========================================================================
Received Import Request.
  Time since last request: 10.951565 seconds.
  path: Assets/Resources/Prefabs/SnowmanPrefabs/BasicSnowman.prefab
  artifactKey: Guid(43d887eb10fdbd14f941c16b1b4389a5) Importer(815301076,1909f56bfc062723c751e8b465ee728b)
Start importing Assets/Resources/Prefabs/SnowmanPrefabs/BasicSnowman.prefab using Guid(43d887eb10fdbd14f941c16b1b4389a5) Importer(815301076,1909f56bfc062723c751e8b465ee728b)  -> (artifact id: '27d2e0c23ac74789df1d2d4441f14002') in 0.011782 seconds 
========================================================================
Received Import Request.
  Time since last request: 20.635822 seconds.
  path: Assets/Models/SnowmanBase 1.obj
  artifactKey: Guid(90c4bfef84805ce4eb150235f47cd3e0) Importer(815301076,1909f56bfc062723c751e8b465ee728b)
Start importing Assets/Models/SnowmanBase 1.obj using Guid(90c4bfef84805ce4eb150235f47cd3e0) Importer(815301076,1909f56bfc062723c751e8b465ee728b)  -> (artifact id: '90d522a94bd63d0ab22e4673d812c54e') in 0.039367 seconds 
========================================================================
Received Import Request.
  Time since last request: 75.276070 seconds.
  path: Assets/Snowmen
  artifactKey: Guid(8f4c8cc5e01e22a42b887e215e053e9b) Importer(815301076,1909f56bfc062723c751e8b465ee728b)
Start importing Assets/Snowmen using Guid(8f4c8cc5e01e22a42b887e215e053e9b) Importer(815301076,1909f56bfc062723c751e8b465ee728b)  -> (artifact id: 'c65bfd8955f861c873c0729aad346ebe') in 0.007519 seconds 
========================================================================
Received Import Request.
  Time since last request: 13.940057 seconds.
  path: Assets/Snowmen/SnowmanBlend/BaseSnowman.mat
  artifactKey: Guid(c3125dffebb6002498d8226d81f5efdd) Importer(815301076,1909f56bfc062723c751e8b465ee728b)
Start importing Assets/Snowmen/SnowmanBlend/BaseSnowman.mat using Guid(c3125dffebb6002498d8226d81f5efdd) Importer(815301076,1909f56bfc062723c751e8b465ee728b)  -> (artifact id: 'd913c58fa7a686993bf7a31995f713e1') in 0.018042 seconds 
========================================================================
Received Import Request.
  Time since last request: 11.529630 seconds.
  path: Assets/Snowmen/SnowmanBlend/BaseSnowman.mat
  artifactKey: Guid(c3125dffebb6002498d8226d81f5efdd) Importer(815301076,1909f56bfc062723c751e8b465ee728b)
Start importing Assets/Snowmen/SnowmanBlend/BaseSnowman.mat using Guid(c3125dffebb6002498d8226d81f5efdd) Importer(815301076,1909f56bfc062723c751e8b465ee728b)  -> (artifact id: 'ea70d2b070005933872463e8a6ab5bf6') in 0.016964 seconds 
========================================================================
Received Import Request.
  Time since last request: 21.655017 seconds.
  path: Assets/Snowmen/SnowmanBlend/BaseSnowman.mat
  artifactKey: Guid(c3125dffebb6002498d8226d81f5efdd) Importer(815301076,1909f56bfc062723c751e8b465ee728b)
Start importing Assets/Snowmen/SnowmanBlend/BaseSnowman.mat using Guid(c3125dffebb6002498d8226d81f5efdd) Importer(815301076,1909f56bfc062723c751e8b465ee728b)  -> (artifact id: 'b5d6f26d308d6ffe79b4305d5eb7770a') in 1.220047 seconds 
========================================================================
Received Import Request.
  Time since last request: 10.133188 seconds.
  path: Assets/Snowmen/SnowmanBlend/BaseSnowman.mat
  artifactKey: Guid(c3125dffebb6002498d8226d81f5efdd) Importer(815301076,1909f56bfc062723c751e8b465ee728b)
Start importing Assets/Snowmen/SnowmanBlend/BaseSnowman.mat using Guid(c3125dffebb6002498d8226d81f5efdd) Importer(815301076,1909f56bfc062723c751e8b465ee728b)  -> (artifact id: 'fdba8cd67c7bc007bd1a95e3848b4bff') in 0.018567 seconds 
========================================================================
Received Import Request.
  Time since last request: 33.884745 seconds.
  path: Assets/Snowmen/SnowmanBlend/BaseSnowman 1.mat
  artifactKey: Guid(1974039accef2de468240a699d01519d) Importer(815301076,1909f56bfc062723c751e8b465ee728b)
Start importing Assets/Snowmen/SnowmanBlend/BaseSnowman 1.mat using Guid(1974039accef2de468240a699d01519d) Importer(815301076,1909f56bfc062723c751e8b465ee728b)  -> (artifact id: '76c27bcf739f190ba333de706543bb9e') in 0.021834 seconds 
========================================================================
Received Import Request.
  Time since last request: 6.143767 seconds.
  path: Assets/Snowmen/SnowmanBlend/NullSnowman.mat
  artifactKey: Guid(1974039accef2de468240a699d01519d) Importer(815301076,1909f56bfc062723c751e8b465ee728b)
Start importing Assets/Snowmen/SnowmanBlend/NullSnowman.mat using Guid(1974039accef2de468240a699d01519d) Importer(815301076,1909f56bfc062723c751e8b465ee728b)  -> (artifact id: 'd3519bbe7a061e0cb93471ebb9226730') in 0.018192 seconds 
========================================================================
Received Import Request.
  Time since last request: 1.766163 seconds.
  path: Packages/com.unity.textmeshpro/Editor Resources/Textures/SectionHeader_Dark.psd
  artifactKey: Guid(fb5730e24283d0c489e5c7d0bee023d9) Importer(815301076,1909f56bfc062723c751e8b465ee728b)
Start importing Packages/com.unity.textmeshpro/Editor Resources/Textures/SectionHeader_Dark.psd using Guid(fb5730e24283d0c489e5c7d0bee023d9) Importer(815301076,1909f56bfc062723c751e8b465ee728b)  -> (artifact id: '3c087faa10639b146e21b0d3d35f5dca') in 0.059490 seconds 
========================================================================
Received Import Request.
  Time since last request: 0.000063 seconds.
  path: Assets/BruteForce/Textures/Snow/Snow03.png
  artifactKey: Guid(f5f644a1c96c02148a13a96b65b4f1a2) Importer(815301076,1909f56bfc062723c751e8b465ee728b)
Start importing Assets/BruteForce/Textures/Snow/Snow03.png using Guid(f5f644a1c96c02148a13a96b65b4f1a2) Importer(815301076,1909f56bfc062723c751e8b465ee728b)  -> (artifact id: '627429ac5c06a0a5fc5be5eab4cff31f') in 0.033190 seconds 
========================================================================
Received Import Request.
  Time since last request: 0.000033 seconds.
  path: Assets/Plugins/FMOD/images/SnapshotIcon.png
  artifactKey: Guid(cf2bba5fb8be7e64ca39979f18eb372a) Importer(815301076,1909f56bfc062723c751e8b465ee728b)
Start importing Assets/Plugins/FMOD/images/SnapshotIcon.png using Guid(cf2bba5fb8be7e64ca39979f18eb372a) Importer(815301076,1909f56bfc062723c751e8b465ee728b)  -> (artifact id: '6d3962f5ea39b1571898994dd1d930a7') in 0.029118 seconds 
========================================================================
Received Import Request.
  Time since last request: 0.000041 seconds.
  path: Assets/BruteForce/Textures/Snow/Snow05.png
  artifactKey: Guid(61e80c9f17a46d840bfe3797359ad88e) Importer(815301076,1909f56bfc062723c751e8b465ee728b)
Start importing Assets/BruteForce/Textures/Snow/Snow05.png using Guid(61e80c9f17a46d840bfe3797359ad88e) Importer(815301076,1909f56bfc062723c751e8b465ee728b)  -> (artifact id: '21d22ed91a0d377bea5fd1e4331e71c8') in 0.039792 seconds 
========================================================================
Received Import Request.
  Time since last request: 0.000029 seconds.
  path: Assets/Plugins/FMOD/images/SelectedAlt.png
  artifactKey: Guid(8ce9b717b1bc7564cbe35664f2f178a7) Importer(815301076,1909f56bfc062723c751e8b465ee728b)
Start importing Assets/Plugins/FMOD/images/SelectedAlt.png using Guid(8ce9b717b1bc7564cbe35664f2f178a7) Importer(815301076,1909f56bfc062723c751e8b465ee728b)  -> (artifact id: 'caedc9eb1b9d2dca4c26b5dcb8e377a0') in 0.026481 seconds 
========================================================================
Received Import Request.
  Time since last request: 0.000061 seconds.
  path: Assets/BruteForce/Textures/Snow/SnowSpec01.png
  artifactKey: Guid(08b9a6243a9c3d44593ddabdc8fa426f) Importer(815301076,1909f56bfc062723c751e8b465ee728b)
Start importing Assets/BruteForce/Textures/Snow/SnowSpec01.png using Guid(08b9a6243a9c3d44593ddabdc8fa426f) Importer(815301076,1909f56bfc062723c751e8b465ee728b)  -> (artifact id: 'ca1ee996911b0c89b16951dcb84d7e9f') in 0.018408 seconds 
========================================================================
Received Import Request.
  Time since last request: 0.000084 seconds.
  path: Assets/BruteForce/Terrain/URP/SnowTerrainURP.asset
  artifactKey: Guid(50162458eb470a14aa2a16dce9bd44fd) Importer(815301076,1909f56bfc062723c751e8b465ee728b)
Start importing Assets/BruteForce/Terrain/URP/SnowTerrainURP.asset using Guid(50162458eb470a14aa2a16dce9bd44fd) Importer(815301076,1909f56bfc062723c751e8b465ee728b)  -> (artifact id: 'a02667ef78fdd078c0963d7cbafcf075') in 0.063109 seconds 
========================================================================
Received Import Request.
  Time since last request: 0.000028 seconds.
  path: Assets/BruteForce/Textures/Snow/SnowSpec02.png
  artifactKey: Guid(6a51ebfbc2b971d4d9e061086a1f795b) Importer(815301076,1909f56bfc062723c751e8b465ee728b)
Start importing Assets/BruteForce/Textures/Snow/SnowSpec02.png using Guid(6a51ebfbc2b971d4d9e061086a1f795b) Importer(815301076,1909f56bfc062723c751e8b465ee728b)  -> (artifact id: 'ac14c2d7be0e98dac66a8082bf5868ad') in 0.036517 seconds 
========================================================================
Received Import Request.
  Time since last request: 2.244951 seconds.
  path: Assets/Snowmen/SnowmanBlend/NullSnowman.mat
  artifactKey: Guid(1974039accef2de468240a699d01519d) Importer(815301076,1909f56bfc062723c751e8b465ee728b)
Start importing Assets/Snowmen/SnowmanBlend/NullSnowman.mat using Guid(1974039accef2de468240a699d01519d) Importer(815301076,1909f56bfc062723c751e8b465ee728b)  -> (artifact id: 'c35a1698d62e6cbb9519014bdd0a6845') in 0.029521 seconds 
========================================================================
Received Import Request.
  Time since last request: 4.433172 seconds.
  path: Assets/Plugins/FMOD/images/SearchIconBlack.png
  artifactKey: Guid(99471facfde9fb84dbe4a81ad570ebce) Importer(815301076,1909f56bfc062723c751e8b465ee728b)
Start importing Assets/Plugins/FMOD/images/SearchIconBlack.png using Guid(99471facfde9fb84dbe4a81ad570ebce) Importer(815301076,1909f56bfc062723c751e8b465ee728b)  -> (artifact id: '116e118fbd1d0302c475a21203500a74') in 0.027343 seconds 
========================================================================
Received Import Request.
  Time since last request: 0.000083 seconds.
  path: Assets/BruteForce/Extra/Sprites/RMClick.png
  artifactKey: Guid(cf46862572e88a348927d8ac11fa7d54) Importer(815301076,1909f56bfc062723c751e8b465ee728b)
Start importing Assets/BruteForce/Extra/Sprites/RMClick.png using Guid(cf46862572e88a348927d8ac11fa7d54) Importer(815301076,1909f56bfc062723c751e8b465ee728b)  -> (artifact id: 'c8a2308e252ef0d2260513819941de3e') in 0.064105 seconds 
========================================================================
Received Import Request.
  Time since last request: 0.000036 seconds.
  path: Packages/com.unity.collab-proxy/Editor/PlasticSCM/Assets/Images/refresh@2x.png
  artifactKey: Guid(59571f82a0dc1a14da606dc0df6f8ea7) Importer(815301076,1909f56bfc062723c751e8b465ee728b)
Start importing Packages/com.unity.collab-proxy/Editor/PlasticSCM/Assets/Images/refresh@2x.png using Guid(59571f82a0dc1a14da606dc0df6f8ea7) Importer(815301076,1909f56bfc062723c751e8b465ee728b)  -> (artifact id: 'c766fca95ff81d8a61eb011f38bd3fe3') in 0.029371 seconds 
========================================================================
Received Import Request.
  Time since last request: 0.000047 seconds.
  path: Packages/com.unity.inputsystem/InputSystem/Editor/AssetEditor/Resources/personal/propertiesBackground.png
  artifactKey: Guid(aa4c2360f910d46f497f75b4b6677358) Importer(815301076,1909f56bfc062723c751e8b465ee728b)
Start importing Packages/com.unity.inputsystem/InputSystem/Editor/AssetEditor/Resources/personal/propertiesBackground.png using Guid(aa4c2360f910d46f497f75b4b6677358) Importer(815301076,1909f56bfc062723c751e8b465ee728b)  -> (artifact id: '09cb0cb389dd2bcd36aef7536585a0d7') in 0.031703 seconds 
========================================================================
Received Import Request.
  Time since last request: 0.000043 seconds.
  path: Packages/com.unity.collab-proxy/Editor/PlasticSCM/Assets/Images/secondarytabclosehover.png
  artifactKey: Guid(8fac55fff4ce5fa40a7b2efefc0e617a) Importer(815301076,1909f56bfc062723c751e8b465ee728b)
Start importing Packages/com.unity.collab-proxy/Editor/PlasticSCM/Assets/Images/secondarytabclosehover.png using Guid(8fac55fff4ce5fa40a7b2efefc0e617a) Importer(815301076,1909f56bfc062723c751e8b465ee728b)  -> (artifact id: 'f1206976c11c17a0daa2c044d418c68e') in 0.036120 seconds 
========================================================================
Received Import Request.
  Time since last request: 0.326494 seconds.
  path: Packages/com.unity.collab-proxy/Editor/PlasticSCM/Assets/Images/step1.png
  artifactKey: Guid(9ce84ff0fdeb13d4a83f077d075dd9a5) Importer(815301076,1909f56bfc062723c751e8b465ee728b)
Start importing Packages/com.unity.collab-proxy/Editor/PlasticSCM/Assets/Images/step1.png using Guid(9ce84ff0fdeb13d4a83f077d075dd9a5) Importer(815301076,1909f56bfc062723c751e8b465ee728b)  -> (artifact id: '9a11cf183e4fc4d3354f611c1ab92077') in 0.036074 seconds 
========================================================================
Received Import Request.
  Time since last request: 0.000028 seconds.
  path: Packages/com.unity.collab-proxy/Editor/PlasticSCM/Assets/Images/step3@2x.png
  artifactKey: Guid(36e6970b84831434a9eac79abd03700b) Importer(815301076,1909f56bfc062723c751e8b465ee728b)
Start importing Packages/com.unity.collab-proxy/Editor/PlasticSCM/Assets/Images/step3@2x.png using Guid(36e6970b84831434a9eac79abd03700b) Importer(815301076,1909f56bfc062723c751e8b465ee728b)  -> (artifact id: 'a923ab2b3dc936d609a30ea53ff04cd9') in 0.048236 seconds 
========================================================================
Received Import Request.
  Time since last request: 0.000046 seconds.
  path: Packages/com.unity.collab-proxy/Editor/PlasticSCM/Assets/Images/step2.png
  artifactKey: Guid(cd0b17b71a5c498428ee91dee8a78a88) Importer(815301076,1909f56bfc062723c751e8b465ee728b)
Start importing Packages/com.unity.collab-proxy/Editor/PlasticSCM/Assets/Images/step2.png using Guid(cd0b17b71a5c498428ee91dee8a78a88) Importer(815301076,1909f56bfc062723c751e8b465ee728b)  -> (artifact id: 'e17bc73ff609172086e9949527200f96') in 0.041140 seconds 
========================================================================
Received Import Request.
  Time since last request: 0.000057 seconds.
  path: Packages/com.unity.collab-proxy/Editor/PlasticSCM/Assets/Images/step2@2x.png
  artifactKey: Guid(0029170d14ce6c04c9f45c22cdae5559) Importer(815301076,1909f56bfc062723c751e8b465ee728b)
Start importing Packages/com.unity.collab-proxy/Editor/PlasticSCM/Assets/Images/step2@2x.png using Guid(0029170d14ce6c04c9f45c22cdae5559) Importer(815301076,1909f56bfc062723c751e8b465ee728b)  -> (artifact id: 'a18cfef9aab04b81301ecb66cc20d2f6') in 0.054445 seconds 
========================================================================
Received Import Request.
  Time since last request: 118.826584 seconds.
  path: Packages/com.unity.inputsystem/InputSystem/Editor/AssetEditor/Resources/pro/actionTreeBackground.png
  artifactKey: Guid(c4b66e31395c54087a2fbc13ae7e0f3c) Importer(815301076,1909f56bfc062723c751e8b465ee728b)
Start importing Packages/com.unity.inputsystem/InputSystem/Editor/AssetEditor/Resources/pro/actionTreeBackground.png using Guid(c4b66e31395c54087a2fbc13ae7e0f3c) Importer(815301076,1909f56bfc062723c751e8b465ee728b)  -> (artifact id: 'c9eb6635aa40df2023df5f32af891692') in 0.040721 seconds 
========================================================================
Received Import Request.
  Time since last request: 0.000030 seconds.
  path: Packages/com.unity.inputsystem/InputSystem/Editor/Icons/Add Binding.png
  artifactKey: Guid(958a10dec4f3a4764bb345b0aa03510b) Importer(815301076,1909f56bfc062723c751e8b465ee728b)
Start importing Packages/com.unity.inputsystem/InputSystem/Editor/Icons/Add Binding.png using Guid(958a10dec4f3a4764bb345b0aa03510b) Importer(815301076,1909f56bfc062723c751e8b465ee728b)  -> (artifact id: '10457037f587be0e48a3233b66b53115') in 0.033058 seconds 
========================================================================
Received Import Request.
  Time since last request: 0.000049 seconds.
  path: Packages/com.unity.inputsystem/InputSystem/Editor/Icons/Add Binding@2x.png
  artifactKey: Guid(bb5fa99d6e9434c9ebf101c956021ee1) Importer(815301076,1909f56bfc062723c751e8b465ee728b)
Start importing Packages/com.unity.inputsystem/InputSystem/Editor/Icons/Add Binding@2x.png using Guid(bb5fa99d6e9434c9ebf101c956021ee1) Importer(815301076,1909f56bfc062723c751e8b465ee728b)  -> (artifact id: 'ae2f2e494397bc99620f5eaa29f97429') in 0.042731 seconds 
========================================================================
Received Import Request.
  Time since last request: 0.000552 seconds.
  path: Packages/com.unity.inputsystem/InputSystem/Editor/Icons/Axis.png
  artifactKey: Guid(7e853779c8fed4ebf917a0de21c79602) Importer(815301076,1909f56bfc062723c751e8b465ee728b)
Start importing Packages/com.unity.inputsystem/InputSystem/Editor/Icons/Axis.png using Guid(7e853779c8fed4ebf917a0de21c79602) Importer(815301076,1909f56bfc062723c751e8b465ee728b)  -> (artifact id: '0f4cf463c749498e61bcb41de2fa6a8e') in 0.036748 seconds 
========================================================================
Received Import Request.
  Time since last request: 0.000028 seconds.
  path: Packages/com.unity.inputsystem/InputSystem/Editor/AssetEditor/Resources/personal/actionTreeBackgroundWithoutBorder.png
  artifactKey: Guid(cf632ed80bf1f46c980de6b1b8b903ef) Importer(815301076,1909f56bfc062723c751e8b465ee728b)
Start importing Packages/com.unity.inputsystem/InputSystem/Editor/AssetEditor/Resources/personal/actionTreeBackgroundWithoutBorder.png using Guid(cf632ed80bf1f46c980de6b1b8b903ef) Importer(815301076,1909f56bfc062723c751e8b465ee728b)  -> (artifact id: '07486d922cb38b1cf781ab767d2d04f4') in 0.028467 seconds 
========================================================================
Received Import Request.
  Time since last request: 0.000039 seconds.
  path: Packages/com.unity.inputsystem/InputSystem/Editor/AssetEditor/Resources/pro/actionTreeBackgroundWithoutBorder.png
  artifactKey: Guid(943deaaee9c9347e0a455aa208526c42) Importer(815301076,1909f56bfc062723c751e8b465ee728b)
Start importing Packages/com.unity.inputsystem/InputSystem/Editor/AssetEditor/Resources/pro/actionTreeBackgroundWithoutBorder.png using Guid(943deaaee9c9347e0a455aa208526c42) Importer(815301076,1909f56bfc062723c751e8b465ee728b)  -> (artifact id: '324fcb5253d28579e3ce4eb55dea956e') in 0.034832 seconds 
========================================================================
Received Import Request.
  Time since last request: 0.000031 seconds.
  path: Packages/com.unity.inputsystem/InputSystem/Editor/Icons/Axis@2x.png
  artifactKey: Guid(d0006d51a864248adba0238883f8c71e) Importer(815301076,1909f56bfc062723c751e8b465ee728b)
Start importing Packages/com.unity.inputsystem/InputSystem/Editor/Icons/Axis@2x.png using Guid(d0006d51a864248adba0238883f8c71e) Importer(815301076,1909f56bfc062723c751e8b465ee728b)  -> (artifact id: '6febca2304a406c13b705a0d0c0d75b8') in 0.024983 seconds 
Editor requested this worker to shutdown with reason: Scaling down because of idle timeout
AssetImportWorker is now disconnected from the server
Process exiting
Exiting without the bug reporter. Application will terminate with return code 0