Using pre-set license
Built from '2021.3/staging' branch; Version is '2021.3.4f1 (cb45f9cae8b7) revision 13321721'; Using compiler version '192829333'; Build Type 'Release'
OS: 'Windows 10  (10.0.19045) 64bit Core' Language: 'en' Physical Memory: 32509 MB
BatchMode: 1, IsHumanControllingUs: 0, StartBugReporterOnCrash: 0, Is64bit: 1, IsPro: 1

COMMAND LINE ARGUMENTS:
C:\Program Files\Unity\Hub\Editor\2021.3.4f1\Editor\Unity.exe
-adb2
-batchMode
-noUpm
-name
AssetImportWorker21
-projectPath
C:/Users/Carter/Documents/GitHub/AWalkInWinterland/A Walk In Winterland
-logFile
Logs/AssetImportWorker21.log
-srvPort
61243
Successfully changed project path to: C:/Users/Carter/Documents/GitHub/AWalkInWinterland/A Walk In Winterland
C:/Users/Carter/Documents/GitHub/AWalkInWinterland/A Walk In Winterland
[UnityMemory] Configuration Parameters - Can be set up in boot.config
    "memorysetup-bucket-allocator-granularity=16"
    "memorysetup-bucket-allocator-bucket-count=8"
    "memorysetup-bucket-allocator-block-size=33554432"
    "memorysetup-bucket-allocator-block-count=8"
    "memorysetup-main-allocator-block-size=16777216"
    "memorysetup-thread-allocator-block-size=16777216"
    "memorysetup-gfx-main-allocator-block-size=16777216"
    "memorysetup-gfx-thread-allocator-block-size=16777216"
    "memorysetup-cache-allocator-block-size=4194304"
    "memorysetup-typetree-allocator-block-size=2097152"
    "memorysetup-profiler-bucket-allocator-granularity=16"
    "memorysetup-profiler-bucket-allocator-bucket-count=8"
    "memorysetup-profiler-bucket-allocator-block-size=33554432"
    "memorysetup-profiler-bucket-allocator-block-count=8"
    "memorysetup-profiler-allocator-block-size=16777216"
    "memorysetup-profiler-editor-allocator-block-size=1048576"
    "memorysetup-temp-allocator-size-main=16777216"
    "memorysetup-job-temp-allocator-block-size=2097152"
    "memorysetup-job-temp-allocator-block-size-background=1048576"
    "memorysetup-job-temp-allocator-reduction-small-platforms=262144"
    "memorysetup-temp-allocator-size-background-worker=32768"
    "memorysetup-temp-allocator-size-job-worker=262144"
    "memorysetup-temp-allocator-size-preload-manager=33554432"
    "memorysetup-temp-allocator-size-nav-mesh-worker=65536"
    "memorysetup-temp-allocator-size-audio-worker=65536"
    "memorysetup-temp-allocator-size-cloud-worker=32768"
    "memorysetup-temp-allocator-size-gi-baking-worker=262144"
    "memorysetup-temp-allocator-size-gfx=262144"
Refreshing native plugins compatible for Editor in 246.54 ms, found 6 plugins.
Preloading 0 native plugins for Editor in 0.00 ms.
Initialize engine version: 2021.3.4f1 (cb45f9cae8b7)
[Subsystems] Discovering subsystems at path C:/Program Files/Unity/Hub/Editor/2021.3.4f1/Editor/Data/Resources/UnitySubsystems
[Subsystems] Discovering subsystems at path C:/Users/Carter/Documents/GitHub/AWalkInWinterland/A Walk In Winterland/Assets
GfxDevice: creating device client; threaded=0; jobified=0
Direct3D:
    Version:  Direct3D 11.0 [level 11.1]
    Renderer: NVIDIA GeForce RTX 3070 Ti (ID=0x2482)
    Vendor:   NVIDIA
    VRAM:     8041 MB
    Driver:   31.0.15.1748
Initialize mono
Mono path[0] = 'C:/Program Files/Unity/Hub/Editor/2021.3.4f1/Editor/Data/Managed'
Mono path[1] = 'C:/Program Files/Unity/Hub/Editor/2021.3.4f1/Editor/Data/MonoBleedingEdge/lib/mono/unityjit-win32'
Mono config path = 'C:/Program Files/Unity/Hub/Editor/2021.3.4f1/Editor/Data/MonoBleedingEdge/etc'
Using monoOptions --debugger-agent=transport=dt_socket,embedding=1,server=y,suspend=n,address=127.0.0.1:56760
Begin MonoManager ReloadAssembly
Registering precompiled unity dll's ...
Register platform support module: C:/Program Files/Unity/Hub/Editor/2021.3.4f1/Editor/Data/PlaybackEngines/WebGLSupport/UnityEditor.WebGL.Extensions.dll
Register platform support module: C:/Program Files/Unity/Hub/Editor/2021.3.4f1/Editor/Data/PlaybackEngines/AndroidPlayer/UnityEditor.Android.Extensions.dll
Register platform support module: C:/Program Files/Unity/Hub/Editor/2021.3.4f1/Editor/Data/PlaybackEngines/iOSSupport/UnityEditor.iOS.Extensions.dll
Register platform support module: C:/Program Files/Unity/Hub/Editor/2021.3.4f1/Editor/Data/PlaybackEngines/WindowsStandaloneSupport/UnityEditor.WindowsStandalone.Extensions.dll
Registered in 0.012446 seconds.
Native extension for WindowsStandalone target not found
[usbmuxd] Start listen thread
[usbmuxd] Listen thread started
[usbmuxd] Send listen message
Native extension for iOS target not found
Native extension for Android target not found
Native extension for WebGL target not found
Refreshing native plugins compatible for Editor in 229.95 ms, found 6 plugins.
Preloading 0 native plugins for Editor in 0.00 ms.
Mono: successfully reloaded assembly
- Completed reload, in  0.950 seconds
Domain Reload Profiling:
	ReloadAssembly (951ms)
		BeginReloadAssembly (83ms)
			ExecutionOrderSort (0ms)
			DisableScriptedObjects (0ms)
			BackupInstance (0ms)
			ReleaseScriptingObjects (0ms)
			CreateAndSetChildDomain (1ms)
		EndReloadAssembly (728ms)
			LoadAssemblies (80ms)
			RebuildTransferFunctionScriptingTraits (0ms)
			SetupTypeCache (126ms)
			ReleaseScriptCaches (0ms)
			RebuildScriptCaches (38ms)
			SetupLoadedEditorAssemblies (494ms)
				LogAssemblyErrors (0ms)
				InitializePlatformSupportModulesInManaged (84ms)
				SetLoadedEditorAssemblies (0ms)
				RefreshPlugins (230ms)
				BeforeProcessingInitializeOnLoad (1ms)
				ProcessInitializeOnLoadAttributes (122ms)
				ProcessInitializeOnLoadMethodAttributes (56ms)
				AfterProcessingInitializeOnLoad (0ms)
				EditorAssembliesLoaded (0ms)
			ExecutionOrderSort2 (0ms)
			AwakeInstancesAfterBackupRestoration (0ms)
Platform modules already initialized, skipping
Registering precompiled user dll's ...
Registered in 0.013192 seconds.
Begin MonoManager ReloadAssembly
Symbol file LoadedFromMemory doesn't match image C:\Users\Carter\Documents\GitHub\AWalkInWinterland\A Walk In Winterland\Library\PackageCache\com.unity.visualscripting@1.7.8\Editor\VisualScripting.Core\Dependencies\DotNetZip\Unity.VisualScripting.IonicZip.dll
Symbol file LoadedFromMemory doesn't match image C:\Users\Carter\Documents\GitHub\AWalkInWinterland\A Walk In Winterland\Library\PackageCache\com.unity.visualscripting@1.7.8\Editor\VisualScripting.Core\Dependencies\YamlDotNet\Unity.VisualScripting.YamlDotNet.dll
Native extension for WindowsStandalone target not found
Native extension for iOS target not found
Native extension for Android target not found
Native extension for WebGL target not found
Refreshing native plugins compatible for Editor in 221.78 ms, found 6 plugins.
Preloading 0 native plugins for Editor in 0.00 ms.
Mono: successfully reloaded assembly
- Completed reload, in  2.306 seconds
Domain Reload Profiling:
	ReloadAssembly (2308ms)
		BeginReloadAssembly (249ms)
			ExecutionOrderSort (0ms)
			DisableScriptedObjects (8ms)
			BackupInstance (0ms)
			ReleaseScriptingObjects (0ms)
			CreateAndSetChildDomain (133ms)
		EndReloadAssembly (1914ms)
			LoadAssemblies (119ms)
			RebuildTransferFunctionScriptingTraits (0ms)
			SetupTypeCache (369ms)
			ReleaseScriptCaches (1ms)
			RebuildScriptCaches (103ms)
			SetupLoadedEditorAssemblies (1260ms)
				LogAssemblyErrors (0ms)
				InitializePlatformSupportModulesInManaged (30ms)
				SetLoadedEditorAssemblies (0ms)
				RefreshPlugins (222ms)
				BeforeProcessingInitializeOnLoad (181ms)
				ProcessInitializeOnLoadAttributes (733ms)
				ProcessInitializeOnLoadMethodAttributes (84ms)
				AfterProcessingInitializeOnLoad (10ms)
				EditorAssembliesLoaded (0ms)
			ExecutionOrderSort2 (0ms)
			AwakeInstancesAfterBackupRestoration (7ms)
Platform modules already initialized, skipping
========================================================================
Worker process is ready to serve import requests
Launched and connected shader compiler UnityShaderCompiler.exe after 0.05 seconds
Refreshing native plugins compatible for Editor in 2.43 ms, found 6 plugins.
Preloading 0 native plugins for Editor in 0.00 ms.
Unloading 6751 Unused Serialized files (Serialized files now loaded: 0)
Unloading 140 unused Assets / (2.3 MB). Loaded Objects now: 7185.
Memory consumption went from 431.7 MB to 429.4 MB.
Total: 7.761600 ms (FindLiveObjects: 1.371200 ms CreateObjectMapping: 0.466700 ms MarkObjects: 5.036000 ms  DeleteObjects: 0.886000 ms)

AssetImportParameters requested are different than current active one (requested -> active):
  custom:video-decoder-ogg-theora: a1e56fd34408186e4bbccfd4996cb3dc -> 
  custom:container-muxer-webm: aa71ff27fc2769a1b78a27578f13a17b -> 
  custom:container-demuxer-webm: 4f35f7cbe854078d1ac9338744f61a02 -> 
  custom:video-encoder-webm-vp8: eb34c28f22e8b96e1ab97ce403110664 -> 
  custom:audio-encoder-webm-vorbis: bf7c407c2cedff20999df2af8eb42d56 -> 
  custom:framework-win-MediaFoundation: 216162199b28c13a410421893ffa2e32 -> 
  custom:container-demuxer-ogg: 62fdf1f143b41e24485cea50d1cbac27 -> 
  custom:video-decoder-webm-vp8: 9c59270c3fd7afecdb556c50c9e8de78 -> 
  custom:audio-decoder-ogg-vorbis: bf7c407c2cedff20999df2af8eb42d56 -> 
========================================================================
Received Import Request.
  Time since last request: 1200548.587553 seconds.
  path: Assets/Terrain/TerrainData_da549786-425f-45b7-a6f3-56de5a97e667.asset
  artifactKey: Guid(273c1ded315833f42afc0e722d1a7c6d) Importer(815301076,1909f56bfc062723c751e8b465ee728b)
Start importing Assets/Terrain/TerrainData_da549786-425f-45b7-a6f3-56de5a97e667.asset using Guid(273c1ded315833f42afc0e722d1a7c6d) Importer(815301076,1909f56bfc062723c751e8b465ee728b)  -> (artifact id: '4742ac754349275a1c074ee11bb50799') in 0.086136 seconds 
========================================================================
Received Import Request.
  Time since last request: 4.063999 seconds.
  path: Assets/Terrain/TerrainData_354fd7e1-291f-410c-9fae-0b4a20d808bb.asset
  artifactKey: Guid(e4c44f8d741d93c4d92bef9c344c472d) Importer(815301076,1909f56bfc062723c751e8b465ee728b)
Start importing Assets/Terrain/TerrainData_354fd7e1-291f-410c-9fae-0b4a20d808bb.asset using Guid(e4c44f8d741d93c4d92bef9c344c472d) Importer(815301076,1909f56bfc062723c751e8b465ee728b)  -> (artifact id: '6d3e42b77ae40517ec03b38825c8ed9d') in 0.017437 seconds 
========================================================================
Received Import Request.
  Time since last request: 11.776986 seconds.
  path: Assets/Terrain/TerrainData_1e6c5153-cacd-440a-8ffa-c92424d10419.asset
  artifactKey: Guid(7f8377c63fe087c4fb3c0c786513eed9) Importer(815301076,1909f56bfc062723c751e8b465ee728b)
Start importing Assets/Terrain/TerrainData_1e6c5153-cacd-440a-8ffa-c92424d10419.asset using Guid(7f8377c63fe087c4fb3c0c786513eed9) Importer(815301076,1909f56bfc062723c751e8b465ee728b)  -> (artifact id: '91f3893e1c1428602d7c76609992b01a') in 0.017054 seconds 
========================================================================
Received Import Request.
  Time since last request: 2.971973 seconds.
  path: Assets/Terrain/TerrainData_88ea6a6b-f6ab-441a-b3fd-35589d23a11d.asset
  artifactKey: Guid(3d42fa14839eaba45a4730a235a8490c) Importer(815301076,1909f56bfc062723c751e8b465ee728b)
Start importing Assets/Terrain/TerrainData_88ea6a6b-f6ab-441a-b3fd-35589d23a11d.asset using Guid(3d42fa14839eaba45a4730a235a8490c) Importer(815301076,1909f56bfc062723c751e8b465ee728b)  -> (artifact id: 'f242144ed038ae24f25ae4dd020ed005') in 0.016127 seconds 
========================================================================
Received Import Request.
  Time since last request: 10.335480 seconds.
  path: Assets/Terrain/TerrainData_11334a8c-9bf9-48b3-b53d-5f249f2ee130.asset
  artifactKey: Guid(68ed4144dbd1134448780a355dc37834) Importer(815301076,1909f56bfc062723c751e8b465ee728b)
Start importing Assets/Terrain/TerrainData_11334a8c-9bf9-48b3-b53d-5f249f2ee130.asset using Guid(68ed4144dbd1134448780a355dc37834) Importer(815301076,1909f56bfc062723c751e8b465ee728b)  -> (artifact id: '55f11d54f5abe16a28eadbaf19af2233') in 0.018270 seconds 
========================================================================
Received Import Request.
  Time since last request: 21.903945 seconds.
  path: Assets/Terrain/TerrainData_a2e3fc20-a401-4186-b1ad-64eca4d2defe.asset
  artifactKey: Guid(987a3320df10f4f47b13d7e97d8b52f4) Importer(815301076,1909f56bfc062723c751e8b465ee728b)
Start importing Assets/Terrain/TerrainData_a2e3fc20-a401-4186-b1ad-64eca4d2defe.asset using Guid(987a3320df10f4f47b13d7e97d8b52f4) Importer(815301076,1909f56bfc062723c751e8b465ee728b)  -> (artifact id: 'b4015d3bb434eb1a7d1b734792d7f78b') in 0.017952 seconds 
========================================================================
Received Import Request.
  Time since last request: 5.411728 seconds.
  path: Assets/Terrain/TerrainData_37be70ff-deb5-4f99-91e8-203886093e0f.asset
  artifactKey: Guid(72c97604b7e7a5b44afbc414fafb891d) Importer(815301076,1909f56bfc062723c751e8b465ee728b)
Start importing Assets/Terrain/TerrainData_37be70ff-deb5-4f99-91e8-203886093e0f.asset using Guid(72c97604b7e7a5b44afbc414fafb891d) Importer(815301076,1909f56bfc062723c751e8b465ee728b)  -> (artifact id: 'f110d6259066fe067bfa2fcb5bd0cb8d') in 0.023722 seconds 
========================================================================
Received Import Request.
  Time since last request: 0.862800 seconds.
  path: Assets/Terrain/TerrainData_a2b0c1b2-f78c-41c0-82f2-414a7ff1b94e.asset
  artifactKey: Guid(6b71d510700cb3f4b8d93852eb193562) Importer(815301076,1909f56bfc062723c751e8b465ee728b)
Start importing Assets/Terrain/TerrainData_a2b0c1b2-f78c-41c0-82f2-414a7ff1b94e.asset using Guid(6b71d510700cb3f4b8d93852eb193562) Importer(815301076,1909f56bfc062723c751e8b465ee728b)  -> (artifact id: '30eb0182bbe8538496904c3dd1d0da78') in 0.016126 seconds 
========================================================================
Received Import Request.
  Time since last request: 3.076374 seconds.
  path: Assets/Terrain/TerrainData_e6e7fb03-4cda-4d47-87ab-d3c72e78db9e.asset
  artifactKey: Guid(87670c701d5adcc409e1f007bbf4441b) Importer(815301076,1909f56bfc062723c751e8b465ee728b)
Start importing Assets/Terrain/TerrainData_e6e7fb03-4cda-4d47-87ab-d3c72e78db9e.asset using Guid(87670c701d5adcc409e1f007bbf4441b) Importer(815301076,1909f56bfc062723c751e8b465ee728b)  -> (artifact id: '3755af1a3e6e00d48a2a2773022d5d16') in 0.017155 seconds 
========================================================================
Received Import Request.
  Time since last request: 1.349419 seconds.
  path: Assets/Terrain/TerrainData_b5633d6d-9cea-4e0d-b57c-20db3949faff.asset
  artifactKey: Guid(0b62ea97222ff7243aa59eb50c5cd365) Importer(815301076,1909f56bfc062723c751e8b465ee728b)
Start importing Assets/Terrain/TerrainData_b5633d6d-9cea-4e0d-b57c-20db3949faff.asset using Guid(0b62ea97222ff7243aa59eb50c5cd365) Importer(815301076,1909f56bfc062723c751e8b465ee728b)  -> (artifact id: 'e306b90aa040b37416ee8a989dcc0e68') in 0.019421 seconds 
========================================================================
Received Import Request.
  Time since last request: 1.384193 seconds.
  path: Assets/Terrain/TerrainData_334fecd6-2ea1-47db-bba7-e7e2fc0eea18.asset
  artifactKey: Guid(aa66783fb3a994648b48d11d9057573e) Importer(815301076,1909f56bfc062723c751e8b465ee728b)
Start importing Assets/Terrain/TerrainData_334fecd6-2ea1-47db-bba7-e7e2fc0eea18.asset using Guid(aa66783fb3a994648b48d11d9057573e) Importer(815301076,1909f56bfc062723c751e8b465ee728b)  -> (artifact id: '4365d49b18c2f7e3671896f00704053e') in 0.020087 seconds 
========================================================================
Received Import Request.
  Time since last request: 13.599112 seconds.
  path: Assets/Terrain/TerrainData_78bf1554-b6a1-49da-8895-6bbcde36365d.asset
  artifactKey: Guid(28483bafc06a138419ef57a33c2df7e6) Importer(815301076,1909f56bfc062723c751e8b465ee728b)
Start importing Assets/Terrain/TerrainData_78bf1554-b6a1-49da-8895-6bbcde36365d.asset using Guid(28483bafc06a138419ef57a33c2df7e6) Importer(815301076,1909f56bfc062723c751e8b465ee728b)  -> (artifact id: '736ad57b79d2a8d090116c6e12285300') in 0.017055 seconds 
========================================================================
Received Import Request.
  Time since last request: 20.778659 seconds.
  path: Assets/Terrain/TerrainData_5cfc377b-3d93-47b4-851b-91e63e08c220.asset
  artifactKey: Guid(47e4c57f73504ed45b0df7678d947ee5) Importer(815301076,1909f56bfc062723c751e8b465ee728b)
Start importing Assets/Terrain/TerrainData_5cfc377b-3d93-47b4-851b-91e63e08c220.asset using Guid(47e4c57f73504ed45b0df7678d947ee5) Importer(815301076,1909f56bfc062723c751e8b465ee728b)  -> (artifact id: 'a1cca58fc9ae7ce926a983d4112d0c13') in 0.019667 seconds 
========================================================================
Received Import Request.
  Time since last request: 96.042313 seconds.
  path: Assets/Terrain/TerrainData_af01c3fd-f5c8-4e72-a110-9110b4bd8574.asset
  artifactKey: Guid(e78e144782ab8284798257dad67e03ab) Importer(815301076,1909f56bfc062723c751e8b465ee728b)
Start importing Assets/Terrain/TerrainData_af01c3fd-f5c8-4e72-a110-9110b4bd8574.asset using Guid(e78e144782ab8284798257dad67e03ab) Importer(815301076,1909f56bfc062723c751e8b465ee728b)  -> (artifact id: '100057f46f2edf72f9ac3d76a0cfc611') in 0.020339 seconds 
========================================================================
Received Import Request.
  Time since last request: 1.171435 seconds.
  path: Assets/Terrain/TerrainData_ae5e19b9-eab2-4f65-a80c-fb00bffbe27d.asset
  artifactKey: Guid(9bba305b309da6f4bbc40154ce996fb9) Importer(815301076,1909f56bfc062723c751e8b465ee728b)
Start importing Assets/Terrain/TerrainData_ae5e19b9-eab2-4f65-a80c-fb00bffbe27d.asset using Guid(9bba305b309da6f4bbc40154ce996fb9) Importer(815301076,1909f56bfc062723c751e8b465ee728b)  -> (artifact id: 'cc92429565d134d8565d85a9326c9f32') in 0.016662 seconds 
========================================================================
Received Import Request.
  Time since last request: 8.056990 seconds.
  path: Assets/Terrain/TerrainData_f072cc1b-0155-45e7-88e7-fbc34dddeaa2.asset
  artifactKey: Guid(15760e02e160c664f833e49bc5b8cfea) Importer(815301076,1909f56bfc062723c751e8b465ee728b)
Start importing Assets/Terrain/TerrainData_f072cc1b-0155-45e7-88e7-fbc34dddeaa2.asset using Guid(15760e02e160c664f833e49bc5b8cfea) Importer(815301076,1909f56bfc062723c751e8b465ee728b)  -> (artifact id: '603515b5c19c5442cbfae9489e912f26') in 0.018510 seconds 
========================================================================
Received Import Request.
  Time since last request: 0.545771 seconds.
  path: Assets/Terrain/TerrainData_97394429-f350-4d72-82ae-b175a5b0c2c9.asset
  artifactKey: Guid(9636797c74eac484889bcfdb9b2edfef) Importer(815301076,1909f56bfc062723c751e8b465ee728b)
Start importing Assets/Terrain/TerrainData_97394429-f350-4d72-82ae-b175a5b0c2c9.asset using Guid(9636797c74eac484889bcfdb9b2edfef) Importer(815301076,1909f56bfc062723c751e8b465ee728b)  -> (artifact id: '04a7db2775fce05f8878e6886d0b3031') in 0.017296 seconds 
========================================================================
Received Import Request.
  Time since last request: 184.080400 seconds.
  path: Assets/Terrain/TerrainData_d30ceefb-5c17-4e2a-a2d7-e6d3240b694e.asset
  artifactKey: Guid(b5ef6c66ad9732b408b4ba012e2a4d21) Importer(815301076,1909f56bfc062723c751e8b465ee728b)
Start importing Assets/Terrain/TerrainData_d30ceefb-5c17-4e2a-a2d7-e6d3240b694e.asset using Guid(b5ef6c66ad9732b408b4ba012e2a4d21) Importer(815301076,1909f56bfc062723c751e8b465ee728b)  -> (artifact id: 'bd1b89841c9d689fdd79340d528c3a00') in 0.022456 seconds 
========================================================================
Received Import Request.
  Time since last request: 0.510212 seconds.
  path: Assets/Terrain/TerrainData_c9951e50-5e40-4f42-b8ba-f7d4bca2c096.asset
  artifactKey: Guid(b9f511f7c3dd0304b8adb590939bc0ed) Importer(815301076,1909f56bfc062723c751e8b465ee728b)
Start importing Assets/Terrain/TerrainData_c9951e50-5e40-4f42-b8ba-f7d4bca2c096.asset using Guid(b9f511f7c3dd0304b8adb590939bc0ed) Importer(815301076,1909f56bfc062723c751e8b465ee728b)  -> (artifact id: '2d3a373ee83a421d29917a9b43fdfc2a') in 0.017344 seconds 
========================================================================
Received Import Request.
  Time since last request: 0.417362 seconds.
  path: Assets/Terrain/TerrainData_5c04cd2f-0677-4380-82df-7d7b86aa727d.asset
  artifactKey: Guid(50e64dea07abe0248b9b0f5aeebed796) Importer(815301076,1909f56bfc062723c751e8b465ee728b)
Start importing Assets/Terrain/TerrainData_5c04cd2f-0677-4380-82df-7d7b86aa727d.asset using Guid(50e64dea07abe0248b9b0f5aeebed796) Importer(815301076,1909f56bfc062723c751e8b465ee728b)  -> (artifact id: '2d3c6db58737fb2582e195d15b2b6fc2') in 0.016214 seconds 
========================================================================
Received Import Request.
  Time since last request: 1.868378 seconds.
  path: Assets/Terrain/TerrainData_f2eb0e60-fbae-4381-bf88-b7ed98945407.asset
  artifactKey: Guid(e5abd1eda2515674e9d418a4066765f3) Importer(815301076,1909f56bfc062723c751e8b465ee728b)
Start importing Assets/Terrain/TerrainData_f2eb0e60-fbae-4381-bf88-b7ed98945407.asset using Guid(e5abd1eda2515674e9d418a4066765f3) Importer(815301076,1909f56bfc062723c751e8b465ee728b)  -> (artifact id: 'bc96e4b802abb2e0c9ab5c64b4d306c6') in 0.017088 seconds 
========================================================================
Received Import Request.
  Time since last request: 0.412498 seconds.
  path: Assets/Terrain/TerrainData_d366e323-8283-4a8e-8cfb-25b63cfc2d31.asset
  artifactKey: Guid(b50b236eff36c6d48ae13e43ed536158) Importer(815301076,1909f56bfc062723c751e8b465ee728b)
Start importing Assets/Terrain/TerrainData_d366e323-8283-4a8e-8cfb-25b63cfc2d31.asset using Guid(b50b236eff36c6d48ae13e43ed536158) Importer(815301076,1909f56bfc062723c751e8b465ee728b)  -> (artifact id: '46cc46a13e5bed7550c1ee5fd649c04e') in 0.017989 seconds 
========================================================================
Received Import Request.
  Time since last request: 3.286406 seconds.
  path: Assets/Terrain/TerrainData_57486fa9-56ff-4347-9ddd-0ec28125946c.asset
  artifactKey: Guid(1bd37dc2e5cdf0e4c948be0956cf118f) Importer(815301076,1909f56bfc062723c751e8b465ee728b)
Start importing Assets/Terrain/TerrainData_57486fa9-56ff-4347-9ddd-0ec28125946c.asset using Guid(1bd37dc2e5cdf0e4c948be0956cf118f) Importer(815301076,1909f56bfc062723c751e8b465ee728b)  -> (artifact id: '455ef4bbf1585ce0130832973868ca71') in 0.016839 seconds 
========================================================================
Received Import Request.
  Time since last request: 5.219587 seconds.
  path: Assets/Terrain/TerrainData_ca63dfae-3974-4a5f-a934-652d55418c49.asset
  artifactKey: Guid(971896569bdb1d54d923edcbeca7dadd) Importer(815301076,1909f56bfc062723c751e8b465ee728b)
Start importing Assets/Terrain/TerrainData_ca63dfae-3974-4a5f-a934-652d55418c49.asset using Guid(971896569bdb1d54d923edcbeca7dadd) Importer(815301076,1909f56bfc062723c751e8b465ee728b)  -> (artifact id: 'de9715d86395f493ff676f7ab08feecb') in 0.017291 seconds 
========================================================================
Received Import Request.
  Time since last request: 0.547772 seconds.
  path: Assets/Terrain/TerrainData_b1bb1eef-a990-44f5-bf46-d74e83c207f3.asset
  artifactKey: Guid(8286fa005e8594a4b94d3124be555aa1) Importer(815301076,1909f56bfc062723c751e8b465ee728b)
Start importing Assets/Terrain/TerrainData_b1bb1eef-a990-44f5-bf46-d74e83c207f3.asset using Guid(8286fa005e8594a4b94d3124be555aa1) Importer(815301076,1909f56bfc062723c751e8b465ee728b)  -> (artifact id: '937de5b32e98e41e9a897ac9683fc967') in 0.016287 seconds 
========================================================================
Received Import Request.
  Time since last request: 0.835976 seconds.
  path: Assets/Terrain/TerrainData_fecf1016-d9f2-4849-a075-f093eb15cb1d.asset
  artifactKey: Guid(24ebcfd2e65682e40bda9693e6f8c203) Importer(815301076,1909f56bfc062723c751e8b465ee728b)
Start importing Assets/Terrain/TerrainData_fecf1016-d9f2-4849-a075-f093eb15cb1d.asset using Guid(24ebcfd2e65682e40bda9693e6f8c203) Importer(815301076,1909f56bfc062723c751e8b465ee728b)  -> (artifact id: '56c52c3e0e567d0022a5f81c71062425') in 0.017261 seconds 
========================================================================
Received Import Request.
  Time since last request: 2.587967 seconds.
  path: Assets/Terrain/TerrainData_641f6b17-f50b-4d93-9a35-353483c87bd4.asset
  artifactKey: Guid(8a70e379825b62242bc97830e7debe91) Importer(815301076,1909f56bfc062723c751e8b465ee728b)
Start importing Assets/Terrain/TerrainData_641f6b17-f50b-4d93-9a35-353483c87bd4.asset using Guid(8a70e379825b62242bc97830e7debe91) Importer(815301076,1909f56bfc062723c751e8b465ee728b)  -> (artifact id: '51713e1094996029ad15f2a95eac9ae6') in 0.017445 seconds 
========================================================================
Received Import Request.
  Time since last request: 0.595521 seconds.
  path: Assets/Terrain/TerrainData_b5b08e60-09a9-4b9d-ac64-1969ce423e37.asset
  artifactKey: Guid(02e35b0c0d2c8a54f8c7ed0b020cf76b) Importer(815301076,1909f56bfc062723c751e8b465ee728b)
Start importing Assets/Terrain/TerrainData_b5b08e60-09a9-4b9d-ac64-1969ce423e37.asset using Guid(02e35b0c0d2c8a54f8c7ed0b020cf76b) Importer(815301076,1909f56bfc062723c751e8b465ee728b)  -> (artifact id: 'fd3cfaaf37b0f4a32709d3d8c7566a84') in 0.017538 seconds 
========================================================================
Received Import Request.
  Time since last request: 0.451804 seconds.
  path: Assets/Terrain/TerrainData_51cc1df2-d3af-4b92-bd4e-00a67c581693.asset
  artifactKey: Guid(70177de3153a09f4e859b2e16e48e8e8) Importer(815301076,1909f56bfc062723c751e8b465ee728b)
Start importing Assets/Terrain/TerrainData_51cc1df2-d3af-4b92-bd4e-00a67c581693.asset using Guid(70177de3153a09f4e859b2e16e48e8e8) Importer(815301076,1909f56bfc062723c751e8b465ee728b)  -> (artifact id: 'e0f83b22dbf5e87846a238690ee10474') in 0.016606 seconds 
========================================================================
Received Import Request.
  Time since last request: 1.758369 seconds.
  path: Assets/Terrain/TerrainData_7f7f52fc-45f5-44c0-9470-3a9f80d4c326.asset
  artifactKey: Guid(44f5eb2d1cd389d4cb146894281484bd) Importer(815301076,1909f56bfc062723c751e8b465ee728b)
Start importing Assets/Terrain/TerrainData_7f7f52fc-45f5-44c0-9470-3a9f80d4c326.asset using Guid(44f5eb2d1cd389d4cb146894281484bd) Importer(815301076,1909f56bfc062723c751e8b465ee728b)  -> (artifact id: '9dea1d6ab030b2ab94be86655c09e576') in 0.017605 seconds 
========================================================================
Received Import Request.
  Time since last request: 0.441474 seconds.
  path: Assets/Terrain/TerrainData_24cf01d2-dbde-4735-9466-b6fbe2ea54ff.asset
  artifactKey: Guid(356a4d2a82c969d419c116d3495338cc) Importer(815301076,1909f56bfc062723c751e8b465ee728b)
Start importing Assets/Terrain/TerrainData_24cf01d2-dbde-4735-9466-b6fbe2ea54ff.asset using Guid(356a4d2a82c969d419c116d3495338cc) Importer(815301076,1909f56bfc062723c751e8b465ee728b)  -> (artifact id: '5c1a286e1cd34f02029a4c4029645a3d') in 0.018532 seconds 
========================================================================
Received Import Request.
  Time since last request: 0.637756 seconds.
  path: Assets/Terrain/TerrainData_85d46842-3949-4676-979e-7df0013ffd07.asset
  artifactKey: Guid(8087c361ad8a7de4d9d82b3311d5a945) Importer(815301076,1909f56bfc062723c751e8b465ee728b)
Start importing Assets/Terrain/TerrainData_85d46842-3949-4676-979e-7df0013ffd07.asset using Guid(8087c361ad8a7de4d9d82b3311d5a945) Importer(815301076,1909f56bfc062723c751e8b465ee728b)  -> (artifact id: '1e502e5f3c57c0a2371e57dba618a62d') in 0.018948 seconds 
========================================================================
Received Import Request.
  Time since last request: 2.015872 seconds.
  path: Assets/Terrain/TerrainData_44e0679a-c5e2-4339-92bc-56ab5db89f0e.asset
  artifactKey: Guid(19ee2c307d267314ea9590403775e5b4) Importer(815301076,1909f56bfc062723c751e8b465ee728b)
Start importing Assets/Terrain/TerrainData_44e0679a-c5e2-4339-92bc-56ab5db89f0e.asset using Guid(19ee2c307d267314ea9590403775e5b4) Importer(815301076,1909f56bfc062723c751e8b465ee728b)  -> (artifact id: '3e4b96432de430c8d59e2fd4ed8fd395') in 0.015339 seconds 
========================================================================
Received Import Request.
  Time since last request: 66.364537 seconds.
  path: Assets/Terrain/TerrainData_0414ea4e-3196-4862-8f23-5259415862e7.asset
  artifactKey: Guid(a96a8a9d9c367b24e92a448be9688b9b) Importer(815301076,1909f56bfc062723c751e8b465ee728b)
Start importing Assets/Terrain/TerrainData_0414ea4e-3196-4862-8f23-5259415862e7.asset using Guid(a96a8a9d9c367b24e92a448be9688b9b) Importer(815301076,1909f56bfc062723c751e8b465ee728b)  -> (artifact id: '1f709ab4bfc7febb529acaacfc129f00') in 0.017259 seconds 
========================================================================
Received Import Request.
  Time since last request: 283.425829 seconds.
  path: Assets/Terrain/TerrainData_87c926d3-6ebc-4594-a1eb-10066cce3a59.asset
  artifactKey: Guid(51c1935c346084e4fbeef2edf80e251b) Importer(815301076,1909f56bfc062723c751e8b465ee728b)
Start importing Assets/Terrain/TerrainData_87c926d3-6ebc-4594-a1eb-10066cce3a59.asset using Guid(51c1935c346084e4fbeef2edf80e251b) Importer(815301076,1909f56bfc062723c751e8b465ee728b)  -> (artifact id: '9a64fcf8aa1265ffeb22a0014d4074aa') in 0.034280 seconds 
========================================================================
Received Import Request.
  Time since last request: 0.911441 seconds.
  path: Assets/Terrain/TerrainData_a9462731-5bab-402d-a5d7-54d629b1348a.asset
  artifactKey: Guid(ed52abf7c5f1b284ead6801ec85952c1) Importer(815301076,1909f56bfc062723c751e8b465ee728b)
Start importing Assets/Terrain/TerrainData_a9462731-5bab-402d-a5d7-54d629b1348a.asset using Guid(ed52abf7c5f1b284ead6801ec85952c1) Importer(815301076,1909f56bfc062723c751e8b465ee728b)  -> (artifact id: 'e0f78bac1a5992c7392cf3bd7ba5e228') in 0.017663 seconds 
========================================================================
Received Import Request.
  Time since last request: 0.649878 seconds.
  path: Assets/Terrain/TerrainData_7ba8e7dd-0212-4d95-92b6-9d63556ba815.asset
  artifactKey: Guid(b71272d50c1573a48a3429a3bf0c9bb5) Importer(815301076,1909f56bfc062723c751e8b465ee728b)
Start importing Assets/Terrain/TerrainData_7ba8e7dd-0212-4d95-92b6-9d63556ba815.asset using Guid(b71272d50c1573a48a3429a3bf0c9bb5) Importer(815301076,1909f56bfc062723c751e8b465ee728b)  -> (artifact id: 'ac522c4273505296310eeccc2eb446c0') in 0.017847 seconds 
========================================================================
Received Import Request.
  Time since last request: 4.004323 seconds.
  path: Assets/Terrain/TerrainData_87727633-293c-4a04-8493-b5f698a22e6c.asset
  artifactKey: Guid(782a7a4f4fee16e4da45526327b05e9b) Importer(815301076,1909f56bfc062723c751e8b465ee728b)
Start importing Assets/Terrain/TerrainData_87727633-293c-4a04-8493-b5f698a22e6c.asset using Guid(782a7a4f4fee16e4da45526327b05e9b) Importer(815301076,1909f56bfc062723c751e8b465ee728b)  -> (artifact id: 'd512bf4e16daff5d5b55f81353f88c88') in 0.016337 seconds 
========================================================================
Received Import Request.
  Time since last request: 0.655960 seconds.
  path: Assets/Terrain/TerrainData_4a04a1a9-7944-4d0c-a194-a97c8cd87b7e.asset
  artifactKey: Guid(58d1b05b91fad8e4e94d86fc38cbfb2e) Importer(815301076,1909f56bfc062723c751e8b465ee728b)
Start importing Assets/Terrain/TerrainData_4a04a1a9-7944-4d0c-a194-a97c8cd87b7e.asset using Guid(58d1b05b91fad8e4e94d86fc38cbfb2e) Importer(815301076,1909f56bfc062723c751e8b465ee728b)  -> (artifact id: '3a9519d5fd6d0cf9da9b7916d1c41181') in 0.017637 seconds 
========================================================================
Received Import Request.
  Time since last request: 0.695506 seconds.
  path: Assets/Terrain/TerrainData_1265ee5f-dc19-4188-b7e4-fb8e6653eb45.asset
  artifactKey: Guid(3321e25af7509ec42a93fb5ba9632ae3) Importer(815301076,1909f56bfc062723c751e8b465ee728b)
Start importing Assets/Terrain/TerrainData_1265ee5f-dc19-4188-b7e4-fb8e6653eb45.asset using Guid(3321e25af7509ec42a93fb5ba9632ae3) Importer(815301076,1909f56bfc062723c751e8b465ee728b)  -> (artifact id: '1c300a8a5d6d17e1960c2789ada86f8e') in 0.017130 seconds 
========================================================================
Received Import Request.
  Time since last request: 0.790566 seconds.
  path: Assets/Terrain/TerrainData_de48060a-9687-4814-a88d-4e220f788db2.asset
  artifactKey: Guid(17beff390c6d2f9468dbed584928e99f) Importer(815301076,1909f56bfc062723c751e8b465ee728b)
Start importing Assets/Terrain/TerrainData_de48060a-9687-4814-a88d-4e220f788db2.asset using Guid(17beff390c6d2f9468dbed584928e99f) Importer(815301076,1909f56bfc062723c751e8b465ee728b)  -> (artifact id: '64b57ab6187c67002a847588adcab83d') in 0.016206 seconds 
========================================================================
Received Import Request.
  Time since last request: 0.781791 seconds.
  path: Assets/Terrain/TerrainData_563b0035-0222-4d70-8849-c39dbd8db6ec.asset
  artifactKey: Guid(629ed0bee140f304ab5379ecdc40883f) Importer(815301076,1909f56bfc062723c751e8b465ee728b)
Start importing Assets/Terrain/TerrainData_563b0035-0222-4d70-8849-c39dbd8db6ec.asset using Guid(629ed0bee140f304ab5379ecdc40883f) Importer(815301076,1909f56bfc062723c751e8b465ee728b)  -> (artifact id: 'fa4419479d484d48a134b6b696052b5f') in 0.017796 seconds 
========================================================================
Received Import Request.
  Time since last request: 0.883545 seconds.
  path: Assets/Terrain/TerrainData_8cb67e7d-206b-4cc4-a4b3-ded5d5ad3b60.asset
  artifactKey: Guid(5a7e612590b601e4191365947bec2275) Importer(815301076,1909f56bfc062723c751e8b465ee728b)
Start importing Assets/Terrain/TerrainData_8cb67e7d-206b-4cc4-a4b3-ded5d5ad3b60.asset using Guid(5a7e612590b601e4191365947bec2275) Importer(815301076,1909f56bfc062723c751e8b465ee728b)  -> (artifact id: '1a5b6b0de09d4ad8da6027a1496a1586') in 0.015596 seconds 
========================================================================
Received Import Request.
  Time since last request: 5.694606 seconds.
  path: Assets/Terrain/TerrainData_053dfb28-2bad-4c08-888c-aea15b0b3096.asset
  artifactKey: Guid(6bc372c3151fbed4a95bc57311770c84) Importer(815301076,1909f56bfc062723c751e8b465ee728b)
Start importing Assets/Terrain/TerrainData_053dfb28-2bad-4c08-888c-aea15b0b3096.asset using Guid(6bc372c3151fbed4a95bc57311770c84) Importer(815301076,1909f56bfc062723c751e8b465ee728b)  -> (artifact id: '797852b1beea1c3259c6153e83908321') in 0.016598 seconds 
========================================================================
Received Import Request.
  Time since last request: 0.458776 seconds.
  path: Assets/Terrain/TerrainData_c738a161-5584-4603-a6bb-1537d15bc80e.asset
  artifactKey: Guid(34d4a7c2ee2fb6f43a17aedc6ddab618) Importer(815301076,1909f56bfc062723c751e8b465ee728b)
Start importing Assets/Terrain/TerrainData_c738a161-5584-4603-a6bb-1537d15bc80e.asset using Guid(34d4a7c2ee2fb6f43a17aedc6ddab618) Importer(815301076,1909f56bfc062723c751e8b465ee728b)  -> (artifact id: 'd7dc913b2562ef08239ec2fcf0fd453e') in 0.016249 seconds 
========================================================================
Received Import Request.
  Time since last request: 0.484327 seconds.
  path: Assets/Terrain/TerrainData_bd41001e-328f-4b06-bbab-a49d4e9e9659.asset
  artifactKey: Guid(4e882f06b8a804044bd0b463d549e35a) Importer(815301076,1909f56bfc062723c751e8b465ee728b)
Start importing Assets/Terrain/TerrainData_bd41001e-328f-4b06-bbab-a49d4e9e9659.asset using Guid(4e882f06b8a804044bd0b463d549e35a) Importer(815301076,1909f56bfc062723c751e8b465ee728b)  -> (artifact id: '1c77f731c806bdc3d134dd6d8dfc47ac') in 0.017322 seconds 
========================================================================
Received Import Request.
  Time since last request: 0.462033 seconds.
  path: Assets/Terrain/TerrainData_c3ba0a2a-63a6-407a-bd6a-e546d2a87024.asset
  artifactKey: Guid(5c15fac69d5d4e04dbd607afd1717b41) Importer(815301076,1909f56bfc062723c751e8b465ee728b)
Start importing Assets/Terrain/TerrainData_c3ba0a2a-63a6-407a-bd6a-e546d2a87024.asset using Guid(5c15fac69d5d4e04dbd607afd1717b41) Importer(815301076,1909f56bfc062723c751e8b465ee728b)  -> (artifact id: '7ce3b7390b6407524ccf9507545bc300') in 0.017760 seconds 
========================================================================
Received Import Request.
  Time since last request: 0.592655 seconds.
  path: Assets/Terrain/TerrainData_d9553a44-7235-4790-b7c4-5587c8cb429b.asset
  artifactKey: Guid(03b489cab9a75aa49b7cd641302a189d) Importer(815301076,1909f56bfc062723c751e8b465ee728b)
Start importing Assets/Terrain/TerrainData_d9553a44-7235-4790-b7c4-5587c8cb429b.asset using Guid(03b489cab9a75aa49b7cd641302a189d) Importer(815301076,1909f56bfc062723c751e8b465ee728b)  -> (artifact id: '7d5bc6064223e932a8e66c713dabf380') in 0.015931 seconds 
========================================================================
Received Import Request.
  Time since last request: 8.313314 seconds.
  path: Assets/Terrain/TerrainData_f2281a73-8443-46d0-a859-2843c013ec1c.asset
  artifactKey: Guid(3a1d0780c699f1345b21a5af348aeff1) Importer(815301076,1909f56bfc062723c751e8b465ee728b)
Start importing Assets/Terrain/TerrainData_f2281a73-8443-46d0-a859-2843c013ec1c.asset using Guid(3a1d0780c699f1345b21a5af348aeff1) Importer(815301076,1909f56bfc062723c751e8b465ee728b)  -> (artifact id: 'd79660193092823bf42296070f83f07b') in 0.016897 seconds 
========================================================================
Received Import Request.
  Time since last request: 0.501665 seconds.
  path: Assets/Terrain/TerrainData_de6d1322-5059-41b1-9a8f-7a64032d6873.asset
  artifactKey: Guid(94da6fc8eaa97674b811fb060d650b1c) Importer(815301076,1909f56bfc062723c751e8b465ee728b)
Start importing Assets/Terrain/TerrainData_de6d1322-5059-41b1-9a8f-7a64032d6873.asset using Guid(94da6fc8eaa97674b811fb060d650b1c) Importer(815301076,1909f56bfc062723c751e8b465ee728b)  -> (artifact id: 'a1b4a3391457084cb11b4555373b2bab') in 0.018451 seconds 
========================================================================
Received Import Request.
  Time since last request: 0.908602 seconds.
  path: Assets/Terrain/TerrainData_890c0c68-610f-4a1c-99ab-7b86c990a3c4.asset
  artifactKey: Guid(b1c642be1c2a4fd40a067f25ecea5de5) Importer(815301076,1909f56bfc062723c751e8b465ee728b)
Start importing Assets/Terrain/TerrainData_890c0c68-610f-4a1c-99ab-7b86c990a3c4.asset using Guid(b1c642be1c2a4fd40a067f25ecea5de5) Importer(815301076,1909f56bfc062723c751e8b465ee728b)  -> (artifact id: 'b935cbdc25fd189a7e1de38fd81ed20c') in 0.017819 seconds 
========================================================================
Received Import Request.
  Time since last request: 109.502301 seconds.
  path: Assets/Terrain/TerrainData_4098f2a9-90c3-40ac-8d9f-0571aff1f368.asset
  artifactKey: Guid(51ce16ede4d0cc046a31a3fdc0bdaf39) Importer(815301076,1909f56bfc062723c751e8b465ee728b)
Start importing Assets/Terrain/TerrainData_4098f2a9-90c3-40ac-8d9f-0571aff1f368.asset using Guid(51ce16ede4d0cc046a31a3fdc0bdaf39) Importer(815301076,1909f56bfc062723c751e8b465ee728b)  -> (artifact id: '3e07fffe3d8bb76a6d42cd97c66d6fda') in 0.016829 seconds 
========================================================================
Received Import Request.
  Time since last request: 0.790600 seconds.
  path: Assets/Terrain/TerrainData_446d40b3-8dba-4bd4-8675-0ae4aea49a97.asset
  artifactKey: Guid(c53d0ae60127cc241a6d9d5965f6f4aa) Importer(815301076,1909f56bfc062723c751e8b465ee728b)
Start importing Assets/Terrain/TerrainData_446d40b3-8dba-4bd4-8675-0ae4aea49a97.asset using Guid(c53d0ae60127cc241a6d9d5965f6f4aa) Importer(815301076,1909f56bfc062723c751e8b465ee728b)  -> (artifact id: '45fc204c1568e9d21ea0535542ec14fc') in 0.019434 seconds 
========================================================================
Received Import Request.
  Time since last request: 0.597255 seconds.
  path: Assets/Terrain/TerrainData_35dd3c6b-071e-4e4b-82d7-a05c16c13c96.asset
  artifactKey: Guid(9c373760ab016094b97cc05f00220915) Importer(815301076,1909f56bfc062723c751e8b465ee728b)
Start importing Assets/Terrain/TerrainData_35dd3c6b-071e-4e4b-82d7-a05c16c13c96.asset using Guid(9c373760ab016094b97cc05f00220915) Importer(815301076,1909f56bfc062723c751e8b465ee728b)  -> (artifact id: '42cd7ba57d215cc59122d2a3a05bc2f3') in 0.020058 seconds 
========================================================================
Received Import Request.
  Time since last request: 2.990652 seconds.
  path: Assets/Terrain/TerrainData_35bdfcb5-68fd-4ea6-897f-3ee11f0b4bce.asset
  artifactKey: Guid(ec67ff37469b3ca4292c752d85911beb) Importer(815301076,1909f56bfc062723c751e8b465ee728b)
Start importing Assets/Terrain/TerrainData_35bdfcb5-68fd-4ea6-897f-3ee11f0b4bce.asset using Guid(ec67ff37469b3ca4292c752d85911beb) Importer(815301076,1909f56bfc062723c751e8b465ee728b)  -> (artifact id: 'cfc3925b28e6cfde9bec6e962e990d2b') in 0.017213 seconds 
========================================================================
Received Import Request.
  Time since last request: 0.540834 seconds.
  path: Assets/Terrain/TerrainData_71b04c94-ab09-4b52-9653-34cc730c10c6.asset
  artifactKey: Guid(9afae74006e9aad4d8e1ac59e65ead46) Importer(815301076,1909f56bfc062723c751e8b465ee728b)
Start importing Assets/Terrain/TerrainData_71b04c94-ab09-4b52-9653-34cc730c10c6.asset using Guid(9afae74006e9aad4d8e1ac59e65ead46) Importer(815301076,1909f56bfc062723c751e8b465ee728b)  -> (artifact id: 'a8c3f1bd240b4c2b5250b991f6c2c686') in 0.017358 seconds 
========================================================================
Received Import Request.
  Time since last request: 4.078813 seconds.
  path: Assets/Terrain/TerrainData_eec000c3-5af8-4c1f-b397-6c0bf273f5bf.asset
  artifactKey: Guid(39da638f27da12b43ae64b45e1898d5b) Importer(815301076,1909f56bfc062723c751e8b465ee728b)
Start importing Assets/Terrain/TerrainData_eec000c3-5af8-4c1f-b397-6c0bf273f5bf.asset using Guid(39da638f27da12b43ae64b45e1898d5b) Importer(815301076,1909f56bfc062723c751e8b465ee728b)  -> (artifact id: '19595ee327ccee1e9da877782f3c2d74') in 0.016603 seconds 
========================================================================
Received Import Request.
  Time since last request: 0.417333 seconds.
  path: Assets/Terrain/TerrainData_d2f1bbfa-45f6-4605-a2b6-794e87566f59.asset
  artifactKey: Guid(671c1f063febd9646952a6f5ca6aeca3) Importer(815301076,1909f56bfc062723c751e8b465ee728b)
Start importing Assets/Terrain/TerrainData_d2f1bbfa-45f6-4605-a2b6-794e87566f59.asset using Guid(671c1f063febd9646952a6f5ca6aeca3) Importer(815301076,1909f56bfc062723c751e8b465ee728b)  -> (artifact id: '824368615b3f986a82eb9fd4844e5862') in 0.015211 seconds 
========================================================================
Received Import Request.
  Time since last request: 0.477912 seconds.
  path: Assets/Terrain/TerrainData_9af88227-e8a0-4064-85f0-271413134f3d.asset
  artifactKey: Guid(b1e6b828dcd02b846aa989ab04422ab9) Importer(815301076,1909f56bfc062723c751e8b465ee728b)
Start importing Assets/Terrain/TerrainData_9af88227-e8a0-4064-85f0-271413134f3d.asset using Guid(b1e6b828dcd02b846aa989ab04422ab9) Importer(815301076,1909f56bfc062723c751e8b465ee728b)  -> (artifact id: 'cd7f6040ad2a36f0069f608d17e9928e') in 0.016015 seconds 
========================================================================
Received Import Request.
  Time since last request: 9.326995 seconds.
  path: Assets/Terrain/TerrainData_a625dd6a-bc8a-4989-9749-3d960c584ed3.asset
  artifactKey: Guid(adcf9634b1c0b8544a3fdc87c8b6e3a8) Importer(815301076,1909f56bfc062723c751e8b465ee728b)
Start importing Assets/Terrain/TerrainData_a625dd6a-bc8a-4989-9749-3d960c584ed3.asset using Guid(adcf9634b1c0b8544a3fdc87c8b6e3a8) Importer(815301076,1909f56bfc062723c751e8b465ee728b)  -> (artifact id: 'f2c7b5205552ba5d547d583cc708a976') in 0.017732 seconds 
========================================================================
Received Import Request.
  Time since last request: 0.556627 seconds.
  path: Assets/Terrain/TerrainData_87869ade-f623-48ed-a160-7d922fb441d9.asset
  artifactKey: Guid(6795e8309792f3046a329beb17b2daf5) Importer(815301076,1909f56bfc062723c751e8b465ee728b)
Start importing Assets/Terrain/TerrainData_87869ade-f623-48ed-a160-7d922fb441d9.asset using Guid(6795e8309792f3046a329beb17b2daf5) Importer(815301076,1909f56bfc062723c751e8b465ee728b)  -> (artifact id: '26103bf9378659d14bb7fea15091c3b5') in 0.021770 seconds 
========================================================================
Received Import Request.
  Time since last request: 0.550117 seconds.
  path: Assets/Terrain/TerrainData_7606987e-918b-406e-b41f-36401b81038e.asset
  artifactKey: Guid(99481ec34824c6b4a99537aa5ec598c3) Importer(815301076,1909f56bfc062723c751e8b465ee728b)
Start importing Assets/Terrain/TerrainData_7606987e-918b-406e-b41f-36401b81038e.asset using Guid(99481ec34824c6b4a99537aa5ec598c3) Importer(815301076,1909f56bfc062723c751e8b465ee728b)  -> (artifact id: '32363981bfc05e3e340def401ba9a6d9') in 0.016025 seconds 
========================================================================
Received Import Request.
  Time since last request: 0.462203 seconds.
  path: Assets/Terrain/TerrainData_c15fe805-c33c-4735-96e3-bb23b9170a5a.asset
  artifactKey: Guid(f4d5dbbd44b55724c98e4218e6759232) Importer(815301076,1909f56bfc062723c751e8b465ee728b)
Start importing Assets/Terrain/TerrainData_c15fe805-c33c-4735-96e3-bb23b9170a5a.asset using Guid(f4d5dbbd44b55724c98e4218e6759232) Importer(815301076,1909f56bfc062723c751e8b465ee728b)  -> (artifact id: 'c259e3eca08f5d5a2abeb5d6041538dc') in 0.015882 seconds 
========================================================================
Received Import Request.
  Time since last request: 0.461077 seconds.
  path: Assets/Terrain/TerrainData_1c1bec73-17c0-44be-9ad5-21ec52fd3ef0.asset
  artifactKey: Guid(7a93804bdb7de914b8a49cb1266ee46e) Importer(815301076,1909f56bfc062723c751e8b465ee728b)
Start importing Assets/Terrain/TerrainData_1c1bec73-17c0-44be-9ad5-21ec52fd3ef0.asset using Guid(7a93804bdb7de914b8a49cb1266ee46e) Importer(815301076,1909f56bfc062723c751e8b465ee728b)  -> (artifact id: 'fece07d789452e7720b2e2a263488cbb') in 0.016527 seconds 
========================================================================
Received Import Request.
  Time since last request: 0.575916 seconds.
  path: Assets/Terrain/TerrainData_6ace845a-2344-4c31-8e0b-d511ca6fe88f.asset
  artifactKey: Guid(a6d06d585e848b54eb25613df3329841) Importer(815301076,1909f56bfc062723c751e8b465ee728b)
Start importing Assets/Terrain/TerrainData_6ace845a-2344-4c31-8e0b-d511ca6fe88f.asset using Guid(a6d06d585e848b54eb25613df3329841) Importer(815301076,1909f56bfc062723c751e8b465ee728b)  -> (artifact id: '69df3a74059aa461dab9d0ac85162a46') in 0.016522 seconds 
========================================================================
Received Import Request.
  Time since last request: 1.600398 seconds.
  path: Assets/Terrain/TerrainData_b1e0d717-07ab-41f0-a46c-aa1b9d9a547f.asset
  artifactKey: Guid(dce35a69fdc771e43ab016ac92d7a98f) Importer(815301076,1909f56bfc062723c751e8b465ee728b)
Start importing Assets/Terrain/TerrainData_b1e0d717-07ab-41f0-a46c-aa1b9d9a547f.asset using Guid(dce35a69fdc771e43ab016ac92d7a98f) Importer(815301076,1909f56bfc062723c751e8b465ee728b)  -> (artifact id: 'cd6d7f4afd55ccce8870cbc96534a838') in 0.016533 seconds 
========================================================================
Received Import Request.
  Time since last request: 0.951447 seconds.
  path: Assets/Terrain/TerrainData_7b5bec74-479d-47c3-b06d-ac1bfc65662b.asset
  artifactKey: Guid(4d2c8de81f55e5a46b19673ed1f1fdf4) Importer(815301076,1909f56bfc062723c751e8b465ee728b)
Start importing Assets/Terrain/TerrainData_7b5bec74-479d-47c3-b06d-ac1bfc65662b.asset using Guid(4d2c8de81f55e5a46b19673ed1f1fdf4) Importer(815301076,1909f56bfc062723c751e8b465ee728b)  -> (artifact id: '82cdfe317bae5f2ff3c8b537c957385a') in 0.016168 seconds 
========================================================================
Received Import Request.
  Time since last request: 117.780094 seconds.
  path: Assets/Terrain/TerrainData_0adcc438-c970-48f8-beec-eb84ab9c7c8d.asset
  artifactKey: Guid(3a219cb695158ea40b950c0b7ed9e386) Importer(815301076,1909f56bfc062723c751e8b465ee728b)
Start importing Assets/Terrain/TerrainData_0adcc438-c970-48f8-beec-eb84ab9c7c8d.asset using Guid(3a219cb695158ea40b950c0b7ed9e386) Importer(815301076,1909f56bfc062723c751e8b465ee728b)  -> (artifact id: '28ba35362e9deab5c18a9b257591c622') in 0.041205 seconds 
========================================================================
Received Import Request.
  Time since last request: 0.000030 seconds.
  path: Assets/Terrain/TerrainData_852b5ddd-22bc-4f69-a049-b7aaf6f9155b.asset
  artifactKey: Guid(c42355b792729194d8f7809f0bdf174a) Importer(815301076,1909f56bfc062723c751e8b465ee728b)
Start importing Assets/Terrain/TerrainData_852b5ddd-22bc-4f69-a049-b7aaf6f9155b.asset using Guid(c42355b792729194d8f7809f0bdf174a) Importer(815301076,1909f56bfc062723c751e8b465ee728b)  -> (artifact id: '51e8a6a4f51926df5474baf404f9c6f9') in 0.015259 seconds 
========================================================================
Received Import Request.
  Time since last request: 0.000035 seconds.
  path: Assets/Terrain/TerrainData_ca63dfae-3974-4a5f-a934-652d55418c49.asset
  artifactKey: Guid(971896569bdb1d54d923edcbeca7dadd) Importer(815301076,1909f56bfc062723c751e8b465ee728b)
Start importing Assets/Terrain/TerrainData_ca63dfae-3974-4a5f-a934-652d55418c49.asset using Guid(971896569bdb1d54d923edcbeca7dadd) Importer(815301076,1909f56bfc062723c751e8b465ee728b)  -> (artifact id: 'f52a14ca82ee480f50b3eef8458ee3ea') in 0.013795 seconds 
========================================================================
Received Import Request.
  Time since last request: 0.000132 seconds.
  path: Assets/Terrain/TerrainData_6ace845a-2344-4c31-8e0b-d511ca6fe88f.asset
  artifactKey: Guid(a6d06d585e848b54eb25613df3329841) Importer(815301076,1909f56bfc062723c751e8b465ee728b)
Start importing Assets/Terrain/TerrainData_6ace845a-2344-4c31-8e0b-d511ca6fe88f.asset using Guid(a6d06d585e848b54eb25613df3329841) Importer(815301076,1909f56bfc062723c751e8b465ee728b)  -> (artifact id: '50ede599e31e4964fcefe451fadc4d34') in 0.025963 seconds 
========================================================================
Received Import Request.
  Time since last request: 0.000043 seconds.
  path: Assets/Terrain/TerrainData_7b5bec74-479d-47c3-b06d-ac1bfc65662b.asset
  artifactKey: Guid(4d2c8de81f55e5a46b19673ed1f1fdf4) Importer(815301076,1909f56bfc062723c751e8b465ee728b)
Start importing Assets/Terrain/TerrainData_7b5bec74-479d-47c3-b06d-ac1bfc65662b.asset using Guid(4d2c8de81f55e5a46b19673ed1f1fdf4) Importer(815301076,1909f56bfc062723c751e8b465ee728b)  -> (artifact id: '114eb312d24597ff1de2686e4f9145fb') in 0.028388 seconds 
========================================================================
Received Import Request.
  Time since last request: 0.000027 seconds.
  path: Assets/Terrain/TerrainData_49388d58-1c06-431d-b003-a2fd091e9000.asset
  artifactKey: Guid(c3bccb8a736321b4da209005a8e91780) Importer(815301076,1909f56bfc062723c751e8b465ee728b)
Start importing Assets/Terrain/TerrainData_49388d58-1c06-431d-b003-a2fd091e9000.asset using Guid(c3bccb8a736321b4da209005a8e91780) Importer(815301076,1909f56bfc062723c751e8b465ee728b)  -> (artifact id: 'a15aa271bc5410dcf38a624013a323f8') in 0.028376 seconds 
========================================================================
Received Import Request.
  Time since last request: 0.000037 seconds.
  path: Assets/Terrain/TerrainData_7f7f52fc-45f5-44c0-9470-3a9f80d4c326.asset
  artifactKey: Guid(44f5eb2d1cd389d4cb146894281484bd) Importer(815301076,1909f56bfc062723c751e8b465ee728b)
Start importing Assets/Terrain/TerrainData_7f7f52fc-45f5-44c0-9470-3a9f80d4c326.asset using Guid(44f5eb2d1cd389d4cb146894281484bd) Importer(815301076,1909f56bfc062723c751e8b465ee728b)  -> (artifact id: '2eb602703cf0f5a1c0ca8bb4667c1acf') in 0.017441 seconds 
========================================================================
Received Import Request.
  Time since last request: 0.000026 seconds.
  path: Assets/Terrain/TerrainData_053dfb28-2bad-4c08-888c-aea15b0b3096.asset
  artifactKey: Guid(6bc372c3151fbed4a95bc57311770c84) Importer(815301076,1909f56bfc062723c751e8b465ee728b)
Start importing Assets/Terrain/TerrainData_053dfb28-2bad-4c08-888c-aea15b0b3096.asset using Guid(6bc372c3151fbed4a95bc57311770c84) Importer(815301076,1909f56bfc062723c751e8b465ee728b)  -> (artifact id: 'd22d6f8477464538b1fdae9427ea5b0e') in 0.025737 seconds 
========================================================================
Received Import Request.
  Time since last request: 0.000028 seconds.
  path: Assets/Terrain/TerrainData_7e54be15-7f91-46ba-9d17-a0e4269dd219.asset
  artifactKey: Guid(de712a77048b4ed4a90e29a49fdfa61c) Importer(815301076,1909f56bfc062723c751e8b465ee728b)
Start importing Assets/Terrain/TerrainData_7e54be15-7f91-46ba-9d17-a0e4269dd219.asset using Guid(de712a77048b4ed4a90e29a49fdfa61c) Importer(815301076,1909f56bfc062723c751e8b465ee728b)  -> (artifact id: '48234bfc6fad8ff4fcd6e2e33d907927') in 0.015985 seconds 
========================================================================
Received Import Request.
  Time since last request: 0.000030 seconds.
  path: Assets/Terrain/TerrainData_d30ceefb-5c17-4e2a-a2d7-e6d3240b694e.asset
  artifactKey: Guid(b5ef6c66ad9732b408b4ba012e2a4d21) Importer(815301076,1909f56bfc062723c751e8b465ee728b)
Start importing Assets/Terrain/TerrainData_d30ceefb-5c17-4e2a-a2d7-e6d3240b694e.asset using Guid(b5ef6c66ad9732b408b4ba012e2a4d21) Importer(815301076,1909f56bfc062723c751e8b465ee728b)  -> (artifact id: '724a29870cfc580fceba15e8c801d06d') in 0.019501 seconds 
========================================================================
Received Import Request.
  Time since last request: 0.000041 seconds.
  path: Assets/Terrain/TerrainData_5c04cd2f-0677-4380-82df-7d7b86aa727d.asset
  artifactKey: Guid(50e64dea07abe0248b9b0f5aeebed796) Importer(815301076,1909f56bfc062723c751e8b465ee728b)
Start importing Assets/Terrain/TerrainData_5c04cd2f-0677-4380-82df-7d7b86aa727d.asset using Guid(50e64dea07abe0248b9b0f5aeebed796) Importer(815301076,1909f56bfc062723c751e8b465ee728b)  -> (artifact id: 'c9749328b135aebb68312d1bc83fd9d4') in 0.034810 seconds 
========================================================================
Received Import Request.
  Time since last request: 0.000024 seconds.
  path: Assets/Terrain/TerrainData_a2b0c1b2-f78c-41c0-82f2-414a7ff1b94e.asset
  artifactKey: Guid(6b71d510700cb3f4b8d93852eb193562) Importer(815301076,1909f56bfc062723c751e8b465ee728b)
Start importing Assets/Terrain/TerrainData_a2b0c1b2-f78c-41c0-82f2-414a7ff1b94e.asset using Guid(6b71d510700cb3f4b8d93852eb193562) Importer(815301076,1909f56bfc062723c751e8b465ee728b)  -> (artifact id: '6a81f106f885bb9ba802f88f36f786e5') in 0.017382 seconds 
========================================================================
Received Import Request.
  Time since last request: 0.000029 seconds.
  path: Assets/Terrain/TerrainData_d366e323-8283-4a8e-8cfb-25b63cfc2d31.asset
  artifactKey: Guid(b50b236eff36c6d48ae13e43ed536158) Importer(815301076,1909f56bfc062723c751e8b465ee728b)
Start importing Assets/Terrain/TerrainData_d366e323-8283-4a8e-8cfb-25b63cfc2d31.asset using Guid(b50b236eff36c6d48ae13e43ed536158) Importer(815301076,1909f56bfc062723c751e8b465ee728b)  -> (artifact id: '8858ea75432b96bbbff0d6103c9d2692') in 0.017580 seconds 
========================================================================
Received Import Request.
  Time since last request: 0.000035 seconds.
  path: Assets/Terrain/TerrainData_4098f2a9-90c3-40ac-8d9f-0571aff1f368.asset
  artifactKey: Guid(51ce16ede4d0cc046a31a3fdc0bdaf39) Importer(815301076,1909f56bfc062723c751e8b465ee728b)
Start importing Assets/Terrain/TerrainData_4098f2a9-90c3-40ac-8d9f-0571aff1f368.asset using Guid(51ce16ede4d0cc046a31a3fdc0bdaf39) Importer(815301076,1909f56bfc062723c751e8b465ee728b)  -> (artifact id: '5b3029bb3e4d120232edf584536e46b2') in 0.027781 seconds 
========================================================================
Received Import Request.
  Time since last request: 0.000027 seconds.
  path: Assets/Terrain/TerrainData_37be70ff-deb5-4f99-91e8-203886093e0f.asset
  artifactKey: Guid(72c97604b7e7a5b44afbc414fafb891d) Importer(815301076,1909f56bfc062723c751e8b465ee728b)
Start importing Assets/Terrain/TerrainData_37be70ff-deb5-4f99-91e8-203886093e0f.asset using Guid(72c97604b7e7a5b44afbc414fafb891d) Importer(815301076,1909f56bfc062723c751e8b465ee728b)  -> (artifact id: 'ba1ee7d0ae628df8505f71df8410c428') in 0.039763 seconds 
========================================================================
Received Import Request.
  Time since last request: 0.000029 seconds.
  path: Assets/Terrain/TerrainData_7606987e-918b-406e-b41f-36401b81038e.asset
  artifactKey: Guid(99481ec34824c6b4a99537aa5ec598c3) Importer(815301076,1909f56bfc062723c751e8b465ee728b)
Start importing Assets/Terrain/TerrainData_7606987e-918b-406e-b41f-36401b81038e.asset using Guid(99481ec34824c6b4a99537aa5ec598c3) Importer(815301076,1909f56bfc062723c751e8b465ee728b)  -> (artifact id: 'e69148ad21adfde092b1e048a613775b') in 0.024323 seconds 
========================================================================
Received Import Request.
  Time since last request: 0.000030 seconds.
  path: Assets/Terrain/TerrainData_2413e1dd-c2bd-4545-a196-dcbc9422a714.asset
  artifactKey: Guid(421b7a088197bd149a01d7c19d041ed0) Importer(815301076,1909f56bfc062723c751e8b465ee728b)
Start importing Assets/Terrain/TerrainData_2413e1dd-c2bd-4545-a196-dcbc9422a714.asset using Guid(421b7a088197bd149a01d7c19d041ed0) Importer(815301076,1909f56bfc062723c751e8b465ee728b)  -> (artifact id: 'cbb81a5ae17fde972e13f8c7537c2684') in 0.026642 seconds 
========================================================================
Received Import Request.
  Time since last request: 0.000039 seconds.
  path: Assets/Terrain/TerrainData_b5b08e60-09a9-4b9d-ac64-1969ce423e37.asset
  artifactKey: Guid(02e35b0c0d2c8a54f8c7ed0b020cf76b) Importer(815301076,1909f56bfc062723c751e8b465ee728b)
Start importing Assets/Terrain/TerrainData_b5b08e60-09a9-4b9d-ac64-1969ce423e37.asset using Guid(02e35b0c0d2c8a54f8c7ed0b020cf76b) Importer(815301076,1909f56bfc062723c751e8b465ee728b)  -> (artifact id: '6c2e9dfa1cf3848592f7a5b8c63fe73e') in 0.019779 seconds 
========================================================================
Received Import Request.
  Time since last request: 0.000030 seconds.
  path: Assets/Terrain/TerrainData_c15fe805-c33c-4735-96e3-bb23b9170a5a.asset
  artifactKey: Guid(f4d5dbbd44b55724c98e4218e6759232) Importer(815301076,1909f56bfc062723c751e8b465ee728b)
Start importing Assets/Terrain/TerrainData_c15fe805-c33c-4735-96e3-bb23b9170a5a.asset using Guid(f4d5dbbd44b55724c98e4218e6759232) Importer(815301076,1909f56bfc062723c751e8b465ee728b)  -> (artifact id: '95bb099044682766ce62e8237a9cb05a') in 0.017731 seconds 
========================================================================
Received Import Request.
  Time since last request: 0.000030 seconds.
  path: Assets/Terrain/TerrainData_7ba8e7dd-0212-4d95-92b6-9d63556ba815.asset
  artifactKey: Guid(b71272d50c1573a48a3429a3bf0c9bb5) Importer(815301076,1909f56bfc062723c751e8b465ee728b)
Start importing Assets/Terrain/TerrainData_7ba8e7dd-0212-4d95-92b6-9d63556ba815.asset using Guid(b71272d50c1573a48a3429a3bf0c9bb5) Importer(815301076,1909f56bfc062723c751e8b465ee728b)  -> (artifact id: '702a92e15afb04b8868b54bd7d0b0455') in 0.017472 seconds 
========================================================================
Received Import Request.
  Time since last request: 0.000051 seconds.
  path: Assets/Terrain/TerrainData_d9553a44-7235-4790-b7c4-5587c8cb429b.asset
  artifactKey: Guid(03b489cab9a75aa49b7cd641302a189d) Importer(815301076,1909f56bfc062723c751e8b465ee728b)
Start importing Assets/Terrain/TerrainData_d9553a44-7235-4790-b7c4-5587c8cb429b.asset using Guid(03b489cab9a75aa49b7cd641302a189d) Importer(815301076,1909f56bfc062723c751e8b465ee728b)  -> (artifact id: 'f77ede7e616cc3eee9909a8efe852f0d') in 0.017154 seconds 
========================================================================
Received Import Request.
  Time since last request: 0.000030 seconds.
  path: Assets/Terrain/TerrainData_11334a8c-9bf9-48b3-b53d-5f249f2ee130.asset
  artifactKey: Guid(68ed4144dbd1134448780a355dc37834) Importer(815301076,1909f56bfc062723c751e8b465ee728b)
Start importing Assets/Terrain/TerrainData_11334a8c-9bf9-48b3-b53d-5f249f2ee130.asset using Guid(68ed4144dbd1134448780a355dc37834) Importer(815301076,1909f56bfc062723c751e8b465ee728b)  -> (artifact id: '6058f5004614348bcd9107bc4d4da7ea') in 0.018539 seconds 
========================================================================
Received Import Request.
  Time since last request: 0.000031 seconds.
  path: Assets/Terrain/TerrainData_88ea6a6b-f6ab-441a-b3fd-35589d23a11d.asset
  artifactKey: Guid(3d42fa14839eaba45a4730a235a8490c) Importer(815301076,1909f56bfc062723c751e8b465ee728b)
Start importing Assets/Terrain/TerrainData_88ea6a6b-f6ab-441a-b3fd-35589d23a11d.asset using Guid(3d42fa14839eaba45a4730a235a8490c) Importer(815301076,1909f56bfc062723c751e8b465ee728b)  -> (artifact id: 'f70728ebb1c1183df3f54101e12eef42') in 0.018495 seconds 
========================================================================
Received Import Request.
  Time since last request: 0.000042 seconds.
  path: Assets/Terrain/TerrainData_ae5e19b9-eab2-4f65-a80c-fb00bffbe27d.asset
  artifactKey: Guid(9bba305b309da6f4bbc40154ce996fb9) Importer(815301076,1909f56bfc062723c751e8b465ee728b)
Start importing Assets/Terrain/TerrainData_ae5e19b9-eab2-4f65-a80c-fb00bffbe27d.asset using Guid(9bba305b309da6f4bbc40154ce996fb9) Importer(815301076,1909f56bfc062723c751e8b465ee728b)  -> (artifact id: 'abdd3cf8d165967fbefe555758c8ab6f') in 0.020799 seconds 
========================================================================
Received Import Request.
  Time since last request: 0.000037 seconds.
  path: Assets/Terrain/TerrainData_af01c3fd-f5c8-4e72-a110-9110b4bd8574.asset
  artifactKey: Guid(e78e144782ab8284798257dad67e03ab) Importer(815301076,1909f56bfc062723c751e8b465ee728b)
Start importing Assets/Terrain/TerrainData_af01c3fd-f5c8-4e72-a110-9110b4bd8574.asset using Guid(e78e144782ab8284798257dad67e03ab) Importer(815301076,1909f56bfc062723c751e8b465ee728b)  -> (artifact id: '948c8cf4383faf6571ca7a789b5714c0') in 0.038802 seconds 
========================================================================
Received Import Request.
  Time since last request: 0.000039 seconds.
  path: Assets/Terrain/TerrainData_d2f1bbfa-45f6-4605-a2b6-794e87566f59.asset
  artifactKey: Guid(671c1f063febd9646952a6f5ca6aeca3) Importer(815301076,1909f56bfc062723c751e8b465ee728b)
Start importing Assets/Terrain/TerrainData_d2f1bbfa-45f6-4605-a2b6-794e87566f59.asset using Guid(671c1f063febd9646952a6f5ca6aeca3) Importer(815301076,1909f56bfc062723c751e8b465ee728b)  -> (artifact id: '84324e531162e17911b9acecc87d3daf') in 0.028195 seconds 
========================================================================
Received Import Request.
  Time since last request: 0.000042 seconds.
  path: Assets/Terrain/TerrainData_0414ea4e-3196-4862-8f23-5259415862e7.asset
  artifactKey: Guid(a96a8a9d9c367b24e92a448be9688b9b) Importer(815301076,1909f56bfc062723c751e8b465ee728b)
Start importing Assets/Terrain/TerrainData_0414ea4e-3196-4862-8f23-5259415862e7.asset using Guid(a96a8a9d9c367b24e92a448be9688b9b) Importer(815301076,1909f56bfc062723c751e8b465ee728b)  -> (artifact id: '61690de2f5736cc3394a067a629c1c58') in 0.018705 seconds 
========================================================================
Received Import Request.
  Time since last request: 0.000035 seconds.
  path: Assets/Terrain/TerrainData_87869ade-f623-48ed-a160-7d922fb441d9.asset
  artifactKey: Guid(6795e8309792f3046a329beb17b2daf5) Importer(815301076,1909f56bfc062723c751e8b465ee728b)
Start importing Assets/Terrain/TerrainData_87869ade-f623-48ed-a160-7d922fb441d9.asset using Guid(6795e8309792f3046a329beb17b2daf5) Importer(815301076,1909f56bfc062723c751e8b465ee728b)  -> (artifact id: 'f3968ef99f10cee1b3422f6067efa849') in 0.014174 seconds 
========================================================================
Received Import Request.
  Time since last request: 0.000029 seconds.
  path: Assets/Terrain/TerrainData_c8e79d42-cef0-49b4-b7ba-b91f633f47e1.asset
  artifactKey: Guid(4b617ba5011a67741977d4c4674b2831) Importer(815301076,1909f56bfc062723c751e8b465ee728b)
Start importing Assets/Terrain/TerrainData_c8e79d42-cef0-49b4-b7ba-b91f633f47e1.asset using Guid(4b617ba5011a67741977d4c4674b2831) Importer(815301076,1909f56bfc062723c751e8b465ee728b)  -> (artifact id: 'ff1ab810a0014fe6c96ef9958d94291c') in 0.014952 seconds 
========================================================================
Received Import Request.
  Time since last request: 0.000036 seconds.
  path: Assets/Terrain/TerrainData_71b04c94-ab09-4b52-9653-34cc730c10c6.asset
  artifactKey: Guid(9afae74006e9aad4d8e1ac59e65ead46) Importer(815301076,1909f56bfc062723c751e8b465ee728b)
Start importing Assets/Terrain/TerrainData_71b04c94-ab09-4b52-9653-34cc730c10c6.asset using Guid(9afae74006e9aad4d8e1ac59e65ead46) Importer(815301076,1909f56bfc062723c751e8b465ee728b)  -> (artifact id: '542ffe8967c814e4e780ff753901958f') in 0.018406 seconds 
========================================================================
Received Import Request.
  Time since last request: 0.000041 seconds.
  path: Assets/Terrain/TerrainData_7f96fef7-f7cf-4a6b-a81f-e831496fc5de.asset
  artifactKey: Guid(155244a906708824ba1aee7068d2d35f) Importer(815301076,1909f56bfc062723c751e8b465ee728b)
Start importing Assets/Terrain/TerrainData_7f96fef7-f7cf-4a6b-a81f-e831496fc5de.asset using Guid(155244a906708824ba1aee7068d2d35f) Importer(815301076,1909f56bfc062723c751e8b465ee728b)  -> (artifact id: '145652511f6f79303a1650c642a128da') in 0.022462 seconds 
========================================================================
Received Import Request.
  Time since last request: 0.000031 seconds.
  path: Assets/Terrain/TerrainData_334fecd6-2ea1-47db-bba7-e7e2fc0eea18.asset
  artifactKey: Guid(aa66783fb3a994648b48d11d9057573e) Importer(815301076,1909f56bfc062723c751e8b465ee728b)
Start importing Assets/Terrain/TerrainData_334fecd6-2ea1-47db-bba7-e7e2fc0eea18.asset using Guid(aa66783fb3a994648b48d11d9057573e) Importer(815301076,1909f56bfc062723c751e8b465ee728b)  -> (artifact id: 'cce59d9138694c80f2d579d80281d9aa') in 0.015219 seconds 
========================================================================
Received Import Request.
  Time since last request: 0.000032 seconds.
  path: Assets/Terrain/TerrainData_354fd7e1-291f-410c-9fae-0b4a20d808bb.asset
  artifactKey: Guid(e4c44f8d741d93c4d92bef9c344c472d) Importer(815301076,1909f56bfc062723c751e8b465ee728b)
Start importing Assets/Terrain/TerrainData_354fd7e1-291f-410c-9fae-0b4a20d808bb.asset using Guid(e4c44f8d741d93c4d92bef9c344c472d) Importer(815301076,1909f56bfc062723c751e8b465ee728b)  -> (artifact id: '867ad27ed79bc480e1315511514b804d') in 0.023342 seconds 
========================================================================
Received Import Request.
  Time since last request: 0.000056 seconds.
  path: Assets/Terrain/TerrainData_b1e0d717-07ab-41f0-a46c-aa1b9d9a547f.asset
  artifactKey: Guid(dce35a69fdc771e43ab016ac92d7a98f) Importer(815301076,1909f56bfc062723c751e8b465ee728b)
Start importing Assets/Terrain/TerrainData_b1e0d717-07ab-41f0-a46c-aa1b9d9a547f.asset using Guid(dce35a69fdc771e43ab016ac92d7a98f) Importer(815301076,1909f56bfc062723c751e8b465ee728b)  -> (artifact id: '2af7eb9fbc0ce0f3e1187b4242af0a8a') in 0.015555 seconds 
========================================================================
Received Import Request.
  Time since last request: 0.000048 seconds.
  path: Assets/Terrain/TerrainData_87c926d3-6ebc-4594-a1eb-10066cce3a59.asset
  artifactKey: Guid(51c1935c346084e4fbeef2edf80e251b) Importer(815301076,1909f56bfc062723c751e8b465ee728b)
Start importing Assets/Terrain/TerrainData_87c926d3-6ebc-4594-a1eb-10066cce3a59.asset using Guid(51c1935c346084e4fbeef2edf80e251b) Importer(815301076,1909f56bfc062723c751e8b465ee728b)  -> (artifact id: '0a9203a289f74022150b08a75258b265') in 0.017155 seconds 
========================================================================
Received Import Request.
  Time since last request: 0.000068 seconds.
  path: Assets/Terrain/TerrainData_890c0c68-610f-4a1c-99ab-7b86c990a3c4.asset
  artifactKey: Guid(b1c642be1c2a4fd40a067f25ecea5de5) Importer(815301076,1909f56bfc062723c751e8b465ee728b)
Start importing Assets/Terrain/TerrainData_890c0c68-610f-4a1c-99ab-7b86c990a3c4.asset using Guid(b1c642be1c2a4fd40a067f25ecea5de5) Importer(815301076,1909f56bfc062723c751e8b465ee728b)  -> (artifact id: 'e941a8a64e0e03950f4aac9d14675cf5') in 0.013853 seconds 
========================================================================
Received Import Request.
  Time since last request: 0.000034 seconds.
  path: Assets/Terrain/TerrainData_1e6c5153-cacd-440a-8ffa-c92424d10419.asset
  artifactKey: Guid(7f8377c63fe087c4fb3c0c786513eed9) Importer(815301076,1909f56bfc062723c751e8b465ee728b)
Start importing Assets/Terrain/TerrainData_1e6c5153-cacd-440a-8ffa-c92424d10419.asset using Guid(7f8377c63fe087c4fb3c0c786513eed9) Importer(815301076,1909f56bfc062723c751e8b465ee728b)  -> (artifact id: '786c6dbc53ae2121201678a348616470') in 0.014219 seconds 
========================================================================
Received Import Request.
  Time since last request: 0.000035 seconds.
  path: Assets/Terrain/TerrainData_57486fa9-56ff-4347-9ddd-0ec28125946c.asset
  artifactKey: Guid(1bd37dc2e5cdf0e4c948be0956cf118f) Importer(815301076,1909f56bfc062723c751e8b465ee728b)
Start importing Assets/Terrain/TerrainData_57486fa9-56ff-4347-9ddd-0ec28125946c.asset using Guid(1bd37dc2e5cdf0e4c948be0956cf118f) Importer(815301076,1909f56bfc062723c751e8b465ee728b)  -> (artifact id: 'd052d1b19090d166b3eb1c290281bc68') in 0.019303 seconds 
Editor requested this worker to shutdown with reason: Scaling down because of idle timeout
AssetImportWorker is now disconnected from the server
Process exiting
Exiting without the bug reporter. Application will terminate with return code 0