Using pre-set license
Built from '2021.3/staging' branch; Version is '2021.3.4f1 (cb45f9cae8b7) revision 13321721'; Using compiler version '192829333'; Build Type 'Release'
OS: 'Windows 10  (10.0.19044) 64bit Core' Language: 'en' Physical Memory: 32509 MB
BatchMode: 1, IsHumanControllingUs: 0, StartBugReporterOnCrash: 0, Is64bit: 1, IsPro: 1

COMMAND LINE ARGUMENTS:
C:\Program Files\Unity\Hub\Editor\2021.3.4f1\Editor\Unity.exe
-adb2
-batchMode
-noUpm
-name
AssetImportWorker37
-projectPath
C:/Users/Carter/Documents/GitHub/AWalkInWinterland/A Walk In Winterland
-logFile
Logs/AssetImportWorker37.log
-srvPort
59116
Successfully changed project path to: C:/Users/Carter/Documents/GitHub/AWalkInWinterland/A Walk In Winterland
C:/Users/Carter/Documents/GitHub/AWalkInWinterland/A Walk In Winterland
[UnityMemory] Configuration Parameters - Can be set up in boot.config
    "memorysetup-bucket-allocator-granularity=16"
    "memorysetup-bucket-allocator-bucket-count=8"
    "memorysetup-bucket-allocator-block-size=33554432"
    "memorysetup-bucket-allocator-block-count=8"
    "memorysetup-main-allocator-block-size=16777216"
    "memorysetup-thread-allocator-block-size=16777216"
    "memorysetup-gfx-main-allocator-block-size=16777216"
    "memorysetup-gfx-thread-allocator-block-size=16777216"
    "memorysetup-cache-allocator-block-size=4194304"
    "memorysetup-typetree-allocator-block-size=2097152"
    "memorysetup-profiler-bucket-allocator-granularity=16"
    "memorysetup-profiler-bucket-allocator-bucket-count=8"
    "memorysetup-profiler-bucket-allocator-block-size=33554432"
    "memorysetup-profiler-bucket-allocator-block-count=8"
    "memorysetup-profiler-allocator-block-size=16777216"
    "memorysetup-profiler-editor-allocator-block-size=1048576"
    "memorysetup-temp-allocator-size-main=16777216"
    "memorysetup-job-temp-allocator-block-size=2097152"
    "memorysetup-job-temp-allocator-block-size-background=1048576"
    "memorysetup-job-temp-allocator-reduction-small-platforms=262144"
    "memorysetup-temp-allocator-size-background-worker=32768"
    "memorysetup-temp-allocator-size-job-worker=262144"
    "memorysetup-temp-allocator-size-preload-manager=33554432"
    "memorysetup-temp-allocator-size-nav-mesh-worker=65536"
    "memorysetup-temp-allocator-size-audio-worker=65536"
    "memorysetup-temp-allocator-size-cloud-worker=32768"
    "memorysetup-temp-allocator-size-gi-baking-worker=262144"
    "memorysetup-temp-allocator-size-gfx=262144"
Refreshing native plugins compatible for Editor in 323.79 ms, found 6 plugins.
Preloading 0 native plugins for Editor in 0.00 ms.
Initialize engine version: 2021.3.4f1 (cb45f9cae8b7)
[Subsystems] Discovering subsystems at path C:/Program Files/Unity/Hub/Editor/2021.3.4f1/Editor/Data/Resources/UnitySubsystems
[Subsystems] Discovering subsystems at path C:/Users/Carter/Documents/GitHub/AWalkInWinterland/A Walk In Winterland/Assets
GfxDevice: creating device client; threaded=0; jobified=0
Direct3D:
    Version:  Direct3D 11.0 [level 11.1]
    Renderer: NVIDIA GeForce RTX 3070 Ti (ID=0x2482)
    Vendor:   NVIDIA
    VRAM:     8041 MB
    Driver:   31.0.15.1748
Initialize mono
Mono path[0] = 'C:/Program Files/Unity/Hub/Editor/2021.3.4f1/Editor/Data/Managed'
Mono path[1] = 'C:/Program Files/Unity/Hub/Editor/2021.3.4f1/Editor/Data/MonoBleedingEdge/lib/mono/unityjit-win32'
Mono config path = 'C:/Program Files/Unity/Hub/Editor/2021.3.4f1/Editor/Data/MonoBleedingEdge/etc'
Using monoOptions --debugger-agent=transport=dt_socket,embedding=1,server=y,suspend=n,address=127.0.0.1:56172
Begin MonoManager ReloadAssembly
Registering precompiled unity dll's ...
Register platform support module: C:/Program Files/Unity/Hub/Editor/2021.3.4f1/Editor/Data/PlaybackEngines/WebGLSupport/UnityEditor.WebGL.Extensions.dll
Register platform support module: C:/Program Files/Unity/Hub/Editor/2021.3.4f1/Editor/Data/PlaybackEngines/AndroidPlayer/UnityEditor.Android.Extensions.dll
Register platform support module: C:/Program Files/Unity/Hub/Editor/2021.3.4f1/Editor/Data/PlaybackEngines/iOSSupport/UnityEditor.iOS.Extensions.dll
Register platform support module: C:/Program Files/Unity/Hub/Editor/2021.3.4f1/Editor/Data/PlaybackEngines/WindowsStandaloneSupport/UnityEditor.WindowsStandalone.Extensions.dll
Registered in 0.019055 seconds.
Native extension for WindowsStandalone target not found
[usbmuxd] Start listen thread
Native extension for iOS target not found
Native extension for Android target not found
[usbmuxd] Listen thread started
[usbmuxd] Send listen message
Native extension for WebGL target not found
Refreshing native plugins compatible for Editor in 237.29 ms, found 6 plugins.
Preloading 0 native plugins for Editor in 0.00 ms.
Mono: successfully reloaded assembly
- Completed reload, in  1.169 seconds
Domain Reload Profiling:
	ReloadAssembly (1170ms)
		BeginReloadAssembly (121ms)
			ExecutionOrderSort (0ms)
			DisableScriptedObjects (0ms)
			BackupInstance (0ms)
			ReleaseScriptingObjects (0ms)
			CreateAndSetChildDomain (2ms)
		EndReloadAssembly (848ms)
			LoadAssemblies (103ms)
			RebuildTransferFunctionScriptingTraits (0ms)
			SetupTypeCache (209ms)
			ReleaseScriptCaches (0ms)
			RebuildScriptCaches (37ms)
			SetupLoadedEditorAssemblies (509ms)
				LogAssemblyErrors (0ms)
				InitializePlatformSupportModulesInManaged (88ms)
				SetLoadedEditorAssemblies (0ms)
				RefreshPlugins (237ms)
				BeforeProcessingInitializeOnLoad (2ms)
				ProcessInitializeOnLoadAttributes (118ms)
				ProcessInitializeOnLoadMethodAttributes (63ms)
				AfterProcessingInitializeOnLoad (0ms)
				EditorAssembliesLoaded (0ms)
			ExecutionOrderSort2 (0ms)
			AwakeInstancesAfterBackupRestoration (0ms)
Platform modules already initialized, skipping
Registering precompiled user dll's ...
Registered in 0.013584 seconds.
Begin MonoManager ReloadAssembly
Symbol file LoadedFromMemory doesn't match image C:\Users\Carter\Documents\GitHub\AWalkInWinterland\A Walk In Winterland\Library\PackageCache\com.unity.visualscripting@1.7.8\Editor\VisualScripting.Core\Dependencies\DotNetZip\Unity.VisualScripting.IonicZip.dll
Symbol file LoadedFromMemory doesn't match image C:\Users\Carter\Documents\GitHub\AWalkInWinterland\A Walk In Winterland\Library\PackageCache\com.unity.visualscripting@1.7.8\Editor\VisualScripting.Core\Dependencies\YamlDotNet\Unity.VisualScripting.YamlDotNet.dll
Native extension for WindowsStandalone target not found
Native extension for iOS target not found
Native extension for Android target not found
Native extension for WebGL target not found
Refreshing native plugins compatible for Editor in 231.74 ms, found 6 plugins.
Preloading 0 native plugins for Editor in 0.00 ms.
Mono: successfully reloaded assembly
- Completed reload, in  2.227 seconds
Domain Reload Profiling:
	ReloadAssembly (2228ms)
		BeginReloadAssembly (234ms)
			ExecutionOrderSort (0ms)
			DisableScriptedObjects (6ms)
			BackupInstance (0ms)
			ReleaseScriptingObjects (0ms)
			CreateAndSetChildDomain (129ms)
		EndReloadAssembly (1858ms)
			LoadAssemblies (114ms)
			RebuildTransferFunctionScriptingTraits (0ms)
			SetupTypeCache (350ms)
			ReleaseScriptCaches (1ms)
			RebuildScriptCaches (89ms)
			SetupLoadedEditorAssemblies (1246ms)
				LogAssemblyErrors (0ms)
				InitializePlatformSupportModulesInManaged (28ms)
				SetLoadedEditorAssemblies (0ms)
				RefreshPlugins (232ms)
				BeforeProcessingInitializeOnLoad (178ms)
				ProcessInitializeOnLoadAttributes (721ms)
				ProcessInitializeOnLoadMethodAttributes (77ms)
				AfterProcessingInitializeOnLoad (9ms)
				EditorAssembliesLoaded (0ms)
			ExecutionOrderSort2 (0ms)
			AwakeInstancesAfterBackupRestoration (6ms)
Platform modules already initialized, skipping
========================================================================
Worker process is ready to serve import requests
Launched and connected shader compiler UnityShaderCompiler.exe after 0.04 seconds
Refreshing native plugins compatible for Editor in 2.00 ms, found 6 plugins.
Preloading 0 native plugins for Editor in 0.00 ms.
Unloading 6741 Unused Serialized files (Serialized files now loaded: 0)
Unloading 140 unused Assets / (2.3 MB). Loaded Objects now: 7171.
Memory consumption went from 428.2 MB to 425.9 MB.
Total: 6.157100 ms (FindLiveObjects: 1.013100 ms CreateObjectMapping: 0.332000 ms MarkObjects: 4.225500 ms  DeleteObjects: 0.585200 ms)

AssetImportParameters requested are different than current active one (requested -> active):
  custom:video-decoder-ogg-theora: a1e56fd34408186e4bbccfd4996cb3dc -> 
  custom:container-muxer-webm: aa71ff27fc2769a1b78a27578f13a17b -> 
  custom:container-demuxer-webm: 4f35f7cbe854078d1ac9338744f61a02 -> 
  custom:video-encoder-webm-vp8: eb34c28f22e8b96e1ab97ce403110664 -> 
  custom:audio-encoder-webm-vorbis: bf7c407c2cedff20999df2af8eb42d56 -> 
  custom:framework-win-MediaFoundation: 216162199b28c13a410421893ffa2e32 -> 
  custom:container-demuxer-ogg: 62fdf1f143b41e24485cea50d1cbac27 -> 
  custom:video-decoder-webm-vp8: 9c59270c3fd7afecdb556c50c9e8de78 -> 
  custom:audio-decoder-ogg-vorbis: bf7c407c2cedff20999df2af8eb42d56 -> 
========================================================================
Received Import Request.
  Time since last request: 1082299.350168 seconds.
  path: Assets/NatureManufacture Assets/Meadow Environment Dynamic Nature/Insects and Particles/Models/meadow_particle_01.fbx
  artifactKey: Guid(efca2e21df2ef8549a8dbc2c8490b67b) Importer(815301076,1909f56bfc062723c751e8b465ee728b)
Start importing Assets/NatureManufacture Assets/Meadow Environment Dynamic Nature/Insects and Particles/Models/meadow_particle_01.fbx using Guid(efca2e21df2ef8549a8dbc2c8490b67b) Importer(815301076,1909f56bfc062723c751e8b465ee728b)  -> (artifact id: '1977ea4797dddd4187a389cbcb4d982e') in 2.369082 seconds 
========================================================================
Received Import Request.
  Time since last request: 17.156249 seconds.
  path: Assets/NatureManufacture Assets/Meadow Environment Dynamic Nature/Demo Scenes/Overview PostProcess URP.asset
  artifactKey: Guid(0b7a2679c5bd42043894a77a31d1adf4) Importer(815301076,1909f56bfc062723c751e8b465ee728b)
Start importing Assets/NatureManufacture Assets/Meadow Environment Dynamic Nature/Demo Scenes/Overview PostProcess URP.asset using Guid(0b7a2679c5bd42043894a77a31d1adf4) Importer(815301076,1909f56bfc062723c751e8b465ee728b)  -> (artifact id: '266a8b3df616ebd6bf1d0dc25fc90621') in 0.031112 seconds 
========================================================================
Received Import Request.
  Time since last request: 0.000083 seconds.
  path: Assets/NatureManufacture Assets/Meadow Environment Dynamic Nature/Demo Scenes/Test Terrain.asset
  artifactKey: Guid(9e24c5a9e898680468d5051e5f24ebfc) Importer(815301076,1909f56bfc062723c751e8b465ee728b)
Start importing Assets/NatureManufacture Assets/Meadow Environment Dynamic Nature/Demo Scenes/Test Terrain.asset using Guid(9e24c5a9e898680468d5051e5f24ebfc) Importer(815301076,1909f56bfc062723c751e8b465ee728b)  -> (artifact id: '203e129cff4002a1837a925abe8b435a') in 0.714642 seconds 
========================================================================
Received Import Request.
  Time since last request: 3.971685 seconds.
  path: Assets/NatureManufacture Assets/Meadow Environment Dynamic Nature/Bushes/Models/grey_willow_02_cross_Mesh.asset
  artifactKey: Guid(d58b4f45a6caa7943b90144adb373cef) Importer(815301076,1909f56bfc062723c751e8b465ee728b)
Start importing Assets/NatureManufacture Assets/Meadow Environment Dynamic Nature/Bushes/Models/grey_willow_02_cross_Mesh.asset using Guid(d58b4f45a6caa7943b90144adb373cef) Importer(815301076,1909f56bfc062723c751e8b465ee728b)  -> (artifact id: '991d69b9bef0d37263eeabff22dba72e') in 0.020261 seconds 
========================================================================
Received Import Request.
  Time since last request: 0.000044 seconds.
  path: Assets/NatureManufacture Assets/Meadow Environment Dynamic Nature/Bushes/Models/maple_bush_04_cross_s_Mesh.asset
  artifactKey: Guid(9278eb59027323d4d8602f5b44d16cb4) Importer(815301076,1909f56bfc062723c751e8b465ee728b)
Start importing Assets/NatureManufacture Assets/Meadow Environment Dynamic Nature/Bushes/Models/maple_bush_04_cross_s_Mesh.asset using Guid(9278eb59027323d4d8602f5b44d16cb4) Importer(815301076,1909f56bfc062723c751e8b465ee728b)  -> (artifact id: '426d9a7cafd2898c5d0d63a61847c4ab') in 0.027465 seconds 
========================================================================
Received Import Request.
  Time since last request: 0.000041 seconds.
  path: Assets/NatureManufacture Assets/Meadow Environment Dynamic Nature/Bushes/Models/maple_bush_01.FBX
  artifactKey: Guid(6a61f2999d031544e9f8f3dbb0479d97) Importer(815301076,1909f56bfc062723c751e8b465ee728b)
Start importing Assets/NatureManufacture Assets/Meadow Environment Dynamic Nature/Bushes/Models/maple_bush_01.FBX using Guid(6a61f2999d031544e9f8f3dbb0479d97) Importer(815301076,1909f56bfc062723c751e8b465ee728b)  -> (artifact id: 'fed75f6a05b2ce7b14875920be66fb24') in 0.170961 seconds 
========================================================================
Received Import Request.
  Time since last request: 0.000271 seconds.
  path: Assets/NatureManufacture Assets/Meadow Environment Dynamic Nature/Bushes/Models/grey_willow_04_cross_s_Mesh.asset
  artifactKey: Guid(6e4939ce4edefce4d9e349d7bb22150d) Importer(815301076,1909f56bfc062723c751e8b465ee728b)
Start importing Assets/NatureManufacture Assets/Meadow Environment Dynamic Nature/Bushes/Models/grey_willow_04_cross_s_Mesh.asset using Guid(6e4939ce4edefce4d9e349d7bb22150d) Importer(815301076,1909f56bfc062723c751e8b465ee728b)  -> (artifact id: '3abda873db0ef3afc6189b6ef1b7842d') in 0.027641 seconds 
========================================================================
Received Import Request.
  Time since last request: 0.000032 seconds.
  path: Assets/NatureManufacture Assets/Meadow Environment Dynamic Nature/Bushes/Models/maple_bush_04.FBX
  artifactKey: Guid(10bdf740f77180b4891444f55cd4c0bd) Importer(815301076,1909f56bfc062723c751e8b465ee728b)
Start importing Assets/NatureManufacture Assets/Meadow Environment Dynamic Nature/Bushes/Models/maple_bush_04.FBX using Guid(10bdf740f77180b4891444f55cd4c0bd) Importer(815301076,1909f56bfc062723c751e8b465ee728b)  -> (artifact id: '1d8fc1092ab458c8d47993577dce913c') in 0.121662 seconds 
========================================================================
Received Import Request.
  Time since last request: 0.000085 seconds.
  path: Assets/NatureManufacture Assets/Meadow Environment Dynamic Nature/Bushes/Models/grey_willow_03_cross_Mesh.asset
  artifactKey: Guid(b29adc7b39ff71842b21e03303ef2839) Importer(815301076,1909f56bfc062723c751e8b465ee728b)
Start importing Assets/NatureManufacture Assets/Meadow Environment Dynamic Nature/Bushes/Models/grey_willow_03_cross_Mesh.asset using Guid(b29adc7b39ff71842b21e03303ef2839) Importer(815301076,1909f56bfc062723c751e8b465ee728b)  -> (artifact id: '1a12c24b26bfd67d27904cb00ae78d80') in 0.027757 seconds 
========================================================================
Received Import Request.
  Time since last request: 4.472478 seconds.
  path: Assets/NatureManufacture Assets/Meadow Environment Dynamic Nature/Bushes/Prefabs/prefab_grey_willow_04.prefab
  artifactKey: Guid(dc546f2f4476f354ab2c417ad7c851c0) Importer(815301076,1909f56bfc062723c751e8b465ee728b)
Start importing Assets/NatureManufacture Assets/Meadow Environment Dynamic Nature/Bushes/Prefabs/prefab_grey_willow_04.prefab using Guid(dc546f2f4476f354ab2c417ad7c851c0) Importer(815301076,1909f56bfc062723c751e8b465ee728b)  -> (artifact id: '4aded4a3bf36b7ac80a63a7a73aac32a') in 0.085128 seconds 
========================================================================
Received Import Request.
  Time since last request: 0.000053 seconds.
  path: Assets/NatureManufacture Assets/Meadow Environment Dynamic Nature/Bushes/Prefabs/prefab_maple_bush_03.prefab
  artifactKey: Guid(9167c9cd56ddf1a4faebe1341dffb1bd) Importer(815301076,1909f56bfc062723c751e8b465ee728b)
Start importing Assets/NatureManufacture Assets/Meadow Environment Dynamic Nature/Bushes/Prefabs/prefab_maple_bush_03.prefab using Guid(9167c9cd56ddf1a4faebe1341dffb1bd) Importer(815301076,1909f56bfc062723c751e8b465ee728b)  -> (artifact id: '3e878581238fed1f114b0946d6f6fb37') in 0.063893 seconds 
========================================================================
Received Import Request.
  Time since last request: 13.220422 seconds.
  path: Assets/NatureManufacture Assets/Meadow Environment Dynamic Nature/Tree Stump/Models/Tree_Stump_02.FBX
  artifactKey: Guid(3d8e2872f7300924caf49150868c3af5) Importer(815301076,1909f56bfc062723c751e8b465ee728b)
Start importing Assets/NatureManufacture Assets/Meadow Environment Dynamic Nature/Tree Stump/Models/Tree_Stump_02.FBX using Guid(3d8e2872f7300924caf49150868c3af5) Importer(815301076,1909f56bfc062723c751e8b465ee728b)  -> (artifact id: 'dd0b3d94b0b48153f67db05afd0653fe') in 0.174316 seconds 
========================================================================
Received Import Request.
  Time since last request: 0.284972 seconds.
  path: Assets/NatureManufacture Assets/Meadow Environment Dynamic Nature/Tree Stump/Prefabs/prefab_Tree_Stump_02.prefab
  artifactKey: Guid(901e5e1d82157574f9f8107c3d72a947) Importer(815301076,1909f56bfc062723c751e8b465ee728b)
Start importing Assets/NatureManufacture Assets/Meadow Environment Dynamic Nature/Tree Stump/Prefabs/prefab_Tree_Stump_02.prefab using Guid(901e5e1d82157574f9f8107c3d72a947) Importer(815301076,1909f56bfc062723c751e8b465ee728b)  -> (artifact id: 'f1c7add404459e998f13f43829d7453d') in 0.075344 seconds 
========================================================================
Received Import Request.
  Time since last request: 0.000080 seconds.
  path: Assets/NatureManufacture Assets/Meadow Environment Dynamic Nature/Tree Stump/Prefabs/prefab_Trunks.prefab
  artifactKey: Guid(6264dc2fd33e4444194f23b0b6a0f50f) Importer(815301076,1909f56bfc062723c751e8b465ee728b)
Start importing Assets/NatureManufacture Assets/Meadow Environment Dynamic Nature/Tree Stump/Prefabs/prefab_Trunks.prefab using Guid(6264dc2fd33e4444194f23b0b6a0f50f) Importer(815301076,1909f56bfc062723c751e8b465ee728b)  -> (artifact id: 'f1b20c62f4024870008f945c90f2ccee') in 0.135139 seconds 
========================================================================
Received Import Request.
  Time since last request: 4.535788 seconds.
  path: Assets/NatureManufacture Assets/Meadow Environment Dynamic Nature/Trees/Models/00_Poplar_plant_A_LOD1.asset
  artifactKey: Guid(19b93abf5f9799749b8a872fcfeb42ad) Importer(815301076,1909f56bfc062723c751e8b465ee728b)
Start importing Assets/NatureManufacture Assets/Meadow Environment Dynamic Nature/Trees/Models/00_Poplar_plant_A_LOD1.asset using Guid(19b93abf5f9799749b8a872fcfeb42ad) Importer(815301076,1909f56bfc062723c751e8b465ee728b)  -> (artifact id: '93a2bfe49539fca23695fdbef4b09839') in 0.026027 seconds 
========================================================================
Received Import Request.
  Time since last request: 0.000081 seconds.
  path: Assets/NatureManufacture Assets/Meadow Environment Dynamic Nature/Trees/Models/05_Poplar_cross_s_Mesh.asset
  artifactKey: Guid(b4863e7546fa51d4eb2dd8135fd01f27) Importer(815301076,1909f56bfc062723c751e8b465ee728b)
Start importing Assets/NatureManufacture Assets/Meadow Environment Dynamic Nature/Trees/Models/05_Poplar_cross_s_Mesh.asset using Guid(b4863e7546fa51d4eb2dd8135fd01f27) Importer(815301076,1909f56bfc062723c751e8b465ee728b)  -> (artifact id: 'ca0540c3c512a66d309da45ffe38691e') in 0.027386 seconds 
========================================================================
Received Import Request.
  Time since last request: 0.000034 seconds.
  path: Assets/NatureManufacture Assets/Meadow Environment Dynamic Nature/Trees/Models/04_Poplar_cross_Mesh.asset
  artifactKey: Guid(fdbd8250fc2bc9d4c908c20fef696388) Importer(815301076,1909f56bfc062723c751e8b465ee728b)
Start importing Assets/NatureManufacture Assets/Meadow Environment Dynamic Nature/Trees/Models/04_Poplar_cross_Mesh.asset using Guid(fdbd8250fc2bc9d4c908c20fef696388) Importer(815301076,1909f56bfc062723c751e8b465ee728b)  -> (artifact id: 'c38765e77bd5662234c1960326f9b1c7') in 0.020607 seconds 
========================================================================
Received Import Request.
  Time since last request: 0.000072 seconds.
  path: Assets/NatureManufacture Assets/Meadow Environment Dynamic Nature/Trees/Models/05_Poplar_LOD3.asset
  artifactKey: Guid(9d90e590482c73848ae82aaed204375a) Importer(815301076,1909f56bfc062723c751e8b465ee728b)
Start importing Assets/NatureManufacture Assets/Meadow Environment Dynamic Nature/Trees/Models/05_Poplar_LOD3.asset using Guid(9d90e590482c73848ae82aaed204375a) Importer(815301076,1909f56bfc062723c751e8b465ee728b)  -> (artifact id: '3ee84112d7644bd963bb5198772b46a6') in 0.048372 seconds 
========================================================================
Received Import Request.
  Time since last request: 0.000041 seconds.
  path: Assets/NatureManufacture Assets/Meadow Environment Dynamic Nature/Trees/Models/04_Poplar_cross_s_Mesh.asset
  artifactKey: Guid(0c9165234ae3a8e40878e7a58b9c9d62) Importer(815301076,1909f56bfc062723c751e8b465ee728b)
Start importing Assets/NatureManufacture Assets/Meadow Environment Dynamic Nature/Trees/Models/04_Poplar_cross_s_Mesh.asset using Guid(0c9165234ae3a8e40878e7a58b9c9d62) Importer(815301076,1909f56bfc062723c751e8b465ee728b)  -> (artifact id: '18fdd4a3c51b8e7ab192ac10620535c9') in 0.031387 seconds 
========================================================================
Received Import Request.
  Time since last request: 0.000046 seconds.
  path: Assets/NatureManufacture Assets/Meadow Environment Dynamic Nature/Trees/Models/07_Poplar_LOD1.asset
  artifactKey: Guid(9e71a1bcaf505584783cc5e58d43833b) Importer(815301076,1909f56bfc062723c751e8b465ee728b)
Start importing Assets/NatureManufacture Assets/Meadow Environment Dynamic Nature/Trees/Models/07_Poplar_LOD1.asset using Guid(9e71a1bcaf505584783cc5e58d43833b) Importer(815301076,1909f56bfc062723c751e8b465ee728b)  -> (artifact id: '46d5d0b7d21101a335c8ad56e011b201') in 0.029359 seconds 
========================================================================
Received Import Request.
  Time since last request: 0.000037 seconds.
  path: Assets/NatureManufacture Assets/Meadow Environment Dynamic Nature/Trees/Models/04_Poplar_LOD0.asset
  artifactKey: Guid(1608ebc14f0d54946a12be972b4e084f) Importer(815301076,1909f56bfc062723c751e8b465ee728b)
Start importing Assets/NatureManufacture Assets/Meadow Environment Dynamic Nature/Trees/Models/04_Poplar_LOD0.asset using Guid(1608ebc14f0d54946a12be972b4e084f) Importer(815301076,1909f56bfc062723c751e8b465ee728b)  -> (artifact id: '36217958060efdfc94980b888efd41e1') in 0.063144 seconds 
========================================================================
Received Import Request.
  Time since last request: 0.000044 seconds.
  path: Assets/NatureManufacture Assets/Meadow Environment Dynamic Nature/Trees/Models/02_Poplar_cross_Mesh.asset
  artifactKey: Guid(7da077562ccd7044f99d9ad0fcaf5592) Importer(815301076,1909f56bfc062723c751e8b465ee728b)
Start importing Assets/NatureManufacture Assets/Meadow Environment Dynamic Nature/Trees/Models/02_Poplar_cross_Mesh.asset using Guid(7da077562ccd7044f99d9ad0fcaf5592) Importer(815301076,1909f56bfc062723c751e8b465ee728b)  -> (artifact id: '534aa4d27e6b4fc050338b68bdda7a71') in 0.025360 seconds 
========================================================================
Received Import Request.
  Time since last request: 0.000042 seconds.
  path: Assets/NatureManufacture Assets/Meadow Environment Dynamic Nature/Trees/Models/03_Poplar_LOD0.asset
  artifactKey: Guid(0fc07207c1e29014d868ab4292eb5eb9) Importer(815301076,1909f56bfc062723c751e8b465ee728b)
Start importing Assets/NatureManufacture Assets/Meadow Environment Dynamic Nature/Trees/Models/03_Poplar_LOD0.asset using Guid(0fc07207c1e29014d868ab4292eb5eb9) Importer(815301076,1909f56bfc062723c751e8b465ee728b)  -> (artifact id: 'd669a6b848f243055a507cb7297a696c') in 0.054827 seconds 
========================================================================
Received Import Request.
  Time since last request: 0.000112 seconds.
  path: Assets/NatureManufacture Assets/Meadow Environment Dynamic Nature/Trees/Models/07_Poplar_skan.FBX
  artifactKey: Guid(b1a6e933be59796439ea3881727ed1de) Importer(815301076,1909f56bfc062723c751e8b465ee728b)
Start importing Assets/NatureManufacture Assets/Meadow Environment Dynamic Nature/Trees/Models/07_Poplar_skan.FBX using Guid(b1a6e933be59796439ea3881727ed1de) Importer(815301076,1909f56bfc062723c751e8b465ee728b)  -> (artifact id: '452874cba6c166efc7f890e533af29e8') in 0.444356 seconds 
========================================================================
Received Import Request.
  Time since last request: 1.156906 seconds.
  path: Assets/NatureManufacture Assets/Meadow Environment Dynamic Nature/Trees/VS Prefabs/VS_prefab_01_Poplar.prefab
  artifactKey: Guid(4f10dc56b4fc90a4db48c8b9676fcc56) Importer(815301076,1909f56bfc062723c751e8b465ee728b)
Start importing Assets/NatureManufacture Assets/Meadow Environment Dynamic Nature/Trees/VS Prefabs/VS_prefab_01_Poplar.prefab using Guid(4f10dc56b4fc90a4db48c8b9676fcc56) Importer(815301076,1909f56bfc062723c751e8b465ee728b)  -> (artifact id: 'b5902e2febabceb0c09929d4cf5de3df') in 0.093297 seconds 
========================================================================
Received Import Request.
  Time since last request: 0.000067 seconds.
  path: Assets/NatureManufacture Assets/Meadow Environment Dynamic Nature/Trees/VS Prefabs/VS_prefab_07_Poplar.prefab
  artifactKey: Guid(ae68016db637c1d4b9f7615a8a6efccf) Importer(815301076,1909f56bfc062723c751e8b465ee728b)
Start importing Assets/NatureManufacture Assets/Meadow Environment Dynamic Nature/Trees/VS Prefabs/VS_prefab_07_Poplar.prefab using Guid(ae68016db637c1d4b9f7615a8a6efccf) Importer(815301076,1909f56bfc062723c751e8b465ee728b)  -> (artifact id: 'ba410f6019b6438ced7d700c2582097c') in 0.252642 seconds 
========================================================================
Received Import Request.
  Time since last request: 2.824589 seconds.
  path: Assets/NatureManufacture Assets/Meadow Environment Dynamic Nature/Trees/High Quality Poplar Prefabs/prefab_01_Poplar.prefab
  artifactKey: Guid(5bd9ec841db13e246af249aaf8c74a4d) Importer(815301076,1909f56bfc062723c751e8b465ee728b)
Start importing Assets/NatureManufacture Assets/Meadow Environment Dynamic Nature/Trees/High Quality Poplar Prefabs/prefab_01_Poplar.prefab using Guid(5bd9ec841db13e246af249aaf8c74a4d) Importer(815301076,1909f56bfc062723c751e8b465ee728b)  -> (artifact id: '8402b5ed85844890cc1d7347327464b3') in 0.208620 seconds 
========================================================================
Received Import Request.
  Time since last request: 0.000056 seconds.
  path: Assets/NatureManufacture Assets/Meadow Environment Dynamic Nature/Trees/High Quality Poplar Prefabs/prefab_03_Poplar_skan.prefab
  artifactKey: Guid(5711d7dfd92cfd34b97d1973ae28e18e) Importer(815301076,1909f56bfc062723c751e8b465ee728b)
Start importing Assets/NatureManufacture Assets/Meadow Environment Dynamic Nature/Trees/High Quality Poplar Prefabs/prefab_03_Poplar_skan.prefab using Guid(5711d7dfd92cfd34b97d1973ae28e18e) Importer(815301076,1909f56bfc062723c751e8b465ee728b)  -> (artifact id: '4b97f97d62c9ca5ef400b2bd05847eb2') in 0.273762 seconds 
========================================================================
Received Import Request.
  Time since last request: 6.820493 seconds.
  path: Assets/NatureManufacture Assets/Meadow Environment Dynamic Nature/Rocks/Rocks/Prefabs Leaves Top/prefab_Rock_01_cut_top.prefab
  artifactKey: Guid(db7e314ec30088b4dbc3b4506a5a09d3) Importer(815301076,1909f56bfc062723c751e8b465ee728b)
Start importing Assets/NatureManufacture Assets/Meadow Environment Dynamic Nature/Rocks/Rocks/Prefabs Leaves Top/prefab_Rock_01_cut_top.prefab using Guid(db7e314ec30088b4dbc3b4506a5a09d3) Importer(815301076,1909f56bfc062723c751e8b465ee728b)  -> (artifact id: '7bcc65f84c2fd9e9eecfa2912995783a') in 0.160725 seconds 
========================================================================
Received Import Request.
  Time since last request: 0.000135 seconds.
  path: Assets/NatureManufacture Assets/Meadow Environment Dynamic Nature/Rocks/Rocks/Prefabs Leaves Top/prefab_s_rock_05_leaves_top.prefab
  artifactKey: Guid(50e42d53580d7404e9bbae4192244f5d) Importer(815301076,1909f56bfc062723c751e8b465ee728b)
Start importing Assets/NatureManufacture Assets/Meadow Environment Dynamic Nature/Rocks/Rocks/Prefabs Leaves Top/prefab_s_rock_05_leaves_top.prefab using Guid(50e42d53580d7404e9bbae4192244f5d) Importer(815301076,1909f56bfc062723c751e8b465ee728b)  -> (artifact id: '0dea7d75aad4d7fa317fa906894a93ea') in 0.180307 seconds 
========================================================================
Received Import Request.
  Time since last request: 0.000102 seconds.
  path: Assets/NatureManufacture Assets/Meadow Environment Dynamic Nature/Rocks/Rocks/Prefabs Leaves Top/prefab_Rock_07_leaves_top.prefab
  artifactKey: Guid(084ffb675a1fd704bb24ca4099e020d8) Importer(815301076,1909f56bfc062723c751e8b465ee728b)
Start importing Assets/NatureManufacture Assets/Meadow Environment Dynamic Nature/Rocks/Rocks/Prefabs Leaves Top/prefab_Rock_07_leaves_top.prefab using Guid(084ffb675a1fd704bb24ca4099e020d8) Importer(815301076,1909f56bfc062723c751e8b465ee728b)  -> (artifact id: '0637b67fac6b5f45979fc354cf5e026e') in 0.188209 seconds 
========================================================================
Received Import Request.
  Time since last request: 0.000070 seconds.
  path: Assets/NatureManufacture Assets/Meadow Environment Dynamic Nature/Rocks/Rocks/Prefabs Leaves Top/prefab_Rock_03_leaves_top.prefab
  artifactKey: Guid(61aff701bdfcc194d9bad2ed281d3cc8) Importer(815301076,1909f56bfc062723c751e8b465ee728b)
Start importing Assets/NatureManufacture Assets/Meadow Environment Dynamic Nature/Rocks/Rocks/Prefabs Leaves Top/prefab_Rock_03_leaves_top.prefab using Guid(61aff701bdfcc194d9bad2ed281d3cc8) Importer(815301076,1909f56bfc062723c751e8b465ee728b)  -> (artifact id: 'f752546d36c2c0d17232eeb52129fafa') in 0.150092 seconds 
Editor requested this worker to shutdown with reason: Scaling down because of idle timeout
AssetImportWorker is now disconnected from the server
Process exiting
Exiting without the bug reporter. Application will terminate with return code 0