Using pre-set license
Built from '2021.3/staging' branch; Version is '2021.3.4f1 (cb45f9cae8b7) revision 13321721'; Using compiler version '192829333'; Build Type 'Release'
OS: 'Windows 10  (10.0.19044) 64bit Core' Language: 'en' Physical Memory: 32509 MB
BatchMode: 1, IsHumanControllingUs: 0, StartBugReporterOnCrash: 0, Is64bit: 1, IsPro: 1

COMMAND LINE ARGUMENTS:
C:\Program Files\Unity\Hub\Editor\2021.3.4f1\Editor\Unity.exe
-adb2
-batchMode
-noUpm
-name
AssetImportWorker36
-projectPath
C:/Users/Carter/Documents/GitHub/AWalkInWinterland/A Walk In Winterland
-logFile
Logs/AssetImportWorker36.log
-srvPort
59116
Successfully changed project path to: C:/Users/Carter/Documents/GitHub/AWalkInWinterland/A Walk In Winterland
C:/Users/Carter/Documents/GitHub/AWalkInWinterland/A Walk In Winterland
[UnityMemory] Configuration Parameters - Can be set up in boot.config
    "memorysetup-bucket-allocator-granularity=16"
    "memorysetup-bucket-allocator-bucket-count=8"
    "memorysetup-bucket-allocator-block-size=33554432"
    "memorysetup-bucket-allocator-block-count=8"
    "memorysetup-main-allocator-block-size=16777216"
    "memorysetup-thread-allocator-block-size=16777216"
    "memorysetup-gfx-main-allocator-block-size=16777216"
    "memorysetup-gfx-thread-allocator-block-size=16777216"
    "memorysetup-cache-allocator-block-size=4194304"
    "memorysetup-typetree-allocator-block-size=2097152"
    "memorysetup-profiler-bucket-allocator-granularity=16"
    "memorysetup-profiler-bucket-allocator-bucket-count=8"
    "memorysetup-profiler-bucket-allocator-block-size=33554432"
    "memorysetup-profiler-bucket-allocator-block-count=8"
    "memorysetup-profiler-allocator-block-size=16777216"
    "memorysetup-profiler-editor-allocator-block-size=1048576"
    "memorysetup-temp-allocator-size-main=16777216"
    "memorysetup-job-temp-allocator-block-size=2097152"
    "memorysetup-job-temp-allocator-block-size-background=1048576"
    "memorysetup-job-temp-allocator-reduction-small-platforms=262144"
    "memorysetup-temp-allocator-size-background-worker=32768"
    "memorysetup-temp-allocator-size-job-worker=262144"
    "memorysetup-temp-allocator-size-preload-manager=33554432"
    "memorysetup-temp-allocator-size-nav-mesh-worker=65536"
    "memorysetup-temp-allocator-size-audio-worker=65536"
    "memorysetup-temp-allocator-size-cloud-worker=32768"
    "memorysetup-temp-allocator-size-gi-baking-worker=262144"
    "memorysetup-temp-allocator-size-gfx=262144"
Refreshing native plugins compatible for Editor in 315.82 ms, found 6 plugins.
Preloading 0 native plugins for Editor in 0.00 ms.
Initialize engine version: 2021.3.4f1 (cb45f9cae8b7)
[Subsystems] Discovering subsystems at path C:/Program Files/Unity/Hub/Editor/2021.3.4f1/Editor/Data/Resources/UnitySubsystems
[Subsystems] Discovering subsystems at path C:/Users/Carter/Documents/GitHub/AWalkInWinterland/A Walk In Winterland/Assets
GfxDevice: creating device client; threaded=0; jobified=0
Direct3D:
    Version:  Direct3D 11.0 [level 11.1]
    Renderer: NVIDIA GeForce RTX 3070 Ti (ID=0x2482)
    Vendor:   NVIDIA
    VRAM:     8041 MB
    Driver:   31.0.15.1748
Initialize mono
Mono path[0] = 'C:/Program Files/Unity/Hub/Editor/2021.3.4f1/Editor/Data/Managed'
Mono path[1] = 'C:/Program Files/Unity/Hub/Editor/2021.3.4f1/Editor/Data/MonoBleedingEdge/lib/mono/unityjit-win32'
Mono config path = 'C:/Program Files/Unity/Hub/Editor/2021.3.4f1/Editor/Data/MonoBleedingEdge/etc'
Using monoOptions --debugger-agent=transport=dt_socket,embedding=1,server=y,suspend=n,address=127.0.0.1:56416
Begin MonoManager ReloadAssembly
Registering precompiled unity dll's ...
Register platform support module: C:/Program Files/Unity/Hub/Editor/2021.3.4f1/Editor/Data/PlaybackEngines/WebGLSupport/UnityEditor.WebGL.Extensions.dll
Register platform support module: C:/Program Files/Unity/Hub/Editor/2021.3.4f1/Editor/Data/PlaybackEngines/AndroidPlayer/UnityEditor.Android.Extensions.dll
Register platform support module: C:/Program Files/Unity/Hub/Editor/2021.3.4f1/Editor/Data/PlaybackEngines/iOSSupport/UnityEditor.iOS.Extensions.dll
Register platform support module: C:/Program Files/Unity/Hub/Editor/2021.3.4f1/Editor/Data/PlaybackEngines/WindowsStandaloneSupport/UnityEditor.WindowsStandalone.Extensions.dll
Registered in 0.034305 seconds.
Native extension for WindowsStandalone target not found
[usbmuxd] Start listen thread
[usbmuxd] Listen thread started
[usbmuxd] Send listen message
Native extension for iOS target not found
Native extension for Android target not found
Native extension for WebGL target not found
Refreshing native plugins compatible for Editor in 370.22 ms, found 6 plugins.
Preloading 0 native plugins for Editor in 0.00 ms.
Mono: successfully reloaded assembly
- Completed reload, in  1.309 seconds
Domain Reload Profiling:
	ReloadAssembly (1310ms)
		BeginReloadAssembly (132ms)
			ExecutionOrderSort (0ms)
			DisableScriptedObjects (0ms)
			BackupInstance (0ms)
			ReleaseScriptingObjects (0ms)
			CreateAndSetChildDomain (1ms)
		EndReloadAssembly (954ms)
			LoadAssemblies (130ms)
			RebuildTransferFunctionScriptingTraits (0ms)
			SetupTypeCache (174ms)
			ReleaseScriptCaches (0ms)
			RebuildScriptCaches (51ms)
			SetupLoadedEditorAssemblies (654ms)
				LogAssemblyErrors (0ms)
				InitializePlatformSupportModulesInManaged (115ms)
				SetLoadedEditorAssemblies (0ms)
				RefreshPlugins (370ms)
				BeforeProcessingInitializeOnLoad (2ms)
				ProcessInitializeOnLoadAttributes (115ms)
				ProcessInitializeOnLoadMethodAttributes (51ms)
				AfterProcessingInitializeOnLoad (0ms)
				EditorAssembliesLoaded (0ms)
			ExecutionOrderSort2 (0ms)
			AwakeInstancesAfterBackupRestoration (0ms)
Platform modules already initialized, skipping
Registering precompiled user dll's ...
Registered in 0.013363 seconds.
Begin MonoManager ReloadAssembly
Symbol file LoadedFromMemory doesn't match image C:\Users\Carter\Documents\GitHub\AWalkInWinterland\A Walk In Winterland\Library\PackageCache\com.unity.visualscripting@1.7.8\Editor\VisualScripting.Core\Dependencies\DotNetZip\Unity.VisualScripting.IonicZip.dll
Symbol file LoadedFromMemory doesn't match image C:\Users\Carter\Documents\GitHub\AWalkInWinterland\A Walk In Winterland\Library\PackageCache\com.unity.visualscripting@1.7.8\Editor\VisualScripting.Core\Dependencies\YamlDotNet\Unity.VisualScripting.YamlDotNet.dll
Native extension for WindowsStandalone target not found
Native extension for iOS target not found
Native extension for Android target not found
Native extension for WebGL target not found
Refreshing native plugins compatible for Editor in 219.35 ms, found 6 plugins.
Preloading 0 native plugins for Editor in 0.00 ms.
Mono: successfully reloaded assembly
- Completed reload, in  2.213 seconds
Domain Reload Profiling:
	ReloadAssembly (2214ms)
		BeginReloadAssembly (226ms)
			ExecutionOrderSort (0ms)
			DisableScriptedObjects (7ms)
			BackupInstance (0ms)
			ReleaseScriptingObjects (0ms)
			CreateAndSetChildDomain (130ms)
		EndReloadAssembly (1854ms)
			LoadAssemblies (98ms)
			RebuildTransferFunctionScriptingTraits (0ms)
			SetupTypeCache (351ms)
			ReleaseScriptCaches (1ms)
			RebuildScriptCaches (93ms)
			SetupLoadedEditorAssemblies (1229ms)
				LogAssemblyErrors (0ms)
				InitializePlatformSupportModulesInManaged (28ms)
				SetLoadedEditorAssemblies (0ms)
				RefreshPlugins (219ms)
				BeforeProcessingInitializeOnLoad (187ms)
				ProcessInitializeOnLoadAttributes (706ms)
				ProcessInitializeOnLoadMethodAttributes (77ms)
				AfterProcessingInitializeOnLoad (10ms)
				EditorAssembliesLoaded (0ms)
			ExecutionOrderSort2 (0ms)
			AwakeInstancesAfterBackupRestoration (7ms)
Platform modules already initialized, skipping
========================================================================
Worker process is ready to serve import requests
Launched and connected shader compiler UnityShaderCompiler.exe after 0.04 seconds
Refreshing native plugins compatible for Editor in 2.13 ms, found 6 plugins.
Preloading 0 native plugins for Editor in 0.00 ms.
Unloading 6741 Unused Serialized files (Serialized files now loaded: 0)
Unloading 140 unused Assets / (2.3 MB). Loaded Objects now: 7171.
Memory consumption went from 428.2 MB to 425.9 MB.
Total: 8.238900 ms (FindLiveObjects: 2.238400 ms CreateObjectMapping: 0.603800 ms MarkObjects: 4.651700 ms  DeleteObjects: 0.742800 ms)

AssetImportParameters requested are different than current active one (requested -> active):
  custom:video-decoder-ogg-theora: a1e56fd34408186e4bbccfd4996cb3dc -> 
  custom:container-muxer-webm: aa71ff27fc2769a1b78a27578f13a17b -> 
  custom:container-demuxer-webm: 4f35f7cbe854078d1ac9338744f61a02 -> 
  custom:video-encoder-webm-vp8: eb34c28f22e8b96e1ab97ce403110664 -> 
  custom:audio-encoder-webm-vorbis: bf7c407c2cedff20999df2af8eb42d56 -> 
  custom:framework-win-MediaFoundation: 216162199b28c13a410421893ffa2e32 -> 
  custom:container-demuxer-ogg: 62fdf1f143b41e24485cea50d1cbac27 -> 
  custom:video-decoder-webm-vp8: 9c59270c3fd7afecdb556c50c9e8de78 -> 
  custom:audio-decoder-ogg-vorbis: bf7c407c2cedff20999df2af8eb42d56 -> 
========================================================================
Received Import Request.
  Time since last request: 1082299.350027 seconds.
  path: Assets/NatureManufacture Assets/Meadow Environment Dynamic Nature/Insects and Particles/Models/dumbledore_01.fbx
  artifactKey: Guid(7246c006b90164844bc2f65b2cd9508b) Importer(815301076,1909f56bfc062723c751e8b465ee728b)
Start importing Assets/NatureManufacture Assets/Meadow Environment Dynamic Nature/Insects and Particles/Models/dumbledore_01.fbx using Guid(7246c006b90164844bc2f65b2cd9508b) Importer(815301076,1909f56bfc062723c751e8b465ee728b)  -> (artifact id: '323b1dd1041cc1cf6238a0487200d0ad') in 2.364056 seconds 
========================================================================
Received Import Request.
  Time since last request: 17.167547 seconds.
  path: Assets/NatureManufacture Assets/Meadow Environment Dynamic Nature/Demo Scenes/Meadow Terrain Demo.asset
  artifactKey: Guid(48d3932a564bd0c49b5bfc712f91a96a) Importer(815301076,1909f56bfc062723c751e8b465ee728b)
Start importing Assets/NatureManufacture Assets/Meadow Environment Dynamic Nature/Demo Scenes/Meadow Terrain Demo.asset using Guid(48d3932a564bd0c49b5bfc712f91a96a) Importer(815301076,1909f56bfc062723c751e8b465ee728b)  -> (artifact id: 'f71252630252f1c24c0bab61da964330') in 0.658584 seconds 
========================================================================
Received Import Request.
  Time since last request: 4.099249 seconds.
  path: Assets/NatureManufacture Assets/Meadow Environment Dynamic Nature/Bushes/Models/grey_willow_02.FBX
  artifactKey: Guid(dc38a750cb6443f44954dadbbcecc97a) Importer(815301076,1909f56bfc062723c751e8b465ee728b)
Start importing Assets/NatureManufacture Assets/Meadow Environment Dynamic Nature/Bushes/Models/grey_willow_02.FBX using Guid(dc38a750cb6443f44954dadbbcecc97a) Importer(815301076,1909f56bfc062723c751e8b465ee728b)  -> (artifact id: '14f6b17dae18d06411dfd905352e06ec') in 0.151305 seconds 
========================================================================
Received Import Request.
  Time since last request: 0.000038 seconds.
  path: Assets/NatureManufacture Assets/Meadow Environment Dynamic Nature/Bushes/Models/maple_bush_03.FBX
  artifactKey: Guid(f44f971287dc1b64989f2cb895342b92) Importer(815301076,1909f56bfc062723c751e8b465ee728b)
Start importing Assets/NatureManufacture Assets/Meadow Environment Dynamic Nature/Bushes/Models/maple_bush_03.FBX using Guid(f44f971287dc1b64989f2cb895342b92) Importer(815301076,1909f56bfc062723c751e8b465ee728b)  -> (artifact id: 'd66275dbcb4b5ee2d95047905c50e92f') in 0.115935 seconds 
========================================================================
Received Import Request.
  Time since last request: 0.000106 seconds.
  path: Assets/NatureManufacture Assets/Meadow Environment Dynamic Nature/Bushes/Models/grey_willow_04_n.FBX
  artifactKey: Guid(0606c0b3877ce4f4db250c2425deac1c) Importer(815301076,1909f56bfc062723c751e8b465ee728b)
Start importing Assets/NatureManufacture Assets/Meadow Environment Dynamic Nature/Bushes/Models/grey_willow_04_n.FBX using Guid(0606c0b3877ce4f4db250c2425deac1c) Importer(815301076,1909f56bfc062723c751e8b465ee728b)  -> (artifact id: '0805eb886c296fd8bd19564dbb61101f') in 0.153069 seconds 
========================================================================
Received Import Request.
  Time since last request: 0.000048 seconds.
  path: Assets/NatureManufacture Assets/Meadow Environment Dynamic Nature/Bushes/Models/maple_bush_04_cross_Mesh.asset
  artifactKey: Guid(b9ca7915aa79f7f4d9001f71fe4ded11) Importer(815301076,1909f56bfc062723c751e8b465ee728b)
Start importing Assets/NatureManufacture Assets/Meadow Environment Dynamic Nature/Bushes/Models/maple_bush_04_cross_Mesh.asset using Guid(b9ca7915aa79f7f4d9001f71fe4ded11) Importer(815301076,1909f56bfc062723c751e8b465ee728b)  -> (artifact id: 'c258ed9beb6f70efe609bf0f72e501ea') in 0.027490 seconds 
========================================================================
Received Import Request.
  Time since last request: 4.465296 seconds.
  path: Assets/NatureManufacture Assets/Meadow Environment Dynamic Nature/Bushes/Prefabs/prefab_grey_willow_03.prefab
  artifactKey: Guid(22a2f21803d6db34c9921ee05fcc63f0) Importer(815301076,1909f56bfc062723c751e8b465ee728b)
Start importing Assets/NatureManufacture Assets/Meadow Environment Dynamic Nature/Bushes/Prefabs/prefab_grey_willow_03.prefab using Guid(22a2f21803d6db34c9921ee05fcc63f0) Importer(815301076,1909f56bfc062723c751e8b465ee728b)  -> (artifact id: '6dd7f2d76b16062af6607b9b2d005bb7') in 0.102691 seconds 
========================================================================
Received Import Request.
  Time since last request: 13.283357 seconds.
  path: Assets/NatureManufacture Assets/Meadow Environment Dynamic Nature/Tree Stump/Models/Tree_Stump_01.FBX
  artifactKey: Guid(e9382476ac4e3ee49be829f6940e3c94) Importer(815301076,1909f56bfc062723c751e8b465ee728b)
Start importing Assets/NatureManufacture Assets/Meadow Environment Dynamic Nature/Tree Stump/Models/Tree_Stump_01.FBX using Guid(e9382476ac4e3ee49be829f6940e3c94) Importer(815301076,1909f56bfc062723c751e8b465ee728b)  -> (artifact id: '8e7d652ff671d180610a1a37eb84620e') in 0.209948 seconds 
========================================================================
Received Import Request.
  Time since last request: 0.258213 seconds.
  path: Assets/NatureManufacture Assets/Meadow Environment Dynamic Nature/Tree Stump/Prefabs/prefab_Tree_Stump_01.prefab
  artifactKey: Guid(c53a16ace25a8f9479d08206803f7850) Importer(815301076,1909f56bfc062723c751e8b465ee728b)
Start importing Assets/NatureManufacture Assets/Meadow Environment Dynamic Nature/Tree Stump/Prefabs/prefab_Tree_Stump_01.prefab using Guid(c53a16ace25a8f9479d08206803f7850) Importer(815301076,1909f56bfc062723c751e8b465ee728b)  -> (artifact id: 'dc3d24d56f4004ac332b504ec5d72cda') in 0.109489 seconds 
========================================================================
Received Import Request.
  Time since last request: 4.626390 seconds.
  path: Assets/NatureManufacture Assets/Meadow Environment Dynamic Nature/Trees/Models/00_Poplar_plant_A_LOD0.asset
  artifactKey: Guid(30524900c8bcbfc4db52bc5daf1d8b3c) Importer(815301076,1909f56bfc062723c751e8b465ee728b)
Start importing Assets/NatureManufacture Assets/Meadow Environment Dynamic Nature/Trees/Models/00_Poplar_plant_A_LOD0.asset using Guid(30524900c8bcbfc4db52bc5daf1d8b3c) Importer(815301076,1909f56bfc062723c751e8b465ee728b)  -> (artifact id: '235bbad174cc1ccdc10ca4436501a5ab') in 0.052698 seconds 
========================================================================
Received Import Request.
  Time since last request: 0.000034 seconds.
  path: Assets/NatureManufacture Assets/Meadow Environment Dynamic Nature/Trees/Models/03_Poplar_LOD2.asset
  artifactKey: Guid(c8e5192c98b3130499a1d253181547f8) Importer(815301076,1909f56bfc062723c751e8b465ee728b)
Start importing Assets/NatureManufacture Assets/Meadow Environment Dynamic Nature/Trees/Models/03_Poplar_LOD2.asset using Guid(c8e5192c98b3130499a1d253181547f8) Importer(815301076,1909f56bfc062723c751e8b465ee728b)  -> (artifact id: '0817c154475e06f106f8fe8dc060f9e2') in 0.029924 seconds 
========================================================================
Received Import Request.
  Time since last request: 0.000044 seconds.
  path: Assets/NatureManufacture Assets/Meadow Environment Dynamic Nature/Trees/Models/03_Poplar_cross_s_Mesh.asset
  artifactKey: Guid(7c800e878f378b44ba30eb8e08c46369) Importer(815301076,1909f56bfc062723c751e8b465ee728b)
Start importing Assets/NatureManufacture Assets/Meadow Environment Dynamic Nature/Trees/Models/03_Poplar_cross_s_Mesh.asset using Guid(7c800e878f378b44ba30eb8e08c46369) Importer(815301076,1909f56bfc062723c751e8b465ee728b)  -> (artifact id: '5dc47c67e012fa0f20bf339725d9b9dc') in 0.020880 seconds 
========================================================================
Received Import Request.
  Time since last request: 0.000088 seconds.
  path: Assets/NatureManufacture Assets/Meadow Environment Dynamic Nature/Trees/Models/08_Poplar_cross_Mesh.asset
  artifactKey: Guid(322dbb6b850b8334894ab2adc0acbe89) Importer(815301076,1909f56bfc062723c751e8b465ee728b)
Start importing Assets/NatureManufacture Assets/Meadow Environment Dynamic Nature/Trees/Models/08_Poplar_cross_Mesh.asset using Guid(322dbb6b850b8334894ab2adc0acbe89) Importer(815301076,1909f56bfc062723c751e8b465ee728b)  -> (artifact id: '74e2d12f5b5ab52add55946653efd131') in 0.022918 seconds 
========================================================================
Received Import Request.
  Time since last request: 0.000034 seconds.
  path: Assets/NatureManufacture Assets/Meadow Environment Dynamic Nature/Trees/Models/07_Poplar_LOD3.asset
  artifactKey: Guid(5494cdfcadb26d248845c4d13b17de8b) Importer(815301076,1909f56bfc062723c751e8b465ee728b)
Start importing Assets/NatureManufacture Assets/Meadow Environment Dynamic Nature/Trees/Models/07_Poplar_LOD3.asset using Guid(5494cdfcadb26d248845c4d13b17de8b) Importer(815301076,1909f56bfc062723c751e8b465ee728b)  -> (artifact id: 'ecb987bb0c28a9ddd5e54d111651667f') in 0.024318 seconds 
========================================================================
Received Import Request.
  Time since last request: 0.000089 seconds.
  path: Assets/NatureManufacture Assets/Meadow Environment Dynamic Nature/Trees/Models/00_Poplar_plant_B_LOD1.asset
  artifactKey: Guid(72ba1792c2eb4db4ebb884eedfc5d827) Importer(815301076,1909f56bfc062723c751e8b465ee728b)
Start importing Assets/NatureManufacture Assets/Meadow Environment Dynamic Nature/Trees/Models/00_Poplar_plant_B_LOD1.asset using Guid(72ba1792c2eb4db4ebb884eedfc5d827) Importer(815301076,1909f56bfc062723c751e8b465ee728b)  -> (artifact id: 'fb37a59eba911bc3e607334b0b0a3aee') in 0.026322 seconds 
========================================================================
Received Import Request.
  Time since last request: 0.000033 seconds.
  path: Assets/NatureManufacture Assets/Meadow Environment Dynamic Nature/Trees/Models/01_Poplar_cross_Mesh.asset
  artifactKey: Guid(9545e5b587f0a584b915038a089e338e) Importer(815301076,1909f56bfc062723c751e8b465ee728b)
Start importing Assets/NatureManufacture Assets/Meadow Environment Dynamic Nature/Trees/Models/01_Poplar_cross_Mesh.asset using Guid(9545e5b587f0a584b915038a089e338e) Importer(815301076,1909f56bfc062723c751e8b465ee728b)  -> (artifact id: 'd455a79f58c9e77eb2180c2f7898a9b4') in 0.026363 seconds 
========================================================================
Received Import Request.
  Time since last request: 0.000061 seconds.
  path: Assets/NatureManufacture Assets/Meadow Environment Dynamic Nature/Trees/Models/03_Poplar_cross_Mesh.asset
  artifactKey: Guid(0f987b7243d12944ab7beea4a9e5c448) Importer(815301076,1909f56bfc062723c751e8b465ee728b)
Start importing Assets/NatureManufacture Assets/Meadow Environment Dynamic Nature/Trees/Models/03_Poplar_cross_Mesh.asset using Guid(0f987b7243d12944ab7beea4a9e5c448) Importer(815301076,1909f56bfc062723c751e8b465ee728b)  -> (artifact id: '0055b14de64bb93f1d8ec3857a4a9f8c') in 0.027854 seconds 
========================================================================
Received Import Request.
  Time since last request: 0.000087 seconds.
  path: Assets/NatureManufacture Assets/Meadow Environment Dynamic Nature/Trees/Models/02_Poplar_LOD1.asset
  artifactKey: Guid(9c262224660eb074ea72a718c9c127f0) Importer(815301076,1909f56bfc062723c751e8b465ee728b)
Start importing Assets/NatureManufacture Assets/Meadow Environment Dynamic Nature/Trees/Models/02_Poplar_LOD1.asset using Guid(9c262224660eb074ea72a718c9c127f0) Importer(815301076,1909f56bfc062723c751e8b465ee728b)  -> (artifact id: '2ecee34f15e4cd6623335bdf2e890f26') in 0.033277 seconds 
========================================================================
Received Import Request.
  Time since last request: 0.000116 seconds.
  path: Assets/NatureManufacture Assets/Meadow Environment Dynamic Nature/Trees/Models/08_Poplar_LOD3.asset
  artifactKey: Guid(f32b84b65686fe14d88f25c782b8ba68) Importer(815301076,1909f56bfc062723c751e8b465ee728b)
Start importing Assets/NatureManufacture Assets/Meadow Environment Dynamic Nature/Trees/Models/08_Poplar_LOD3.asset using Guid(f32b84b65686fe14d88f25c782b8ba68) Importer(815301076,1909f56bfc062723c751e8b465ee728b)  -> (artifact id: 'ba2f4a51f1d4e614090d40009ba53e66') in 0.025276 seconds 
========================================================================
Received Import Request.
  Time since last request: 0.000061 seconds.
  path: Assets/NatureManufacture Assets/Meadow Environment Dynamic Nature/Trees/Models/08_Poplar_LOD1.asset
  artifactKey: Guid(41a0d14e4e71d8647a404406c5ac0ddb) Importer(815301076,1909f56bfc062723c751e8b465ee728b)
Start importing Assets/NatureManufacture Assets/Meadow Environment Dynamic Nature/Trees/Models/08_Poplar_LOD1.asset using Guid(41a0d14e4e71d8647a404406c5ac0ddb) Importer(815301076,1909f56bfc062723c751e8b465ee728b)  -> (artifact id: 'aacbbd55e34ef5928177f70ec667c923') in 0.034151 seconds 
========================================================================
Received Import Request.
  Time since last request: 0.000050 seconds.
  path: Assets/NatureManufacture Assets/Meadow Environment Dynamic Nature/Trees/Models/01_Poplar_LOD1.asset
  artifactKey: Guid(78cd88444d1d2da499e6107365e3f07f) Importer(815301076,1909f56bfc062723c751e8b465ee728b)
Start importing Assets/NatureManufacture Assets/Meadow Environment Dynamic Nature/Trees/Models/01_Poplar_LOD1.asset using Guid(78cd88444d1d2da499e6107365e3f07f) Importer(815301076,1909f56bfc062723c751e8b465ee728b)  -> (artifact id: 'fde4cc9e0f849bfdfa18106b67d96076') in 0.029128 seconds 
========================================================================
Received Import Request.
  Time since last request: 0.000032 seconds.
  path: Assets/NatureManufacture Assets/Meadow Environment Dynamic Nature/Trees/Models/04_Poplar_LOD3.asset
  artifactKey: Guid(ede80a202c429464c82d4e24de0cb25f) Importer(815301076,1909f56bfc062723c751e8b465ee728b)
Start importing Assets/NatureManufacture Assets/Meadow Environment Dynamic Nature/Trees/Models/04_Poplar_LOD3.asset using Guid(ede80a202c429464c82d4e24de0cb25f) Importer(815301076,1909f56bfc062723c751e8b465ee728b)  -> (artifact id: '33531ba335fe2a432efd3ec1c59accb7') in 0.034351 seconds 
========================================================================
Received Import Request.
  Time since last request: 0.000096 seconds.
  path: Assets/NatureManufacture Assets/Meadow Environment Dynamic Nature/Trees/Models/08_Poplar_skan.FBX
  artifactKey: Guid(5f180050f49bb744da4b6b542438f3a3) Importer(815301076,1909f56bfc062723c751e8b465ee728b)
Start importing Assets/NatureManufacture Assets/Meadow Environment Dynamic Nature/Trees/Models/08_Poplar_skan.FBX using Guid(5f180050f49bb744da4b6b542438f3a3) Importer(815301076,1909f56bfc062723c751e8b465ee728b)  -> (artifact id: '57578d35863c4f450e872cbb7f83f5f8') in 0.380188 seconds 
========================================================================
Received Import Request.
  Time since last request: 1.104079 seconds.
  path: Assets/NatureManufacture Assets/Meadow Environment Dynamic Nature/Trees/VS Prefabs/VS_prefab_00_Poplar_plant_C.prefab
  artifactKey: Guid(d753adb75c6b1974590c28cfa02ee323) Importer(815301076,1909f56bfc062723c751e8b465ee728b)
Start importing Assets/NatureManufacture Assets/Meadow Environment Dynamic Nature/Trees/VS Prefabs/VS_prefab_00_Poplar_plant_C.prefab using Guid(d753adb75c6b1974590c28cfa02ee323) Importer(815301076,1909f56bfc062723c751e8b465ee728b)  -> (artifact id: 'c919d5d3f7252ce61abcb5e62f632f3c') in 0.155520 seconds 
========================================================================
Received Import Request.
  Time since last request: 0.000094 seconds.
  path: Assets/NatureManufacture Assets/Meadow Environment Dynamic Nature/Trees/VS Prefabs/VS_prefab_05_Poplar.prefab
  artifactKey: Guid(68a0ca7d6ecb5fc4d9e86871527ae321) Importer(815301076,1909f56bfc062723c751e8b465ee728b)
Start importing Assets/NatureManufacture Assets/Meadow Environment Dynamic Nature/Trees/VS Prefabs/VS_prefab_05_Poplar.prefab using Guid(68a0ca7d6ecb5fc4d9e86871527ae321) Importer(815301076,1909f56bfc062723c751e8b465ee728b)  -> (artifact id: '891d04d17ca3e78163bff8465eb2a140') in 0.243289 seconds 
========================================================================
Received Import Request.
  Time since last request: 2.779192 seconds.
  path: Assets/NatureManufacture Assets/Meadow Environment Dynamic Nature/Trees/High Quality Poplar Prefabs/prefab_00_Poplar_plant_C.prefab
  artifactKey: Guid(ac45f469f4686a9438aaeea44292c32c) Importer(815301076,1909f56bfc062723c751e8b465ee728b)
Start importing Assets/NatureManufacture Assets/Meadow Environment Dynamic Nature/Trees/High Quality Poplar Prefabs/prefab_00_Poplar_plant_C.prefab using Guid(ac45f469f4686a9438aaeea44292c32c) Importer(815301076,1909f56bfc062723c751e8b465ee728b)  -> (artifact id: 'e98ac31e5bf64bc9ff2aa256f3e7b7e4') in 0.201643 seconds 
========================================================================
Received Import Request.
  Time since last request: 0.000036 seconds.
  path: Assets/NatureManufacture Assets/Meadow Environment Dynamic Nature/Trees/High Quality Poplar Prefabs/prefab_05_Poplar_skan.prefab
  artifactKey: Guid(8dd1441e1267e444aa9fe14427c78766) Importer(815301076,1909f56bfc062723c751e8b465ee728b)
Start importing Assets/NatureManufacture Assets/Meadow Environment Dynamic Nature/Trees/High Quality Poplar Prefabs/prefab_05_Poplar_skan.prefab using Guid(8dd1441e1267e444aa9fe14427c78766) Importer(815301076,1909f56bfc062723c751e8b465ee728b)  -> (artifact id: '251817fa93e24191a0e897ebca996819') in 0.279015 seconds 
========================================================================
Received Import Request.
  Time since last request: 6.824313 seconds.
  path: Assets/NatureManufacture Assets/Meadow Environment Dynamic Nature/Rocks/Rocks/Prefabs Leaves Top/prefab_m_rock_03_leaves_top.prefab
  artifactKey: Guid(8b217e4b8e6c39f4dad0f9dd6734d792) Importer(815301076,1909f56bfc062723c751e8b465ee728b)
Start importing Assets/NatureManufacture Assets/Meadow Environment Dynamic Nature/Rocks/Rocks/Prefabs Leaves Top/prefab_m_rock_03_leaves_top.prefab using Guid(8b217e4b8e6c39f4dad0f9dd6734d792) Importer(815301076,1909f56bfc062723c751e8b465ee728b)  -> (artifact id: 'e5a55f156d5727d6c27df604251824fc') in 0.154145 seconds 
========================================================================
Received Import Request.
  Time since last request: 0.000038 seconds.
  path: Assets/NatureManufacture Assets/Meadow Environment Dynamic Nature/Rocks/Rocks/Prefabs Leaves Top/prefab_Rock_03_cut_leaves_top.prefab
  artifactKey: Guid(8a72b57771c989a489ad944151f035e1) Importer(815301076,1909f56bfc062723c751e8b465ee728b)
Start importing Assets/NatureManufacture Assets/Meadow Environment Dynamic Nature/Rocks/Rocks/Prefabs Leaves Top/prefab_Rock_03_cut_leaves_top.prefab using Guid(8a72b57771c989a489ad944151f035e1) Importer(815301076,1909f56bfc062723c751e8b465ee728b)  -> (artifact id: 'd24d738805f3bcbff4a94996377e18a3') in 0.209067 seconds 
========================================================================
Received Import Request.
  Time since last request: 0.000121 seconds.
  path: Assets/NatureManufacture Assets/Meadow Environment Dynamic Nature/Rocks/Rocks/Prefabs Leaves Top/prefab_Rock_06_leaves_top.prefab
  artifactKey: Guid(f0f51834fc8e43940836ac8aa8906d9c) Importer(815301076,1909f56bfc062723c751e8b465ee728b)
Start importing Assets/NatureManufacture Assets/Meadow Environment Dynamic Nature/Rocks/Rocks/Prefabs Leaves Top/prefab_Rock_06_leaves_top.prefab using Guid(f0f51834fc8e43940836ac8aa8906d9c) Importer(815301076,1909f56bfc062723c751e8b465ee728b)  -> (artifact id: '9111e612a5759f457bec6592b748b561') in 0.194134 seconds 
========================================================================
Received Import Request.
  Time since last request: 0.000055 seconds.
  path: Assets/NatureManufacture Assets/Meadow Environment Dynamic Nature/Rocks/Rocks/Prefabs Leaves Top/prefab_Rock_05_leaves_top.prefab
  artifactKey: Guid(5a46d6d00818c2741b397474d77f50db) Importer(815301076,1909f56bfc062723c751e8b465ee728b)
Start importing Assets/NatureManufacture Assets/Meadow Environment Dynamic Nature/Rocks/Rocks/Prefabs Leaves Top/prefab_Rock_05_leaves_top.prefab using Guid(5a46d6d00818c2741b397474d77f50db) Importer(815301076,1909f56bfc062723c751e8b465ee728b)  -> (artifact id: '679c81d7fc795707fc15fb7f9c06e076') in 0.153991 seconds 
Editor requested this worker to shutdown with reason: Scaling down because of idle timeout
AssetImportWorkerClient::OnTransportError - code=2 error=End of file
AssetImportWorker is now disconnected from the server
Process exiting
Exiting without the bug reporter. Application will terminate with return code 0