Using pre-set license
Built from '2021.3/staging' branch; Version is '2021.3.4f1 (cb45f9cae8b7) revision 13321721'; Using compiler version '192829333'; Build Type 'Release'
OS: 'Windows 10  (10.0.19045) 64bit Core' Language: 'en' Physical Memory: 32509 MB
BatchMode: 1, IsHumanControllingUs: 0, StartBugReporterOnCrash: 0, Is64bit: 1, IsPro: 1

COMMAND LINE ARGUMENTS:
C:\Program Files\Unity\Hub\Editor\2021.3.4f1\Editor\Unity.exe
-adb2
-batchMode
-noUpm
-name
AssetImportWorker17
-projectPath
C:/Users/Carter/Documents/GitHub/AWalkInWinterland/A Walk In Winterland
-logFile
Logs/AssetImportWorker17.log
-srvPort
61243
Successfully changed project path to: C:/Users/Carter/Documents/GitHub/AWalkInWinterland/A Walk In Winterland
C:/Users/Carter/Documents/GitHub/AWalkInWinterland/A Walk In Winterland
[UnityMemory] Configuration Parameters - Can be set up in boot.config
    "memorysetup-bucket-allocator-granularity=16"
    "memorysetup-bucket-allocator-bucket-count=8"
    "memorysetup-bucket-allocator-block-size=33554432"
    "memorysetup-bucket-allocator-block-count=8"
    "memorysetup-main-allocator-block-size=16777216"
    "memorysetup-thread-allocator-block-size=16777216"
    "memorysetup-gfx-main-allocator-block-size=16777216"
    "memorysetup-gfx-thread-allocator-block-size=16777216"
    "memorysetup-cache-allocator-block-size=4194304"
    "memorysetup-typetree-allocator-block-size=2097152"
    "memorysetup-profiler-bucket-allocator-granularity=16"
    "memorysetup-profiler-bucket-allocator-bucket-count=8"
    "memorysetup-profiler-bucket-allocator-block-size=33554432"
    "memorysetup-profiler-bucket-allocator-block-count=8"
    "memorysetup-profiler-allocator-block-size=16777216"
    "memorysetup-profiler-editor-allocator-block-size=1048576"
    "memorysetup-temp-allocator-size-main=16777216"
    "memorysetup-job-temp-allocator-block-size=2097152"
    "memorysetup-job-temp-allocator-block-size-background=1048576"
    "memorysetup-job-temp-allocator-reduction-small-platforms=262144"
    "memorysetup-temp-allocator-size-background-worker=32768"
    "memorysetup-temp-allocator-size-job-worker=262144"
    "memorysetup-temp-allocator-size-preload-manager=33554432"
    "memorysetup-temp-allocator-size-nav-mesh-worker=65536"
    "memorysetup-temp-allocator-size-audio-worker=65536"
    "memorysetup-temp-allocator-size-cloud-worker=32768"
    "memorysetup-temp-allocator-size-gi-baking-worker=262144"
    "memorysetup-temp-allocator-size-gfx=262144"
Refreshing native plugins compatible for Editor in 358.55 ms, found 6 plugins.
Preloading 0 native plugins for Editor in 0.00 ms.
Initialize engine version: 2021.3.4f1 (cb45f9cae8b7)
[Subsystems] Discovering subsystems at path C:/Program Files/Unity/Hub/Editor/2021.3.4f1/Editor/Data/Resources/UnitySubsystems
[Subsystems] Discovering subsystems at path C:/Users/Carter/Documents/GitHub/AWalkInWinterland/A Walk In Winterland/Assets
GfxDevice: creating device client; threaded=0; jobified=0
Direct3D:
    Version:  Direct3D 11.0 [level 11.1]
    Renderer: NVIDIA GeForce RTX 3070 Ti (ID=0x2482)
    Vendor:   NVIDIA
    VRAM:     8041 MB
    Driver:   31.0.15.1748
Initialize mono
Mono path[0] = 'C:/Program Files/Unity/Hub/Editor/2021.3.4f1/Editor/Data/Managed'
Mono path[1] = 'C:/Program Files/Unity/Hub/Editor/2021.3.4f1/Editor/Data/MonoBleedingEdge/lib/mono/unityjit-win32'
Mono config path = 'C:/Program Files/Unity/Hub/Editor/2021.3.4f1/Editor/Data/MonoBleedingEdge/etc'
Using monoOptions --debugger-agent=transport=dt_socket,embedding=1,server=y,suspend=n,address=127.0.0.1:56964
Begin MonoManager ReloadAssembly
Registering precompiled unity dll's ...
Register platform support module: C:/Program Files/Unity/Hub/Editor/2021.3.4f1/Editor/Data/PlaybackEngines/WebGLSupport/UnityEditor.WebGL.Extensions.dll
Register platform support module: C:/Program Files/Unity/Hub/Editor/2021.3.4f1/Editor/Data/PlaybackEngines/AndroidPlayer/UnityEditor.Android.Extensions.dll
Register platform support module: C:/Program Files/Unity/Hub/Editor/2021.3.4f1/Editor/Data/PlaybackEngines/iOSSupport/UnityEditor.iOS.Extensions.dll
Register platform support module: C:/Program Files/Unity/Hub/Editor/2021.3.4f1/Editor/Data/PlaybackEngines/WindowsStandaloneSupport/UnityEditor.WindowsStandalone.Extensions.dll
Registered in 0.012914 seconds.
Native extension for WindowsStandalone target not found
[usbmuxd] Start listen thread
[usbmuxd] Listen thread started
[usbmuxd] Send listen message
Native extension for iOS target not found
Native extension for Android target not found
Native extension for WebGL target not found
Refreshing native plugins compatible for Editor in 224.54 ms, found 6 plugins.
Preloading 0 native plugins for Editor in 0.00 ms.
Mono: successfully reloaded assembly
- Completed reload, in  0.983 seconds
Domain Reload Profiling:
	ReloadAssembly (983ms)
		BeginReloadAssembly (115ms)
			ExecutionOrderSort (0ms)
			DisableScriptedObjects (0ms)
			BackupInstance (0ms)
			ReleaseScriptingObjects (0ms)
			CreateAndSetChildDomain (1ms)
		EndReloadAssembly (684ms)
			LoadAssemblies (114ms)
			RebuildTransferFunctionScriptingTraits (0ms)
			SetupTypeCache (122ms)
			ReleaseScriptCaches (0ms)
			RebuildScriptCaches (29ms)
			SetupLoadedEditorAssemblies (463ms)
				LogAssemblyErrors (0ms)
				InitializePlatformSupportModulesInManaged (83ms)
				SetLoadedEditorAssemblies (0ms)
				RefreshPlugins (225ms)
				BeforeProcessingInitializeOnLoad (1ms)
				ProcessInitializeOnLoadAttributes (106ms)
				ProcessInitializeOnLoadMethodAttributes (47ms)
				AfterProcessingInitializeOnLoad (0ms)
				EditorAssembliesLoaded (0ms)
			ExecutionOrderSort2 (0ms)
			AwakeInstancesAfterBackupRestoration (0ms)
Platform modules already initialized, skipping
Registering precompiled user dll's ...
Registered in 0.012540 seconds.
Begin MonoManager ReloadAssembly
Symbol file LoadedFromMemory doesn't match image C:\Users\Carter\Documents\GitHub\AWalkInWinterland\A Walk In Winterland\Library\PackageCache\com.unity.visualscripting@1.7.8\Editor\VisualScripting.Core\Dependencies\DotNetZip\Unity.VisualScripting.IonicZip.dll
Symbol file LoadedFromMemory doesn't match image C:\Users\Carter\Documents\GitHub\AWalkInWinterland\A Walk In Winterland\Library\PackageCache\com.unity.visualscripting@1.7.8\Editor\VisualScripting.Core\Dependencies\YamlDotNet\Unity.VisualScripting.YamlDotNet.dll
Native extension for WindowsStandalone target not found
Native extension for iOS target not found
Native extension for Android target not found
Native extension for WebGL target not found
Refreshing native plugins compatible for Editor in 218.78 ms, found 6 plugins.
Preloading 0 native plugins for Editor in 0.00 ms.
Mono: successfully reloaded assembly
- Completed reload, in  2.141 seconds
Domain Reload Profiling:
	ReloadAssembly (2142ms)
		BeginReloadAssembly (233ms)
			ExecutionOrderSort (0ms)
			DisableScriptedObjects (8ms)
			BackupInstance (0ms)
			ReleaseScriptingObjects (0ms)
			CreateAndSetChildDomain (122ms)
		EndReloadAssembly (1773ms)
			LoadAssemblies (113ms)
			RebuildTransferFunctionScriptingTraits (0ms)
			SetupTypeCache (342ms)
			ReleaseScriptCaches (1ms)
			RebuildScriptCaches (90ms)
			SetupLoadedEditorAssemblies (1175ms)
				LogAssemblyErrors (0ms)
				InitializePlatformSupportModulesInManaged (27ms)
				SetLoadedEditorAssemblies (0ms)
				RefreshPlugins (219ms)
				BeforeProcessingInitializeOnLoad (176ms)
				ProcessInitializeOnLoadAttributes (667ms)
				ProcessInitializeOnLoadMethodAttributes (75ms)
				AfterProcessingInitializeOnLoad (10ms)
				EditorAssembliesLoaded (0ms)
			ExecutionOrderSort2 (0ms)
			AwakeInstancesAfterBackupRestoration (6ms)
Platform modules already initialized, skipping
========================================================================
Worker process is ready to serve import requests
Launched and connected shader compiler UnityShaderCompiler.exe after 0.04 seconds
Refreshing native plugins compatible for Editor in 2.16 ms, found 6 plugins.
Preloading 0 native plugins for Editor in 0.00 ms.
Unloading 6751 Unused Serialized files (Serialized files now loaded: 0)
Unloading 140 unused Assets / (2.3 MB). Loaded Objects now: 7185.
Memory consumption went from 431.6 MB to 429.3 MB.
Total: 5.965200 ms (FindLiveObjects: 0.957800 ms CreateObjectMapping: 0.351700 ms MarkObjects: 3.946100 ms  DeleteObjects: 0.708200 ms)

AssetImportParameters requested are different than current active one (requested -> active):
  custom:video-decoder-ogg-theora: a1e56fd34408186e4bbccfd4996cb3dc -> 
  custom:container-muxer-webm: aa71ff27fc2769a1b78a27578f13a17b -> 
  custom:container-demuxer-webm: 4f35f7cbe854078d1ac9338744f61a02 -> 
  custom:video-encoder-webm-vp8: eb34c28f22e8b96e1ab97ce403110664 -> 
  custom:audio-encoder-webm-vorbis: bf7c407c2cedff20999df2af8eb42d56 -> 
  custom:framework-win-MediaFoundation: 216162199b28c13a410421893ffa2e32 -> 
  custom:container-demuxer-ogg: 62fdf1f143b41e24485cea50d1cbac27 -> 
  custom:video-decoder-webm-vp8: 9c59270c3fd7afecdb556c50c9e8de78 -> 
  custom:audio-decoder-ogg-vorbis: bf7c407c2cedff20999df2af8eb42d56 -> 
========================================================================
Received Import Request.
  Time since last request: 1200127.642786 seconds.
  path: Assets/Terrain/TerrainData_5fcf6d06-32b5-49db-82bd-c998b8411567.asset
  artifactKey: Guid(5bd5e3c54a8ff75488fce8edccc06eee) Importer(815301076,1909f56bfc062723c751e8b465ee728b)
Start importing Assets/Terrain/TerrainData_5fcf6d06-32b5-49db-82bd-c998b8411567.asset using Guid(5bd5e3c54a8ff75488fce8edccc06eee) Importer(815301076,1909f56bfc062723c751e8b465ee728b)  -> (artifact id: '428a16470dd62f3317cd902774f713e9') in 0.086722 seconds 
========================================================================
Received Import Request.
  Time since last request: 0.554490 seconds.
  path: Assets/Terrain/TerrainData_852b5ddd-22bc-4f69-a049-b7aaf6f9155b.asset
  artifactKey: Guid(c42355b792729194d8f7809f0bdf174a) Importer(815301076,1909f56bfc062723c751e8b465ee728b)
Start importing Assets/Terrain/TerrainData_852b5ddd-22bc-4f69-a049-b7aaf6f9155b.asset using Guid(c42355b792729194d8f7809f0bdf174a) Importer(815301076,1909f56bfc062723c751e8b465ee728b)  -> (artifact id: '0aec788d3e04c29737fb338fa91b99d2') in 0.016752 seconds 
========================================================================
Received Import Request.
  Time since last request: 32.329546 seconds.
  path: Assets/Terrain/TerrainData_5fcf6d06-32b5-49db-82bd-c998b8411567.asset
  artifactKey: Guid(5bd5e3c54a8ff75488fce8edccc06eee) Importer(815301076,1909f56bfc062723c751e8b465ee728b)
Start importing Assets/Terrain/TerrainData_5fcf6d06-32b5-49db-82bd-c998b8411567.asset using Guid(5bd5e3c54a8ff75488fce8edccc06eee) Importer(815301076,1909f56bfc062723c751e8b465ee728b)  -> (artifact id: 'f0f2638851a9acf1597bb01be19e33a4') in 0.012347 seconds 
========================================================================
Received Import Request.
  Time since last request: 202.986718 seconds.
  path: Assets/Terrain/TerrainData_bf4f9649-0937-4185-8615-87b4788f608e.asset
  artifactKey: Guid(7d53453da70afb44fa64089d68792c7f) Importer(815301076,1909f56bfc062723c751e8b465ee728b)
Start importing Assets/Terrain/TerrainData_bf4f9649-0937-4185-8615-87b4788f608e.asset using Guid(7d53453da70afb44fa64089d68792c7f) Importer(815301076,1909f56bfc062723c751e8b465ee728b)  -> (artifact id: 'dac5735cfb5f414fbb23750539c6837e') in 0.029259 seconds 
========================================================================
Received Import Request.
  Time since last request: 1.928506 seconds.
  path: Assets/Terrain/TerrainData_3e4f2fad-2465-4a96-a9c3-f412f81f07f4.asset
  artifactKey: Guid(98e6afbe3b3da9b4bbdadf94d18d9ede) Importer(815301076,1909f56bfc062723c751e8b465ee728b)
Start importing Assets/Terrain/TerrainData_3e4f2fad-2465-4a96-a9c3-f412f81f07f4.asset using Guid(98e6afbe3b3da9b4bbdadf94d18d9ede) Importer(815301076,1909f56bfc062723c751e8b465ee728b)  -> (artifact id: '3b0002335711af6c49b7e9127d6b83af') in 0.016490 seconds 
========================================================================
Received Import Request.
  Time since last request: 2.142868 seconds.
  path: Assets/Terrain/TerrainData_711885b1-7753-4911-b218-61ad4d7e5658.asset
  artifactKey: Guid(6106c666627e4854290ce6cb470333bf) Importer(815301076,1909f56bfc062723c751e8b465ee728b)
Start importing Assets/Terrain/TerrainData_711885b1-7753-4911-b218-61ad4d7e5658.asset using Guid(6106c666627e4854290ce6cb470333bf) Importer(815301076,1909f56bfc062723c751e8b465ee728b)  -> (artifact id: '8e649279a8f39d0dba8e046996a5e6fc') in 0.017210 seconds 
========================================================================
Received Import Request.
  Time since last request: 3.448371 seconds.
  path: Assets/Terrain/TerrainData_351abb08-fdce-4bad-ba40-c074d445a31d.asset
  artifactKey: Guid(49a4964404ada2b4fb31ca1c4af6c5cd) Importer(815301076,1909f56bfc062723c751e8b465ee728b)
Start importing Assets/Terrain/TerrainData_351abb08-fdce-4bad-ba40-c074d445a31d.asset using Guid(49a4964404ada2b4fb31ca1c4af6c5cd) Importer(815301076,1909f56bfc062723c751e8b465ee728b)  -> (artifact id: '9bb15b7bce4cf63d743779da5fef9162') in 0.017658 seconds 
========================================================================
Received Import Request.
  Time since last request: 7.877557 seconds.
  path: Assets/Terrain/TerrainData_01e78b7b-0236-4490-8df8-fc67865cb169.asset
  artifactKey: Guid(d28585c6b2e7ed145b7cde71f6e73684) Importer(815301076,1909f56bfc062723c751e8b465ee728b)
Start importing Assets/Terrain/TerrainData_01e78b7b-0236-4490-8df8-fc67865cb169.asset using Guid(d28585c6b2e7ed145b7cde71f6e73684) Importer(815301076,1909f56bfc062723c751e8b465ee728b)  -> (artifact id: '5faaee12bd0fa10cc598b29b5fe756be') in 0.016731 seconds 
========================================================================
Received Import Request.
  Time since last request: 38.382359 seconds.
  path: Assets/Terrain/TerrainData_6ae1ddd6-482f-4871-a3a3-230c7bb46c0c.asset
  artifactKey: Guid(ab56dda26a368a045964836934144ba3) Importer(815301076,1909f56bfc062723c751e8b465ee728b)
Start importing Assets/Terrain/TerrainData_6ae1ddd6-482f-4871-a3a3-230c7bb46c0c.asset using Guid(ab56dda26a368a045964836934144ba3) Importer(815301076,1909f56bfc062723c751e8b465ee728b)  -> (artifact id: '6c27e2c6b2c354e1d41aa5400a355de0') in 0.016859 seconds 
========================================================================
Received Import Request.
  Time since last request: 6.152051 seconds.
  path: Assets/Terrain/TerrainData_0e8f1862-f604-4980-b9d7-c2f01179317a.asset
  artifactKey: Guid(86745de43166ac0429759b5416eab8aa) Importer(815301076,1909f56bfc062723c751e8b465ee728b)
Start importing Assets/Terrain/TerrainData_0e8f1862-f604-4980-b9d7-c2f01179317a.asset using Guid(86745de43166ac0429759b5416eab8aa) Importer(815301076,1909f56bfc062723c751e8b465ee728b)  -> (artifact id: '33cc541b110750026d0b00bfad044753') in 0.018067 seconds 
========================================================================
Received Import Request.
  Time since last request: 2.136983 seconds.
  path: Assets/Terrain/TerrainData_e9057617-de8a-42bd-b264-2b2c7889b257.asset
  artifactKey: Guid(4faafe8747237164595bc4a219d9f858) Importer(815301076,1909f56bfc062723c751e8b465ee728b)
Start importing Assets/Terrain/TerrainData_e9057617-de8a-42bd-b264-2b2c7889b257.asset using Guid(4faafe8747237164595bc4a219d9f858) Importer(815301076,1909f56bfc062723c751e8b465ee728b)  -> (artifact id: '360d27d7a06eaa881f72439d65164114') in 0.016756 seconds 
========================================================================
Received Import Request.
  Time since last request: 21.302813 seconds.
  path: Assets/Terrain/TerrainData_2f6e45ad-f75e-4bd1-8c1a-50b7d02b9c7c.asset
  artifactKey: Guid(120f392dddb098043b7cb7f576243fe7) Importer(815301076,1909f56bfc062723c751e8b465ee728b)
Start importing Assets/Terrain/TerrainData_2f6e45ad-f75e-4bd1-8c1a-50b7d02b9c7c.asset using Guid(120f392dddb098043b7cb7f576243fe7) Importer(815301076,1909f56bfc062723c751e8b465ee728b)  -> (artifact id: 'e65fffaf476c9179411af98d2f273c39') in 0.020133 seconds 
========================================================================
Received Import Request.
  Time since last request: 10.524519 seconds.
  path: Assets/Terrain/TerrainData_36d7cfa5-a560-438a-a2a9-15d4323d8b75.asset
  artifactKey: Guid(1106758f13bc46747b616bc3b975f64e) Importer(815301076,1909f56bfc062723c751e8b465ee728b)
Start importing Assets/Terrain/TerrainData_36d7cfa5-a560-438a-a2a9-15d4323d8b75.asset using Guid(1106758f13bc46747b616bc3b975f64e) Importer(815301076,1909f56bfc062723c751e8b465ee728b)  -> (artifact id: '1d02dffc21411f812d4d0910fa89e2f6') in 0.018277 seconds 
========================================================================
Received Import Request.
  Time since last request: 0.569570 seconds.
  path: Assets/Terrain/TerrainData_49388d58-1c06-431d-b003-a2fd091e9000.asset
  artifactKey: Guid(c3bccb8a736321b4da209005a8e91780) Importer(815301076,1909f56bfc062723c751e8b465ee728b)
Start importing Assets/Terrain/TerrainData_49388d58-1c06-431d-b003-a2fd091e9000.asset using Guid(c3bccb8a736321b4da209005a8e91780) Importer(815301076,1909f56bfc062723c751e8b465ee728b)  -> (artifact id: '4a8de3d6f09a65f02f1d341307c8aee7') in 0.017946 seconds 
========================================================================
Received Import Request.
  Time since last request: 1.034722 seconds.
  path: Assets/Terrain/TerrainData_d9b08252-0124-43d6-b5dc-a748b3480e6a.asset
  artifactKey: Guid(48da7e50531edd94ebb64ced3c17aa0f) Importer(815301076,1909f56bfc062723c751e8b465ee728b)
Start importing Assets/Terrain/TerrainData_d9b08252-0124-43d6-b5dc-a748b3480e6a.asset using Guid(48da7e50531edd94ebb64ced3c17aa0f) Importer(815301076,1909f56bfc062723c751e8b465ee728b)  -> (artifact id: '9a8262bf633bf4fb5789264dd220759f') in 0.017416 seconds 
========================================================================
Received Import Request.
  Time since last request: 54.833694 seconds.
  path: Assets/Terrain/TerrainData_0e8f1862-f604-4980-b9d7-c2f01179317a.asset
  artifactKey: Guid(86745de43166ac0429759b5416eab8aa) Importer(815301076,1909f56bfc062723c751e8b465ee728b)
Start importing Assets/Terrain/TerrainData_0e8f1862-f604-4980-b9d7-c2f01179317a.asset using Guid(86745de43166ac0429759b5416eab8aa) Importer(815301076,1909f56bfc062723c751e8b465ee728b)  -> (artifact id: '14a7d68b3290d0e7d640ef80a77225b5') in 0.019111 seconds 
========================================================================
Received Import Request.
  Time since last request: 0.000028 seconds.
  path: Assets/Terrain/TerrainData_49388d58-1c06-431d-b003-a2fd091e9000.asset
  artifactKey: Guid(c3bccb8a736321b4da209005a8e91780) Importer(815301076,1909f56bfc062723c751e8b465ee728b)
Start importing Assets/Terrain/TerrainData_49388d58-1c06-431d-b003-a2fd091e9000.asset using Guid(c3bccb8a736321b4da209005a8e91780) Importer(815301076,1909f56bfc062723c751e8b465ee728b)  -> (artifact id: '03604db5a98cbe0ee1f710a00dd46796') in 0.027979 seconds 
========================================================================
Received Import Request.
  Time since last request: 0.000025 seconds.
  path: Assets/Terrain/TerrainData_36d7cfa5-a560-438a-a2a9-15d4323d8b75.asset
  artifactKey: Guid(1106758f13bc46747b616bc3b975f64e) Importer(815301076,1909f56bfc062723c751e8b465ee728b)
Start importing Assets/Terrain/TerrainData_36d7cfa5-a560-438a-a2a9-15d4323d8b75.asset using Guid(1106758f13bc46747b616bc3b975f64e) Importer(815301076,1909f56bfc062723c751e8b465ee728b)  -> (artifact id: '7a1b27edf29eeba6236da20733bfe20f') in 0.027170 seconds 
========================================================================
Received Import Request.
  Time since last request: 0.000050 seconds.
  path: Assets/Terrain/TerrainData_e9057617-de8a-42bd-b264-2b2c7889b257.asset
  artifactKey: Guid(4faafe8747237164595bc4a219d9f858) Importer(815301076,1909f56bfc062723c751e8b465ee728b)
Start importing Assets/Terrain/TerrainData_e9057617-de8a-42bd-b264-2b2c7889b257.asset using Guid(4faafe8747237164595bc4a219d9f858) Importer(815301076,1909f56bfc062723c751e8b465ee728b)  -> (artifact id: 'd043bea5a98ad822ea350b20d32aae06') in 0.013383 seconds 
========================================================================
Received Import Request.
  Time since last request: 0.000032 seconds.
  path: Assets/Terrain/TerrainData_d9b08252-0124-43d6-b5dc-a748b3480e6a.asset
  artifactKey: Guid(48da7e50531edd94ebb64ced3c17aa0f) Importer(815301076,1909f56bfc062723c751e8b465ee728b)
Start importing Assets/Terrain/TerrainData_d9b08252-0124-43d6-b5dc-a748b3480e6a.asset using Guid(48da7e50531edd94ebb64ced3c17aa0f) Importer(815301076,1909f56bfc062723c751e8b465ee728b)  -> (artifact id: 'b4c7cc1c818db829aaaa51f3ddeefeaa') in 0.023335 seconds 
========================================================================
Received Import Request.
  Time since last request: 0.000039 seconds.
  path: Assets/Terrain/TerrainData_711885b1-7753-4911-b218-61ad4d7e5658.asset
  artifactKey: Guid(6106c666627e4854290ce6cb470333bf) Importer(815301076,1909f56bfc062723c751e8b465ee728b)
Start importing Assets/Terrain/TerrainData_711885b1-7753-4911-b218-61ad4d7e5658.asset using Guid(6106c666627e4854290ce6cb470333bf) Importer(815301076,1909f56bfc062723c751e8b465ee728b)  -> (artifact id: 'a0985eeb41000ca60876622e0b35ba5d') in 0.033035 seconds 
Editor requested this worker to shutdown with reason: Scaling down because of idle timeout
AssetImportWorker is now disconnected from the server
Process exiting
Exiting without the bug reporter. Application will terminate with return code 0