Using pre-set license
Built from '2021.3/staging' branch; Version is '2021.3.4f1 (cb45f9cae8b7) revision 13321721'; Using compiler version '192829333'; Build Type 'Release'
OS: 'Windows 10  (10.0.19045) 64bit Core' Language: 'en' Physical Memory: 32509 MB
BatchMode: 1, IsHumanControllingUs: 0, StartBugReporterOnCrash: 0, Is64bit: 1, IsPro: 1

COMMAND LINE ARGUMENTS:
C:\Program Files\Unity\Hub\Editor\2021.3.4f1\Editor\Unity.exe
-adb2
-batchMode
-noUpm
-name
AssetImportWorker35
-projectPath
C:/Users/Carter/Documents/GitHub/AWalkInWinterland/A Walk In Winterland
-logFile
Logs/AssetImportWorker35.log
-srvPort
61243
Successfully changed project path to: C:/Users/Carter/Documents/GitHub/AWalkInWinterland/A Walk In Winterland
C:/Users/Carter/Documents/GitHub/AWalkInWinterland/A Walk In Winterland
[UnityMemory] Configuration Parameters - Can be set up in boot.config
    "memorysetup-bucket-allocator-granularity=16"
    "memorysetup-bucket-allocator-bucket-count=8"
    "memorysetup-bucket-allocator-block-size=33554432"
    "memorysetup-bucket-allocator-block-count=8"
    "memorysetup-main-allocator-block-size=16777216"
    "memorysetup-thread-allocator-block-size=16777216"
    "memorysetup-gfx-main-allocator-block-size=16777216"
    "memorysetup-gfx-thread-allocator-block-size=16777216"
    "memorysetup-cache-allocator-block-size=4194304"
    "memorysetup-typetree-allocator-block-size=2097152"
    "memorysetup-profiler-bucket-allocator-granularity=16"
    "memorysetup-profiler-bucket-allocator-bucket-count=8"
    "memorysetup-profiler-bucket-allocator-block-size=33554432"
    "memorysetup-profiler-bucket-allocator-block-count=8"
    "memorysetup-profiler-allocator-block-size=16777216"
    "memorysetup-profiler-editor-allocator-block-size=1048576"
    "memorysetup-temp-allocator-size-main=16777216"
    "memorysetup-job-temp-allocator-block-size=2097152"
    "memorysetup-job-temp-allocator-block-size-background=1048576"
    "memorysetup-job-temp-allocator-reduction-small-platforms=262144"
    "memorysetup-temp-allocator-size-background-worker=32768"
    "memorysetup-temp-allocator-size-job-worker=262144"
    "memorysetup-temp-allocator-size-preload-manager=33554432"
    "memorysetup-temp-allocator-size-nav-mesh-worker=65536"
    "memorysetup-temp-allocator-size-audio-worker=65536"
    "memorysetup-temp-allocator-size-cloud-worker=32768"
    "memorysetup-temp-allocator-size-gi-baking-worker=262144"
    "memorysetup-temp-allocator-size-gfx=262144"
Refreshing native plugins compatible for Editor in 250.29 ms, found 6 plugins.
Preloading 0 native plugins for Editor in 0.00 ms.
Initialize engine version: 2021.3.4f1 (cb45f9cae8b7)
[Subsystems] Discovering subsystems at path C:/Program Files/Unity/Hub/Editor/2021.3.4f1/Editor/Data/Resources/UnitySubsystems
[Subsystems] Discovering subsystems at path C:/Users/Carter/Documents/GitHub/AWalkInWinterland/A Walk In Winterland/Assets
GfxDevice: creating device client; threaded=0; jobified=0
Direct3D:
    Version:  Direct3D 11.0 [level 11.1]
    Renderer: NVIDIA GeForce RTX 3070 Ti (ID=0x2482)
    Vendor:   NVIDIA
    VRAM:     8041 MB
    Driver:   31.0.15.1748
Initialize mono
Mono path[0] = 'C:/Program Files/Unity/Hub/Editor/2021.3.4f1/Editor/Data/Managed'
Mono path[1] = 'C:/Program Files/Unity/Hub/Editor/2021.3.4f1/Editor/Data/MonoBleedingEdge/lib/mono/unityjit-win32'
Mono config path = 'C:/Program Files/Unity/Hub/Editor/2021.3.4f1/Editor/Data/MonoBleedingEdge/etc'
Using monoOptions --debugger-agent=transport=dt_socket,embedding=1,server=y,suspend=n,address=127.0.0.1:56528
Begin MonoManager ReloadAssembly
Registering precompiled unity dll's ...
Register platform support module: C:/Program Files/Unity/Hub/Editor/2021.3.4f1/Editor/Data/PlaybackEngines/WebGLSupport/UnityEditor.WebGL.Extensions.dll
Register platform support module: C:/Program Files/Unity/Hub/Editor/2021.3.4f1/Editor/Data/PlaybackEngines/AndroidPlayer/UnityEditor.Android.Extensions.dll
Register platform support module: C:/Program Files/Unity/Hub/Editor/2021.3.4f1/Editor/Data/PlaybackEngines/iOSSupport/UnityEditor.iOS.Extensions.dll
Register platform support module: C:/Program Files/Unity/Hub/Editor/2021.3.4f1/Editor/Data/PlaybackEngines/WindowsStandaloneSupport/UnityEditor.WindowsStandalone.Extensions.dll
Registered in 0.010550 seconds.
Native extension for WindowsStandalone target not found
[usbmuxd] Start listen thread
[usbmuxd] Listen thread started
[usbmuxd] Send listen message
Native extension for iOS target not found
Native extension for Android target not found
Native extension for WebGL target not found
Refreshing native plugins compatible for Editor in 209.18 ms, found 6 plugins.
Preloading 0 native plugins for Editor in 0.00 ms.
Mono: successfully reloaded assembly
- Completed reload, in  0.846 seconds
Domain Reload Profiling:
	ReloadAssembly (847ms)
		BeginReloadAssembly (78ms)
			ExecutionOrderSort (0ms)
			DisableScriptedObjects (0ms)
			BackupInstance (0ms)
			ReleaseScriptingObjects (0ms)
			CreateAndSetChildDomain (1ms)
		EndReloadAssembly (643ms)
			LoadAssemblies (76ms)
			RebuildTransferFunctionScriptingTraits (0ms)
			SetupTypeCache (114ms)
			ReleaseScriptCaches (0ms)
			RebuildScriptCaches (28ms)
			SetupLoadedEditorAssemblies (439ms)
				LogAssemblyErrors (0ms)
				InitializePlatformSupportModulesInManaged (77ms)
				SetLoadedEditorAssemblies (0ms)
				RefreshPlugins (209ms)
				BeforeProcessingInitializeOnLoad (1ms)
				ProcessInitializeOnLoadAttributes (103ms)
				ProcessInitializeOnLoadMethodAttributes (48ms)
				AfterProcessingInitializeOnLoad (0ms)
				EditorAssembliesLoaded (0ms)
			ExecutionOrderSort2 (0ms)
			AwakeInstancesAfterBackupRestoration (0ms)
Platform modules already initialized, skipping
Registering precompiled user dll's ...
Registered in 0.012692 seconds.
Begin MonoManager ReloadAssembly
Symbol file LoadedFromMemory doesn't match image C:\Users\Carter\Documents\GitHub\AWalkInWinterland\A Walk In Winterland\Library\PackageCache\com.unity.visualscripting@1.7.8\Editor\VisualScripting.Core\Dependencies\DotNetZip\Unity.VisualScripting.IonicZip.dll
Symbol file LoadedFromMemory doesn't match image C:\Users\Carter\Documents\GitHub\AWalkInWinterland\A Walk In Winterland\Library\PackageCache\com.unity.visualscripting@1.7.8\Editor\VisualScripting.Core\Dependencies\YamlDotNet\Unity.VisualScripting.YamlDotNet.dll
Native extension for WindowsStandalone target not found
Native extension for iOS target not found
Native extension for Android target not found
Native extension for WebGL target not found
Refreshing native plugins compatible for Editor in 209.71 ms, found 6 plugins.
Preloading 0 native plugins for Editor in 0.00 ms.
Mono: successfully reloaded assembly
- Completed reload, in  2.112 seconds
Domain Reload Profiling:
	ReloadAssembly (2113ms)
		BeginReloadAssembly (209ms)
			ExecutionOrderSort (0ms)
			DisableScriptedObjects (6ms)
			BackupInstance (0ms)
			ReleaseScriptingObjects (0ms)
			CreateAndSetChildDomain (122ms)
		EndReloadAssembly (1772ms)
			LoadAssemblies (95ms)
			RebuildTransferFunctionScriptingTraits (0ms)
			SetupTypeCache (331ms)
			ReleaseScriptCaches (1ms)
			RebuildScriptCaches (96ms)
			SetupLoadedEditorAssemblies (1177ms)
				LogAssemblyErrors (0ms)
				InitializePlatformSupportModulesInManaged (27ms)
				SetLoadedEditorAssemblies (0ms)
				RefreshPlugins (210ms)
				BeforeProcessingInitializeOnLoad (176ms)
				ProcessInitializeOnLoadAttributes (674ms)
				ProcessInitializeOnLoadMethodAttributes (80ms)
				AfterProcessingInitializeOnLoad (9ms)
				EditorAssembliesLoaded (0ms)
			ExecutionOrderSort2 (0ms)
			AwakeInstancesAfterBackupRestoration (6ms)
Platform modules already initialized, skipping
========================================================================
Worker process is ready to serve import requests
Launched and connected shader compiler UnityShaderCompiler.exe after 0.04 seconds
Refreshing native plugins compatible for Editor in 1.75 ms, found 6 plugins.
Preloading 0 native plugins for Editor in 0.00 ms.
Unloading 6752 Unused Serialized files (Serialized files now loaded: 0)
Unloading 140 unused Assets / (2.3 MB). Loaded Objects now: 7186.
Memory consumption went from 431.7 MB to 429.4 MB.
Total: 5.719500 ms (FindLiveObjects: 0.834100 ms CreateObjectMapping: 0.326300 ms MarkObjects: 3.938800 ms  DeleteObjects: 0.618800 ms)

AssetImportParameters requested are different than current active one (requested -> active):
  custom:video-decoder-ogg-theora: a1e56fd34408186e4bbccfd4996cb3dc -> 
  custom:container-muxer-webm: aa71ff27fc2769a1b78a27578f13a17b -> 
  custom:container-demuxer-webm: 4f35f7cbe854078d1ac9338744f61a02 -> 
  custom:video-encoder-webm-vp8: eb34c28f22e8b96e1ab97ce403110664 -> 
  custom:audio-encoder-webm-vorbis: bf7c407c2cedff20999df2af8eb42d56 -> 
  custom:framework-win-MediaFoundation: 216162199b28c13a410421893ffa2e32 -> 
  custom:container-demuxer-ogg: 62fdf1f143b41e24485cea50d1cbac27 -> 
  custom:video-decoder-webm-vp8: 9c59270c3fd7afecdb556c50c9e8de78 -> 
  custom:audio-decoder-ogg-vorbis: bf7c407c2cedff20999df2af8eb42d56 -> 
========================================================================
Received Import Request.
  Time since last request: 1209997.796273 seconds.
  path: Assets/Hovl Studio/Procedural fire/Textures/FireSphere1.png
  artifactKey: Guid(31679c4b857f0d140bd9566b86eb8674) Importer(815301076,1909f56bfc062723c751e8b465ee728b)
Start importing Assets/Hovl Studio/Procedural fire/Textures/FireSphere1.png using Guid(31679c4b857f0d140bd9566b86eb8674) Importer(815301076,1909f56bfc062723c751e8b465ee728b)  -> (artifact id: '12defaecdc617d025ab01a9d823d686d') in 0.087670 seconds 
========================================================================
Received Import Request.
  Time since last request: 1.396853 seconds.
  path: Assets/Hovl Studio/Procedural fire/Materials/FireSphere2.mat
  artifactKey: Guid(2e69c8c236ea65447a07e24d8cbed40b) Importer(815301076,1909f56bfc062723c751e8b465ee728b)
Start importing Assets/Hovl Studio/Procedural fire/Materials/FireSphere2.mat using Guid(2e69c8c236ea65447a07e24d8cbed40b) Importer(815301076,1909f56bfc062723c751e8b465ee728b)  -> (artifact id: '8b0e7d979b9450ccb76c4caea8aa6c93') in 0.234380 seconds 
========================================================================
Received Import Request.
  Time since last request: 266.849293 seconds.
  path: Assets/Hovl Studio/Procedural fire/Prefabs/Explosion.prefab
  artifactKey: Guid(67a684e320da6e7439421a07e3fa265c) Importer(815301076,1909f56bfc062723c751e8b465ee728b)
Start importing Assets/Hovl Studio/Procedural fire/Prefabs/Explosion.prefab using Guid(67a684e320da6e7439421a07e3fa265c) Importer(815301076,1909f56bfc062723c751e8b465ee728b)  -> (artifact id: '02dc3801e47cc0d12a4f51de71349113') in 0.581024 seconds 
========================================================================
Received Import Request.
  Time since last request: 0.000024 seconds.
  path: Assets/Hovl Studio/Procedural fire/Prefabs/Magic fire pro blue.prefab
  artifactKey: Guid(c590b17884b119046bc6412066500b7d) Importer(815301076,1909f56bfc062723c751e8b465ee728b)
Start importing Assets/Hovl Studio/Procedural fire/Prefabs/Magic fire pro blue.prefab using Guid(c590b17884b119046bc6412066500b7d) Importer(815301076,1909f56bfc062723c751e8b465ee728b)  -> (artifact id: '0d51912f632906aa721896583b172548') in 0.015636 seconds 
========================================================================
Received Import Request.
  Time since last request: 0.000045 seconds.
  path: Assets/Hovl Studio/Procedural fire/Prefabs/Magic fire pro green.prefab
  artifactKey: Guid(3d35e81bdc5955041be098ef22e82a3b) Importer(815301076,1909f56bfc062723c751e8b465ee728b)
Start importing Assets/Hovl Studio/Procedural fire/Prefabs/Magic fire pro green.prefab using Guid(3d35e81bdc5955041be098ef22e82a3b) Importer(815301076,1909f56bfc062723c751e8b465ee728b)  -> (artifact id: '6dd1327d848b565bcae25b4ae675cfd7') in 0.024652 seconds 
========================================================================
Received Import Request.
  Time since last request: 0.000106 seconds.
  path: Assets/Hovl Studio/Procedural fire/Prefabs/Magic fire 1.prefab
  artifactKey: Guid(25093a0593dc83043a7bc17ebba0e95d) Importer(815301076,1909f56bfc062723c751e8b465ee728b)
Start importing Assets/Hovl Studio/Procedural fire/Prefabs/Magic fire 1.prefab using Guid(25093a0593dc83043a7bc17ebba0e95d) Importer(815301076,1909f56bfc062723c751e8b465ee728b)  -> (artifact id: 'd7c2de66de69f6dde0da7e39e6244edd') in 0.019068 seconds 
========================================================================
Received Import Request.
  Time since last request: 0.000033 seconds.
  path: Assets/Hovl Studio/Procedural fire/Prefabs/Magic fire pro red.prefab
  artifactKey: Guid(eca000ab44c908d4dab395f654753038) Importer(815301076,1909f56bfc062723c751e8b465ee728b)
Start importing Assets/Hovl Studio/Procedural fire/Prefabs/Magic fire pro red.prefab using Guid(eca000ab44c908d4dab395f654753038) Importer(815301076,1909f56bfc062723c751e8b465ee728b)  -> (artifact id: '7168375273b70a27e2f7b28fb12de92f') in 0.033081 seconds 
========================================================================
Received Import Request.
  Time since last request: 0.000228 seconds.
  path: Assets/Hovl Studio/Procedural fire/Prefabs/Magic fire 3.prefab
  artifactKey: Guid(78e8b38d431ddef4fa2994a3f2d6e2ff) Importer(815301076,1909f56bfc062723c751e8b465ee728b)
Start importing Assets/Hovl Studio/Procedural fire/Prefabs/Magic fire 3.prefab using Guid(78e8b38d431ddef4fa2994a3f2d6e2ff) Importer(815301076,1909f56bfc062723c751e8b465ee728b)  -> (artifact id: 'aff8c02f575acba5e0c626e11bcb8a1f') in 0.020482 seconds 
========================================================================
Received Import Request.
  Time since last request: 0.000049 seconds.
  path: Assets/Hovl Studio/Procedural fire/Prefabs/Magic fire pro orange.prefab
  artifactKey: Guid(e55149ba6f4d00741984987e258c3378) Importer(815301076,1909f56bfc062723c751e8b465ee728b)
Start importing Assets/Hovl Studio/Procedural fire/Prefabs/Magic fire pro orange.prefab using Guid(e55149ba6f4d00741984987e258c3378) Importer(815301076,1909f56bfc062723c751e8b465ee728b)  -> (artifact id: '46791f22ad64ba9e68eb5df1795a93e2') in 0.029116 seconds 
Editor requested this worker to shutdown with reason: Scaling down because of idle timeout
AssetImportWorker is now disconnected from the server
Process exiting
Exiting without the bug reporter. Application will terminate with return code 0