Using pre-set license
Built from '2021.3/staging' branch; Version is '2021.3.4f1 (cb45f9cae8b7) revision 13321721'; Using compiler version '192829333'; Build Type 'Release'
OS: 'Windows 10  (10.0.19044) 64bit Core' Language: 'en' Physical Memory: 32509 MB
BatchMode: 1, IsHumanControllingUs: 0, StartBugReporterOnCrash: 0, Is64bit: 1, IsPro: 1

COMMAND LINE ARGUMENTS:
C:\Program Files\Unity\Hub\Editor\2021.3.4f1\Editor\Unity.exe
-adb2
-batchMode
-noUpm
-name
AssetImportWorker4
-projectPath
C:/Users/Carter/Documents/GitHub/AWalkInWinterland/A Walk In Winterland
-logFile
Logs/AssetImportWorker4.log
-srvPort
54311
Successfully changed project path to: C:/Users/Carter/Documents/GitHub/AWalkInWinterland/A Walk In Winterland
C:/Users/Carter/Documents/GitHub/AWalkInWinterland/A Walk In Winterland
[UnityMemory] Configuration Parameters - Can be set up in boot.config
    "memorysetup-bucket-allocator-granularity=16"
    "memorysetup-bucket-allocator-bucket-count=8"
    "memorysetup-bucket-allocator-block-size=33554432"
    "memorysetup-bucket-allocator-block-count=8"
    "memorysetup-main-allocator-block-size=16777216"
    "memorysetup-thread-allocator-block-size=16777216"
    "memorysetup-gfx-main-allocator-block-size=16777216"
    "memorysetup-gfx-thread-allocator-block-size=16777216"
    "memorysetup-cache-allocator-block-size=4194304"
    "memorysetup-typetree-allocator-block-size=2097152"
    "memorysetup-profiler-bucket-allocator-granularity=16"
    "memorysetup-profiler-bucket-allocator-bucket-count=8"
    "memorysetup-profiler-bucket-allocator-block-size=33554432"
    "memorysetup-profiler-bucket-allocator-block-count=8"
    "memorysetup-profiler-allocator-block-size=16777216"
    "memorysetup-profiler-editor-allocator-block-size=1048576"
    "memorysetup-temp-allocator-size-main=16777216"
    "memorysetup-job-temp-allocator-block-size=2097152"
    "memorysetup-job-temp-allocator-block-size-background=1048576"
    "memorysetup-job-temp-allocator-reduction-small-platforms=262144"
    "memorysetup-temp-allocator-size-background-worker=32768"
    "memorysetup-temp-allocator-size-job-worker=262144"
    "memorysetup-temp-allocator-size-preload-manager=33554432"
    "memorysetup-temp-allocator-size-nav-mesh-worker=65536"
    "memorysetup-temp-allocator-size-audio-worker=65536"
    "memorysetup-temp-allocator-size-cloud-worker=32768"
    "memorysetup-temp-allocator-size-gi-baking-worker=262144"
    "memorysetup-temp-allocator-size-gfx=262144"
Refreshing native plugins compatible for Editor in 247.41 ms, found 6 plugins.
Preloading 0 native plugins for Editor in 0.00 ms.
Initialize engine version: 2021.3.4f1 (cb45f9cae8b7)
[Subsystems] Discovering subsystems at path C:/Program Files/Unity/Hub/Editor/2021.3.4f1/Editor/Data/Resources/UnitySubsystems
[Subsystems] Discovering subsystems at path C:/Users/Carter/Documents/GitHub/AWalkInWinterland/A Walk In Winterland/Assets
GfxDevice: creating device client; threaded=0; jobified=0
Direct3D:
    Version:  Direct3D 11.0 [level 11.1]
    Renderer: NVIDIA GeForce RTX 3070 Ti (ID=0x2482)
    Vendor:   NVIDIA
    VRAM:     8041 MB
    Driver:   31.0.15.1748
Initialize mono
Mono path[0] = 'C:/Program Files/Unity/Hub/Editor/2021.3.4f1/Editor/Data/Managed'
Mono path[1] = 'C:/Program Files/Unity/Hub/Editor/2021.3.4f1/Editor/Data/MonoBleedingEdge/lib/mono/unityjit-win32'
Mono config path = 'C:/Program Files/Unity/Hub/Editor/2021.3.4f1/Editor/Data/MonoBleedingEdge/etc'
Using monoOptions --debugger-agent=transport=dt_socket,embedding=1,server=y,suspend=n,address=127.0.0.1:56492
Begin MonoManager ReloadAssembly
Registering precompiled unity dll's ...
Register platform support module: C:/Program Files/Unity/Hub/Editor/2021.3.4f1/Editor/Data/PlaybackEngines/WebGLSupport/UnityEditor.WebGL.Extensions.dll
Register platform support module: C:/Program Files/Unity/Hub/Editor/2021.3.4f1/Editor/Data/PlaybackEngines/AndroidPlayer/UnityEditor.Android.Extensions.dll
Register platform support module: C:/Program Files/Unity/Hub/Editor/2021.3.4f1/Editor/Data/PlaybackEngines/iOSSupport/UnityEditor.iOS.Extensions.dll
Register platform support module: C:/Program Files/Unity/Hub/Editor/2021.3.4f1/Editor/Data/PlaybackEngines/WindowsStandaloneSupport/UnityEditor.WindowsStandalone.Extensions.dll
Registered in 0.011582 seconds.
Native extension for WindowsStandalone target not found
[usbmuxd] Start listen thread
[usbmuxd] Listen thread started
[usbmuxd] Send listen message
Native extension for iOS target not found
Native extension for Android target not found
Native extension for WebGL target not found
Refreshing native plugins compatible for Editor in 214.95 ms, found 6 plugins.
Preloading 0 native plugins for Editor in 0.00 ms.
Mono: successfully reloaded assembly
- Completed reload, in  0.869 seconds
Domain Reload Profiling:
	ReloadAssembly (869ms)
		BeginReloadAssembly (82ms)
			ExecutionOrderSort (0ms)
			DisableScriptedObjects (0ms)
			BackupInstance (0ms)
			ReleaseScriptingObjects (0ms)
			CreateAndSetChildDomain (1ms)
		EndReloadAssembly (662ms)
			LoadAssemblies (80ms)
			RebuildTransferFunctionScriptingTraits (0ms)
			SetupTypeCache (118ms)
			ReleaseScriptCaches (0ms)
			RebuildScriptCaches (28ms)
			SetupLoadedEditorAssemblies (452ms)
				LogAssemblyErrors (0ms)
				InitializePlatformSupportModulesInManaged (80ms)
				SetLoadedEditorAssemblies (0ms)
				RefreshPlugins (215ms)
				BeforeProcessingInitializeOnLoad (3ms)
				ProcessInitializeOnLoadAttributes (105ms)
				ProcessInitializeOnLoadMethodAttributes (48ms)
				AfterProcessingInitializeOnLoad (0ms)
				EditorAssembliesLoaded (0ms)
			ExecutionOrderSort2 (0ms)
			AwakeInstancesAfterBackupRestoration (0ms)
Platform modules already initialized, skipping
Registering precompiled user dll's ...
Registered in 0.011468 seconds.
Begin MonoManager ReloadAssembly
Symbol file LoadedFromMemory doesn't match image C:\Users\Carter\Documents\GitHub\AWalkInWinterland\A Walk In Winterland\Library\PackageCache\com.unity.visualscripting@1.7.8\Editor\VisualScripting.Core\Dependencies\DotNetZip\Unity.VisualScripting.IonicZip.dll
Symbol file LoadedFromMemory doesn't match image C:\Users\Carter\Documents\GitHub\AWalkInWinterland\A Walk In Winterland\Library\PackageCache\com.unity.visualscripting@1.7.8\Editor\VisualScripting.Core\Dependencies\YamlDotNet\Unity.VisualScripting.YamlDotNet.dll
Native extension for WindowsStandalone target not found
Native extension for iOS target not found
Native extension for Android target not found
Native extension for WebGL target not found
Refreshing native plugins compatible for Editor in 222.85 ms, found 6 plugins.
Preloading 0 native plugins for Editor in 0.00 ms.
Mono: successfully reloaded assembly
- Completed reload, in  2.119 seconds
Domain Reload Profiling:
	ReloadAssembly (2120ms)
		BeginReloadAssembly (219ms)
			ExecutionOrderSort (0ms)
			DisableScriptedObjects (6ms)
			BackupInstance (0ms)
			ReleaseScriptingObjects (0ms)
			CreateAndSetChildDomain (125ms)
		EndReloadAssembly (1768ms)
			LoadAssemblies (108ms)
			RebuildTransferFunctionScriptingTraits (0ms)
			SetupTypeCache (332ms)
			ReleaseScriptCaches (1ms)
			RebuildScriptCaches (93ms)
			SetupLoadedEditorAssemblies (1164ms)
				LogAssemblyErrors (0ms)
				InitializePlatformSupportModulesInManaged (33ms)
				SetLoadedEditorAssemblies (0ms)
				RefreshPlugins (223ms)
				BeforeProcessingInitializeOnLoad (170ms)
				ProcessInitializeOnLoadAttributes (656ms)
				ProcessInitializeOnLoadMethodAttributes (74ms)
				AfterProcessingInitializeOnLoad (9ms)
				EditorAssembliesLoaded (0ms)
			ExecutionOrderSort2 (0ms)
			AwakeInstancesAfterBackupRestoration (6ms)
Platform modules already initialized, skipping
========================================================================
Worker process is ready to serve import requests
Launched and connected shader compiler UnityShaderCompiler.exe after 0.04 seconds
Refreshing native plugins compatible for Editor in 2.11 ms, found 6 plugins.
Preloading 0 native plugins for Editor in 0.00 ms.
Unloading 6751 Unused Serialized files (Serialized files now loaded: 0)
Unloading 140 unused Assets / (2.3 MB). Loaded Objects now: 7185.
Memory consumption went from 431.3 MB to 429.0 MB.
Total: 8.435000 ms (FindLiveObjects: 1.707300 ms CreateObjectMapping: 0.486000 ms MarkObjects: 4.885600 ms  DeleteObjects: 1.354200 ms)

AssetImportParameters requested are different than current active one (requested -> active):
  custom:video-decoder-ogg-theora: a1e56fd34408186e4bbccfd4996cb3dc -> 
  custom:container-muxer-webm: aa71ff27fc2769a1b78a27578f13a17b -> 
  custom:container-demuxer-webm: 4f35f7cbe854078d1ac9338744f61a02 -> 
  custom:video-encoder-webm-vp8: eb34c28f22e8b96e1ab97ce403110664 -> 
  custom:audio-encoder-webm-vorbis: bf7c407c2cedff20999df2af8eb42d56 -> 
  custom:framework-win-MediaFoundation: 216162199b28c13a410421893ffa2e32 -> 
  custom:container-demuxer-ogg: 62fdf1f143b41e24485cea50d1cbac27 -> 
  custom:video-decoder-webm-vp8: 9c59270c3fd7afecdb556c50c9e8de78 -> 
  custom:audio-decoder-ogg-vorbis: bf7c407c2cedff20999df2af8eb42d56 -> 
========================================================================
Received Prepare
Registering precompiled user dll's ...
Registered in 0.013953 seconds.
Begin MonoManager ReloadAssembly
Symbol file LoadedFromMemory doesn't match image C:\Users\Carter\Documents\GitHub\AWalkInWinterland\A Walk In Winterland\Library\PackageCache\com.unity.visualscripting@1.7.8\Editor\VisualScripting.Core\Dependencies\DotNetZip\Unity.VisualScripting.IonicZip.dll
Symbol file LoadedFromMemory doesn't match image C:\Users\Carter\Documents\GitHub\AWalkInWinterland\A Walk In Winterland\Library\PackageCache\com.unity.visualscripting@1.7.8\Editor\VisualScripting.Core\Dependencies\YamlDotNet\Unity.VisualScripting.YamlDotNet.dll
Native extension for WindowsStandalone target not found
Native extension for iOS target not found
Native extension for Android target not found
Native extension for WebGL target not found
Refreshing native plugins compatible for Editor in 2.40 ms, found 6 plugins.
Preloading 0 native plugins for Editor in 0.00 ms.
Mono: successfully reloaded assembly
- Completed reload, in  2.123 seconds
Domain Reload Profiling:
	ReloadAssembly (2123ms)
		BeginReloadAssembly (208ms)
			ExecutionOrderSort (0ms)
			DisableScriptedObjects (8ms)
			BackupInstance (0ms)
			ReleaseScriptingObjects (0ms)
			CreateAndSetChildDomain (59ms)
		EndReloadAssembly (1766ms)
			LoadAssemblies (167ms)
			RebuildTransferFunctionScriptingTraits (0ms)
			SetupTypeCache (427ms)
			ReleaseScriptCaches (2ms)
			RebuildScriptCaches (90ms)
			SetupLoadedEditorAssemblies (983ms)
				LogAssemblyErrors (0ms)
				InitializePlatformSupportModulesInManaged (49ms)
				SetLoadedEditorAssemblies (1ms)
				RefreshPlugins (2ms)
				BeforeProcessingInitializeOnLoad (153ms)
				ProcessInitializeOnLoadAttributes (642ms)
				ProcessInitializeOnLoadMethodAttributes (125ms)
				AfterProcessingInitializeOnLoad (11ms)
				EditorAssembliesLoaded (0ms)
			ExecutionOrderSort2 (0ms)
			AwakeInstancesAfterBackupRestoration (24ms)
Platform modules already initialized, skipping
Refreshing native plugins compatible for Editor in 15.04 ms, found 6 plugins.
Preloading 0 native plugins for Editor in 0.00 ms.
Unloading 6472 Unused Serialized files (Serialized files now loaded: 0)
Unloading 104 unused Assets / (2.3 MB). Loaded Objects now: 7200.
Memory consumption went from 416.3 MB to 414.0 MB.
Total: 7.703700 ms (FindLiveObjects: 0.863900 ms CreateObjectMapping: 0.326700 ms MarkObjects: 5.073700 ms  DeleteObjects: 1.436100 ms)

AssetImportParameters requested are different than current active one (requested -> active):
  custom:video-decoder-ogg-theora: a1e56fd34408186e4bbccfd4996cb3dc -> 
  custom:container-muxer-webm: aa71ff27fc2769a1b78a27578f13a17b -> 
  custom:container-demuxer-webm: 4f35f7cbe854078d1ac9338744f61a02 -> 
  custom:video-encoder-webm-vp8: eb34c28f22e8b96e1ab97ce403110664 -> 
  custom:audio-encoder-webm-vorbis: bf7c407c2cedff20999df2af8eb42d56 -> 
  custom:framework-win-MediaFoundation: 216162199b28c13a410421893ffa2e32 -> 
  custom:container-demuxer-ogg: 62fdf1f143b41e24485cea50d1cbac27 -> 
  custom:video-decoder-webm-vp8: 9c59270c3fd7afecdb556c50c9e8de78 -> 
  custom:audio-decoder-ogg-vorbis: bf7c407c2cedff20999df2af8eb42d56 -> 
========================================================================
Received Prepare
Registering precompiled user dll's ...
Registered in 0.011541 seconds.
Begin MonoManager ReloadAssembly
Symbol file LoadedFromMemory doesn't match image C:\Users\Carter\Documents\GitHub\AWalkInWinterland\A Walk In Winterland\Library\PackageCache\com.unity.visualscripting@1.7.8\Editor\VisualScripting.Core\Dependencies\DotNetZip\Unity.VisualScripting.IonicZip.dll
Symbol file LoadedFromMemory doesn't match image C:\Users\Carter\Documents\GitHub\AWalkInWinterland\A Walk In Winterland\Library\PackageCache\com.unity.visualscripting@1.7.8\Editor\VisualScripting.Core\Dependencies\YamlDotNet\Unity.VisualScripting.YamlDotNet.dll
Native extension for WindowsStandalone target not found
Native extension for iOS target not found
Native extension for Android target not found
Native extension for WebGL target not found
Refreshing native plugins compatible for Editor in 2.06 ms, found 6 plugins.
Preloading 0 native plugins for Editor in 0.00 ms.
Mono: successfully reloaded assembly
- Completed reload, in  1.742 seconds
Domain Reload Profiling:
	ReloadAssembly (1743ms)
		BeginReloadAssembly (159ms)
			ExecutionOrderSort (0ms)
			DisableScriptedObjects (6ms)
			BackupInstance (0ms)
			ReleaseScriptingObjects (0ms)
			CreateAndSetChildDomain (51ms)
		EndReloadAssembly (1469ms)
			LoadAssemblies (111ms)
			RebuildTransferFunctionScriptingTraits (0ms)
			SetupTypeCache (348ms)
			ReleaseScriptCaches (2ms)
			RebuildScriptCaches (75ms)
			SetupLoadedEditorAssemblies (840ms)
				LogAssemblyErrors (0ms)
				InitializePlatformSupportModulesInManaged (41ms)
				SetLoadedEditorAssemblies (1ms)
				RefreshPlugins (2ms)
				BeforeProcessingInitializeOnLoad (130ms)
				ProcessInitializeOnLoadAttributes (551ms)
				ProcessInitializeOnLoadMethodAttributes (105ms)
				AfterProcessingInitializeOnLoad (10ms)
				EditorAssembliesLoaded (0ms)
			ExecutionOrderSort2 (0ms)
			AwakeInstancesAfterBackupRestoration (21ms)
Platform modules already initialized, skipping
Refreshing native plugins compatible for Editor in 13.26 ms, found 6 plugins.
Preloading 0 native plugins for Editor in 0.00 ms.
Unloading 6472 Unused Serialized files (Serialized files now loaded: 0)
Unloading 104 unused Assets / (2.3 MB). Loaded Objects now: 7215.
Memory consumption went from 416.4 MB to 414.1 MB.
Total: 6.587300 ms (FindLiveObjects: 0.756500 ms CreateObjectMapping: 0.258700 ms MarkObjects: 4.696800 ms  DeleteObjects: 0.873600 ms)

AssetImportParameters requested are different than current active one (requested -> active):
  custom:video-decoder-ogg-theora: a1e56fd34408186e4bbccfd4996cb3dc -> 
  custom:container-muxer-webm: aa71ff27fc2769a1b78a27578f13a17b -> 
  custom:container-demuxer-webm: 4f35f7cbe854078d1ac9338744f61a02 -> 
  custom:video-encoder-webm-vp8: eb34c28f22e8b96e1ab97ce403110664 -> 
  custom:audio-encoder-webm-vorbis: bf7c407c2cedff20999df2af8eb42d56 -> 
  custom:framework-win-MediaFoundation: 216162199b28c13a410421893ffa2e32 -> 
  custom:container-demuxer-ogg: 62fdf1f143b41e24485cea50d1cbac27 -> 
  custom:video-decoder-webm-vp8: 9c59270c3fd7afecdb556c50c9e8de78 -> 
  custom:audio-decoder-ogg-vorbis: bf7c407c2cedff20999df2af8eb42d56 -> 
========================================================================
Received Import Request.
  Time since last request: 1390165.867947 seconds.
  path: Assets/UniStorm Weather System/Materials/Weather/Blowing Snow.mat
  artifactKey: Guid(7a539b8d5d9ad2846a04ad3b40820e79) Importer(815301076,1909f56bfc062723c751e8b465ee728b)
Start importing Assets/UniStorm Weather System/Materials/Weather/Blowing Snow.mat using Guid(7a539b8d5d9ad2846a04ad3b40820e79) Importer(815301076,1909f56bfc062723c751e8b465ee728b)  -> (artifact id: '4e84ab027a60cea2d47b525db5016b8c') in 0.347459 seconds 
========================================================================
Received Prepare
Registering precompiled user dll's ...
Registered in 0.012136 seconds.
Begin MonoManager ReloadAssembly
Symbol file LoadedFromMemory doesn't match image C:\Users\Carter\Documents\GitHub\AWalkInWinterland\A Walk In Winterland\Library\PackageCache\com.unity.visualscripting@1.7.8\Editor\VisualScripting.Core\Dependencies\DotNetZip\Unity.VisualScripting.IonicZip.dll
Symbol file LoadedFromMemory doesn't match image C:\Users\Carter\Documents\GitHub\AWalkInWinterland\A Walk In Winterland\Library\PackageCache\com.unity.visualscripting@1.7.8\Editor\VisualScripting.Core\Dependencies\YamlDotNet\Unity.VisualScripting.YamlDotNet.dll
Native extension for WindowsStandalone target not found
Native extension for iOS target not found
Native extension for Android target not found
Native extension for WebGL target not found
Refreshing native plugins compatible for Editor in 1.90 ms, found 6 plugins.
Preloading 0 native plugins for Editor in 0.00 ms.
Mono: successfully reloaded assembly
- Completed reload, in  1.611 seconds
Domain Reload Profiling:
	ReloadAssembly (1611ms)
		BeginReloadAssembly (153ms)
			ExecutionOrderSort (0ms)
			DisableScriptedObjects (9ms)
			BackupInstance (0ms)
			ReleaseScriptingObjects (0ms)
			CreateAndSetChildDomain (47ms)
		EndReloadAssembly (1348ms)
			LoadAssemblies (101ms)
			RebuildTransferFunctionScriptingTraits (0ms)
			SetupTypeCache (306ms)
			ReleaseScriptCaches (2ms)
			RebuildScriptCaches (64ms)
			SetupLoadedEditorAssemblies (761ms)
				LogAssemblyErrors (0ms)
				InitializePlatformSupportModulesInManaged (36ms)
				SetLoadedEditorAssemblies (1ms)
				RefreshPlugins (2ms)
				BeforeProcessingInitializeOnLoad (125ms)
				ProcessInitializeOnLoadAttributes (498ms)
				ProcessInitializeOnLoadMethodAttributes (91ms)
				AfterProcessingInitializeOnLoad (9ms)
				EditorAssembliesLoaded (0ms)
			ExecutionOrderSort2 (0ms)
			AwakeInstancesAfterBackupRestoration (26ms)
Platform modules already initialized, skipping
Refreshing native plugins compatible for Editor in 12.15 ms, found 6 plugins.
Preloading 0 native plugins for Editor in 0.00 ms.
Unloading 6480 Unused Serialized files (Serialized files now loaded: 0)
Unloading 104 unused Assets / (2.3 MB). Loaded Objects now: 7320.
Memory consumption went from 423.7 MB to 421.4 MB.
Total: 6.170500 ms (FindLiveObjects: 0.921700 ms CreateObjectMapping: 0.309100 ms MarkObjects: 4.144100 ms  DeleteObjects: 0.794200 ms)

AssetImportParameters requested are different than current active one (requested -> active):
  custom:video-decoder-ogg-theora: a1e56fd34408186e4bbccfd4996cb3dc -> 
  custom:container-muxer-webm: aa71ff27fc2769a1b78a27578f13a17b -> 
  custom:container-demuxer-webm: 4f35f7cbe854078d1ac9338744f61a02 -> 
  custom:video-encoder-webm-vp8: eb34c28f22e8b96e1ab97ce403110664 -> 
  custom:audio-encoder-webm-vorbis: bf7c407c2cedff20999df2af8eb42d56 -> 
  custom:framework-win-MediaFoundation: 216162199b28c13a410421893ffa2e32 -> 
  custom:container-demuxer-ogg: 62fdf1f143b41e24485cea50d1cbac27 -> 
  custom:video-decoder-webm-vp8: 9c59270c3fd7afecdb556c50c9e8de78 -> 
  custom:audio-decoder-ogg-vorbis: bf7c407c2cedff20999df2af8eb42d56 -> 
========================================================================
Received Prepare
Registering precompiled user dll's ...
Registered in 0.011861 seconds.
Begin MonoManager ReloadAssembly
Symbol file LoadedFromMemory doesn't match image C:\Users\Carter\Documents\GitHub\AWalkInWinterland\A Walk In Winterland\Library\PackageCache\com.unity.visualscripting@1.7.8\Editor\VisualScripting.Core\Dependencies\DotNetZip\Unity.VisualScripting.IonicZip.dll
Symbol file LoadedFromMemory doesn't match image C:\Users\Carter\Documents\GitHub\AWalkInWinterland\A Walk In Winterland\Library\PackageCache\com.unity.visualscripting@1.7.8\Editor\VisualScripting.Core\Dependencies\YamlDotNet\Unity.VisualScripting.YamlDotNet.dll
Native extension for WindowsStandalone target not found
Native extension for iOS target not found
Native extension for Android target not found
Native extension for WebGL target not found
Refreshing native plugins compatible for Editor in 2.03 ms, found 6 plugins.
Preloading 0 native plugins for Editor in 0.00 ms.
Mono: successfully reloaded assembly
- Completed reload, in  1.793 seconds
Domain Reload Profiling:
	ReloadAssembly (1794ms)
		BeginReloadAssembly (164ms)
			ExecutionOrderSort (0ms)
			DisableScriptedObjects (8ms)
			BackupInstance (0ms)
			ReleaseScriptingObjects (0ms)
			CreateAndSetChildDomain (49ms)
		EndReloadAssembly (1504ms)
			LoadAssemblies (114ms)
			RebuildTransferFunctionScriptingTraits (0ms)
			SetupTypeCache (344ms)
			ReleaseScriptCaches (2ms)
			RebuildScriptCaches (75ms)
			SetupLoadedEditorAssemblies (847ms)
				LogAssemblyErrors (0ms)
				InitializePlatformSupportModulesInManaged (42ms)
				SetLoadedEditorAssemblies (1ms)
				RefreshPlugins (2ms)
				BeforeProcessingInitializeOnLoad (137ms)
				ProcessInitializeOnLoadAttributes (550ms)
				ProcessInitializeOnLoadMethodAttributes (106ms)
				AfterProcessingInitializeOnLoad (10ms)
				EditorAssembliesLoaded (0ms)
			ExecutionOrderSort2 (0ms)
			AwakeInstancesAfterBackupRestoration (25ms)
Platform modules already initialized, skipping
Refreshing native plugins compatible for Editor in 13.09 ms, found 6 plugins.
Preloading 0 native plugins for Editor in 0.00 ms.
Unloading 6480 Unused Serialized files (Serialized files now loaded: 0)
Unloading 104 unused Assets / (2.3 MB). Loaded Objects now: 7335.
Memory consumption went from 423.6 MB to 421.3 MB.
Total: 5.566700 ms (FindLiveObjects: 0.994900 ms CreateObjectMapping: 0.286100 ms MarkObjects: 3.559700 ms  DeleteObjects: 0.723800 ms)

AssetImportParameters requested are different than current active one (requested -> active):
  custom:video-decoder-ogg-theora: a1e56fd34408186e4bbccfd4996cb3dc -> 
  custom:container-muxer-webm: aa71ff27fc2769a1b78a27578f13a17b -> 
  custom:container-demuxer-webm: 4f35f7cbe854078d1ac9338744f61a02 -> 
  custom:video-encoder-webm-vp8: eb34c28f22e8b96e1ab97ce403110664 -> 
  custom:audio-encoder-webm-vorbis: bf7c407c2cedff20999df2af8eb42d56 -> 
  custom:framework-win-MediaFoundation: 216162199b28c13a410421893ffa2e32 -> 
  custom:container-demuxer-ogg: 62fdf1f143b41e24485cea50d1cbac27 -> 
  custom:video-decoder-webm-vp8: 9c59270c3fd7afecdb556c50c9e8de78 -> 
  custom:audio-decoder-ogg-vorbis: bf7c407c2cedff20999df2af8eb42d56 -> 
========================================================================
Received Prepare
Registering precompiled user dll's ...
Registered in 0.013173 seconds.
Begin MonoManager ReloadAssembly
Symbol file LoadedFromMemory doesn't match image C:\Users\Carter\Documents\GitHub\AWalkInWinterland\A Walk In Winterland\Library\PackageCache\com.unity.visualscripting@1.7.8\Editor\VisualScripting.Core\Dependencies\DotNetZip\Unity.VisualScripting.IonicZip.dll
Symbol file LoadedFromMemory doesn't match image C:\Users\Carter\Documents\GitHub\AWalkInWinterland\A Walk In Winterland\Library\PackageCache\com.unity.visualscripting@1.7.8\Editor\VisualScripting.Core\Dependencies\YamlDotNet\Unity.VisualScripting.YamlDotNet.dll
Native extension for WindowsStandalone target not found
Native extension for iOS target not found
Native extension for Android target not found
Native extension for WebGL target not found
Refreshing native plugins compatible for Editor in 2.07 ms, found 6 plugins.
Preloading 0 native plugins for Editor in 0.00 ms.
Mono: successfully reloaded assembly
- Completed reload, in  1.800 seconds
Domain Reload Profiling:
	ReloadAssembly (1801ms)
		BeginReloadAssembly (162ms)
			ExecutionOrderSort (0ms)
			DisableScriptedObjects (7ms)
			BackupInstance (0ms)
			ReleaseScriptingObjects (0ms)
			CreateAndSetChildDomain (45ms)
		EndReloadAssembly (1522ms)
			LoadAssemblies (123ms)
			RebuildTransferFunctionScriptingTraits (0ms)
			SetupTypeCache (351ms)
			ReleaseScriptCaches (2ms)
			RebuildScriptCaches (74ms)
			SetupLoadedEditorAssemblies (844ms)
				LogAssemblyErrors (0ms)
				InitializePlatformSupportModulesInManaged (41ms)
				SetLoadedEditorAssemblies (1ms)
				RefreshPlugins (2ms)
				BeforeProcessingInitializeOnLoad (133ms)
				ProcessInitializeOnLoadAttributes (552ms)
				ProcessInitializeOnLoadMethodAttributes (105ms)
				AfterProcessingInitializeOnLoad (10ms)
				EditorAssembliesLoaded (0ms)
			ExecutionOrderSort2 (0ms)
			AwakeInstancesAfterBackupRestoration (25ms)
Platform modules already initialized, skipping
Refreshing native plugins compatible for Editor in 12.01 ms, found 6 plugins.
Preloading 0 native plugins for Editor in 0.00 ms.
Unloading 6480 Unused Serialized files (Serialized files now loaded: 0)
Unloading 104 unused Assets / (2.3 MB). Loaded Objects now: 7350.
Memory consumption went from 423.7 MB to 421.4 MB.
Total: 6.417700 ms (FindLiveObjects: 1.211200 ms CreateObjectMapping: 0.335400 ms MarkObjects: 3.926700 ms  DeleteObjects: 0.942900 ms)

AssetImportParameters requested are different than current active one (requested -> active):
  custom:video-decoder-ogg-theora: a1e56fd34408186e4bbccfd4996cb3dc -> 
  custom:container-muxer-webm: aa71ff27fc2769a1b78a27578f13a17b -> 
  custom:container-demuxer-webm: 4f35f7cbe854078d1ac9338744f61a02 -> 
  custom:video-encoder-webm-vp8: eb34c28f22e8b96e1ab97ce403110664 -> 
  custom:audio-encoder-webm-vorbis: bf7c407c2cedff20999df2af8eb42d56 -> 
  custom:framework-win-MediaFoundation: 216162199b28c13a410421893ffa2e32 -> 
  custom:container-demuxer-ogg: 62fdf1f143b41e24485cea50d1cbac27 -> 
  custom:video-decoder-webm-vp8: 9c59270c3fd7afecdb556c50c9e8de78 -> 
  custom:audio-decoder-ogg-vorbis: bf7c407c2cedff20999df2af8eb42d56 -> 
========================================================================
Received Import Request.
  Time since last request: 192.083207 seconds.
  path: Assets/UniStorm Weather System/Weather Types/Precipitation/Snow.asset
  artifactKey: Guid(cdd5a76100a69fe41ad873c4355fb159) Importer(815301076,1909f56bfc062723c751e8b465ee728b)
Start importing Assets/UniStorm Weather System/Weather Types/Precipitation/Snow.asset using Guid(cdd5a76100a69fe41ad873c4355fb159) Importer(815301076,1909f56bfc062723c751e8b465ee728b)  -> (artifact id: 'e5ed78133690ffee7c4486004aa0ef24') in 0.093256 seconds 
========================================================================
Received Import Request.
  Time since last request: 15.860303 seconds.
  path: Assets/UniStorm Weather System/Weather Types/Precipitation/Heavy Snow.asset
  artifactKey: Guid(26f4b8522773f344aa5550d74cc52ce6) Importer(815301076,1909f56bfc062723c751e8b465ee728b)
Start importing Assets/UniStorm Weather System/Weather Types/Precipitation/Heavy Snow.asset using Guid(26f4b8522773f344aa5550d74cc52ce6) Importer(815301076,1909f56bfc062723c751e8b465ee728b)  -> (artifact id: '7453b4c549fbf81d7f7096a87973f030') in 0.011134 seconds 
========================================================================
Received Import Request.
  Time since last request: 25.349581 seconds.
  path: Assets/UniStorm Weather System/Textures/Weather Icons/Weather Icon 1.png
  artifactKey: Guid(8c441bec7acc17d419b000960bad1ffc) Importer(815301076,1909f56bfc062723c751e8b465ee728b)
Start importing Assets/UniStorm Weather System/Textures/Weather Icons/Weather Icon 1.png using Guid(8c441bec7acc17d419b000960bad1ffc) Importer(815301076,1909f56bfc062723c751e8b465ee728b)  -> (artifact id: '818f5ba3292e81d517495cb1de020cc0') in 0.072104 seconds 
========================================================================
Received Import Request.
  Time since last request: 7.387456 seconds.
  path: Assets/UniStorm Weather System/Textures/Weather Icons/Weather Icon 3.png
  artifactKey: Guid(6e89decd5e97c4347bfce7356b4e7eaf) Importer(815301076,1909f56bfc062723c751e8b465ee728b)
Start importing Assets/UniStorm Weather System/Textures/Weather Icons/Weather Icon 3.png using Guid(6e89decd5e97c4347bfce7356b4e7eaf) Importer(815301076,1909f56bfc062723c751e8b465ee728b)  -> (artifact id: 'a6b28764dc859b8ec34d2a80ad438bda') in 0.022810 seconds 
========================================================================
Received Import Request.
  Time since last request: 1.864212 seconds.
  path: Assets/UniStorm Weather System/Weather Types/Precipitation/Heavy Rain.asset
  artifactKey: Guid(bad5e6801a6223942b1fb7cd7cf611d6) Importer(815301076,1909f56bfc062723c751e8b465ee728b)
Start importing Assets/UniStorm Weather System/Weather Types/Precipitation/Heavy Rain.asset using Guid(bad5e6801a6223942b1fb7cd7cf611d6) Importer(815301076,1909f56bfc062723c751e8b465ee728b)  -> (artifact id: '415edd124a31ce48325ad767dcdecd57') in 0.011643 seconds 
========================================================================
Received Import Request.
  Time since last request: 0.000036 seconds.
  path: Assets/UniStorm Weather System/Weather Types/Precipitation/Snow.asset
  artifactKey: Guid(cdd5a76100a69fe41ad873c4355fb159) Importer(815301076,1909f56bfc062723c751e8b465ee728b)
Start importing Assets/UniStorm Weather System/Weather Types/Precipitation/Snow.asset using Guid(cdd5a76100a69fe41ad873c4355fb159) Importer(815301076,1909f56bfc062723c751e8b465ee728b)  -> (artifact id: '4a984fc23971c1d46396a41424347eb3') in 0.005018 seconds 
========================================================================
Received Import Request.
  Time since last request: 0.886372 seconds.
  path: Assets/UniStorm Weather System/Textures/Weather Icons/Weather Icon 8.png
  artifactKey: Guid(df68576420c431d4389e746a2b7a74dc) Importer(815301076,1909f56bfc062723c751e8b465ee728b)
Start importing Assets/UniStorm Weather System/Textures/Weather Icons/Weather Icon 8.png using Guid(df68576420c431d4389e746a2b7a74dc) Importer(815301076,1909f56bfc062723c751e8b465ee728b)  -> (artifact id: '152ed7150dc6b55cb80ded2f77a6ab59') in 0.031300 seconds 
========================================================================
Received Import Request.
  Time since last request: 5.891750 seconds.
  path: Assets/UniStorm Weather System/Textures/Weather Icons/Weather Icon 2.png
  artifactKey: Guid(d5cd2010397d1b3478354f72bd2fffbe) Importer(815301076,1909f56bfc062723c751e8b465ee728b)
Start importing Assets/UniStorm Weather System/Textures/Weather Icons/Weather Icon 2.png using Guid(d5cd2010397d1b3478354f72bd2fffbe) Importer(815301076,1909f56bfc062723c751e8b465ee728b)  -> (artifact id: 'b2b4969aa2ac21ac695a32c10d153945') in 0.042917 seconds 
========================================================================
Received Import Request.
  Time since last request: 9.116558 seconds.
  path: Assets/UniStorm Weather System/Weather Types/Precipitation/Thunder Snow.asset
  artifactKey: Guid(c34eda7e7ffbd3f438b544e91ed00986) Importer(815301076,1909f56bfc062723c751e8b465ee728b)
Start importing Assets/UniStorm Weather System/Weather Types/Precipitation/Thunder Snow.asset using Guid(c34eda7e7ffbd3f438b544e91ed00986) Importer(815301076,1909f56bfc062723c751e8b465ee728b)  -> (artifact id: 'fffa2ca24e84411f5cd988d6702d66ed') in 0.006456 seconds 
========================================================================
Received Import Request.
  Time since last request: 11.996965 seconds.
  path: Assets/UniStorm Weather System/Weather Types/Precipitation/Thunderstorm.asset
  artifactKey: Guid(ec37544ca0d8b3640b920a1f69c80705) Importer(815301076,1909f56bfc062723c751e8b465ee728b)
Start importing Assets/UniStorm Weather System/Weather Types/Precipitation/Thunderstorm.asset using Guid(ec37544ca0d8b3640b920a1f69c80705) Importer(815301076,1909f56bfc062723c751e8b465ee728b)  -> (artifact id: '498c50534832d99a00dea98d33ef55d5') in 0.011127 seconds 
========================================================================
Received Import Request.
  Time since last request: 26.823669 seconds.
  path: Assets/UniStorm Weather System/Textures/Weather Icons/Weather Icon 6.png
  artifactKey: Guid(cec2b8ab3fc84a044a5c4466603e017a) Importer(815301076,1909f56bfc062723c751e8b465ee728b)
Start importing Assets/UniStorm Weather System/Textures/Weather Icons/Weather Icon 6.png using Guid(cec2b8ab3fc84a044a5c4466603e017a) Importer(815301076,1909f56bfc062723c751e8b465ee728b)  -> (artifact id: '95550bd0bacc56c92e4d606ddf799397') in 0.036092 seconds 
========================================================================
Received Import Request.
  Time since last request: 5.260717 seconds.
  path: Assets/UniStorm Weather System/Textures/Weather Icons/Weather Icon 5.png
  artifactKey: Guid(deadb9c37c55fa843a868102ddd940d8) Importer(815301076,1909f56bfc062723c751e8b465ee728b)
Start importing Assets/UniStorm Weather System/Textures/Weather Icons/Weather Icon 5.png using Guid(deadb9c37c55fa843a868102ddd940d8) Importer(815301076,1909f56bfc062723c751e8b465ee728b)  -> (artifact id: '94fa0740df3796a53201f5cadc3d0612') in 0.041610 seconds 
========================================================================
Received Import Request.
  Time since last request: 24.739007 seconds.
  path: Assets/UniStorm Weather System/Weather Types/Precipitation/Drizzle.asset
  artifactKey: Guid(189387f15363c854481e654b3ea19abb) Importer(815301076,1909f56bfc062723c751e8b465ee728b)
Start importing Assets/UniStorm Weather System/Weather Types/Precipitation/Drizzle.asset using Guid(189387f15363c854481e654b3ea19abb) Importer(815301076,1909f56bfc062723c751e8b465ee728b)  -> (artifact id: '2e1f2506270931e2289329e963293656') in 0.018192 seconds 
========================================================================
Received Import Request.
  Time since last request: 0.000065 seconds.
  path: Assets/UniStorm Weather System/Weather Types/Precipitation/Light Rain.asset
  artifactKey: Guid(b4b7d963b44ee6244a1db2ecb60efdab) Importer(815301076,1909f56bfc062723c751e8b465ee728b)
Start importing Assets/UniStorm Weather System/Weather Types/Precipitation/Light Rain.asset using Guid(b4b7d963b44ee6244a1db2ecb60efdab) Importer(815301076,1909f56bfc062723c751e8b465ee728b)  -> (artifact id: '0e3d0410bd63f058e6a9ee666b9a9c04') in 0.010023 seconds 
========================================================================
Received Import Request.
  Time since last request: 0.000040 seconds.
  path: Assets/UniStorm Weather System/Weather Types/Precipitation/Thunderstorm.asset
  artifactKey: Guid(ec37544ca0d8b3640b920a1f69c80705) Importer(815301076,1909f56bfc062723c751e8b465ee728b)
Start importing Assets/UniStorm Weather System/Weather Types/Precipitation/Thunderstorm.asset using Guid(ec37544ca0d8b3640b920a1f69c80705) Importer(815301076,1909f56bfc062723c751e8b465ee728b)  -> (artifact id: '66bcefd7748208876e1083bb4de703fc') in 0.006899 seconds 
========================================================================
Received Import Request.
  Time since last request: 0.000034 seconds.
  path: Assets/UniStorm Weather System/Weather Types/Precipitation/Mostly Cloudy Thunder.asset
  artifactKey: Guid(7cea4d6f6771bfb479f8bc407d3aaf69) Importer(815301076,1909f56bfc062723c751e8b465ee728b)
Start importing Assets/UniStorm Weather System/Weather Types/Precipitation/Mostly Cloudy Thunder.asset using Guid(7cea4d6f6771bfb479f8bc407d3aaf69) Importer(815301076,1909f56bfc062723c751e8b465ee728b)  -> (artifact id: 'd6def44b2260043a18c20c4e038de38e') in 0.010852 seconds 
========================================================================
Received Import Request.
  Time since last request: 0.000051 seconds.
  path: Assets/UniStorm Weather System/Weather Types/Precipitation/Thunder Snow.asset
  artifactKey: Guid(c34eda7e7ffbd3f438b544e91ed00986) Importer(815301076,1909f56bfc062723c751e8b465ee728b)
Start importing Assets/UniStorm Weather System/Weather Types/Precipitation/Thunder Snow.asset using Guid(c34eda7e7ffbd3f438b544e91ed00986) Importer(815301076,1909f56bfc062723c751e8b465ee728b)  -> (artifact id: '122d1ee5609e0569d44343c882d31782') in 0.005152 seconds 
Editor requested this worker to shutdown with reason: Scaling down because of idle timeout
AssetImportWorker is now disconnected from the server
Process exiting
Exiting without the bug reporter. Application will terminate with return code 0