Using pre-set license
Built from '2021.3/staging' branch; Version is '2021.3.4f1 (cb45f9cae8b7) revision 13321721'; Using compiler version '192829333'; Build Type 'Release'
OS: 'Windows 11  (10.0.22621) 64bit Core' Language: 'en' Physical Memory: 24277 MB
BatchMode: 1, IsHumanControllingUs: 0, StartBugReporterOnCrash: 0, Is64bit: 1, IsPro: 1

COMMAND LINE ARGUMENTS:
C:\Program Files\Unity\Hub\Editor\2021.3.4f1\Editor\Unity.exe
-adb2
-batchMode
-noUpm
-name
AssetImportWorker0
-projectPath
C:/Users/check/OneDrive/Documents/GitHub/AWalkInWinterland/A Walk In Winterland
-logFile
Logs/AssetImportWorker0.log
-srvPort
52181
Successfully changed project path to: C:/Users/check/OneDrive/Documents/GitHub/AWalkInWinterland/A Walk In Winterland
C:/Users/check/OneDrive/Documents/GitHub/AWalkInWinterland/A Walk In Winterland
[UnityMemory] Configuration Parameters - Can be set up in boot.config
    "memorysetup-bucket-allocator-granularity=16"
    "memorysetup-bucket-allocator-bucket-count=8"
    "memorysetup-bucket-allocator-block-size=33554432"
    "memorysetup-bucket-allocator-block-count=8"
    "memorysetup-main-allocator-block-size=16777216"
    "memorysetup-thread-allocator-block-size=16777216"
    "memorysetup-gfx-main-allocator-block-size=16777216"
    "memorysetup-gfx-thread-allocator-block-size=16777216"
    "memorysetup-cache-allocator-block-size=4194304"
    "memorysetup-typetree-allocator-block-size=2097152"
    "memorysetup-profiler-bucket-allocator-granularity=16"
    "memorysetup-profiler-bucket-allocator-bucket-count=8"
    "memorysetup-profiler-bucket-allocator-block-size=33554432"
    "memorysetup-profiler-bucket-allocator-block-count=8"
    "memorysetup-profiler-allocator-block-size=16777216"
    "memorysetup-profiler-editor-allocator-block-size=1048576"
    "memorysetup-temp-allocator-size-main=16777216"
    "memorysetup-job-temp-allocator-block-size=2097152"
    "memorysetup-job-temp-allocator-block-size-background=1048576"
    "memorysetup-job-temp-allocator-reduction-small-platforms=262144"
    "memorysetup-temp-allocator-size-background-worker=32768"
    "memorysetup-temp-allocator-size-job-worker=262144"
    "memorysetup-temp-allocator-size-preload-manager=33554432"
    "memorysetup-temp-allocator-size-nav-mesh-worker=65536"
    "memorysetup-temp-allocator-size-audio-worker=65536"
    "memorysetup-temp-allocator-size-cloud-worker=32768"
    "memorysetup-temp-allocator-size-gi-baking-worker=262144"
    "memorysetup-temp-allocator-size-gfx=262144"
Refreshing native plugins compatible for Editor in 154.15 ms, found 6 plugins.
Preloading 0 native plugins for Editor in 0.00 ms.
Initialize engine version: 2021.3.4f1 (cb45f9cae8b7)
[Subsystems] Discovering subsystems at path C:/Program Files/Unity/Hub/Editor/2021.3.4f1/Editor/Data/Resources/UnitySubsystems
[Subsystems] Discovering subsystems at path C:/Users/check/OneDrive/Documents/GitHub/AWalkInWinterland/A Walk In Winterland/Assets
GfxDevice: creating device client; threaded=0; jobified=0
Direct3D:
    Version:  Direct3D 11.0 [level 11.1]
    Renderer: NVIDIA GeForce RTX 3050 Laptop GPU (ID=0x25a5)
    Vendor:   NVIDIA
    VRAM:     3977 MB
    Driver:   31.0.15.3179
Initialize mono
Mono path[0] = 'C:/Program Files/Unity/Hub/Editor/2021.3.4f1/Editor/Data/Managed'
Mono path[1] = 'C:/Program Files/Unity/Hub/Editor/2021.3.4f1/Editor/Data/MonoBleedingEdge/lib/mono/unityjit-win32'
Mono config path = 'C:/Program Files/Unity/Hub/Editor/2021.3.4f1/Editor/Data/MonoBleedingEdge/etc'
Using monoOptions --debugger-agent=transport=dt_socket,embedding=1,server=y,suspend=n,address=127.0.0.1:56712
Begin MonoManager ReloadAssembly
Registering precompiled unity dll's ...
Register platform support module: C:/Program Files/Unity/Hub/Editor/2021.3.4f1/Editor/Data/PlaybackEngines/iOSSupport/UnityEditor.iOS.Extensions.dll
Register platform support module: C:/Program Files/Unity/Hub/Editor/2021.3.4f1/Editor/Data/PlaybackEngines/WindowsStandaloneSupport/UnityEditor.WindowsStandalone.Extensions.dll
Registered in 0.004267 seconds.
Native extension for WindowsStandalone target not found
[usbmuxd] Start listen thread
[usbmuxd] Listen thread started
Native extension for iOS target not found
Refreshing native plugins compatible for Editor in 130.63 ms, found 6 plugins.
Preloading 0 native plugins for Editor in 0.00 ms.
Mono: successfully reloaded assembly
- Completed reload, in  0.551 seconds
Domain Reload Profiling:
	ReloadAssembly (551ms)
		BeginReloadAssembly (55ms)
			ExecutionOrderSort (0ms)
			DisableScriptedObjects (0ms)
			BackupInstance (0ms)
			ReleaseScriptingObjects (0ms)
			CreateAndSetChildDomain (1ms)
		EndReloadAssembly (413ms)
			LoadAssemblies (55ms)
			RebuildTransferFunctionScriptingTraits (0ms)
			SetupTypeCache (78ms)
			ReleaseScriptCaches (0ms)
			RebuildScriptCaches (18ms)
			SetupLoadedEditorAssemblies (275ms)
				LogAssemblyErrors (0ms)
				InitializePlatformSupportModulesInManaged (18ms)
				SetLoadedEditorAssemblies (0ms)
				RefreshPlugins (131ms)
				BeforeProcessingInitializeOnLoad (1ms)
				ProcessInitializeOnLoadAttributes (94ms)
				ProcessInitializeOnLoadMethodAttributes (31ms)
				AfterProcessingInitializeOnLoad (0ms)
				EditorAssembliesLoaded (0ms)
			ExecutionOrderSort2 (0ms)
			AwakeInstancesAfterBackupRestoration (0ms)
Platform modules already initialized, skipping
Registering precompiled user dll's ...
Registered in 0.008146 seconds.
Begin MonoManager ReloadAssembly
Symbol file LoadedFromMemory doesn't match image C:\Users\check\OneDrive\Documents\GitHub\AWalkInWinterland\A Walk In Winterland\Library\PackageCache\com.unity.visualscripting@1.7.8\Editor\VisualScripting.Core\Dependencies\DotNetZip\Unity.VisualScripting.IonicZip.dll
Symbol file LoadedFromMemory doesn't match image C:\Users\check\OneDrive\Documents\GitHub\AWalkInWinterland\A Walk In Winterland\Library\PackageCache\com.unity.visualscripting@1.7.8\Editor\VisualScripting.Core\Dependencies\YamlDotNet\Unity.VisualScripting.YamlDotNet.dll
Native extension for WindowsStandalone target not found
Native extension for iOS target not found
Refreshing native plugins compatible for Editor in 133.50 ms, found 6 plugins.
Preloading 0 native plugins for Editor in 0.00 ms.
Mono: successfully reloaded assembly
- Completed reload, in  1.340 seconds
Domain Reload Profiling:
	ReloadAssembly (1341ms)
		BeginReloadAssembly (81ms)
			ExecutionOrderSort (0ms)
			DisableScriptedObjects (4ms)
			BackupInstance (0ms)
			ReleaseScriptingObjects (0ms)
			CreateAndSetChildDomain (17ms)
		EndReloadAssembly (1171ms)
			LoadAssemblies (79ms)
			RebuildTransferFunctionScriptingTraits (0ms)
			SetupTypeCache (236ms)
			ReleaseScriptCaches (1ms)
			RebuildScriptCaches (61ms)
			SetupLoadedEditorAssemblies (752ms)
				LogAssemblyErrors (0ms)
				InitializePlatformSupportModulesInManaged (13ms)
				SetLoadedEditorAssemblies (0ms)
				RefreshPlugins (134ms)
				BeforeProcessingInitializeOnLoad (104ms)
				ProcessInitializeOnLoadAttributes (450ms)
				ProcessInitializeOnLoadMethodAttributes (45ms)
				AfterProcessingInitializeOnLoad (5ms)
				EditorAssembliesLoaded (0ms)
			ExecutionOrderSort2 (0ms)
			AwakeInstancesAfterBackupRestoration (4ms)
Platform modules already initialized, skipping
========================================================================
Worker process is ready to serve import requests
Launched and connected shader compiler UnityShaderCompiler.exe after 0.03 seconds
Refreshing native plugins compatible for Editor in 1.47 ms, found 6 plugins.
Preloading 0 native plugins for Editor in 0.00 ms.
Unloading 6778 Unused Serialized files (Serialized files now loaded: 0)
Unloading 141 unused Assets / (2.3 MB). Loaded Objects now: 7178.
Memory consumption went from 338.2 MB to 335.9 MB.
Total: 4.288600 ms (FindLiveObjects: 0.467200 ms CreateObjectMapping: 0.281100 ms MarkObjects: 3.113500 ms  DeleteObjects: 0.426000 ms)

AssetImportParameters requested are different than current active one (requested -> active):
  custom:video-decoder-ogg-theora: a1e56fd34408186e4bbccfd4996cb3dc -> 
  custom:container-muxer-webm: aa71ff27fc2769a1b78a27578f13a17b -> 
  custom:container-demuxer-webm: 4f35f7cbe854078d1ac9338744f61a02 -> 
  custom:video-encoder-webm-vp8: eb34c28f22e8b96e1ab97ce403110664 -> 
  custom:audio-encoder-webm-vorbis: bf7c407c2cedff20999df2af8eb42d56 -> 
  custom:framework-win-MediaFoundation: 216162199b28c13a410421893ffa2e32 -> 
  custom:container-demuxer-ogg: 62fdf1f143b41e24485cea50d1cbac27 -> 
  custom:video-decoder-webm-vp8: 9c59270c3fd7afecdb556c50c9e8de78 -> 
  custom:audio-decoder-ogg-vorbis: bf7c407c2cedff20999df2af8eb42d56 -> 
========================================================================
Received Import Request.
  Time since last request: 246676.020722 seconds.
  path: Assets/Scripts
  artifactKey: Guid(6149755158123864eacd45eef7c10a74) Importer(815301076,1909f56bfc062723c751e8b465ee728b)
Start importing Assets/Scripts using Guid(6149755158123864eacd45eef7c10a74) Importer(815301076,1909f56bfc062723c751e8b465ee728b)  -> (artifact id: 'fc8d3555dce782852893c94a9c73dfb7') in 0.011416 seconds 
========================================================================
Received Import Request.
  Time since last request: 5.413861 seconds.
  path: Assets/Scripts/OneWayGateScript.cs
  artifactKey: Guid(3dbcba2e35319464dbe5e906c71dd70c) Importer(815301076,1909f56bfc062723c751e8b465ee728b)
Start importing Assets/Scripts/OneWayGateScript.cs using Guid(3dbcba2e35319464dbe5e906c71dd70c) Importer(815301076,1909f56bfc062723c751e8b465ee728b)  -> (artifact id: '37817c28eda3f8f2ae6bd7e3fc41fe97') in 0.018647 seconds 
========================================================================
Received Prepare
Registering precompiled user dll's ...
Registered in 0.009840 seconds.
Begin MonoManager ReloadAssembly
Symbol file LoadedFromMemory doesn't match image C:\Users\check\OneDrive\Documents\GitHub\AWalkInWinterland\A Walk In Winterland\Library\PackageCache\com.unity.visualscripting@1.7.8\Editor\VisualScripting.Core\Dependencies\DotNetZip\Unity.VisualScripting.IonicZip.dll
Symbol file LoadedFromMemory doesn't match image C:\Users\check\OneDrive\Documents\GitHub\AWalkInWinterland\A Walk In Winterland\Library\PackageCache\com.unity.visualscripting@1.7.8\Editor\VisualScripting.Core\Dependencies\YamlDotNet\Unity.VisualScripting.YamlDotNet.dll
Native extension for WindowsStandalone target not found
Native extension for iOS target not found
Refreshing native plugins compatible for Editor in 1.50 ms, found 6 plugins.
Preloading 0 native plugins for Editor in 0.00 ms.
Mono: successfully reloaded assembly
- Completed reload, in  1.147 seconds
Domain Reload Profiling:
	ReloadAssembly (1148ms)
		BeginReloadAssembly (124ms)
			ExecutionOrderSort (0ms)
			DisableScriptedObjects (4ms)
			BackupInstance (0ms)
			ReleaseScriptingObjects (0ms)
			CreateAndSetChildDomain (38ms)
		EndReloadAssembly (940ms)
			LoadAssemblies (93ms)
			RebuildTransferFunctionScriptingTraits (0ms)
			SetupTypeCache (250ms)
			ReleaseScriptCaches (2ms)
			RebuildScriptCaches (41ms)
			SetupLoadedEditorAssemblies (504ms)
				LogAssemblyErrors (0ms)
				InitializePlatformSupportModulesInManaged (19ms)
				SetLoadedEditorAssemblies (0ms)
				RefreshPlugins (2ms)
				BeforeProcessingInitializeOnLoad (75ms)
				ProcessInitializeOnLoadAttributes (334ms)
				ProcessInitializeOnLoadMethodAttributes (68ms)
				AfterProcessingInitializeOnLoad (6ms)
				EditorAssembliesLoaded (0ms)
			ExecutionOrderSort2 (0ms)
			AwakeInstancesAfterBackupRestoration (12ms)
Platform modules already initialized, skipping
Refreshing native plugins compatible for Editor in 7.05 ms, found 6 plugins.
Preloading 0 native plugins for Editor in 0.00 ms.
Unloading 6491 Unused Serialized files (Serialized files now loaded: 0)
Unloading 104 unused Assets / (2.3 MB). Loaded Objects now: 7194.
Memory consumption went from 322.3 MB to 320.1 MB.
Total: 4.462100 ms (FindLiveObjects: 0.394400 ms CreateObjectMapping: 0.238600 ms MarkObjects: 3.392000 ms  DeleteObjects: 0.435500 ms)

AssetImportParameters requested are different than current active one (requested -> active):
  custom:video-decoder-ogg-theora: a1e56fd34408186e4bbccfd4996cb3dc -> 
  custom:container-muxer-webm: aa71ff27fc2769a1b78a27578f13a17b -> 
  custom:container-demuxer-webm: 4f35f7cbe854078d1ac9338744f61a02 -> 
  custom:video-encoder-webm-vp8: eb34c28f22e8b96e1ab97ce403110664 -> 
  custom:audio-encoder-webm-vorbis: bf7c407c2cedff20999df2af8eb42d56 -> 
  custom:framework-win-MediaFoundation: 216162199b28c13a410421893ffa2e32 -> 
  custom:container-demuxer-ogg: 62fdf1f143b41e24485cea50d1cbac27 -> 
  custom:video-decoder-webm-vp8: 9c59270c3fd7afecdb556c50c9e8de78 -> 
  custom:audio-decoder-ogg-vorbis: bf7c407c2cedff20999df2af8eb42d56 -> 
========================================================================
Received Import Request.
  Time since last request: 66.917591 seconds.
  path: Assets/Scripts/OneWayGateScript.cs
  artifactKey: Guid(3dbcba2e35319464dbe5e906c71dd70c) Importer(815301076,1909f56bfc062723c751e8b465ee728b)
Start importing Assets/Scripts/OneWayGateScript.cs using Guid(3dbcba2e35319464dbe5e906c71dd70c) Importer(815301076,1909f56bfc062723c751e8b465ee728b)  -> (artifact id: 'a93cb958cdb6711f196f2bccefef2911') in 0.016112 seconds 
========================================================================
Received Prepare
Registering precompiled user dll's ...
Registered in 0.007208 seconds.
Begin MonoManager ReloadAssembly
Symbol file LoadedFromMemory doesn't match image C:\Users\check\OneDrive\Documents\GitHub\AWalkInWinterland\A Walk In Winterland\Library\PackageCache\com.unity.visualscripting@1.7.8\Editor\VisualScripting.Core\Dependencies\DotNetZip\Unity.VisualScripting.IonicZip.dll
Symbol file LoadedFromMemory doesn't match image C:\Users\check\OneDrive\Documents\GitHub\AWalkInWinterland\A Walk In Winterland\Library\PackageCache\com.unity.visualscripting@1.7.8\Editor\VisualScripting.Core\Dependencies\YamlDotNet\Unity.VisualScripting.YamlDotNet.dll
Native extension for WindowsStandalone target not found
Native extension for iOS target not found
Refreshing native plugins compatible for Editor in 1.48 ms, found 6 plugins.
Preloading 0 native plugins for Editor in 0.00 ms.
Mono: successfully reloaded assembly
- Completed reload, in  1.149 seconds
Domain Reload Profiling:
	ReloadAssembly (1149ms)
		BeginReloadAssembly (115ms)
			ExecutionOrderSort (0ms)
			DisableScriptedObjects (4ms)
			BackupInstance (0ms)
			ReleaseScriptingObjects (0ms)
			CreateAndSetChildDomain (43ms)
		EndReloadAssembly (954ms)
			LoadAssemblies (71ms)
			RebuildTransferFunctionScriptingTraits (0ms)
			SetupTypeCache (224ms)
			ReleaseScriptCaches (2ms)
			RebuildScriptCaches (45ms)
			SetupLoadedEditorAssemblies (554ms)
				LogAssemblyErrors (0ms)
				InitializePlatformSupportModulesInManaged (20ms)
				SetLoadedEditorAssemblies (0ms)
				RefreshPlugins (2ms)
				BeforeProcessingInitializeOnLoad (75ms)
				ProcessInitializeOnLoadAttributes (375ms)
				ProcessInitializeOnLoadMethodAttributes (79ms)
				AfterProcessingInitializeOnLoad (4ms)
				EditorAssembliesLoaded (0ms)
			ExecutionOrderSort2 (0ms)
			AwakeInstancesAfterBackupRestoration (12ms)
Platform modules already initialized, skipping
Refreshing native plugins compatible for Editor in 9.31 ms, found 6 plugins.
Preloading 0 native plugins for Editor in 0.00 ms.
Unloading 6491 Unused Serialized files (Serialized files now loaded: 0)
Unloading 104 unused Assets / (2.3 MB). Loaded Objects now: 7209.
Memory consumption went from 322.4 MB to 320.1 MB.
Total: 5.488500 ms (FindLiveObjects: 0.423300 ms CreateObjectMapping: 0.249200 ms MarkObjects: 4.285200 ms  DeleteObjects: 0.529900 ms)

AssetImportParameters requested are different than current active one (requested -> active):
  custom:video-decoder-ogg-theora: a1e56fd34408186e4bbccfd4996cb3dc -> 
  custom:container-muxer-webm: aa71ff27fc2769a1b78a27578f13a17b -> 
  custom:container-demuxer-webm: 4f35f7cbe854078d1ac9338744f61a02 -> 
  custom:video-encoder-webm-vp8: eb34c28f22e8b96e1ab97ce403110664 -> 
  custom:audio-encoder-webm-vorbis: bf7c407c2cedff20999df2af8eb42d56 -> 
  custom:framework-win-MediaFoundation: 216162199b28c13a410421893ffa2e32 -> 
  custom:container-demuxer-ogg: 62fdf1f143b41e24485cea50d1cbac27 -> 
  custom:video-decoder-webm-vp8: 9c59270c3fd7afecdb556c50c9e8de78 -> 
  custom:audio-decoder-ogg-vorbis: bf7c407c2cedff20999df2af8eb42d56 -> 
========================================================================
Received Import Request.
  Time since last request: 1784.389507 seconds.
  path: Assets/Scripts/OneWayGateScript.cs
  artifactKey: Guid(3dbcba2e35319464dbe5e906c71dd70c) Importer(815301076,1909f56bfc062723c751e8b465ee728b)
Start importing Assets/Scripts/OneWayGateScript.cs using Guid(3dbcba2e35319464dbe5e906c71dd70c) Importer(815301076,1909f56bfc062723c751e8b465ee728b)  -> (artifact id: 'd0c0c80ce6e09e65b39f844cf2de952a') in 0.011222 seconds 
========================================================================
Received Import Request.
  Time since last request: 33.511274 seconds.
  path: Assets/Scripts/OneWayGateScript.cs
  artifactKey: Guid(3dbcba2e35319464dbe5e906c71dd70c) Importer(815301076,1909f56bfc062723c751e8b465ee728b)
Start importing Assets/Scripts/OneWayGateScript.cs using Guid(3dbcba2e35319464dbe5e906c71dd70c) Importer(815301076,1909f56bfc062723c751e8b465ee728b)  -> (artifact id: '747e1b9a5f5d7aaa235882a957dc89d4') in 0.001678 seconds 
========================================================================
Received Prepare
Registering precompiled user dll's ...
Registered in 0.008170 seconds.
Begin MonoManager ReloadAssembly
Symbol file LoadedFromMemory doesn't match image C:\Users\check\OneDrive\Documents\GitHub\AWalkInWinterland\A Walk In Winterland\Library\PackageCache\com.unity.visualscripting@1.7.8\Editor\VisualScripting.Core\Dependencies\DotNetZip\Unity.VisualScripting.IonicZip.dll
Symbol file LoadedFromMemory doesn't match image C:\Users\check\OneDrive\Documents\GitHub\AWalkInWinterland\A Walk In Winterland\Library\PackageCache\com.unity.visualscripting@1.7.8\Editor\VisualScripting.Core\Dependencies\YamlDotNet\Unity.VisualScripting.YamlDotNet.dll
Native extension for WindowsStandalone target not found
Native extension for iOS target not found
Refreshing native plugins compatible for Editor in 1.57 ms, found 6 plugins.
Preloading 0 native plugins for Editor in 0.00 ms.
Mono: successfully reloaded assembly
- Completed reload, in  1.257 seconds
Domain Reload Profiling:
	ReloadAssembly (1258ms)
		BeginReloadAssembly (135ms)
			ExecutionOrderSort (0ms)
			DisableScriptedObjects (7ms)
			BackupInstance (0ms)
			ReleaseScriptingObjects (0ms)
			CreateAndSetChildDomain (52ms)
		EndReloadAssembly (1032ms)
			LoadAssemblies (92ms)
			RebuildTransferFunctionScriptingTraits (0ms)
			SetupTypeCache (296ms)
			ReleaseScriptCaches (3ms)
			RebuildScriptCaches (64ms)
			SetupLoadedEditorAssemblies (519ms)
				LogAssemblyErrors (0ms)
				InitializePlatformSupportModulesInManaged (23ms)
				SetLoadedEditorAssemblies (0ms)
				RefreshPlugins (2ms)
				BeforeProcessingInitializeOnLoad (82ms)
				ProcessInitializeOnLoadAttributes (337ms)
				ProcessInitializeOnLoadMethodAttributes (71ms)
				AfterProcessingInitializeOnLoad (4ms)
				EditorAssembliesLoaded (0ms)
			ExecutionOrderSort2 (0ms)
			AwakeInstancesAfterBackupRestoration (12ms)
Platform modules already initialized, skipping
Refreshing native plugins compatible for Editor in 7.00 ms, found 6 plugins.
Preloading 0 native plugins for Editor in 0.00 ms.
Unloading 6491 Unused Serialized files (Serialized files now loaded: 0)
Unloading 104 unused Assets / (2.3 MB). Loaded Objects now: 7224.
Memory consumption went from 322.4 MB to 320.1 MB.
Total: 4.247700 ms (FindLiveObjects: 0.474700 ms CreateObjectMapping: 0.223600 ms MarkObjects: 3.150800 ms  DeleteObjects: 0.396100 ms)

AssetImportParameters requested are different than current active one (requested -> active):
  custom:video-decoder-ogg-theora: a1e56fd34408186e4bbccfd4996cb3dc -> 
  custom:container-muxer-webm: aa71ff27fc2769a1b78a27578f13a17b -> 
  custom:container-demuxer-webm: 4f35f7cbe854078d1ac9338744f61a02 -> 
  custom:video-encoder-webm-vp8: eb34c28f22e8b96e1ab97ce403110664 -> 
  custom:audio-encoder-webm-vorbis: bf7c407c2cedff20999df2af8eb42d56 -> 
  custom:framework-win-MediaFoundation: 216162199b28c13a410421893ffa2e32 -> 
  custom:container-demuxer-ogg: 62fdf1f143b41e24485cea50d1cbac27 -> 
  custom:video-decoder-webm-vp8: 9c59270c3fd7afecdb556c50c9e8de78 -> 
  custom:audio-decoder-ogg-vorbis: bf7c407c2cedff20999df2af8eb42d56 -> 
========================================================================
Received Import Request.
  Time since last request: 149.722511 seconds.
  path: Assets/Scripts/OneWayGateScript.cs
  artifactKey: Guid(3dbcba2e35319464dbe5e906c71dd70c) Importer(815301076,1909f56bfc062723c751e8b465ee728b)
Start importing Assets/Scripts/OneWayGateScript.cs using Guid(3dbcba2e35319464dbe5e906c71dd70c) Importer(815301076,1909f56bfc062723c751e8b465ee728b)  -> (artifact id: 'c8fa022c0b719d1532c17cbdd879a923') in 0.010365 seconds 
========================================================================
Received Prepare
Registering precompiled user dll's ...
Registered in 0.006727 seconds.
Begin MonoManager ReloadAssembly
Symbol file LoadedFromMemory doesn't match image C:\Users\check\OneDrive\Documents\GitHub\AWalkInWinterland\A Walk In Winterland\Library\PackageCache\com.unity.visualscripting@1.7.8\Editor\VisualScripting.Core\Dependencies\DotNetZip\Unity.VisualScripting.IonicZip.dll
Symbol file LoadedFromMemory doesn't match image C:\Users\check\OneDrive\Documents\GitHub\AWalkInWinterland\A Walk In Winterland\Library\PackageCache\com.unity.visualscripting@1.7.8\Editor\VisualScripting.Core\Dependencies\YamlDotNet\Unity.VisualScripting.YamlDotNet.dll
Native extension for WindowsStandalone target not found
Native extension for iOS target not found
Refreshing native plugins compatible for Editor in 1.45 ms, found 6 plugins.
Preloading 0 native plugins for Editor in 0.00 ms.
Mono: successfully reloaded assembly
- Completed reload, in  1.106 seconds
Domain Reload Profiling:
	ReloadAssembly (1106ms)
		BeginReloadAssembly (112ms)
			ExecutionOrderSort (0ms)
			DisableScriptedObjects (4ms)
			BackupInstance (0ms)
			ReleaseScriptingObjects (0ms)
			CreateAndSetChildDomain (36ms)
		EndReloadAssembly (912ms)
			LoadAssemblies (80ms)
			RebuildTransferFunctionScriptingTraits (0ms)
			SetupTypeCache (249ms)
			ReleaseScriptCaches (2ms)
			RebuildScriptCaches (42ms)
			SetupLoadedEditorAssemblies (483ms)
				LogAssemblyErrors (0ms)
				InitializePlatformSupportModulesInManaged (19ms)
				SetLoadedEditorAssemblies (0ms)
				RefreshPlugins (1ms)
				BeforeProcessingInitializeOnLoad (73ms)
				ProcessInitializeOnLoadAttributes (324ms)
				ProcessInitializeOnLoadMethodAttributes (60ms)
				AfterProcessingInitializeOnLoad (5ms)
				EditorAssembliesLoaded (0ms)
			ExecutionOrderSort2 (0ms)
			AwakeInstancesAfterBackupRestoration (12ms)
Platform modules already initialized, skipping
Refreshing native plugins compatible for Editor in 7.04 ms, found 6 plugins.
Preloading 0 native plugins for Editor in 0.00 ms.
Unloading 6491 Unused Serialized files (Serialized files now loaded: 0)
Unloading 104 unused Assets / (2.3 MB). Loaded Objects now: 7239.
Memory consumption went from 322.4 MB to 320.1 MB.
Total: 4.245900 ms (FindLiveObjects: 0.444800 ms CreateObjectMapping: 0.233600 ms MarkObjects: 3.155700 ms  DeleteObjects: 0.410800 ms)

AssetImportParameters requested are different than current active one (requested -> active):
  custom:video-decoder-ogg-theora: a1e56fd34408186e4bbccfd4996cb3dc -> 
  custom:container-muxer-webm: aa71ff27fc2769a1b78a27578f13a17b -> 
  custom:container-demuxer-webm: 4f35f7cbe854078d1ac9338744f61a02 -> 
  custom:video-encoder-webm-vp8: eb34c28f22e8b96e1ab97ce403110664 -> 
  custom:audio-encoder-webm-vorbis: bf7c407c2cedff20999df2af8eb42d56 -> 
  custom:framework-win-MediaFoundation: 216162199b28c13a410421893ffa2e32 -> 
  custom:container-demuxer-ogg: 62fdf1f143b41e24485cea50d1cbac27 -> 
  custom:video-decoder-webm-vp8: 9c59270c3fd7afecdb556c50c9e8de78 -> 
  custom:audio-decoder-ogg-vorbis: bf7c407c2cedff20999df2af8eb42d56 -> 
========================================================================
Received Import Request.
  Time since last request: 16.492697 seconds.
  path: Assets/Scripts/OneWayGateScript.cs
  artifactKey: Guid(3dbcba2e35319464dbe5e906c71dd70c) Importer(815301076,1909f56bfc062723c751e8b465ee728b)
Start importing Assets/Scripts/OneWayGateScript.cs using Guid(3dbcba2e35319464dbe5e906c71dd70c) Importer(815301076,1909f56bfc062723c751e8b465ee728b)  -> (artifact id: '56eea430ba256aa3a8f7c6395099540b') in 0.010830 seconds 
========================================================================
Received Prepare
Registering precompiled user dll's ...
Registered in 0.011938 seconds.
Begin MonoManager ReloadAssembly
Symbol file LoadedFromMemory doesn't match image C:\Users\check\OneDrive\Documents\GitHub\AWalkInWinterland\A Walk In Winterland\Library\PackageCache\com.unity.visualscripting@1.7.8\Editor\VisualScripting.Core\Dependencies\DotNetZip\Unity.VisualScripting.IonicZip.dll
Symbol file LoadedFromMemory doesn't match image C:\Users\check\OneDrive\Documents\GitHub\AWalkInWinterland\A Walk In Winterland\Library\PackageCache\com.unity.visualscripting@1.7.8\Editor\VisualScripting.Core\Dependencies\YamlDotNet\Unity.VisualScripting.YamlDotNet.dll
Native extension for WindowsStandalone target not found
Native extension for iOS target not found
Refreshing native plugins compatible for Editor in 1.65 ms, found 6 plugins.
Preloading 0 native plugins for Editor in 0.00 ms.
Mono: successfully reloaded assembly
- Completed reload, in  1.247 seconds
Domain Reload Profiling:
	ReloadAssembly (1248ms)
		BeginReloadAssembly (131ms)
			ExecutionOrderSort (0ms)
			DisableScriptedObjects (6ms)
			BackupInstance (0ms)
			ReleaseScriptingObjects (0ms)
			CreateAndSetChildDomain (54ms)
		EndReloadAssembly (1024ms)
			LoadAssemblies (91ms)
			RebuildTransferFunctionScriptingTraits (0ms)
			SetupTypeCache (288ms)
			ReleaseScriptCaches (2ms)
			RebuildScriptCaches (56ms)
			SetupLoadedEditorAssemblies (530ms)
				LogAssemblyErrors (0ms)
				InitializePlatformSupportModulesInManaged (21ms)
				SetLoadedEditorAssemblies (0ms)
				RefreshPlugins (2ms)
				BeforeProcessingInitializeOnLoad (87ms)
				ProcessInitializeOnLoadAttributes (353ms)
				ProcessInitializeOnLoadMethodAttributes (61ms)
				AfterProcessingInitializeOnLoad (6ms)
				EditorAssembliesLoaded (0ms)
			ExecutionOrderSort2 (0ms)
			AwakeInstancesAfterBackupRestoration (12ms)
Platform modules already initialized, skipping
Refreshing native plugins compatible for Editor in 7.69 ms, found 6 plugins.
Preloading 0 native plugins for Editor in 0.00 ms.
Unloading 6491 Unused Serialized files (Serialized files now loaded: 0)
Unloading 104 unused Assets / (2.3 MB). Loaded Objects now: 7254.
Memory consumption went from 322.5 MB to 320.2 MB.
Total: 3.970600 ms (FindLiveObjects: 0.424200 ms CreateObjectMapping: 0.241900 ms MarkObjects: 2.818300 ms  DeleteObjects: 0.484700 ms)

AssetImportParameters requested are different than current active one (requested -> active):
  custom:video-decoder-ogg-theora: a1e56fd34408186e4bbccfd4996cb3dc -> 
  custom:container-muxer-webm: aa71ff27fc2769a1b78a27578f13a17b -> 
  custom:container-demuxer-webm: 4f35f7cbe854078d1ac9338744f61a02 -> 
  custom:video-encoder-webm-vp8: eb34c28f22e8b96e1ab97ce403110664 -> 
  custom:audio-encoder-webm-vorbis: bf7c407c2cedff20999df2af8eb42d56 -> 
  custom:framework-win-MediaFoundation: 216162199b28c13a410421893ffa2e32 -> 
  custom:container-demuxer-ogg: 62fdf1f143b41e24485cea50d1cbac27 -> 
  custom:video-decoder-webm-vp8: 9c59270c3fd7afecdb556c50c9e8de78 -> 
  custom:audio-decoder-ogg-vorbis: bf7c407c2cedff20999df2af8eb42d56 -> 
========================================================================
Received Prepare
Registering precompiled user dll's ...
Registered in 0.007847 seconds.
Begin MonoManager ReloadAssembly
Symbol file LoadedFromMemory doesn't match image C:\Users\check\OneDrive\Documents\GitHub\AWalkInWinterland\A Walk In Winterland\Library\PackageCache\com.unity.visualscripting@1.7.8\Editor\VisualScripting.Core\Dependencies\DotNetZip\Unity.VisualScripting.IonicZip.dll
Symbol file LoadedFromMemory doesn't match image C:\Users\check\OneDrive\Documents\GitHub\AWalkInWinterland\A Walk In Winterland\Library\PackageCache\com.unity.visualscripting@1.7.8\Editor\VisualScripting.Core\Dependencies\YamlDotNet\Unity.VisualScripting.YamlDotNet.dll
Native extension for WindowsStandalone target not found
Native extension for iOS target not found
Refreshing native plugins compatible for Editor in 1.53 ms, found 6 plugins.
Preloading 0 native plugins for Editor in 0.00 ms.
Mono: successfully reloaded assembly
- Completed reload, in  1.042 seconds
Domain Reload Profiling:
	ReloadAssembly (1042ms)
		BeginReloadAssembly (100ms)
			ExecutionOrderSort (0ms)
			DisableScriptedObjects (4ms)
			BackupInstance (0ms)
			ReleaseScriptingObjects (0ms)
			CreateAndSetChildDomain (32ms)
		EndReloadAssembly (868ms)
			LoadAssemblies (62ms)
			RebuildTransferFunctionScriptingTraits (0ms)
			SetupTypeCache (225ms)
			ReleaseScriptCaches (2ms)
			RebuildScriptCaches (42ms)
			SetupLoadedEditorAssemblies (482ms)
				LogAssemblyErrors (0ms)
				InitializePlatformSupportModulesInManaged (19ms)
				SetLoadedEditorAssemblies (0ms)
				RefreshPlugins (2ms)
				BeforeProcessingInitializeOnLoad (72ms)
				ProcessInitializeOnLoadAttributes (321ms)
				ProcessInitializeOnLoadMethodAttributes (64ms)
				AfterProcessingInitializeOnLoad (4ms)
				EditorAssembliesLoaded (0ms)
			ExecutionOrderSort2 (0ms)
			AwakeInstancesAfterBackupRestoration (12ms)
Platform modules already initialized, skipping
Refreshing native plugins compatible for Editor in 7.02 ms, found 6 plugins.
Preloading 0 native plugins for Editor in 0.00 ms.
Unloading 6491 Unused Serialized files (Serialized files now loaded: 0)
Unloading 104 unused Assets / (2.3 MB). Loaded Objects now: 7269.
Memory consumption went from 322.5 MB to 320.2 MB.
Total: 3.908400 ms (FindLiveObjects: 0.411800 ms CreateObjectMapping: 0.235800 ms MarkObjects: 2.813700 ms  DeleteObjects: 0.445700 ms)

AssetImportParameters requested are different than current active one (requested -> active):
  custom:video-decoder-ogg-theora: a1e56fd34408186e4bbccfd4996cb3dc -> 
  custom:container-muxer-webm: aa71ff27fc2769a1b78a27578f13a17b -> 
  custom:container-demuxer-webm: 4f35f7cbe854078d1ac9338744f61a02 -> 
  custom:video-encoder-webm-vp8: eb34c28f22e8b96e1ab97ce403110664 -> 
  custom:audio-encoder-webm-vorbis: bf7c407c2cedff20999df2af8eb42d56 -> 
  custom:framework-win-MediaFoundation: 216162199b28c13a410421893ffa2e32 -> 
  custom:container-demuxer-ogg: 62fdf1f143b41e24485cea50d1cbac27 -> 
  custom:video-decoder-webm-vp8: 9c59270c3fd7afecdb556c50c9e8de78 -> 
  custom:audio-decoder-ogg-vorbis: bf7c407c2cedff20999df2af8eb42d56 -> 
========================================================================
Received Prepare
Registering precompiled user dll's ...
Registered in 0.007164 seconds.
Begin MonoManager ReloadAssembly
Symbol file LoadedFromMemory doesn't match image C:\Users\check\OneDrive\Documents\GitHub\AWalkInWinterland\A Walk In Winterland\Library\PackageCache\com.unity.visualscripting@1.7.8\Editor\VisualScripting.Core\Dependencies\DotNetZip\Unity.VisualScripting.IonicZip.dll
Symbol file LoadedFromMemory doesn't match image C:\Users\check\OneDrive\Documents\GitHub\AWalkInWinterland\A Walk In Winterland\Library\PackageCache\com.unity.visualscripting@1.7.8\Editor\VisualScripting.Core\Dependencies\YamlDotNet\Unity.VisualScripting.YamlDotNet.dll
Native extension for WindowsStandalone target not found
Native extension for iOS target not found
Refreshing native plugins compatible for Editor in 1.39 ms, found 6 plugins.
Preloading 0 native plugins for Editor in 0.00 ms.
Mono: successfully reloaded assembly
- Completed reload, in  1.155 seconds
Domain Reload Profiling:
	ReloadAssembly (1156ms)
		BeginReloadAssembly (145ms)
			ExecutionOrderSort (0ms)
			DisableScriptedObjects (5ms)
			BackupInstance (0ms)
			ReleaseScriptingObjects (0ms)
			CreateAndSetChildDomain (59ms)
		EndReloadAssembly (913ms)
			LoadAssemblies (86ms)
			RebuildTransferFunctionScriptingTraits (0ms)
			SetupTypeCache (263ms)
			ReleaseScriptCaches (3ms)
			RebuildScriptCaches (42ms)
			SetupLoadedEditorAssemblies (479ms)
				LogAssemblyErrors (0ms)
				InitializePlatformSupportModulesInManaged (18ms)
				SetLoadedEditorAssemblies (0ms)
				RefreshPlugins (1ms)
				BeforeProcessingInitializeOnLoad (70ms)
				ProcessInitializeOnLoadAttributes (324ms)
				ProcessInitializeOnLoadMethodAttributes (61ms)
				AfterProcessingInitializeOnLoad (4ms)
				EditorAssembliesLoaded (0ms)
			ExecutionOrderSort2 (0ms)
			AwakeInstancesAfterBackupRestoration (11ms)
Platform modules already initialized, skipping
Refreshing native plugins compatible for Editor in 6.93 ms, found 6 plugins.
Preloading 0 native plugins for Editor in 0.00 ms.
Unloading 6491 Unused Serialized files (Serialized files now loaded: 0)
Unloading 104 unused Assets / (2.3 MB). Loaded Objects now: 7284.
Memory consumption went from 322.5 MB to 320.2 MB.
Total: 4.289700 ms (FindLiveObjects: 0.410900 ms CreateObjectMapping: 0.239500 ms MarkObjects: 3.202600 ms  DeleteObjects: 0.435200 ms)

AssetImportParameters requested are different than current active one (requested -> active):
  custom:video-decoder-ogg-theora: a1e56fd34408186e4bbccfd4996cb3dc -> 
  custom:container-muxer-webm: aa71ff27fc2769a1b78a27578f13a17b -> 
  custom:container-demuxer-webm: 4f35f7cbe854078d1ac9338744f61a02 -> 
  custom:video-encoder-webm-vp8: eb34c28f22e8b96e1ab97ce403110664 -> 
  custom:audio-encoder-webm-vorbis: bf7c407c2cedff20999df2af8eb42d56 -> 
  custom:framework-win-MediaFoundation: 216162199b28c13a410421893ffa2e32 -> 
  custom:container-demuxer-ogg: 62fdf1f143b41e24485cea50d1cbac27 -> 
  custom:video-decoder-webm-vp8: 9c59270c3fd7afecdb556c50c9e8de78 -> 
  custom:audio-decoder-ogg-vorbis: bf7c407c2cedff20999df2af8eb42d56 -> 
========================================================================
Received Prepare
Registering precompiled user dll's ...
Registered in 0.005836 seconds.
Begin MonoManager ReloadAssembly
Symbol file LoadedFromMemory doesn't match image C:\Users\check\OneDrive\Documents\GitHub\AWalkInWinterland\A Walk In Winterland\Library\PackageCache\com.unity.visualscripting@1.7.8\Editor\VisualScripting.Core\Dependencies\DotNetZip\Unity.VisualScripting.IonicZip.dll
Symbol file LoadedFromMemory doesn't match image C:\Users\check\OneDrive\Documents\GitHub\AWalkInWinterland\A Walk In Winterland\Library\PackageCache\com.unity.visualscripting@1.7.8\Editor\VisualScripting.Core\Dependencies\YamlDotNet\Unity.VisualScripting.YamlDotNet.dll
Native extension for WindowsStandalone target not found
Native extension for iOS target not found
Refreshing native plugins compatible for Editor in 1.47 ms, found 6 plugins.
Preloading 0 native plugins for Editor in 0.00 ms.
Mono: successfully reloaded assembly
- Completed reload, in  1.072 seconds
Domain Reload Profiling:
	ReloadAssembly (1073ms)
		BeginReloadAssembly (140ms)
			ExecutionOrderSort (0ms)
			DisableScriptedObjects (5ms)
			BackupInstance (0ms)
			ReleaseScriptingObjects (0ms)
			CreateAndSetChildDomain (52ms)
		EndReloadAssembly (841ms)
			LoadAssemblies (79ms)
			RebuildTransferFunctionScriptingTraits (0ms)
			SetupTypeCache (201ms)
			ReleaseScriptCaches (2ms)
			RebuildScriptCaches (40ms)
			SetupLoadedEditorAssemblies (480ms)
				LogAssemblyErrors (0ms)
				InitializePlatformSupportModulesInManaged (18ms)
				SetLoadedEditorAssemblies (0ms)
				RefreshPlugins (2ms)
				BeforeProcessingInitializeOnLoad (78ms)
				ProcessInitializeOnLoadAttributes (320ms)
				ProcessInitializeOnLoadMethodAttributes (58ms)
				AfterProcessingInitializeOnLoad (4ms)
				EditorAssembliesLoaded (0ms)
			ExecutionOrderSort2 (0ms)
			AwakeInstancesAfterBackupRestoration (12ms)
Platform modules already initialized, skipping
Refreshing native plugins compatible for Editor in 6.82 ms, found 6 plugins.
Preloading 0 native plugins for Editor in 0.00 ms.
Unloading 6491 Unused Serialized files (Serialized files now loaded: 0)
Unloading 104 unused Assets / (2.3 MB). Loaded Objects now: 7299.
Memory consumption went from 322.6 MB to 320.3 MB.
Total: 4.231200 ms (FindLiveObjects: 0.444800 ms CreateObjectMapping: 0.246300 ms MarkObjects: 3.064100 ms  DeleteObjects: 0.474600 ms)

AssetImportParameters requested are different than current active one (requested -> active):
  custom:video-decoder-ogg-theora: a1e56fd34408186e4bbccfd4996cb3dc -> 
  custom:container-muxer-webm: aa71ff27fc2769a1b78a27578f13a17b -> 
  custom:container-demuxer-webm: 4f35f7cbe854078d1ac9338744f61a02 -> 
  custom:video-encoder-webm-vp8: eb34c28f22e8b96e1ab97ce403110664 -> 
  custom:audio-encoder-webm-vorbis: bf7c407c2cedff20999df2af8eb42d56 -> 
  custom:framework-win-MediaFoundation: 216162199b28c13a410421893ffa2e32 -> 
  custom:container-demuxer-ogg: 62fdf1f143b41e24485cea50d1cbac27 -> 
  custom:video-decoder-webm-vp8: 9c59270c3fd7afecdb556c50c9e8de78 -> 
  custom:audio-decoder-ogg-vorbis: bf7c407c2cedff20999df2af8eb42d56 -> 
========================================================================
Received Prepare
Registering precompiled user dll's ...
Registered in 0.009346 seconds.
Begin MonoManager ReloadAssembly
Symbol file LoadedFromMemory doesn't match image C:\Users\check\OneDrive\Documents\GitHub\AWalkInWinterland\A Walk In Winterland\Library\PackageCache\com.unity.visualscripting@1.7.8\Editor\VisualScripting.Core\Dependencies\DotNetZip\Unity.VisualScripting.IonicZip.dll
Symbol file LoadedFromMemory doesn't match image C:\Users\check\OneDrive\Documents\GitHub\AWalkInWinterland\A Walk In Winterland\Library\PackageCache\com.unity.visualscripting@1.7.8\Editor\VisualScripting.Core\Dependencies\YamlDotNet\Unity.VisualScripting.YamlDotNet.dll
Native extension for WindowsStandalone target not found
Native extension for iOS target not found
Refreshing native plugins compatible for Editor in 1.47 ms, found 6 plugins.
Preloading 0 native plugins for Editor in 0.00 ms.
Mono: successfully reloaded assembly
- Completed reload, in  1.175 seconds
Domain Reload Profiling:
	ReloadAssembly (1175ms)
		BeginReloadAssembly (153ms)
			ExecutionOrderSort (0ms)
			DisableScriptedObjects (5ms)
			BackupInstance (0ms)
			ReleaseScriptingObjects (0ms)
			CreateAndSetChildDomain (52ms)
		EndReloadAssembly (940ms)
			LoadAssemblies (88ms)
			RebuildTransferFunctionScriptingTraits (0ms)
			SetupTypeCache (299ms)
			ReleaseScriptCaches (2ms)
			RebuildScriptCaches (41ms)
			SetupLoadedEditorAssemblies (478ms)
				LogAssemblyErrors (0ms)
				InitializePlatformSupportModulesInManaged (19ms)
				SetLoadedEditorAssemblies (0ms)
				RefreshPlugins (2ms)
				BeforeProcessingInitializeOnLoad (73ms)
				ProcessInitializeOnLoadAttributes (320ms)
				ProcessInitializeOnLoadMethodAttributes (59ms)
				AfterProcessingInitializeOnLoad (4ms)
				EditorAssembliesLoaded (0ms)
			ExecutionOrderSort2 (0ms)
			AwakeInstancesAfterBackupRestoration (11ms)
Platform modules already initialized, skipping
Refreshing native plugins compatible for Editor in 6.90 ms, found 6 plugins.
Preloading 0 native plugins for Editor in 0.00 ms.
Unloading 6491 Unused Serialized files (Serialized files now loaded: 0)
Unloading 104 unused Assets / (2.3 MB). Loaded Objects now: 7314.
Memory consumption went from 322.6 MB to 320.3 MB.
Total: 4.573000 ms (FindLiveObjects: 0.379300 ms CreateObjectMapping: 0.233300 ms MarkObjects: 3.550500 ms  DeleteObjects: 0.407700 ms)

AssetImportParameters requested are different than current active one (requested -> active):
  custom:video-decoder-ogg-theora: a1e56fd34408186e4bbccfd4996cb3dc -> 
  custom:container-muxer-webm: aa71ff27fc2769a1b78a27578f13a17b -> 
  custom:container-demuxer-webm: 4f35f7cbe854078d1ac9338744f61a02 -> 
  custom:video-encoder-webm-vp8: eb34c28f22e8b96e1ab97ce403110664 -> 
  custom:audio-encoder-webm-vorbis: bf7c407c2cedff20999df2af8eb42d56 -> 
  custom:framework-win-MediaFoundation: 216162199b28c13a410421893ffa2e32 -> 
  custom:container-demuxer-ogg: 62fdf1f143b41e24485cea50d1cbac27 -> 
  custom:video-decoder-webm-vp8: 9c59270c3fd7afecdb556c50c9e8de78 -> 
  custom:audio-decoder-ogg-vorbis: bf7c407c2cedff20999df2af8eb42d56 -> 
========================================================================
Received Prepare
Registering precompiled user dll's ...
Registered in 0.006541 seconds.
Begin MonoManager ReloadAssembly
Symbol file LoadedFromMemory doesn't match image C:\Users\check\OneDrive\Documents\GitHub\AWalkInWinterland\A Walk In Winterland\Library\PackageCache\com.unity.visualscripting@1.7.8\Editor\VisualScripting.Core\Dependencies\DotNetZip\Unity.VisualScripting.IonicZip.dll
Symbol file LoadedFromMemory doesn't match image C:\Users\check\OneDrive\Documents\GitHub\AWalkInWinterland\A Walk In Winterland\Library\PackageCache\com.unity.visualscripting@1.7.8\Editor\VisualScripting.Core\Dependencies\YamlDotNet\Unity.VisualScripting.YamlDotNet.dll
Native extension for WindowsStandalone target not found
Native extension for iOS target not found
Refreshing native plugins compatible for Editor in 1.55 ms, found 6 plugins.
Preloading 0 native plugins for Editor in 0.00 ms.
Mono: successfully reloaded assembly
- Completed reload, in  1.106 seconds
Domain Reload Profiling:
	ReloadAssembly (1107ms)
		BeginReloadAssembly (107ms)
			ExecutionOrderSort (0ms)
			DisableScriptedObjects (4ms)
			BackupInstance (0ms)
			ReleaseScriptingObjects (0ms)
			CreateAndSetChildDomain (38ms)
		EndReloadAssembly (925ms)
			LoadAssemblies (92ms)
			RebuildTransferFunctionScriptingTraits (0ms)
			SetupTypeCache (217ms)
			ReleaseScriptCaches (3ms)
			RebuildScriptCaches (45ms)
			SetupLoadedEditorAssemblies (512ms)
				LogAssemblyErrors (0ms)
				InitializePlatformSupportModulesInManaged (20ms)
				SetLoadedEditorAssemblies (0ms)
				RefreshPlugins (2ms)
				BeforeProcessingInitializeOnLoad (73ms)
				ProcessInitializeOnLoadAttributes (344ms)
				ProcessInitializeOnLoadMethodAttributes (68ms)
				AfterProcessingInitializeOnLoad (5ms)
				EditorAssembliesLoaded (0ms)
			ExecutionOrderSort2 (0ms)
			AwakeInstancesAfterBackupRestoration (12ms)
Platform modules already initialized, skipping
Refreshing native plugins compatible for Editor in 7.25 ms, found 6 plugins.
Preloading 0 native plugins for Editor in 0.00 ms.
Unloading 6491 Unused Serialized files (Serialized files now loaded: 0)
Unloading 104 unused Assets / (2.3 MB). Loaded Objects now: 7329.
Memory consumption went from 322.6 MB to 320.3 MB.
Total: 4.038700 ms (FindLiveObjects: 0.484500 ms CreateObjectMapping: 0.278700 ms MarkObjects: 2.791000 ms  DeleteObjects: 0.483500 ms)

AssetImportParameters requested are different than current active one (requested -> active):
  custom:video-decoder-ogg-theora: a1e56fd34408186e4bbccfd4996cb3dc -> 
  custom:container-muxer-webm: aa71ff27fc2769a1b78a27578f13a17b -> 
  custom:container-demuxer-webm: 4f35f7cbe854078d1ac9338744f61a02 -> 
  custom:video-encoder-webm-vp8: eb34c28f22e8b96e1ab97ce403110664 -> 
  custom:audio-encoder-webm-vorbis: bf7c407c2cedff20999df2af8eb42d56 -> 
  custom:framework-win-MediaFoundation: 216162199b28c13a410421893ffa2e32 -> 
  custom:container-demuxer-ogg: 62fdf1f143b41e24485cea50d1cbac27 -> 
  custom:video-decoder-webm-vp8: 9c59270c3fd7afecdb556c50c9e8de78 -> 
  custom:audio-decoder-ogg-vorbis: bf7c407c2cedff20999df2af8eb42d56 -> 
========================================================================
Received Import Request.
  Time since last request: 500.386925 seconds.
  path: Assets/FluXY/fluxy.asmdef
  artifactKey: Guid(dea27e0def60842b2935759a27c35638) Importer(815301076,1909f56bfc062723c751e8b465ee728b)
Start importing Assets/FluXY/fluxy.asmdef using Guid(dea27e0def60842b2935759a27c35638) Importer(815301076,1909f56bfc062723c751e8b465ee728b)  -> (artifact id: '48bc555977419683598e880495fb3b38') in 0.015546 seconds 
========================================================================
Received Import Request.
  Time since last request: 3.310132 seconds.
  path: Assets/Snowmen/SnowmanArms.obj
  artifactKey: Guid(43f435025dced5d4584b90c7f6a80b55) Importer(815301076,1909f56bfc062723c751e8b465ee728b)
Start importing Assets/Snowmen/SnowmanArms.obj using Guid(43f435025dced5d4584b90c7f6a80b55) Importer(815301076,1909f56bfc062723c751e8b465ee728b)  -> (artifact id: '57abac269481f9ef2a8b300ecdc75de6') in 0.372239 seconds 
========================================================================
Received Import Request.
  Time since last request: 0.000030 seconds.
  path: Assets/Snowmen/SnowmanNoArms.obj
  artifactKey: Guid(ae022d8ad220ead488c2fc3e5a406bee) Importer(815301076,1909f56bfc062723c751e8b465ee728b)
Start importing Assets/Snowmen/SnowmanNoArms.obj using Guid(ae022d8ad220ead488c2fc3e5a406bee) Importer(815301076,1909f56bfc062723c751e8b465ee728b)  -> (artifact id: '0e44c8d91d6c5c3281c581d188d8c0a4') in 0.113154 seconds 
========================================================================
Received Import Request.
  Time since last request: 0.000043 seconds.
  path: Assets/Snowmen/SnowmanMeltFace.obj
  artifactKey: Guid(411b7d45589df174cbac9d97b0988bb0) Importer(815301076,1909f56bfc062723c751e8b465ee728b)
Start importing Assets/Snowmen/SnowmanMeltFace.obj using Guid(411b7d45589df174cbac9d97b0988bb0) Importer(815301076,1909f56bfc062723c751e8b465ee728b)  -> (artifact id: '35c3f26c8ccfdc9a1b7345ebf08ba9ce') in 0.053552 seconds 
========================================================================
Received Import Request.
  Time since last request: 0.000036 seconds.
  path: Assets/Snowmen/SnowmanSadFace.obj
  artifactKey: Guid(79e9da32a65cc054f8baad60cf3dbbee) Importer(815301076,1909f56bfc062723c751e8b465ee728b)
Start importing Assets/Snowmen/SnowmanSadFace.obj using Guid(79e9da32a65cc054f8baad60cf3dbbee) Importer(815301076,1909f56bfc062723c751e8b465ee728b)  -> (artifact id: '94195230581e48415ef1963873d94b0d') in 0.032428 seconds 
========================================================================
Received Import Request.
  Time since last request: 0.000029 seconds.
  path: Assets/Snowmen/SnowmanSmile.obj
  artifactKey: Guid(785991bbf85386d4faaa9e22595e2a9f) Importer(815301076,1909f56bfc062723c751e8b465ee728b)
Start importing Assets/Snowmen/SnowmanSmile.obj using Guid(785991bbf85386d4faaa9e22595e2a9f) Importer(815301076,1909f56bfc062723c751e8b465ee728b)  -> (artifact id: '7fd88ad7aa11e418b892dba149fd177b') in 0.029393 seconds 
========================================================================
Received Import Request.
  Time since last request: 1.940921 seconds.
  path: Assets/Shaders/OutlineSample.shadersubgraph
  artifactKey: Guid(503e31c491692474585c3803af850309) Importer(815301076,1909f56bfc062723c751e8b465ee728b)
Start importing Assets/Shaders/OutlineSample.shadersubgraph using Guid(503e31c491692474585c3803af850309) Importer(815301076,1909f56bfc062723c751e8b465ee728b)  -> (artifact id: '8e03690028b4cf6eda2f59b75b6a3091') in 0.004024 seconds 
========================================================================
Received Import Request.
  Time since last request: 1.649778 seconds.
  path: Assets/SnowmanImages/AstronautSnowman.png
  artifactKey: Guid(bfb9a7d4577b3904bac30e1f9ddaf452) Importer(815301076,1909f56bfc062723c751e8b465ee728b)
Start importing Assets/SnowmanImages/AstronautSnowman.png using Guid(bfb9a7d4577b3904bac30e1f9ddaf452) Importer(815301076,1909f56bfc062723c751e8b465ee728b)  -> (artifact id: '843d61a4367cdd33ce47091b7d123015') in 0.090419 seconds 
========================================================================
Received Import Request.
  Time since last request: 0.000027 seconds.
  path: Assets/SnowmanImages/RacerSnowman.png
  artifactKey: Guid(db77cdbf04580634083d4d001d8a649b) Importer(815301076,1909f56bfc062723c751e8b465ee728b)
Start importing Assets/SnowmanImages/RacerSnowman.png using Guid(db77cdbf04580634083d4d001d8a649b) Importer(815301076,1909f56bfc062723c751e8b465ee728b)  -> (artifact id: '3f781950f1e2fed46031b7e135b7ae89') in 0.084533 seconds 
========================================================================
Received Import Request.
  Time since last request: 0.000061 seconds.
  path: Assets/SnowmanImages/NullSnowman.png
  artifactKey: Guid(ebf4286c547735d4b8584dd2105662e6) Importer(815301076,1909f56bfc062723c751e8b465ee728b)
Start importing Assets/SnowmanImages/NullSnowman.png using Guid(ebf4286c547735d4b8584dd2105662e6) Importer(815301076,1909f56bfc062723c751e8b465ee728b)  -> (artifact id: '8754b4411d456674d47f42611a76c3ae') in 0.056740 seconds 
========================================================================
Received Import Request.
  Time since last request: 0.000031 seconds.
  path: Assets/SnowmanImages/PenguinSnowman.png
  artifactKey: Guid(48aa9b1d02008f044a7383103857ed89) Importer(815301076,1909f56bfc062723c751e8b465ee728b)
Start importing Assets/SnowmanImages/PenguinSnowman.png using Guid(48aa9b1d02008f044a7383103857ed89) Importer(815301076,1909f56bfc062723c751e8b465ee728b)  -> (artifact id: 'e2bc17b00d9cef6c74d0d9044e22b7d8') in 0.074575 seconds 
========================================================================
Received Import Request.
  Time since last request: 0.000022 seconds.
  path: Assets/SnowmanImages/IcecreamSnowman.png
  artifactKey: Guid(7bbd8b3585b32b247851e63a84fdfedb) Importer(815301076,1909f56bfc062723c751e8b465ee728b)
Start importing Assets/SnowmanImages/IcecreamSnowman.png using Guid(7bbd8b3585b32b247851e63a84fdfedb) Importer(815301076,1909f56bfc062723c751e8b465ee728b)  -> (artifact id: 'e55c56ceffc3c3673b3a124736d5a9a7') in 0.081373 seconds 
========================================================================
Received Import Request.
  Time since last request: 0.000027 seconds.
  path: Assets/SnowmanImages/MinerSnowman.png
  artifactKey: Guid(0e7290f6231cf614fb601c6f71c944dd) Importer(815301076,1909f56bfc062723c751e8b465ee728b)
Start importing Assets/SnowmanImages/MinerSnowman.png using Guid(0e7290f6231cf614fb601c6f71c944dd) Importer(815301076,1909f56bfc062723c751e8b465ee728b)  -> (artifact id: '18356d09bcbc8e0cea62bc9e89066380') in 0.078759 seconds 
========================================================================
Received Import Request.
  Time since last request: 0.000043 seconds.
  path: Assets/SnowmanImages/CatSnowman.png
  artifactKey: Guid(37225e04f873a9a459dbad390b87f86a) Importer(815301076,1909f56bfc062723c751e8b465ee728b)
Start importing Assets/SnowmanImages/CatSnowman.png using Guid(37225e04f873a9a459dbad390b87f86a) Importer(815301076,1909f56bfc062723c751e8b465ee728b)  -> (artifact id: 'a9bcc0785b7e395dd9a9a8be23503655') in 0.070387 seconds 
========================================================================
Received Import Request.
  Time since last request: 0.000032 seconds.
  path: Assets/SnowmanImages/NestingDollSnowman.png
  artifactKey: Guid(c692ca638d783bc488abba2d1dec78a0) Importer(815301076,1909f56bfc062723c751e8b465ee728b)
Start importing Assets/SnowmanImages/NestingDollSnowman.png using Guid(c692ca638d783bc488abba2d1dec78a0) Importer(815301076,1909f56bfc062723c751e8b465ee728b)  -> (artifact id: '89bf4617ea91c691d372961f9ad6fb84') in 0.070109 seconds 
========================================================================
Received Import Request.
  Time since last request: 0.000028 seconds.
  path: Assets/SnowmanImages/ChristmasSweaterSnowman.png
  artifactKey: Guid(710948f5cba0ba8478a897e299b9c748) Importer(815301076,1909f56bfc062723c751e8b465ee728b)
Start importing Assets/SnowmanImages/ChristmasSweaterSnowman.png using Guid(710948f5cba0ba8478a897e299b9c748) Importer(815301076,1909f56bfc062723c751e8b465ee728b)  -> (artifact id: 'baed0c5df0829a1f5dfcd820004e0981') in 0.087159 seconds 
========================================================================
Received Import Request.
  Time since last request: 0.000027 seconds.
  path: Assets/SnowmanImages/SnowmanIce.png
  artifactKey: Guid(04a85f5b172f49141850ba8709b2809c) Importer(815301076,1909f56bfc062723c751e8b465ee728b)
Start importing Assets/SnowmanImages/SnowmanIce.png using Guid(04a85f5b172f49141850ba8709b2809c) Importer(815301076,1909f56bfc062723c751e8b465ee728b)  -> (artifact id: 'ef630a03b9d809a85d39b971507759a6') in 0.079032 seconds 
========================================================================
Received Import Request.
  Time since last request: 0.000028 seconds.
  path: Assets/SnowmanImages/SadSnowman.png
  artifactKey: Guid(2f7a35da3c07ff248bf1f150f6fbf337) Importer(815301076,1909f56bfc062723c751e8b465ee728b)
Start importing Assets/SnowmanImages/SadSnowman.png using Guid(2f7a35da3c07ff248bf1f150f6fbf337) Importer(815301076,1909f56bfc062723c751e8b465ee728b)  -> (artifact id: '80b698e3b71e415d4886cd128ec3d9bc') in 0.084146 seconds 
========================================================================
Received Import Request.
  Time since last request: 2.114647 seconds.
  path: Assets/Snowmen/SnowmanMaterials/AstronautSnowman.mat
  artifactKey: Guid(9e71c7db0b4ac644e9d74fed4eb5c235) Importer(815301076,1909f56bfc062723c751e8b465ee728b)
Start importing Assets/Snowmen/SnowmanMaterials/AstronautSnowman.mat using Guid(9e71c7db0b4ac644e9d74fed4eb5c235) Importer(815301076,1909f56bfc062723c751e8b465ee728b)  -> (artifact id: 'ac24629d7cb6a788353512c68dc55469') in 0.062155 seconds 
========================================================================
Received Import Request.
  Time since last request: 0.000036 seconds.
  path: Assets/Snowmen/SnowmanMaterials/NullSnowman.mat
  artifactKey: Guid(1974039accef2de468240a699d01519d) Importer(815301076,1909f56bfc062723c751e8b465ee728b)
Start importing Assets/Snowmen/SnowmanMaterials/NullSnowman.mat using Guid(1974039accef2de468240a699d01519d) Importer(815301076,1909f56bfc062723c751e8b465ee728b)  -> (artifact id: '32d9eddf6728de4c30484f05e5cd7dd1') in 0.063828 seconds 
========================================================================
Received Import Request.
  Time since last request: 0.000033 seconds.
  path: Assets/Snowmen/SnowmanMaterials/IcecreamSnowman.mat
  artifactKey: Guid(53f4c1b83e6953c4e9d35fb944d5678f) Importer(815301076,1909f56bfc062723c751e8b465ee728b)
Start importing Assets/Snowmen/SnowmanMaterials/IcecreamSnowman.mat using Guid(53f4c1b83e6953c4e9d35fb944d5678f) Importer(815301076,1909f56bfc062723c751e8b465ee728b)  -> (artifact id: 'a386479e5d1b77f743c999fa521e3330') in 0.051332 seconds 
========================================================================
Received Import Request.
  Time since last request: 0.000061 seconds.
  path: Assets/Snowmen/SnowmanMaterials/PenguinSnowman.mat
  artifactKey: Guid(0ab1c1b6e904b9046a03f17e57926326) Importer(815301076,1909f56bfc062723c751e8b465ee728b)
Start importing Assets/Snowmen/SnowmanMaterials/PenguinSnowman.mat using Guid(0ab1c1b6e904b9046a03f17e57926326) Importer(815301076,1909f56bfc062723c751e8b465ee728b)  -> (artifact id: '341bd49a2dcc85777f923dd1e91ce612') in 0.038361 seconds 
========================================================================
Received Import Request.
  Time since last request: 0.000040 seconds.
  path: Assets/Snowmen/SnowmanMaterials/SackSnowman.mat
  artifactKey: Guid(c9028fc25f9efd944b73bd1e57b4b87a) Importer(815301076,1909f56bfc062723c751e8b465ee728b)
Start importing Assets/Snowmen/SnowmanMaterials/SackSnowman.mat using Guid(c9028fc25f9efd944b73bd1e57b4b87a) Importer(815301076,1909f56bfc062723c751e8b465ee728b)  -> (artifact id: '2657c56242ab8882953760cc4d1d05f3') in 0.037187 seconds 
========================================================================
Received Import Request.
  Time since last request: 0.000043 seconds.
  path: Assets/Snowmen/SnowmanMaterials/NestingDollSnowman.mat
  artifactKey: Guid(7a2f8360ae2d4f749a54d0f3a17fba08) Importer(815301076,1909f56bfc062723c751e8b465ee728b)
Start importing Assets/Snowmen/SnowmanMaterials/NestingDollSnowman.mat using Guid(7a2f8360ae2d4f749a54d0f3a17fba08) Importer(815301076,1909f56bfc062723c751e8b465ee728b)  -> (artifact id: 'b4bcce53dcb3d32e1a4b2a7a460a309d') in 0.042693 seconds 
========================================================================
Received Import Request.
  Time since last request: 0.000041 seconds.
  path: Assets/Snowmen/SnowmanMaterials/RainbowSnowman.mat
  artifactKey: Guid(7f3c46e7cccf71b4fa79014c303fb5cd) Importer(815301076,1909f56bfc062723c751e8b465ee728b)
Start importing Assets/Snowmen/SnowmanMaterials/RainbowSnowman.mat using Guid(7f3c46e7cccf71b4fa79014c303fb5cd) Importer(815301076,1909f56bfc062723c751e8b465ee728b)  -> (artifact id: '209a747bde00d3a855cf8640b7bae1a4') in 0.037891 seconds 
========================================================================
Received Import Request.
  Time since last request: 0.255022 seconds.
  path: Assets/Snowmen/Textures/IcecreamSnowman.jpg
  artifactKey: Guid(5e0c8447a37b19a448d1f31108aaa486) Importer(815301076,1909f56bfc062723c751e8b465ee728b)
Start importing Assets/Snowmen/Textures/IcecreamSnowman.jpg using Guid(5e0c8447a37b19a448d1f31108aaa486) Importer(815301076,1909f56bfc062723c751e8b465ee728b)  -> (artifact id: 'f701cdcfa4d2f0cf7a6a6efe906b0ddc') in 0.029224 seconds 
========================================================================
Received Import Request.
  Time since last request: 0.000044 seconds.
  path: Assets/Snowmen/Textures/SnowmanRock.jpg
  artifactKey: Guid(d51889856e61d92408d05b7e70018621) Importer(815301076,1909f56bfc062723c751e8b465ee728b)
Start importing Assets/Snowmen/Textures/SnowmanRock.jpg using Guid(d51889856e61d92408d05b7e70018621) Importer(815301076,1909f56bfc062723c751e8b465ee728b)  -> (artifact id: '3688f67463b3a30bdc96145fb905d1b3') in 0.023341 seconds 
========================================================================
Received Import Request.
  Time since last request: 0.000041 seconds.
  path: Assets/Snowmen/Textures/SnowmanIceNorm.png
  artifactKey: Guid(5e9f040d4fd03c245a45442f850cfd9b) Importer(815301076,1909f56bfc062723c751e8b465ee728b)
Start importing Assets/Snowmen/Textures/SnowmanIceNorm.png using Guid(5e9f040d4fd03c245a45442f850cfd9b) Importer(815301076,1909f56bfc062723c751e8b465ee728b)  -> (artifact id: 'd22b0a2d088a969e4607846f229d2875') in 0.034369 seconds 
========================================================================
Received Import Request.
  Time since last request: 0.000036 seconds.
  path: Assets/Snowmen/Textures/SnowmanNormNew.png
  artifactKey: Guid(e79632fdb57a8a44992638ed7502d246) Importer(815301076,1909f56bfc062723c751e8b465ee728b)
Start importing Assets/Snowmen/Textures/SnowmanNormNew.png using Guid(e79632fdb57a8a44992638ed7502d246) Importer(815301076,1909f56bfc062723c751e8b465ee728b)  -> (artifact id: 'ff8f10686fbce1c701c81791f47d2b68') in 0.029740 seconds 
========================================================================
Received Import Request.
  Time since last request: 0.000051 seconds.
  path: Assets/Snowmen/Textures/SnowmanMiner.jpg
  artifactKey: Guid(72af8837277aa9b47ac69810e65b10ae) Importer(815301076,1909f56bfc062723c751e8b465ee728b)
Start importing Assets/Snowmen/Textures/SnowmanMiner.jpg using Guid(72af8837277aa9b47ac69810e65b10ae) Importer(815301076,1909f56bfc062723c751e8b465ee728b)  -> (artifact id: '0e9400b6d829b7af811d393808268a4d') in 0.022699 seconds 
========================================================================
Received Import Request.
  Time since last request: 0.000076 seconds.
  path: Assets/Snowmen/Textures/SnowmanSad.jpg
  artifactKey: Guid(90f49482e4616a443a4611ab9f1dbea4) Importer(815301076,1909f56bfc062723c751e8b465ee728b)
Start importing Assets/Snowmen/Textures/SnowmanSad.jpg using Guid(90f49482e4616a443a4611ab9f1dbea4) Importer(815301076,1909f56bfc062723c751e8b465ee728b)  -> (artifact id: 'ea593adecd340dbf7c69c660b7b601ec') in 0.015868 seconds 
========================================================================
Received Import Request.
  Time since last request: 0.000030 seconds.
  path: Assets/Snowmen/Textures/SnowmanNull.jpg
  artifactKey: Guid(60b750a11bdea5342b47c18045a5cd8b) Importer(815301076,1909f56bfc062723c751e8b465ee728b)
Start importing Assets/Snowmen/Textures/SnowmanNull.jpg using Guid(60b750a11bdea5342b47c18045a5cd8b) Importer(815301076,1909f56bfc062723c751e8b465ee728b)  -> (artifact id: 'a0af4c7c8c05c858c526ff47b4c9130f') in 0.013465 seconds 
========================================================================
Received Import Request.
  Time since last request: 0.000037 seconds.
  path: Assets/Snowmen/Textures/SnowmanSack.jpg
  artifactKey: Guid(3cfb41c1143cded428ff944907218f5e) Importer(815301076,1909f56bfc062723c751e8b465ee728b)
Start importing Assets/Snowmen/Textures/SnowmanSack.jpg using Guid(3cfb41c1143cded428ff944907218f5e) Importer(815301076,1909f56bfc062723c751e8b465ee728b)  -> (artifact id: 'be95eecc52b4e903e423addbb354325f') in 0.012799 seconds 
========================================================================
Received Import Request.
  Time since last request: 0.000031 seconds.
  path: Assets/Snowmen/Textures/SnowmanAstronaut.jpg
  artifactKey: Guid(60fa71a53bd7eec45ba2de1864b76e88) Importer(815301076,1909f56bfc062723c751e8b465ee728b)
Start importing Assets/Snowmen/Textures/SnowmanAstronaut.jpg using Guid(60fa71a53bd7eec45ba2de1864b76e88) Importer(815301076,1909f56bfc062723c751e8b465ee728b)  -> (artifact id: '8254929e8f4d59fb25718d02979b6266') in 0.011811 seconds 
========================================================================
Received Import Request.
  Time since last request: 0.000023 seconds.
  path: Assets/Snowmen/Textures/SnowmanPaperNorm.png
  artifactKey: Guid(aa86f7e561b4014478dbc0c2be65acbc) Importer(815301076,1909f56bfc062723c751e8b465ee728b)
Start importing Assets/Snowmen/Textures/SnowmanPaperNorm.png using Guid(aa86f7e561b4014478dbc0c2be65acbc) Importer(815301076,1909f56bfc062723c751e8b465ee728b)  -> (artifact id: 'd052a7f64aff5e6359f58f0c00c992fd') in 0.021592 seconds 
========================================================================
Received Import Request.
  Time since last request: 0.000032 seconds.
  path: Assets/Snowmen/Textures/NestingDollSnowmanNorm.png
  artifactKey: Guid(8cfc960957c456b4aa879879c28dfae5) Importer(815301076,1909f56bfc062723c751e8b465ee728b)
Start importing Assets/Snowmen/Textures/NestingDollSnowmanNorm.png using Guid(8cfc960957c456b4aa879879c28dfae5) Importer(815301076,1909f56bfc062723c751e8b465ee728b)  -> (artifact id: '677e0c987751c76c8e3c71bb1004f287') in 0.028355 seconds 
========================================================================
Received Import Request.
  Time since last request: 0.000030 seconds.
  path: Assets/Snowmen/Textures/SnowmanSackNorm.png
  artifactKey: Guid(0d95d41c8ccc475418af5398cf4bbddf) Importer(815301076,1909f56bfc062723c751e8b465ee728b)
Start importing Assets/Snowmen/Textures/SnowmanSackNorm.png using Guid(0d95d41c8ccc475418af5398cf4bbddf) Importer(815301076,1909f56bfc062723c751e8b465ee728b)  -> (artifact id: '9ab599a8b8af0cdeb74ad271632fd5df') in 0.021471 seconds 
========================================================================
Received Import Request.
  Time since last request: 0.497406 seconds.
  path: Assets/Snowmen/Accessories/AstronautHelmet.obj
  artifactKey: Guid(426a9593b12196d4d83270d87ce8d991) Importer(815301076,1909f56bfc062723c751e8b465ee728b)
Start importing Assets/Snowmen/Accessories/AstronautHelmet.obj using Guid(426a9593b12196d4d83270d87ce8d991) Importer(815301076,1909f56bfc062723c751e8b465ee728b)  -> (artifact id: 'c49f34dda94a43dd716500d413316a6e') in 0.043776 seconds 
========================================================================
Received Import Request.
  Time since last request: 0.000044 seconds.
  path: Assets/Snowmen/Accessories/FishingHat.obj
  artifactKey: Guid(42bd2338ea3e3ca4e9f815cf91556328) Importer(815301076,1909f56bfc062723c751e8b465ee728b)
Start importing Assets/Snowmen/Accessories/FishingHat.obj using Guid(42bd2338ea3e3ca4e9f815cf91556328) Importer(815301076,1909f56bfc062723c751e8b465ee728b)  -> (artifact id: '8936bb428380d30bcde4cd315ffa9d50') in 0.076536 seconds 
========================================================================
Received Import Request.
  Time since last request: 0.000038 seconds.
  path: Assets/Snowmen/Accessories/Sweater.obj
  artifactKey: Guid(7743f38c0555b554082ff63208b89f6c) Importer(815301076,1909f56bfc062723c751e8b465ee728b)
Start importing Assets/Snowmen/Accessories/Sweater.obj using Guid(7743f38c0555b554082ff63208b89f6c) Importer(815301076,1909f56bfc062723c751e8b465ee728b)  -> (artifact id: '3f2cccb4a3a38e6ca7bbf440c9870704') in 0.059035 seconds 
========================================================================
Received Import Request.
  Time since last request: 0.000042 seconds.
  path: Assets/Snowmen/Accessories/Pickaxe.obj
  artifactKey: Guid(133329b5ef7ee8b469b4e6211f3ad0ad) Importer(815301076,1909f56bfc062723c751e8b465ee728b)
Start importing Assets/Snowmen/Accessories/Pickaxe.obj using Guid(133329b5ef7ee8b469b4e6211f3ad0ad) Importer(815301076,1909f56bfc062723c751e8b465ee728b)  -> (artifact id: '5921fe722e74107fe2b3867e900984f6') in 0.075622 seconds 
========================================================================
Received Import Request.
  Time since last request: 0.000049 seconds.
  path: Assets/Snowmen/Accessories/TopHat.obj
  artifactKey: Guid(fb983b1e277a6d7489899668b92ad7ea) Importer(815301076,1909f56bfc062723c751e8b465ee728b)
Start importing Assets/Snowmen/Accessories/TopHat.obj using Guid(fb983b1e277a6d7489899668b92ad7ea) Importer(815301076,1909f56bfc062723c751e8b465ee728b)  -> (artifact id: 'c9a77f475eec6244a97d656cf96848ba') in 0.064673 seconds 
========================================================================
Received Import Request.
  Time since last request: 0.000034 seconds.
  path: Assets/Snowmen/Accessories/HardHat.obj
  artifactKey: Guid(93f06963ebb11b749826274e8c7d0504) Importer(815301076,1909f56bfc062723c751e8b465ee728b)
Start importing Assets/Snowmen/Accessories/HardHat.obj using Guid(93f06963ebb11b749826274e8c7d0504) Importer(815301076,1909f56bfc062723c751e8b465ee728b)  -> (artifact id: '6655c673ec8118b7d75286fb8c1d76da') in 0.064234 seconds 
========================================================================
Received Import Request.
  Time since last request: 0.000067 seconds.
  path: Assets/Snowmen/Accessories/Sunglasses.obj
  artifactKey: Guid(3f0c0731fb84f0f43a0c218f6ea6ca1f) Importer(815301076,1909f56bfc062723c751e8b465ee728b)
Start importing Assets/Snowmen/Accessories/Sunglasses.obj using Guid(3f0c0731fb84f0f43a0c218f6ea6ca1f) Importer(815301076,1909f56bfc062723c751e8b465ee728b)  -> (artifact id: '826e6874926a2427cdd1d6e0ef902c4e') in 0.073913 seconds 
========================================================================
Received Import Request.
  Time since last request: 0.000060 seconds.
  path: Assets/Snowmen/Accessories/Sled.obj
  artifactKey: Guid(8e87a56ec81423247a962c418be49a38) Importer(815301076,1909f56bfc062723c751e8b465ee728b)
Start importing Assets/Snowmen/Accessories/Sled.obj using Guid(8e87a56ec81423247a962c418be49a38) Importer(815301076,1909f56bfc062723c751e8b465ee728b)  -> (artifact id: '618703d43dd9f4c1bcb3a6629ca8c041') in 0.065577 seconds 
========================================================================
Received Import Request.
  Time since last request: 0.000053 seconds.
  path: Assets/Snowmen/Accessories/WaffleConeHat.obj
  artifactKey: Guid(9a22839a7f17eaf499a1ee8be9e80bb0) Importer(815301076,1909f56bfc062723c751e8b465ee728b)
Start importing Assets/Snowmen/Accessories/WaffleConeHat.obj using Guid(9a22839a7f17eaf499a1ee8be9e80bb0) Importer(815301076,1909f56bfc062723c751e8b465ee728b)  -> (artifact id: 'a345967503d27403ec2a2a996f13f3ab') in 0.071461 seconds 
========================================================================
Received Import Request.
  Time since last request: 5.152087 seconds.
  path: Assets/Settings/URP-HighFidelity-Renderer.asset
  artifactKey: Guid(c40be3174f62c4acf8c1216858c64956) Importer(815301076,1909f56bfc062723c751e8b465ee728b)
Start importing Assets/Settings/URP-HighFidelity-Renderer.asset using Guid(c40be3174f62c4acf8c1216858c64956) Importer(815301076,1909f56bfc062723c751e8b465ee728b)  -> (artifact id: 'fc1552000260d022c3bc9206f7cacb9a') in 0.007436 seconds 
========================================================================
Received Import Request.
  Time since last request: 0.000042 seconds.
  path: Assets/Settings/URP-Performant.asset
  artifactKey: Guid(d0e2fc18fe036412f8223b3b3d9ad574) Importer(815301076,1909f56bfc062723c751e8b465ee728b)
Start importing Assets/Settings/URP-Performant.asset using Guid(d0e2fc18fe036412f8223b3b3d9ad574) Importer(815301076,1909f56bfc062723c751e8b465ee728b)  -> (artifact id: 'e21508d0490827050248fe150a094c48') in 0.005307 seconds 
Editor requested this worker to shutdown with reason: Scaling down because of idle timeout
AssetImportWorker is now disconnected from the server
Process exiting
Exiting without the bug reporter. Application will terminate with return code 0