Using pre-set license
Built from '2021.3/staging' branch; Version is '2021.3.4f1 (cb45f9cae8b7) revision 13321721'; Using compiler version '192829333'; Build Type 'Release'
OS: 'Windows 10  (10.0.19044) 64bit Core' Language: 'en' Physical Memory: 32509 MB
BatchMode: 1, IsHumanControllingUs: 0, StartBugReporterOnCrash: 0, Is64bit: 1, IsPro: 1

COMMAND LINE ARGUMENTS:
C:\Program Files\Unity\Hub\Editor\2021.3.4f1\Editor\Unity.exe
-adb2
-batchMode
-noUpm
-name
AssetImportWorker19
-projectPath
C:/Users/Carter/Documents/GitHub/AWalkInWinterland/A Walk In Winterland
-logFile
Logs/AssetImportWorker19.log
-srvPort
55727
Successfully changed project path to: C:/Users/Carter/Documents/GitHub/AWalkInWinterland/A Walk In Winterland
C:/Users/Carter/Documents/GitHub/AWalkInWinterland/A Walk In Winterland
[UnityMemory] Configuration Parameters - Can be set up in boot.config
    "memorysetup-bucket-allocator-granularity=16"
    "memorysetup-bucket-allocator-bucket-count=8"
    "memorysetup-bucket-allocator-block-size=33554432"
    "memorysetup-bucket-allocator-block-count=8"
    "memorysetup-main-allocator-block-size=16777216"
    "memorysetup-thread-allocator-block-size=16777216"
    "memorysetup-gfx-main-allocator-block-size=16777216"
    "memorysetup-gfx-thread-allocator-block-size=16777216"
    "memorysetup-cache-allocator-block-size=4194304"
    "memorysetup-typetree-allocator-block-size=2097152"
    "memorysetup-profiler-bucket-allocator-granularity=16"
    "memorysetup-profiler-bucket-allocator-bucket-count=8"
    "memorysetup-profiler-bucket-allocator-block-size=33554432"
    "memorysetup-profiler-bucket-allocator-block-count=8"
    "memorysetup-profiler-allocator-block-size=16777216"
    "memorysetup-profiler-editor-allocator-block-size=1048576"
    "memorysetup-temp-allocator-size-main=16777216"
    "memorysetup-job-temp-allocator-block-size=2097152"
    "memorysetup-job-temp-allocator-block-size-background=1048576"
    "memorysetup-job-temp-allocator-reduction-small-platforms=262144"
    "memorysetup-temp-allocator-size-background-worker=32768"
    "memorysetup-temp-allocator-size-job-worker=262144"
    "memorysetup-temp-allocator-size-preload-manager=33554432"
    "memorysetup-temp-allocator-size-nav-mesh-worker=65536"
    "memorysetup-temp-allocator-size-audio-worker=65536"
    "memorysetup-temp-allocator-size-cloud-worker=32768"
    "memorysetup-temp-allocator-size-gi-baking-worker=262144"
    "memorysetup-temp-allocator-size-gfx=262144"
Refreshing native plugins compatible for Editor in 202.06 ms, found 6 plugins.
Preloading 0 native plugins for Editor in 0.00 ms.
Initialize engine version: 2021.3.4f1 (cb45f9cae8b7)
[Subsystems] Discovering subsystems at path C:/Program Files/Unity/Hub/Editor/2021.3.4f1/Editor/Data/Resources/UnitySubsystems
[Subsystems] Discovering subsystems at path C:/Users/Carter/Documents/GitHub/AWalkInWinterland/A Walk In Winterland/Assets
GfxDevice: creating device client; threaded=0; jobified=0
Direct3D:
    Version:  Direct3D 11.0 [level 11.1]
    Renderer: NVIDIA GeForce RTX 3070 Ti (ID=0x2482)
    Vendor:   NVIDIA
    VRAM:     8041 MB
    Driver:   31.0.15.1748
Initialize mono
Mono path[0] = 'C:/Program Files/Unity/Hub/Editor/2021.3.4f1/Editor/Data/Managed'
Mono path[1] = 'C:/Program Files/Unity/Hub/Editor/2021.3.4f1/Editor/Data/MonoBleedingEdge/lib/mono/unityjit-win32'
Mono config path = 'C:/Program Files/Unity/Hub/Editor/2021.3.4f1/Editor/Data/MonoBleedingEdge/etc'
Using monoOptions --debugger-agent=transport=dt_socket,embedding=1,server=y,suspend=n,address=127.0.0.1:56396
Begin MonoManager ReloadAssembly
Registering precompiled unity dll's ...
Register platform support module: C:/Program Files/Unity/Hub/Editor/2021.3.4f1/Editor/Data/PlaybackEngines/WebGLSupport/UnityEditor.WebGL.Extensions.dll
Register platform support module: C:/Program Files/Unity/Hub/Editor/2021.3.4f1/Editor/Data/PlaybackEngines/AndroidPlayer/UnityEditor.Android.Extensions.dll
Register platform support module: C:/Program Files/Unity/Hub/Editor/2021.3.4f1/Editor/Data/PlaybackEngines/iOSSupport/UnityEditor.iOS.Extensions.dll
Register platform support module: C:/Program Files/Unity/Hub/Editor/2021.3.4f1/Editor/Data/PlaybackEngines/WindowsStandaloneSupport/UnityEditor.WindowsStandalone.Extensions.dll
Registered in 0.014692 seconds.
Native extension for WindowsStandalone target not found
[usbmuxd] Start listen thread
[usbmuxd] Listen thread started
[usbmuxd] Send listen message
Native extension for iOS target not found
Native extension for Android target not found
Native extension for WebGL target not found
Refreshing native plugins compatible for Editor in 180.21 ms, found 6 plugins.
Preloading 0 native plugins for Editor in 0.00 ms.
Mono: successfully reloaded assembly
- Completed reload, in  0.916 seconds
Domain Reload Profiling:
	ReloadAssembly (917ms)
		BeginReloadAssembly (79ms)
			ExecutionOrderSort (0ms)
			DisableScriptedObjects (0ms)
			BackupInstance (0ms)
			ReleaseScriptingObjects (0ms)
			CreateAndSetChildDomain (1ms)
		EndReloadAssembly (645ms)
			LoadAssemblies (78ms)
			RebuildTransferFunctionScriptingTraits (0ms)
			SetupTypeCache (129ms)
			ReleaseScriptCaches (0ms)
			RebuildScriptCaches (29ms)
			SetupLoadedEditorAssemblies (417ms)
				LogAssemblyErrors (0ms)
				InitializePlatformSupportModulesInManaged (77ms)
				SetLoadedEditorAssemblies (0ms)
				RefreshPlugins (180ms)
				BeforeProcessingInitializeOnLoad (1ms)
				ProcessInitializeOnLoadAttributes (106ms)
				ProcessInitializeOnLoadMethodAttributes (51ms)
				AfterProcessingInitializeOnLoad (0ms)
				EditorAssembliesLoaded (0ms)
			ExecutionOrderSort2 (0ms)
			AwakeInstancesAfterBackupRestoration (0ms)
Platform modules already initialized, skipping
Registering precompiled user dll's ...
Registered in 0.012910 seconds.
Begin MonoManager ReloadAssembly
Symbol file LoadedFromMemory doesn't match image C:\Users\Carter\Documents\GitHub\AWalkInWinterland\A Walk In Winterland\Library\PackageCache\com.unity.visualscripting@1.7.8\Editor\VisualScripting.Core\Dependencies\DotNetZip\Unity.VisualScripting.IonicZip.dll
Symbol file LoadedFromMemory doesn't match image C:\Users\Carter\Documents\GitHub\AWalkInWinterland\A Walk In Winterland\Library\PackageCache\com.unity.visualscripting@1.7.8\Editor\VisualScripting.Core\Dependencies\YamlDotNet\Unity.VisualScripting.YamlDotNet.dll
Native extension for WindowsStandalone target not found
Native extension for iOS target not found
Native extension for Android target not found
Native extension for WebGL target not found
Refreshing native plugins compatible for Editor in 178.28 ms, found 6 plugins.
Preloading 0 native plugins for Editor in 0.00 ms.
Mono: successfully reloaded assembly
- Completed reload, in  1.859 seconds
Domain Reload Profiling:
	ReloadAssembly (1860ms)
		BeginReloadAssembly (197ms)
			ExecutionOrderSort (0ms)
			DisableScriptedObjects (7ms)
			BackupInstance (0ms)
			ReleaseScriptingObjects (0ms)
			CreateAndSetChildDomain (122ms)
		EndReloadAssembly (1526ms)
			LoadAssemblies (79ms)
			RebuildTransferFunctionScriptingTraits (0ms)
			SetupTypeCache (342ms)
			ReleaseScriptCaches (1ms)
			RebuildScriptCaches (87ms)
			SetupLoadedEditorAssemblies (927ms)
				LogAssemblyErrors (0ms)
				InitializePlatformSupportModulesInManaged (30ms)
				SetLoadedEditorAssemblies (0ms)
				RefreshPlugins (178ms)
				BeforeProcessingInitializeOnLoad (167ms)
				ProcessInitializeOnLoadAttributes (430ms)
				ProcessInitializeOnLoadMethodAttributes (113ms)
				AfterProcessingInitializeOnLoad (10ms)
				EditorAssembliesLoaded (0ms)
			ExecutionOrderSort2 (0ms)
			AwakeInstancesAfterBackupRestoration (6ms)
Platform modules already initialized, skipping
========================================================================
Worker process is ready to serve import requests
Launched and connected shader compiler UnityShaderCompiler.exe after 0.05 seconds
Refreshing native plugins compatible for Editor in 1.31 ms, found 6 plugins.
Preloading 0 native plugins for Editor in 0.00 ms.
Unloading 6296 Unused Serialized files (Serialized files now loaded: 0)
Unloading 113 unused Assets / (495.4 KB). Loaded Objects now: 6707.
Memory consumption went from 252.2 MB to 251.7 MB.
Total: 4.485000 ms (FindLiveObjects: 0.838500 ms CreateObjectMapping: 0.270300 ms MarkObjects: 3.284000 ms  DeleteObjects: 0.090700 ms)

AssetImportParameters requested are different than current active one (requested -> active):
  custom:video-decoder-ogg-theora: a1e56fd34408186e4bbccfd4996cb3dc -> 
  custom:container-muxer-webm: aa71ff27fc2769a1b78a27578f13a17b -> 
  custom:container-demuxer-webm: 4f35f7cbe854078d1ac9338744f61a02 -> 
  custom:video-encoder-webm-vp8: eb34c28f22e8b96e1ab97ce403110664 -> 
  custom:audio-encoder-webm-vorbis: bf7c407c2cedff20999df2af8eb42d56 -> 
  custom:framework-win-MediaFoundation: 216162199b28c13a410421893ffa2e32 -> 
  custom:container-demuxer-ogg: 62fdf1f143b41e24485cea50d1cbac27 -> 
  custom:video-decoder-webm-vp8: 9c59270c3fd7afecdb556c50c9e8de78 -> 
  custom:audio-decoder-ogg-vorbis: bf7c407c2cedff20999df2af8eb42d56 -> 
========================================================================
Received Prepare
Registering precompiled user dll's ...
Registered in 0.012904 seconds.
Begin MonoManager ReloadAssembly
Symbol file LoadedFromMemory doesn't match image C:\Users\Carter\Documents\GitHub\AWalkInWinterland\A Walk In Winterland\Library\PackageCache\com.unity.visualscripting@1.7.8\Editor\VisualScripting.Core\Dependencies\DotNetZip\Unity.VisualScripting.IonicZip.dll
Symbol file LoadedFromMemory doesn't match image C:\Users\Carter\Documents\GitHub\AWalkInWinterland\A Walk In Winterland\Library\PackageCache\com.unity.visualscripting@1.7.8\Editor\VisualScripting.Core\Dependencies\YamlDotNet\Unity.VisualScripting.YamlDotNet.dll
Native extension for WindowsStandalone target not found
Native extension for iOS target not found
Native extension for Android target not found
Native extension for WebGL target not found
Refreshing native plugins compatible for Editor in 1.65 ms, found 6 plugins.
Preloading 0 native plugins for Editor in 0.00 ms.
Mono: successfully reloaded assembly
- Completed reload, in  1.504 seconds
Domain Reload Profiling:
	ReloadAssembly (1504ms)
		BeginReloadAssembly (150ms)
			ExecutionOrderSort (0ms)
			DisableScriptedObjects (7ms)
			BackupInstance (0ms)
			ReleaseScriptingObjects (0ms)
			CreateAndSetChildDomain (43ms)
		EndReloadAssembly (1239ms)
			LoadAssemblies (108ms)
			RebuildTransferFunctionScriptingTraits (0ms)
			SetupTypeCache (326ms)
			ReleaseScriptCaches (2ms)
			RebuildScriptCaches (67ms)
			SetupLoadedEditorAssemblies (652ms)
				LogAssemblyErrors (0ms)
				InitializePlatformSupportModulesInManaged (38ms)
				SetLoadedEditorAssemblies (1ms)
				RefreshPlugins (2ms)
				BeforeProcessingInitializeOnLoad (124ms)
				ProcessInitializeOnLoadAttributes (376ms)
				ProcessInitializeOnLoadMethodAttributes (102ms)
				AfterProcessingInitializeOnLoad (10ms)
				EditorAssembliesLoaded (0ms)
			ExecutionOrderSort2 (0ms)
			AwakeInstancesAfterBackupRestoration (19ms)
Platform modules already initialized, skipping
Refreshing native plugins compatible for Editor in 10.60 ms, found 6 plugins.
Preloading 0 native plugins for Editor in 0.00 ms.
Unloading 6139 Unused Serialized files (Serialized files now loaded: 0)
Unloading 87 unused Assets / (487.1 KB). Loaded Objects now: 6722.
Memory consumption went from 246.6 MB to 246.2 MB.
Total: 3.732200 ms (FindLiveObjects: 0.571000 ms CreateObjectMapping: 0.220400 ms MarkObjects: 2.856100 ms  DeleteObjects: 0.083400 ms)

AssetImportParameters requested are different than current active one (requested -> active):
  custom:video-decoder-ogg-theora: a1e56fd34408186e4bbccfd4996cb3dc -> 
  custom:container-muxer-webm: aa71ff27fc2769a1b78a27578f13a17b -> 
  custom:container-demuxer-webm: 4f35f7cbe854078d1ac9338744f61a02 -> 
  custom:video-encoder-webm-vp8: eb34c28f22e8b96e1ab97ce403110664 -> 
  custom:audio-encoder-webm-vorbis: bf7c407c2cedff20999df2af8eb42d56 -> 
  custom:framework-win-MediaFoundation: 216162199b28c13a410421893ffa2e32 -> 
  custom:container-demuxer-ogg: 62fdf1f143b41e24485cea50d1cbac27 -> 
  custom:video-decoder-webm-vp8: 9c59270c3fd7afecdb556c50c9e8de78 -> 
  custom:audio-decoder-ogg-vorbis: bf7c407c2cedff20999df2af8eb42d56 -> 
========================================================================
Received Prepare
Registering precompiled user dll's ...
Registered in 0.012822 seconds.
Begin MonoManager ReloadAssembly
Symbol file LoadedFromMemory doesn't match image C:\Users\Carter\Documents\GitHub\AWalkInWinterland\A Walk In Winterland\Library\PackageCache\com.unity.visualscripting@1.7.8\Editor\VisualScripting.Core\Dependencies\DotNetZip\Unity.VisualScripting.IonicZip.dll
Symbol file LoadedFromMemory doesn't match image C:\Users\Carter\Documents\GitHub\AWalkInWinterland\A Walk In Winterland\Library\PackageCache\com.unity.visualscripting@1.7.8\Editor\VisualScripting.Core\Dependencies\YamlDotNet\Unity.VisualScripting.YamlDotNet.dll
Native extension for WindowsStandalone target not found
Native extension for iOS target not found
Native extension for Android target not found
Native extension for WebGL target not found
Refreshing native plugins compatible for Editor in 2.72 ms, found 6 plugins.
Preloading 0 native plugins for Editor in 0.00 ms.
Mono: successfully reloaded assembly
- Completed reload, in  1.706 seconds
Domain Reload Profiling:
	ReloadAssembly (1707ms)
		BeginReloadAssembly (190ms)
			ExecutionOrderSort (0ms)
			DisableScriptedObjects (7ms)
			BackupInstance (0ms)
			ReleaseScriptingObjects (0ms)
			CreateAndSetChildDomain (61ms)
		EndReloadAssembly (1388ms)
			LoadAssemblies (138ms)
			RebuildTransferFunctionScriptingTraits (0ms)
			SetupTypeCache (358ms)
			ReleaseScriptCaches (3ms)
			RebuildScriptCaches (73ms)
			SetupLoadedEditorAssemblies (732ms)
				LogAssemblyErrors (0ms)
				InitializePlatformSupportModulesInManaged (45ms)
				SetLoadedEditorAssemblies (1ms)
				RefreshPlugins (3ms)
				BeforeProcessingInitializeOnLoad (136ms)
				ProcessInitializeOnLoadAttributes (419ms)
				ProcessInitializeOnLoadMethodAttributes (117ms)
				AfterProcessingInitializeOnLoad (11ms)
				EditorAssembliesLoaded (0ms)
			ExecutionOrderSort2 (0ms)
			AwakeInstancesAfterBackupRestoration (22ms)
Platform modules already initialized, skipping
Refreshing native plugins compatible for Editor in 12.39 ms, found 6 plugins.
Preloading 0 native plugins for Editor in 0.00 ms.
Unloading 6139 Unused Serialized files (Serialized files now loaded: 0)
Unloading 87 unused Assets / (487.7 KB). Loaded Objects now: 6737.
Memory consumption went from 246.7 MB to 246.2 MB.
Total: 4.134100 ms (FindLiveObjects: 0.747300 ms CreateObjectMapping: 0.199100 ms MarkObjects: 3.082400 ms  DeleteObjects: 0.104300 ms)

AssetImportParameters requested are different than current active one (requested -> active):
  custom:video-decoder-ogg-theora: a1e56fd34408186e4bbccfd4996cb3dc -> 
  custom:container-muxer-webm: aa71ff27fc2769a1b78a27578f13a17b -> 
  custom:container-demuxer-webm: 4f35f7cbe854078d1ac9338744f61a02 -> 
  custom:video-encoder-webm-vp8: eb34c28f22e8b96e1ab97ce403110664 -> 
  custom:audio-encoder-webm-vorbis: bf7c407c2cedff20999df2af8eb42d56 -> 
  custom:framework-win-MediaFoundation: 216162199b28c13a410421893ffa2e32 -> 
  custom:container-demuxer-ogg: 62fdf1f143b41e24485cea50d1cbac27 -> 
  custom:video-decoder-webm-vp8: 9c59270c3fd7afecdb556c50c9e8de78 -> 
  custom:audio-decoder-ogg-vorbis: bf7c407c2cedff20999df2af8eb42d56 -> 
========================================================================
Received Prepare
Registering precompiled user dll's ...
Registered in 0.013527 seconds.
Begin MonoManager ReloadAssembly
Symbol file LoadedFromMemory doesn't match image C:\Users\Carter\Documents\GitHub\AWalkInWinterland\A Walk In Winterland\Library\PackageCache\com.unity.visualscripting@1.7.8\Editor\VisualScripting.Core\Dependencies\DotNetZip\Unity.VisualScripting.IonicZip.dll
Symbol file LoadedFromMemory doesn't match image C:\Users\Carter\Documents\GitHub\AWalkInWinterland\A Walk In Winterland\Library\PackageCache\com.unity.visualscripting@1.7.8\Editor\VisualScripting.Core\Dependencies\YamlDotNet\Unity.VisualScripting.YamlDotNet.dll
Native extension for WindowsStandalone target not found
Native extension for iOS target not found
Native extension for Android target not found
Native extension for WebGL target not found
Refreshing native plugins compatible for Editor in 1.88 ms, found 6 plugins.
Preloading 0 native plugins for Editor in 0.00 ms.
Mono: successfully reloaded assembly
- Completed reload, in  1.698 seconds
Domain Reload Profiling:
	ReloadAssembly (1699ms)
		BeginReloadAssembly (158ms)
			ExecutionOrderSort (0ms)
			DisableScriptedObjects (7ms)
			BackupInstance (0ms)
			ReleaseScriptingObjects (0ms)
			CreateAndSetChildDomain (43ms)
		EndReloadAssembly (1409ms)
			LoadAssemblies (129ms)
			RebuildTransferFunctionScriptingTraits (0ms)
			SetupTypeCache (368ms)
			ReleaseScriptCaches (2ms)
			RebuildScriptCaches (71ms)
			SetupLoadedEditorAssemblies (745ms)
				LogAssemblyErrors (0ms)
				InitializePlatformSupportModulesInManaged (45ms)
				SetLoadedEditorAssemblies (1ms)
				RefreshPlugins (2ms)
				BeforeProcessingInitializeOnLoad (133ms)
				ProcessInitializeOnLoadAttributes (434ms)
				ProcessInitializeOnLoadMethodAttributes (119ms)
				AfterProcessingInitializeOnLoad (11ms)
				EditorAssembliesLoaded (0ms)
			ExecutionOrderSort2 (0ms)
			AwakeInstancesAfterBackupRestoration (21ms)
Platform modules already initialized, skipping
Refreshing native plugins compatible for Editor in 11.69 ms, found 6 plugins.
Preloading 0 native plugins for Editor in 0.00 ms.
Unloading 6139 Unused Serialized files (Serialized files now loaded: 0)
Unloading 87 unused Assets / (487.6 KB). Loaded Objects now: 6752.
Memory consumption went from 246.7 MB to 246.2 MB.
Total: 5.260000 ms (FindLiveObjects: 0.873100 ms CreateObjectMapping: 0.247900 ms MarkObjects: 3.884200 ms  DeleteObjects: 0.252000 ms)

AssetImportParameters requested are different than current active one (requested -> active):
  custom:video-decoder-ogg-theora: a1e56fd34408186e4bbccfd4996cb3dc -> 
  custom:container-muxer-webm: aa71ff27fc2769a1b78a27578f13a17b -> 
  custom:container-demuxer-webm: 4f35f7cbe854078d1ac9338744f61a02 -> 
  custom:video-encoder-webm-vp8: eb34c28f22e8b96e1ab97ce403110664 -> 
  custom:audio-encoder-webm-vorbis: bf7c407c2cedff20999df2af8eb42d56 -> 
  custom:framework-win-MediaFoundation: 216162199b28c13a410421893ffa2e32 -> 
  custom:container-demuxer-ogg: 62fdf1f143b41e24485cea50d1cbac27 -> 
  custom:video-decoder-webm-vp8: 9c59270c3fd7afecdb556c50c9e8de78 -> 
  custom:audio-decoder-ogg-vorbis: bf7c407c2cedff20999df2af8eb42d56 -> 
========================================================================
Received Import Request.
  Time since last request: 6855502.213459 seconds.
  path: Assets/Snowmen/SnowmanMaterials/Accessories/Pickaxe.mat
  artifactKey: Guid(d8ee32dc913e49342907a00c7c9ec67a) Importer(815301076,1909f56bfc062723c751e8b465ee728b)
Start importing Assets/Snowmen/SnowmanMaterials/Accessories/Pickaxe.mat using Guid(d8ee32dc913e49342907a00c7c9ec67a) Importer(815301076,1909f56bfc062723c751e8b465ee728b)  -> (artifact id: '1e38e5071e2454b858c04306b39518cd') in 0.378465 seconds 
========================================================================
Received Import Request.
  Time since last request: 46.299174 seconds.
  path: Assets/Snowmen/Accessories/Pickaxe.obj
  artifactKey: Guid(133329b5ef7ee8b469b4e6211f3ad0ad) Importer(815301076,1909f56bfc062723c751e8b465ee728b)
Start importing Assets/Snowmen/Accessories/Pickaxe.obj using Guid(133329b5ef7ee8b469b4e6211f3ad0ad) Importer(815301076,1909f56bfc062723c751e8b465ee728b)  -> (artifact id: '6f014558997093bbd4fe3debaf0ce21b') in 0.077646 seconds 
========================================================================
Received Prepare
Registering precompiled user dll's ...
Registered in 0.014256 seconds.
Begin MonoManager ReloadAssembly
Symbol file LoadedFromMemory doesn't match image C:\Users\Carter\Documents\GitHub\AWalkInWinterland\A Walk In Winterland\Library\PackageCache\com.unity.visualscripting@1.7.8\Editor\VisualScripting.Core\Dependencies\DotNetZip\Unity.VisualScripting.IonicZip.dll
Symbol file LoadedFromMemory doesn't match image C:\Users\Carter\Documents\GitHub\AWalkInWinterland\A Walk In Winterland\Library\PackageCache\com.unity.visualscripting@1.7.8\Editor\VisualScripting.Core\Dependencies\YamlDotNet\Unity.VisualScripting.YamlDotNet.dll
Native extension for WindowsStandalone target not found
Native extension for iOS target not found
Native extension for Android target not found
Native extension for WebGL target not found
Refreshing native plugins compatible for Editor in 2.36 ms, found 6 plugins.
Preloading 0 native plugins for Editor in 0.00 ms.
Mono: successfully reloaded assembly
- Completed reload, in  1.744 seconds
Domain Reload Profiling:
	ReloadAssembly (1745ms)
		BeginReloadAssembly (179ms)
			ExecutionOrderSort (0ms)
			DisableScriptedObjects (12ms)
			BackupInstance (0ms)
			ReleaseScriptingObjects (0ms)
			CreateAndSetChildDomain (56ms)
		EndReloadAssembly (1435ms)
			LoadAssemblies (130ms)
			RebuildTransferFunctionScriptingTraits (0ms)
			SetupTypeCache (359ms)
			ReleaseScriptCaches (4ms)
			RebuildScriptCaches (73ms)
			SetupLoadedEditorAssemblies (731ms)
				LogAssemblyErrors (0ms)
				InitializePlatformSupportModulesInManaged (44ms)
				SetLoadedEditorAssemblies (1ms)
				RefreshPlugins (2ms)
				BeforeProcessingInitializeOnLoad (137ms)
				ProcessInitializeOnLoadAttributes (421ms)
				ProcessInitializeOnLoadMethodAttributes (116ms)
				AfterProcessingInitializeOnLoad (10ms)
				EditorAssembliesLoaded (0ms)
			ExecutionOrderSort2 (0ms)
			AwakeInstancesAfterBackupRestoration (32ms)
Platform modules already initialized, skipping
Refreshing native plugins compatible for Editor in 12.12 ms, found 6 plugins.
Preloading 0 native plugins for Editor in 0.00 ms.
Unloading 6147 Unused Serialized files (Serialized files now loaded: 0)
Unloading 87 unused Assets / (487.7 KB). Loaded Objects now: 6859.
Memory consumption went from 254.4 MB to 253.9 MB.
Total: 4.290000 ms (FindLiveObjects: 0.844000 ms CreateObjectMapping: 0.215300 ms MarkObjects: 3.108100 ms  DeleteObjects: 0.121200 ms)

AssetImportParameters requested are different than current active one (requested -> active):
  custom:video-decoder-ogg-theora: a1e56fd34408186e4bbccfd4996cb3dc -> 
  custom:container-muxer-webm: aa71ff27fc2769a1b78a27578f13a17b -> 
  custom:container-demuxer-webm: 4f35f7cbe854078d1ac9338744f61a02 -> 
  custom:video-encoder-webm-vp8: eb34c28f22e8b96e1ab97ce403110664 -> 
  custom:audio-encoder-webm-vorbis: bf7c407c2cedff20999df2af8eb42d56 -> 
  custom:framework-win-MediaFoundation: 216162199b28c13a410421893ffa2e32 -> 
  custom:container-demuxer-ogg: 62fdf1f143b41e24485cea50d1cbac27 -> 
  custom:video-decoder-webm-vp8: 9c59270c3fd7afecdb556c50c9e8de78 -> 
  custom:audio-decoder-ogg-vorbis: bf7c407c2cedff20999df2af8eb42d56 -> 
========================================================================
Received Import Request.
  Time since last request: 195.434866 seconds.
  path: Assets/Snowmen/SnowmanMaterials/MinerSnowman.mat
  artifactKey: Guid(088e5d9db150908428143ac856fbe748) Importer(815301076,1909f56bfc062723c751e8b465ee728b)
Start importing Assets/Snowmen/SnowmanMaterials/MinerSnowman.mat using Guid(088e5d9db150908428143ac856fbe748) Importer(815301076,1909f56bfc062723c751e8b465ee728b)  -> (artifact id: '10fae45edec7d5324b64edf3e20bb211') in 0.242111 seconds 
========================================================================
Received Import Request.
  Time since last request: 220.024841 seconds.
  path: Assets/Snowmen/SnowmanMaterials/Accessories/HardHat.mat
  artifactKey: Guid(51550cae524493f4ca961ef41d233fce) Importer(815301076,1909f56bfc062723c751e8b465ee728b)
Start importing Assets/Snowmen/SnowmanMaterials/Accessories/HardHat.mat using Guid(51550cae524493f4ca961ef41d233fce) Importer(815301076,1909f56bfc062723c751e8b465ee728b)  -> (artifact id: 'ab21e7f87b02cc0224b48155a63f6319') in 0.016525 seconds 
========================================================================
Received Import Request.
  Time since last request: 18.263159 seconds.
  path: Assets/Snowmen/Textures/SnowmanMiner.jpg
  artifactKey: Guid(72af8837277aa9b47ac69810e65b10ae) Importer(815301076,1909f56bfc062723c751e8b465ee728b)
Start importing Assets/Snowmen/Textures/SnowmanMiner.jpg using Guid(72af8837277aa9b47ac69810e65b10ae) Importer(815301076,1909f56bfc062723c751e8b465ee728b)  -> (artifact id: '1fef07a46ad45bfb6f522b8647aa2a69') in 0.038207 seconds 
========================================================================
Received Import Request.
  Time since last request: 2.561533 seconds.
  path: Assets/Resources/Prefabs/SnowmanPrefabs/MinerSnowman.prefab
  artifactKey: Guid(b230aa08eb1022f4595c2665beb71534) Importer(815301076,1909f56bfc062723c751e8b465ee728b)
Start importing Assets/Resources/Prefabs/SnowmanPrefabs/MinerSnowman.prefab using Guid(b230aa08eb1022f4595c2665beb71534) Importer(815301076,1909f56bfc062723c751e8b465ee728b)  -> (artifact id: '54098d656d355d5233eedc99ecb2588f') in 0.068449 seconds 
========================================================================
Received Import Request.
  Time since last request: 95.704970 seconds.
  path: Assets/Snowmen/Textures/SnowmanSpec.jpg
  artifactKey: Guid(beeaada15421a9940b6d90cb6fed0759) Importer(815301076,1909f56bfc062723c751e8b465ee728b)
Start importing Assets/Snowmen/Textures/SnowmanSpec.jpg using Guid(beeaada15421a9940b6d90cb6fed0759) Importer(815301076,1909f56bfc062723c751e8b465ee728b)  -> (artifact id: '8f5744b71984c4214584bc7417c81423') in 0.021330 seconds 
========================================================================
Received Import Request.
  Time since last request: 14.908783 seconds.
  path: Assets/Resources/Prefabs/SnowmanPrefabs/AstronautSnowman.prefab
  artifactKey: Guid(27cf620cf56d43c4ebfc8cfa78347325) Importer(815301076,1909f56bfc062723c751e8b465ee728b)
Start importing Assets/Resources/Prefabs/SnowmanPrefabs/AstronautSnowman.prefab using Guid(27cf620cf56d43c4ebfc8cfa78347325) Importer(815301076,1909f56bfc062723c751e8b465ee728b)  -> (artifact id: '6dc9d729476d0bcdc2702ddcf911147c') in 0.059831 seconds 
========================================================================
Received Import Request.
  Time since last request: 0.000026 seconds.
  path: Assets/Resources/Prefabs/SnowmanPrefabs/MobsterSnowman.prefab
  artifactKey: Guid(19c8cd1cc06938c43a66b5002d47e1d1) Importer(815301076,1909f56bfc062723c751e8b465ee728b)
Start importing Assets/Resources/Prefabs/SnowmanPrefabs/MobsterSnowman.prefab using Guid(19c8cd1cc06938c43a66b5002d47e1d1) Importer(815301076,1909f56bfc062723c751e8b465ee728b)  -> (artifact id: '106d2a5998c47cfa2fe3ada4eeb39182') in 0.054882 seconds 
========================================================================
Received Import Request.
  Time since last request: 0.000251 seconds.
  path: Assets/Resources/Prefabs/SnowmanPrefabs/RacerSnowman.prefab
  artifactKey: Guid(b62b37ceb8fba7d44a1e66e888a54f1d) Importer(815301076,1909f56bfc062723c751e8b465ee728b)
Start importing Assets/Resources/Prefabs/SnowmanPrefabs/RacerSnowman.prefab using Guid(b62b37ceb8fba7d44a1e66e888a54f1d) Importer(815301076,1909f56bfc062723c751e8b465ee728b)  -> (artifact id: '736fbcd04fccdf45854a34d4627da8dc') in 0.043077 seconds 
========================================================================
Received Import Request.
  Time since last request: 0.000023 seconds.
  path: Assets/Resources/Prefabs/SnowmanPrefabs/RockSnowman.prefab
  artifactKey: Guid(73a976437d7ebf8439f582fe04bec500) Importer(815301076,1909f56bfc062723c751e8b465ee728b)
Start importing Assets/Resources/Prefabs/SnowmanPrefabs/RockSnowman.prefab using Guid(73a976437d7ebf8439f582fe04bec500) Importer(815301076,1909f56bfc062723c751e8b465ee728b)  -> (artifact id: '963602e6d8496ed11fe07bf17efd1e70') in 0.041919 seconds 
========================================================================
Received Import Request.
  Time since last request: 0.000032 seconds.
  path: Assets/Resources/Prefabs/SnowmanPrefabs/CatSnowman.prefab
  artifactKey: Guid(94a3fdc5a2d44a84f9db3b8b46081cc3) Importer(815301076,1909f56bfc062723c751e8b465ee728b)
Start importing Assets/Resources/Prefabs/SnowmanPrefabs/CatSnowman.prefab using Guid(94a3fdc5a2d44a84f9db3b8b46081cc3) Importer(815301076,1909f56bfc062723c751e8b465ee728b)  -> (artifact id: '66072163f8d10756faddb4f816c958cb') in 0.055519 seconds 
========================================================================
Received Import Request.
  Time since last request: 0.000024 seconds.
  path: Assets/Resources/Prefabs/SnowmanPrefabs/ClassicSnowman.prefab
  artifactKey: Guid(9847363ad90da024d95b2e24e076a5d2) Importer(815301076,1909f56bfc062723c751e8b465ee728b)
Start importing Assets/Resources/Prefabs/SnowmanPrefabs/ClassicSnowman.prefab using Guid(9847363ad90da024d95b2e24e076a5d2) Importer(815301076,1909f56bfc062723c751e8b465ee728b)  -> (artifact id: '1637a1a54cb9f8d2a1697bbfae2bb2ed') in 0.032871 seconds 
========================================================================
Received Import Request.
  Time since last request: 0.001335 seconds.
  path: Assets/Resources/Prefabs/SnowmanPrefabs/PaperSnowman.prefab
  artifactKey: Guid(d8453f546e16e784982267b040f2f096) Importer(815301076,1909f56bfc062723c751e8b465ee728b)
Start importing Assets/Resources/Prefabs/SnowmanPrefabs/PaperSnowman.prefab using Guid(d8453f546e16e784982267b040f2f096) Importer(815301076,1909f56bfc062723c751e8b465ee728b)  -> (artifact id: '9203466335bf1dacf5496e47a223d771') in 0.046336 seconds 
========================================================================
Received Import Request.
  Time since last request: 0.000050 seconds.
  path: Assets/Resources/Prefabs/SnowmanPrefabs/FishingSnowman.prefab
  artifactKey: Guid(c2b7a2337f2e8a947bc090df3fded7ef) Importer(815301076,1909f56bfc062723c751e8b465ee728b)
Start importing Assets/Resources/Prefabs/SnowmanPrefabs/FishingSnowman.prefab using Guid(c2b7a2337f2e8a947bc090df3fded7ef) Importer(815301076,1909f56bfc062723c751e8b465ee728b)  -> (artifact id: '4367cf0a4f198e168559edb7aa34c4fb') in 0.057145 seconds 
========================================================================
Received Import Request.
  Time since last request: 0.000027 seconds.
  path: Assets/Resources/Prefabs/SnowmanPrefabs/MinerSnowman.prefab
  artifactKey: Guid(b230aa08eb1022f4595c2665beb71534) Importer(815301076,1909f56bfc062723c751e8b465ee728b)
Start importing Assets/Resources/Prefabs/SnowmanPrefabs/MinerSnowman.prefab using Guid(b230aa08eb1022f4595c2665beb71534) Importer(815301076,1909f56bfc062723c751e8b465ee728b)  -> (artifact id: 'a179b57ddd87f092711eef4ac040ac43') in 0.048005 seconds 
========================================================================
Received Import Request.
  Time since last request: 0.000048 seconds.
  path: Assets/Resources/Prefabs/SnowmanPrefabs/NullSnowman.prefab
  artifactKey: Guid(5266a4cf89874cb4fbd2e9eb067dfd1c) Importer(815301076,1909f56bfc062723c751e8b465ee728b)
Start importing Assets/Resources/Prefabs/SnowmanPrefabs/NullSnowman.prefab using Guid(5266a4cf89874cb4fbd2e9eb067dfd1c) Importer(815301076,1909f56bfc062723c751e8b465ee728b)  -> (artifact id: 'b219d17619d340e46ca9ef197cc8f773') in 0.051520 seconds 
========================================================================
Received Import Request.
  Time since last request: 0.000035 seconds.
  path: Assets/Resources/Prefabs/SnowmanPrefabs/RainbowSnowman.prefab
  artifactKey: Guid(bcfa749414604f442871bdf92c6ac2f9) Importer(815301076,1909f56bfc062723c751e8b465ee728b)
Start importing Assets/Resources/Prefabs/SnowmanPrefabs/RainbowSnowman.prefab using Guid(bcfa749414604f442871bdf92c6ac2f9) Importer(815301076,1909f56bfc062723c751e8b465ee728b)  -> (artifact id: '0579795deca33246cba591de7614efc6') in 0.050518 seconds 
========================================================================
Received Import Request.
  Time since last request: 0.000044 seconds.
  path: Assets/Resources/Prefabs/SnowmanPrefabs/PenguinSnowman.prefab
  artifactKey: Guid(0032b09b1ed374e419584a81a72a7f30) Importer(815301076,1909f56bfc062723c751e8b465ee728b)
Start importing Assets/Resources/Prefabs/SnowmanPrefabs/PenguinSnowman.prefab using Guid(0032b09b1ed374e419584a81a72a7f30) Importer(815301076,1909f56bfc062723c751e8b465ee728b)  -> (artifact id: '51a20bb28517b13324ca999d9b26ea11') in 0.098598 seconds 
========================================================================
Received Import Request.
  Time since last request: 56.492810 seconds.
  path: Assets/Resources/Prefabs/SnowmanPrefabs/CatSnowman.prefab
  artifactKey: Guid(94a3fdc5a2d44a84f9db3b8b46081cc3) Importer(815301076,1909f56bfc062723c751e8b465ee728b)
Start importing Assets/Resources/Prefabs/SnowmanPrefabs/CatSnowman.prefab using Guid(94a3fdc5a2d44a84f9db3b8b46081cc3) Importer(815301076,1909f56bfc062723c751e8b465ee728b)  -> (artifact id: '1505fe2315ec6e349e2b9286ee3775ab') in 0.047182 seconds 
========================================================================
Received Import Request.
  Time since last request: 0.000036 seconds.
  path: Assets/Resources/Prefabs/SnowmanPrefabs/MobsterSnowman.prefab
  artifactKey: Guid(19c8cd1cc06938c43a66b5002d47e1d1) Importer(815301076,1909f56bfc062723c751e8b465ee728b)
Start importing Assets/Resources/Prefabs/SnowmanPrefabs/MobsterSnowman.prefab using Guid(19c8cd1cc06938c43a66b5002d47e1d1) Importer(815301076,1909f56bfc062723c751e8b465ee728b)  -> (artifact id: '2b748aa75d98fe4b6aeb2105f7b945f2') in 0.073308 seconds 
========================================================================
Received Import Request.
  Time since last request: 0.000029 seconds.
  path: Assets/Resources/Prefabs/SnowmanPrefabs/RockSnowman.prefab
  artifactKey: Guid(73a976437d7ebf8439f582fe04bec500) Importer(815301076,1909f56bfc062723c751e8b465ee728b)
Start importing Assets/Resources/Prefabs/SnowmanPrefabs/RockSnowman.prefab using Guid(73a976437d7ebf8439f582fe04bec500) Importer(815301076,1909f56bfc062723c751e8b465ee728b)  -> (artifact id: '89662e079a7fed0a0bee246d7878615c') in 0.052196 seconds 
========================================================================
Received Import Request.
  Time since last request: 0.000055 seconds.
  path: Assets/Resources/Prefabs/SnowmanPrefabs/FishingSnowman.prefab
  artifactKey: Guid(c2b7a2337f2e8a947bc090df3fded7ef) Importer(815301076,1909f56bfc062723c751e8b465ee728b)
Start importing Assets/Resources/Prefabs/SnowmanPrefabs/FishingSnowman.prefab using Guid(c2b7a2337f2e8a947bc090df3fded7ef) Importer(815301076,1909f56bfc062723c751e8b465ee728b)  -> (artifact id: '131ceb92c164fee99fac6bc9c6876658') in 0.052022 seconds 
========================================================================
Received Import Request.
  Time since last request: 0.000039 seconds.
  path: Assets/Resources/Prefabs/SnowmanPrefabs/YellowSnowman.prefab
  artifactKey: Guid(8177b5bddb02c2e4b86f6ddb83c2eee7) Importer(815301076,1909f56bfc062723c751e8b465ee728b)
Start importing Assets/Resources/Prefabs/SnowmanPrefabs/YellowSnowman.prefab using Guid(8177b5bddb02c2e4b86f6ddb83c2eee7) Importer(815301076,1909f56bfc062723c751e8b465ee728b)  -> (artifact id: '1c129d82a0ecf47da351b2be7b5a8cda') in 0.052833 seconds 
========================================================================
Received Import Request.
  Time since last request: 0.000032 seconds.
  path: Assets/Resources/Prefabs/SnowmanPrefabs/SantaSnowman.prefab
  artifactKey: Guid(27115028171c0324db4a0bc3a559e2bc) Importer(815301076,1909f56bfc062723c751e8b465ee728b)
Start importing Assets/Resources/Prefabs/SnowmanPrefabs/SantaSnowman.prefab using Guid(27115028171c0324db4a0bc3a559e2bc) Importer(815301076,1909f56bfc062723c751e8b465ee728b)  -> (artifact id: '8a4a368ab7954ea73913dfcdaf127638') in 0.042854 seconds 
========================================================================
Received Import Request.
  Time since last request: 0.000029 seconds.
  path: Assets/Resources/Prefabs/SnowmanPrefabs/PenguinSnowman.prefab
  artifactKey: Guid(0032b09b1ed374e419584a81a72a7f30) Importer(815301076,1909f56bfc062723c751e8b465ee728b)
Start importing Assets/Resources/Prefabs/SnowmanPrefabs/PenguinSnowman.prefab using Guid(0032b09b1ed374e419584a81a72a7f30) Importer(815301076,1909f56bfc062723c751e8b465ee728b)  -> (artifact id: '087ed430efcefd091fda8477486d2cd3') in 0.077538 seconds 
========================================================================
Received Import Request.
  Time since last request: 36.792571 seconds.
  path: Assets/Snowmen/SnowmanMaterials/IceSnowman.mat
  artifactKey: Guid(910919ef77608bf4a8ade4271780dde3) Importer(815301076,1909f56bfc062723c751e8b465ee728b)
Start importing Assets/Snowmen/SnowmanMaterials/IceSnowman.mat using Guid(910919ef77608bf4a8ade4271780dde3) Importer(815301076,1909f56bfc062723c751e8b465ee728b)  -> (artifact id: '6b5fa6fc0ee0c3190d1df17d561fde3b') in 0.028424 seconds 
========================================================================
Received Import Request.
  Time since last request: 0.000029 seconds.
  path: Assets/Snowmen/SnowmanMaterials/YellowSnowman.mat
  artifactKey: Guid(653ea044710a095468cd301a839355ab) Importer(815301076,1909f56bfc062723c751e8b465ee728b)
Start importing Assets/Snowmen/SnowmanMaterials/YellowSnowman.mat using Guid(653ea044710a095468cd301a839355ab) Importer(815301076,1909f56bfc062723c751e8b465ee728b)  -> (artifact id: '55f146485cd6b0b2c212e669d3c0e188') in 0.044241 seconds 
========================================================================
Received Prepare
Registering precompiled user dll's ...
Registered in 0.012153 seconds.
Begin MonoManager ReloadAssembly
Symbol file LoadedFromMemory doesn't match image C:\Users\Carter\Documents\GitHub\AWalkInWinterland\A Walk In Winterland\Library\PackageCache\com.unity.visualscripting@1.7.8\Editor\VisualScripting.Core\Dependencies\DotNetZip\Unity.VisualScripting.IonicZip.dll
Symbol file LoadedFromMemory doesn't match image C:\Users\Carter\Documents\GitHub\AWalkInWinterland\A Walk In Winterland\Library\PackageCache\com.unity.visualscripting@1.7.8\Editor\VisualScripting.Core\Dependencies\YamlDotNet\Unity.VisualScripting.YamlDotNet.dll
Native extension for WindowsStandalone target not found
Native extension for iOS target not found
Native extension for Android target not found
Native extension for WebGL target not found
Refreshing native plugins compatible for Editor in 1.72 ms, found 6 plugins.
Preloading 0 native plugins for Editor in 0.00 ms.
Mono: successfully reloaded assembly
- Completed reload, in  1.783 seconds
Domain Reload Profiling:
	ReloadAssembly (1784ms)
		BeginReloadAssembly (184ms)
			ExecutionOrderSort (0ms)
			DisableScriptedObjects (11ms)
			BackupInstance (0ms)
			ReleaseScriptingObjects (0ms)
			CreateAndSetChildDomain (56ms)
		EndReloadAssembly (1472ms)
			LoadAssemblies (132ms)
			RebuildTransferFunctionScriptingTraits (0ms)
			SetupTypeCache (414ms)
			ReleaseScriptCaches (2ms)
			RebuildScriptCaches (72ms)
			SetupLoadedEditorAssemblies (729ms)
				LogAssemblyErrors (0ms)
				InitializePlatformSupportModulesInManaged (44ms)
				SetLoadedEditorAssemblies (1ms)
				RefreshPlugins (2ms)
				BeforeProcessingInitializeOnLoad (136ms)
				ProcessInitializeOnLoadAttributes (415ms)
				ProcessInitializeOnLoadMethodAttributes (120ms)
				AfterProcessingInitializeOnLoad (11ms)
				EditorAssembliesLoaded (0ms)
			ExecutionOrderSort2 (0ms)
			AwakeInstancesAfterBackupRestoration (33ms)
Platform modules already initialized, skipping
Refreshing native plugins compatible for Editor in 13.93 ms, found 6 plugins.
Preloading 0 native plugins for Editor in 0.00 ms.
Unloading 6147 Unused Serialized files (Serialized files now loaded: 0)
Unloading 87 unused Assets / (487.7 KB). Loaded Objects now: 6938.
Memory consumption went from 254.7 MB to 254.2 MB.
Total: 4.358500 ms (FindLiveObjects: 0.716600 ms CreateObjectMapping: 0.209200 ms MarkObjects: 3.321800 ms  DeleteObjects: 0.109500 ms)

AssetImportParameters requested are different than current active one (requested -> active):
  custom:video-decoder-ogg-theora: a1e56fd34408186e4bbccfd4996cb3dc -> 
  custom:container-muxer-webm: aa71ff27fc2769a1b78a27578f13a17b -> 
  custom:container-demuxer-webm: 4f35f7cbe854078d1ac9338744f61a02 -> 
  custom:video-encoder-webm-vp8: eb34c28f22e8b96e1ab97ce403110664 -> 
  custom:audio-encoder-webm-vorbis: bf7c407c2cedff20999df2af8eb42d56 -> 
  custom:framework-win-MediaFoundation: 216162199b28c13a410421893ffa2e32 -> 
  custom:container-demuxer-ogg: 62fdf1f143b41e24485cea50d1cbac27 -> 
  custom:video-decoder-webm-vp8: 9c59270c3fd7afecdb556c50c9e8de78 -> 
  custom:audio-decoder-ogg-vorbis: bf7c407c2cedff20999df2af8eb42d56 -> 
