Base path: 'C:/Program Files/Unity/Hub/Editor/2021.3.4f1/Editor/Data', plugins path 'C:/Program Files/Unity/Hub/Editor/2021.3.4f1/Editor/Data/PlaybackEngines'
Cmd: initializeCompiler

Cmd: compileSnippet
  insize=576 file=Assets/BruteForce/Extra/BloomKino/Hidden/Kino/BloomKino pass=<Unnamed Pass 2> cachingPP=1 ppOnly=0 stripLineD=0 buildPlatform=19 rsLen=0 pKW=UNITY_ENABLE_REFLECTION_BUFFERS UNITY_USE_DITHER_MASK_FOR_ALPHABLENDED_SHADOWS UNITY_PBS_USE_BRDF1 UNITY_SPECCUBE_BOX_PROJECTION UNITY_SPECCUBE_BLENDING UNITY_ENABLE_DETAIL_NORMALMAP SHADER_API_DESKTOP UNITY_LIGHT_PROBE_PROXY_VOLUME UNITY_LIGHTMAP_FULL_HDR uKW= dKW=UNITY_NO_DXT5nm UNITY_FRAMEBUFFER_FETCH_AVAILABLE UNITY_ENABLE_NATIVE_SHADOW_LOOKUPS UNITY_METAL_SHADOWS_USE_POINT_FILTERING UNITY_NO_SCREENSPACE_SHADOWS UNITY_PBS_USE_BRDF2 UNITY_PBS_USE_BRDF3 UNITY_NO_FULL_STANDARD_SHADER UNITY_HARDWARE_TIER1 UNITY_HARDWARE_TIER2 UNITY_HARDWARE_TIER3 UNITY_COLORSPACE_GAMMA UNITY_HALF_PRECISION_FRAGMENT_SHADER_REGISTERS UNITY_LIGHTMAP_DLDR_ENCODING UNITY_LIGHTMAP_RGBM_ENCODING UNITY_VIRTUAL_TEXTURING UNITY_PRETRANSFORM_TO_DISPLAY_ORIENTATION UNITY_ASTC_NORMALMAP_ENCODING SHADER_API_GLES30 UNITY_UNIFIED_SHADER_PRECISION_MODEL flags=0 lang=0 type=Vertex platform=d3d11 reqs=227 mask=6 start=62 ok=1 outsize=722

Cmd: compileSnippet
  insize=18408 file=Assets/BruteForce/Shaders/SnowIce/Standard/BruteForce/Standard/SnowIce pass=<Unnamed Pass 1> cachingPP=1 ppOnly=0 stripLineD=0 buildPlatform=19 rsLen=0 pKW=UNITY_ENABLE_REFLECTION_BUFFERS UNITY_USE_DITHER_MASK_FOR_ALPHABLENDED_SHADOWS UNITY_PBS_USE_BRDF1 UNITY_SPECCUBE_BOX_PROJECTION UNITY_SPECCUBE_BLENDING UNITY_ENABLE_DETAIL_NORMALMAP SHADER_API_DESKTOP UNITY_LIGHT_PROBE_PROXY_VOLUME UNITY_LIGHTMAP_FULL_HDR UNITY_PASS_SHADOWCASTER uKW=DIRECTIONAL dKW=IS_T IS_ICE USE_VR _TESSELLATION_EDGE LOD_FADE_CROSSFADE USE_AL USE_RT IS_ADD USE_INTER USE_WC FOG_LINEAR FOG_EXP FOG_EXP2 LIGHTPROBE_SH SHADOWS_SHADOWMASK DYNAMICLIGHTMAP_ON LIGHTMAP_ON LIGHTMAP_SHADOW_MIXING DIRLIGHTMAP_COMBINED SHADOWS_SCREEN UNITY_NO_DXT5nm UNITY_FRAMEBUFFER_FETCH_AVAILABLE UNITY_ENABLE_NATIVE_SHADOW_LOOKUPS UNITY_METAL_SHADOWS_USE_POINT_FILTERING UNITY_NO_SCREENSPACE_SHADOWS UNITY_PBS_USE_BRDF2 UNITY_PBS_USE_BRDF3 UNITY_NO_FULL_STANDARD_SHADER UNITY_HARDWARE_TIER1 UNITY_HARDWARE_TIER2 UNITY_HARDWARE_TIER3 UNITY_COLORSPACE_GAMMA UNITY_HALF_PRECISION_FRAGMENT_SHADER_REGISTERS UNITY_LIGHTMAP_DLDR_ENCODING UNITY_LIGHTMAP_RGBM_ENCODING UNITY_VIRTUAL_TEXTURING UNITY_PRETRANSFORM_TO_DISPLAY_ORIENTATION UNITY_ASTC_NORMALMAP_ENCODING SHADER_API_GLES30 UNITY_UNIFIED_SHADER_PRECISION_MODEL flags=0 lang=0 type=Domain platform=d3d11 reqs=1249259 mask=54 start=1507 ok=1 outsize=5026

Cmd: compileSnippet
  insize=13546 file=Assets/BruteForce/Shaders/SnowIce/Standard/BruteForce/Standard/SnowIceNoTessellation pass=<Unnamed Pass 1> cachingPP=1 ppOnly=0 stripLineD=0 buildPlatform=19 rsLen=0 pKW=UNITY_ENABLE_REFLECTION_BUFFERS UNITY_USE_DITHER_MASK_FOR_ALPHABLENDED_SHADOWS UNITY_PBS_USE_BRDF1 UNITY_SPECCUBE_BOX_PROJECTION UNITY_SPECCUBE_BLENDING UNITY_ENABLE_DETAIL_NORMALMAP SHADER_API_DESKTOP UNITY_LIGHT_PROBE_PROXY_VOLUME UNITY_LIGHTMAP_FULL_HDR UNITY_PASS_SHADOWCASTER uKW=DIRECTIONAL dKW=IS_T IS_ICE USE_VR LOD_FADE_CROSSFADE USE_AL USE_RT IS_ADD USE_INTER USE_WC FOG_LINEAR FOG_EXP FOG_EXP2 LIGHTPROBE_SH SHADOWS_SHADOWMASK DYNAMICLIGHTMAP_ON LIGHTMAP_ON LIGHTMAP_SHADOW_MIXING DIRLIGHTMAP_COMBINED SHADOWS_SCREEN VERTEXLIGHT_ON UNITY_NO_DXT5nm UNITY_FRAMEBUFFER_FETCH_AVAILABLE UNITY_ENABLE_NATIVE_SHADOW_LOOKUPS UNITY_METAL_SHADOWS_USE_POINT_FILTERING UNITY_NO_SCREENSPACE_SHADOWS UNITY_PBS_USE_BRDF2 UNITY_PBS_USE_BRDF3 UNITY_NO_FULL_STANDARD_SHADER UNITY_HARDWARE_TIER1 UNITY_HARDWARE_TIER2 UNITY_HARDWARE_TIER3 UNITY_COLORSPACE_GAMMA UNITY_HALF_PRECISION_FRAGMENT_SHADER_REGISTERS UNITY_LIGHTMAP_DLDR_ENCODING UNITY_LIGHTMAP_RGBM_ENCODING UNITY_VIRTUAL_TEXTURING UNITY_PRETRANSFORM_TO_DISPLAY_ORIENTATION UNITY_ASTC_NORMALMAP_ENCODING SHADER_API_GLES30 UNITY_UNIFIED_SHADER_PRECISION_MODEL flags=0 lang=0 type=Vertex platform=d3d11 reqs=227 mask=6 start=1317 ok=1 outsize=4338

Cmd: compileSnippet
  insize=53316 file=Assets/BruteForce/Shaders/SnowIce/URP/BruteForce/URP/SnowIceNoTessellationURP pass=<Unnamed Pass 0> cachingPP=1 ppOnly=0 stripLineD=0 buildPlatform=19 rsLen=0 pKW=UNITY_ENABLE_REFLECTION_BUFFERS UNITY_USE_DITHER_MASK_FOR_ALPHABLENDED_SHADOWS UNITY_PBS_USE_BRDF1 UNITY_SPECCUBE_BOX_PROJECTION UNITY_SPECCUBE_BLENDING UNITY_ENABLE_DETAIL_NORMALMAP SHADER_API_DESKTOP UNITY_LIGHT_PROBE_PROXY_VOLUME UNITY_LIGHTMAP_FULL_HDR uKW= dKW=IS_T IS_ICE USE_VR LOD_FADE_CROSSFADE USE_AL USE_RT IS_ADD USE_INTER USE_WC USE_LS _MAIN_LIGHT_SHADOWS _MAIN_LIGHT_SHADOWS_CASCADE _SHADOWS_SOFT _MIXED_LIGHTING_SUBTRACTIVE LIGHTMAP_ON FOG_LINEAR FOG_EXP FOG_EXP2 UNITY_NO_DXT5nm UNITY_FRAMEBUFFER_FETCH_AVAILABLE UNITY_ENABLE_NATIVE_SHADOW_LOOKUPS UNITY_METAL_SHADOWS_USE_POINT_FILTERING UNITY_NO_SCREENSPACE_SHADOWS UNITY_PBS_USE_BRDF2 UNITY_PBS_USE_BRDF3 UNITY_NO_FULL_STANDARD_SHADER UNITY_HARDWARE_TIER1 UNITY_HARDWARE_TIER2 UNITY_HARDWARE_TIER3 UNITY_COLORSPACE_GAMMA UNITY_HALF_PRECISION_FRAGMENT_SHADER_REGISTERS UNITY_LIGHTMAP_DLDR_ENCODING UNITY_LIGHTMAP_RGBM_ENCODING UNITY_VIRTUAL_TEXTURING UNITY_PRETRANSFORM_TO_DISPLAY_ORIENTATION UNITY_ASTC_NORMALMAP_ENCODING SHADER_API_GLES30 UNITY_UNIFIED_SHADER_PRECISION_MODEL flags=0 lang=3 type=Fragment platform=d3d11 reqs=227 mask=6 start=272  error: 1 plat 4 at (468): implicit truncation of vector type
  error: 1 plat 4 at (576): implicit truncation of vector type
  error: 1 plat 4 at (611): implicit truncation of vector type
  error: 1 plat 4 at (612): implicit truncation of vector type
  error: 1 plat 4 at (613): implicit truncation of vector type
  error: 1 plat 4 at (615): 'lerp': implicit truncation of vector type
  error: 1 plat 4 at (629): 'GetVertexPositionInputs': implicit truncation of vector type
  error: 1 plat 4 at (663): implicit truncation of vector type
  error: 1 plat 4 at (713): pow(f, e) will not work for negative f, use abs(f) or conditionally handle negative values if you expect them
  error: 1 plat 4 at (715): pow(f, e) will not work for negative f, use abs(f) or conditionally handle negative values if you expect them
  error: 1 plat 4 at (716): pow(f, e) will not work for negative f, use abs(f) or conditionally handle negative values if you expect them
  error: 1 plat 4 at (718): pow(f, e) will not work for negative f, use abs(f) or conditionally handle negative values if you expect them
  error: 1 plat 4 at (719): pow(f, e) will not work for negative f, use abs(f) or conditionally handle negative values if you expect them
  error: 1 plat 4 at (720): pow(f, e) will not work for negative f, use abs(f) or conditionally handle negative values if you expect them
  error: 1 plat 4 at (722): pow(f, e) will not work for negative f, use abs(f) or conditionally handle negative values if you expect them
  error: 1 plat 4 at (723): pow(f, e) will not work for negative f, use abs(f) or conditionally handle negative values if you expect them
  error: 1 plat 4 at (724): pow(f, e) will not work for negative f, use abs(f) or conditionally handle negative values if you expect them
  error: 1 plat 4 at (725): pow(f, e) will not work for negative f, use abs(f) or conditionally handle negative values if you expect them
  error: 1 plat 4 at (726): pow(f, e) will not work for negative f, use abs(f) or conditionally handle negative values if you expect them
  error: 1 plat 4 at (736): 'InitializeStandardLitSurfaceData': implicit truncation of vector type
  error: 1 plat 4 at (761): 'Sample': implicit truncation of vector type
  error: 1 plat 4 at (838): 'Sample': implicit truncation of vector type
  error: 1 plat 4 at (839): 'Sample': implicit truncation of vector type
  error: 1 plat 4 at (886): implicit truncation of vector type
  error: 1 plat 4 at (898): 'tex2D': implicit truncation of vector type
  error: 1 plat 4 at (902): 'Sample': implicit truncation of vector type
  error: 1 plat 4 at (902): implicit truncation of vector type
  error: 1 plat 4 at (910): implicit truncation of vector type
  error: 1 plat 4 at (911): implicit truncation of vector type
  error: 1 plat 4 at (925): 'Sample': implicit truncation of vector type
  error: 1 plat 4 at (925): implicit truncation of vector type
  error: 1 plat 4 at (925): pow(f, e) will not work for negative f, use abs(f) or conditionally handle negative values if you expect them
  error: 1 plat 4 at (936): 'Sample': implicit truncation of vector type
  error: 1 plat 4 at (944): 'tex2D': implicit truncation of vector type
  error: 1 plat 4 at (992): 'tex2D': implicit truncation of vector type
  error: 1 plat 4 at (992): implicit truncation of vector type
  error: 1 plat 4 at (995): 'tex2D': implicit truncation of vector type
  error: 1 plat 4 at (995): implicit truncation of vector type
  error: 1 plat 4 at (998): implicit truncation of vector type
  error: 1 plat 4 at (1025): 'tex2D': implicit truncation of vector type
  error: 1 plat 4 at (1025): implicit truncation of vector type
  error: 1 plat 4 at (1028): 'tex2D': implicit truncation of vector type
  error: 1 plat 4 at (1028): implicit truncation of vector type
  error: 1 plat 4 at (1031): implicit truncation of vector type
  error: 1 plat 4 at (1058): 'tex2D': implicit truncation of vector type
  error: 1 plat 4 at (1058): implicit truncation of vector type
  error: 1 plat 4 at (1061): 'tex2D': implicit truncation of vector type
  error: 1 plat 4 at (1061): implicit truncation of vector type
  error: 1 plat 4 at (1064): implicit truncation of vector type
  error: 1 plat 4 at (1106): 'lerp': implicit truncation of vector type
  error: 1 plat 4 at (1130): 'Sample': implicit truncation of vector type
  error: 1 plat 4 at (1165): pow(f, e) will not work for negative f, use abs(f) or conditionally handle negative values if you expect them
  error: 1 plat 4 at (1187): pow(f, e) will not work for negative f, use abs(f) or conditionally handle negative values if you expect them
  error: 1 plat 4 at (1220): implicit truncation of vector type
  error: 1 plat 4 at (1227): 'tex2D': implicit truncation of vector type
  error: 1 plat 4 at (1227): pow(f, e) will not work for negative f, use abs(f) or conditionally handle negative values if you expect them
  error: 1 plat 4 at (1228): 'tex2D': implicit truncation of vector type
  error: 1 plat 4 at (1246): 'tex2D': implicit truncation of vector type
  error: 1 plat 4 at (1264): implicit truncation of vector type
  error: 1 plat 4 at (1277): 'Sample': implicit truncation of vector type
  error: 1 plat 4 at (1277): implicit truncation of vector type
  error: 1 plat 4 at (1313): implicit truncation of vector type
  error: 1 plat 4 at (1317): implicit truncation of vector type
 ok=1 outsize=15658

Cmd: compileSnippet
  insize=3367 file=Packages/com.unity.render-pipelines.universal/Shaders/Universal Render Pipeline/Lit pass=ForwardLit cachingPP=1 ppOnly=0 stripLineD=0 buildPlatform=19 rsLen=0 pKW=UNITY_ENABLE_REFLECTION_BUFFERS UNITY_USE_DITHER_MASK_FOR_ALPHABLENDED_SHADOWS UNITY_PBS_USE_BRDF1 UNITY_SPECCUBE_BOX_PROJECTION UNITY_SPECCUBE_BLENDING UNITY_ENABLE_DETAIL_NORMALMAP SHADER_API_DESKTOP UNITY_LIGHT_PROBE_PROXY_VOLUME UNITY_LIGHTMAP_FULL_HDR uKW=_MAIN_LIGHT_SHADOWS _ADDITIONAL_LIGHTS _NORMALMAP _ADDITIONAL_LIGHT_SHADOWS _SHADOWS_SOFT _SCREEN_SPACE_OCCLUSION _SPECULAR_SETUP dKW=_MAIN_LIGHT_SHADOWS_CASCADE _MAIN_LIGHT_SHADOWS_SCREEN _ADDITIONAL_LIGHTS_VERTEX _REFLECTION_PROBE_BLENDING _REFLECTION_PROBE_BOX_PROJECTION _DBUFFER_MRT1 _DBUFFER_MRT2 _DBUFFER_MRT3 _LIGHT_LAYERS _LIGHT_COOKIES _CLUSTERED_RENDERING LIGHTMAP_SHADOW_MIXING SHADOWS_SHADOWMASK DIRLIGHTMAP_COMBINED LIGHTMAP_ON DYNAMICLIGHTMAP_ON DEBUG_DISPLAY DOTS_INSTANCING_ON FOG_LINEAR FOG_EXP FOG_EXP2 INSTANCING_ON _PARALLAXMAP _RECEIVE_SHADOWS_OFF _DETAIL_MULX2 _DETAIL_SCALED _SURFACE_TYPE_TRANSPARENT _ALPHATEST_ON _ALPHAPREMULTIPLY_ON _EMISSION _METALLICSPECGLOSSMAP _SMOOTHNESS_TEXTURE_ALBEDO_CHANNEL_A _OCCLUSIONMAP _SPECULARHIGHLIGHTS_OFF _ENVIRONMENTREFLECTIONS_OFF UNITY_NO_DXT5nm UNITY_FRAMEBUFFER_FETCH_AVAILABLE UNITY_ENABLE_NATIVE_SHADOW_LOOKUPS UNITY_METAL_SHADOWS_USE_POINT_FILTERING UNITY_NO_SCREENSPACE_SHADOWS UNITY_PBS_USE_BRDF2 UNITY_PBS_USE_BRDF3 UNITY_NO_FULL_STANDARD_SHADER UNITY_HARDWARE_TIER1 UNITY_HARDWARE_TIER2 UNITY_HARDWARE_TIER3 UNITY_COLORSPACE_GAMMA UNITY_HALF_PRECISION_FRAGMENT_SHADER_REGISTERS UNITY_LIGHTMAP_DLDR_ENCODING UNITY_LIGHTMAP_RGBM_ENCODING UNITY_VIRTUAL_TEXTURING UNITY_PRETRANSFORM_TO_DISPLAY_ORIENTATION UNITY_ASTC_NORMALMAP_ENCODING SHADER_API_GLES30 UNITY_UNIFIED_SHADER_PRECISION_MODEL flags=0 lang=3 type=Fragment platform=d3d11 reqs=1101803 mask=6 start=93 ok=1 outsize=12146

Cmd: shutdown
