Base path: 'C:/Program Files/Unity/Hub/Editor/2021.3.4f1/Editor/Data', plugins path 'C:/Program Files/Unity/Hub/Editor/2021.3.4f1/Editor/Data/PlaybackEngines'
Cmd: initializeCompiler

Cmd: compileSnippet
  insize=649 file=Assets/BruteForce/Extra/BloomKino/Hidden/Kino/BloomKino pass=<Unnamed Pass 7> cachingPP=1 ppOnly=0 stripLineD=0 buildPlatform=19 rsLen=0 pKW=UNITY_ENABLE_REFLECTION_BUFFERS UNITY_USE_DITHER_MASK_FOR_ALPHABLENDED_SHADOWS UNITY_PBS_USE_BRDF1 UNITY_SPECCUBE_BOX_PROJECTION UNITY_SPECCUBE_BLENDING UNITY_ENABLE_DETAIL_NORMALMAP SHADER_API_DESKTOP UNITY_LIGHT_PROBE_PROXY_VOLUME UNITY_LIGHTMAP_FULL_HDR uKW= dKW=UNITY_COLORSPACE_GAMMA UNITY_NO_DXT5nm UNITY_FRAMEBUFFER_FETCH_AVAILABLE UNITY_ENABLE_NATIVE_SHADOW_LOOKUPS UNITY_METAL_SHADOWS_USE_POINT_FILTERING UNITY_NO_SCREENSPACE_SHADOWS UNITY_PBS_USE_BRDF2 UNITY_PBS_USE_BRDF3 UNITY_NO_FULL_STANDARD_SHADER UNITY_HARDWARE_TIER1 UNITY_HARDWARE_TIER2 UNITY_HARDWARE_TIER3 UNITY_COLORSPACE_GAMMA UNITY_HALF_PRECISION_FRAGMENT_SHADER_REGISTERS UNITY_LIGHTMAP_DLDR_ENCODING UNITY_LIGHTMAP_RGBM_ENCODING UNITY_VIRTUAL_TEXTURING UNITY_PRETRANSFORM_TO_DISPLAY_ORIENTATION UNITY_ASTC_NORMALMAP_ENCODING SHADER_API_GLES30 UNITY_UNIFIED_SHADER_PRECISION_MODEL flags=0 lang=0 type=Fragment platform=d3d11 reqs=227 mask=6 start=119 ok=1 outsize=894

Cmd: compileSnippet
  insize=3523 file=Assets/DefaultResourcesExtra/UI/UI/Default pass=Default cachingPP=1 ppOnly=0 stripLineD=0 buildPlatform=19 rsLen=0 pKW=UNITY_ENABLE_REFLECTION_BUFFERS UNITY_USE_DITHER_MASK_FOR_ALPHABLENDED_SHADOWS UNITY_PBS_USE_BRDF1 UNITY_SPECCUBE_BOX_PROJECTION UNITY_SPECCUBE_BLENDING UNITY_ENABLE_DETAIL_NORMALMAP SHADER_API_DESKTOP UNITY_LIGHT_PROBE_PROXY_VOLUME UNITY_LIGHTMAP_FULL_HDR uKW=UNITY_UI_CLIP_RECT dKW=UNITY_UI_ALPHACLIP UNITY_NO_DXT5nm UNITY_FRAMEBUFFER_FETCH_AVAILABLE UNITY_ENABLE_NATIVE_SHADOW_LOOKUPS UNITY_METAL_SHADOWS_USE_POINT_FILTERING UNITY_NO_SCREENSPACE_SHADOWS UNITY_PBS_USE_BRDF2 UNITY_PBS_USE_BRDF3 UNITY_NO_FULL_STANDARD_SHADER UNITY_HARDWARE_TIER1 UNITY_HARDWARE_TIER2 UNITY_HARDWARE_TIER3 UNITY_COLORSPACE_GAMMA UNITY_HALF_PRECISION_FRAGMENT_SHADER_REGISTERS UNITY_LIGHTMAP_DLDR_ENCODING UNITY_LIGHTMAP_RGBM_ENCODING UNITY_VIRTUAL_TEXTURING UNITY_PRETRANSFORM_TO_DISPLAY_ORIENTATION UNITY_ASTC_NORMALMAP_ENCODING SHADER_API_GLES30 UNITY_UNIFIED_SHADER_PRECISION_MODEL flags=0 lang=0 type=Fragment platform=d3d11 reqs=1 mask=6 start=49 ok=1 outsize=814

Cmd: compileSnippet
  insize=58681 file=Assets/BruteForce/Shaders/SnowIce/URP/BruteForce/URP/SnowIceURP pass=<Unnamed Pass 0> cachingPP=1 ppOnly=0 stripLineD=0 buildPlatform=19 rsLen=0 pKW=UNITY_ENABLE_REFLECTION_BUFFERS UNITY_USE_DITHER_MASK_FOR_ALPHABLENDED_SHADOWS UNITY_PBS_USE_BRDF1 UNITY_SPECCUBE_BOX_PROJECTION UNITY_SPECCUBE_BLENDING UNITY_ENABLE_DETAIL_NORMALMAP SHADER_API_DESKTOP UNITY_LIGHT_PROBE_PROXY_VOLUME UNITY_LIGHTMAP_FULL_HDR uKW=IS_T _TESSELLATION_EDGE USE_AL USE_RT USE_WC USE_LS _MAIN_LIGHT_SHADOWS _SHADOWS_SOFT dKW=IS_ICE USE_VR LOD_FADE_CROSSFADE IS_ADD USE_INTER _MAIN_LIGHT_SHADOWS_CASCADE _MIXED_LIGHTING_SUBTRACTIVE LIGHTMAP_ON FOG_LINEAR FOG_EXP FOG_EXP2 UNITY_NO_DXT5nm UNITY_FRAMEBUFFER_FETCH_AVAILABLE UNITY_ENABLE_NATIVE_SHADOW_LOOKUPS UNITY_METAL_SHADOWS_USE_POINT_FILTERING UNITY_NO_SCREENSPACE_SHADOWS UNITY_PBS_USE_BRDF2 UNITY_PBS_USE_BRDF3 UNITY_NO_FULL_STANDARD_SHADER UNITY_HARDWARE_TIER1 UNITY_HARDWARE_TIER2 UNITY_HARDWARE_TIER3 UNITY_COLORSPACE_GAMMA UNITY_HALF_PRECISION_FRAGMENT_SHADER_REGISTERS UNITY_LIGHTMAP_DLDR_ENCODING UNITY_LIGHTMAP_RGBM_ENCODING UNITY_VIRTUAL_TEXTURING UNITY_PRETRANSFORM_TO_DISPLAY_ORIENTATION UNITY_ASTC_NORMALMAP_ENCODING SHADER_API_GLES30 UNITY_UNIFIED_SHADER_PRECISION_MODEL flags=0 lang=3 type=Fragment platform=d3d11 reqs=1249259 mask=54 start=409  error: 1 plat 4 at (609): implicit truncation of vector type
  error: 1 plat 4 at (634): implicit truncation of vector type
  error: 1 plat 4 at (635): implicit truncation of vector type
  error: 1 plat 4 at (717): implicit truncation of vector type
  error: 1 plat 4 at (752): implicit truncation of vector type
  error: 1 plat 4 at (753): implicit truncation of vector type
  error: 1 plat 4 at (754): implicit truncation of vector type
  error: 1 plat 4 at (756): 'lerp': implicit truncation of vector type
  error: 1 plat 4 at (770): 'GetVertexPositionInputs': implicit truncation of vector type
  error: 1 plat 4 at (791): implicit truncation of vector type
  error: 1 plat 4 at (854): pow(f, e) will not work for negative f, use abs(f) or conditionally handle negative values if you expect them
  error: 1 plat 4 at (856): pow(f, e) will not work for negative f, use abs(f) or conditionally handle negative values if you expect them
  error: 1 plat 4 at (857): pow(f, e) will not work for negative f, use abs(f) or conditionally handle negative values if you expect them
  error: 1 plat 4 at (859): pow(f, e) will not work for negative f, use abs(f) or conditionally handle negative values if you expect them
  error: 1 plat 4 at (860): pow(f, e) will not work for negative f, use abs(f) or conditionally handle negative values if you expect them
  error: 1 plat 4 at (861): pow(f, e) will not work for negative f, use abs(f) or conditionally handle negative values if you expect them
  error: 1 plat 4 at (863): pow(f, e) will not work for negative f, use abs(f) or conditionally handle negative values if you expect them
  error: 1 plat 4 at (864): pow(f, e) will not work for negative f, use abs(f) or conditionally handle negative values if you expect them
  error: 1 plat 4 at (865): pow(f, e) will not work for negative f, use abs(f) or conditionally handle negative values if you expect them
  error: 1 plat 4 at (866): pow(f, e) will not work for negative f, use abs(f) or conditionally handle negative values if you expect them
  error: 1 plat 4 at (867): pow(f, e) will not work for negative f, use abs(f) or conditionally handle negative values if you expect them
  error: 1 plat 4 at (869): pow(f, e) will not work for negative f, use abs(f) or conditionally handle negative values if you expect them
  error: 1 plat 4 at (870): pow(f, e) will not work for negative f, use abs(f) or conditionally handle negative values if you expect them
  error: 1 plat 4 at (871): pow(f, e) will not work for negative f, use abs(f) or conditionally handle negative values if you expect them
  error: 1 plat 4 at (872): pow(f, e) will not work for negative f, use abs(f) or conditionally handle negative values if you expect them
  error: 1 plat 4 at (877): 'InitializeStandardLitSurfaceData': implicit truncation of vector type
  error: 1 plat 4 at (902): 'Sample': implicit truncation of vector type
  error: 1 plat 4 at (916): implicit truncation of vector type
  error: 1 plat 4 at (917): implicit truncation of vector type
  error: 1 plat 4 at (929): 'tex2D': implicit truncation of vector type
  error: 1 plat 4 at (930): 'tex2D': implicit truncation of vector type
  error: 1 plat 4 at (944): implicit truncation of vector type
  error: 1 plat 4 at (945): implicit truncation of vector type
  error: 1 plat 4 at (945): pow(f, e) will not work for negative f, use abs(f) or conditionally handle negative values if you expect them
  error: 1 plat 4 at (946): implicit truncation of vector type
  error: 1 plat 4 at (947): implicit truncation of vector type
  error: 1 plat 4 at (947): pow(f, e) will not work for negative f, use abs(f) or conditionally handle negative values if you expect them
  error: 1 plat 4 at (948): implicit truncation of vector type
  error: 1 plat 4 at (949): implicit truncation of vector type
  error: 1 plat 4 at (949): pow(f, e) will not work for negative f, use abs(f) or conditionally handle negative values if you expect them
  error: 1 plat 4 at (950): implicit truncation of vector type
  error: 1 plat 4 at (951): implicit truncation of vector type
  error: 1 plat 4 at (951): pow(f, e) will not work for negative f, use abs(f) or conditionally handle negative values if you expect them
  error: 1 plat 4 at (953): implicit truncation of vector type
  error: 1 plat 4 at (955): implicit truncation of vector type
  error: 1 plat 4 at (957): implicit truncation of vector type
  error: 1 plat 4 at (959): implicit truncation of vector type
  error: 1 plat 4 at (971): 'Sample': implicit truncation of vector type
  error: 1 plat 4 at (1023): implicit truncation of vector type
  error: 1 plat 4 at (1027): implicit truncation of vector type
  error: 1 plat 4 at (1043): 'Sample': implicit truncation of vector type
  error: 1 plat 4 at (1043): implicit truncation of vector type
  error: 1 plat 4 at (1051): implicit truncation of vector type
  error: 1 plat 4 at (1052): implicit truncation of vector type
  error: 1 plat 4 at (1062): 'lerp': implicit truncation of vector type
  error: 1 plat 4 at (1063): 'lerp': implicit truncation of vector type
  error: 1 plat 4 at (1064): 'lerp': implicit truncation of vector type
  error: 1 plat 4 at (1085): 'tex2D': implicit truncation of vector type
  error: 1 plat 4 at (1117): implicit truncation of vector type
  error: 1 plat 4 at (1118): implicit truncation of vector type
  error: 1 plat 4 at (1119): implicit truncation of vector type
  error: 1 plat 4 at (1120): implicit truncation of vector type
  error: 1 plat 4 at (1124): implicit truncation of vector type
  error: 1 plat 4 at (1150): implicit truncation of vector type
  error: 1 plat 4 at (1151): implicit truncation of vector type
  error: 1 plat 4 at (1152): implicit truncation of vector type
  error: 1 plat 4 at (1153): implicit truncation of vector type
  error: 1 plat 4 at (1157): implicit truncation of vector type
  error: 1 plat 4 at (1183): implicit truncation of vector type
  error: 1 plat 4 at (1184): implicit truncation of vector type
  error: 1 plat 4 at (1185): implicit truncation of vector type
  error: 1 plat 4 at (1186): implicit truncation of vector type
  error: 1 plat 4 at (1190): implicit truncation of vector type
  error: 1 plat 4 at (1247): 'lerp': implicit truncation of vector type
  error: 1 plat 4 at (1271): 'Sample': implicit truncation of vector type
  error: 1 plat 4 at (1306): pow(f, e) will not work for negative f, use abs(f) or conditionally handle negative values if you expect them
  error: 1 plat 4 at (1328): pow(f, e) will not work for negative f, use abs(f) or conditionally handle negative values if you expect them
  error: 1 plat 4 at (1361): implicit truncation of vector type
  error: 1 plat 4 at (1365): implicit truncation of vector type
  error: 1 plat 4 at (1365): pow(f, e) will not work for negative f, use abs(f) or conditionally handle negative values if you expect them
  error: 1 plat 4 at (1366): implicit truncation of vector type
  error: 1 plat 4 at (1373): implicit truncation of vector type
  error: 1 plat 4 at (1374): implicit truncation of vector type
  error: 1 plat 4 at (1375): implicit truncation of vector type
  error: 1 plat 4 at (1376): implicit truncation of vector type
  error: 1 plat 4 at (1397): implicit truncation of vector type
  error: 1 plat 4 at (1398): implicit truncation of vector type
  error: 1 plat 4 at (1402): implicit truncation of vector type
  error: 1 plat 4 at (1418): 'Sample': implicit truncation of vector type
  error: 1 plat 4 at (1418): implicit truncation of vector type
  error: 1 plat 4 at (1441): 'SampleSH': implicit truncation of vector type
  error: 1 plat 4 at (1454): implicit truncation of vector type
  error: 1 plat 4 at (1458): implicit truncation of vector type
 ok=1 outsize=32474

Cmd: compileSnippet
  insize=19647 file=Assets/BruteForce/Shaders/SnowIce/URP/BruteForce/URP/SnowIceURP pass=<Unnamed Pass 1> cachingPP=1 ppOnly=0 stripLineD=0 buildPlatform=19 rsLen=0 pKW=UNITY_ENABLE_REFLECTION_BUFFERS UNITY_USE_DITHER_MASK_FOR_ALPHABLENDED_SHADOWS UNITY_PBS_USE_BRDF1 UNITY_SPECCUBE_BOX_PROJECTION UNITY_SPECCUBE_BLENDING UNITY_ENABLE_DETAIL_NORMALMAP SHADER_API_DESKTOP UNITY_LIGHT_PROBE_PROXY_VOLUME UNITY_LIGHTMAP_FULL_HDR UNITY_PASS_SHADOWCASTER uKW=IS_T _TESSELLATION_EDGE USE_RT USE_WC DIRECTIONAL dKW=IS_ICE USE_VR LOD_FADE_CROSSFADE USE_AL IS_ADD USE_INTER FOG_LINEAR FOG_EXP FOG_EXP2 LIGHTPROBE_SH SHADOWS_SHADOWMASK DYNAMICLIGHTMAP_ON LIGHTMAP_ON LIGHTMAP_SHADOW_MIXING DIRLIGHTMAP_COMBINED SHADOWS_SCREEN VERTEXLIGHT_ON UNITY_NO_DXT5nm UNITY_FRAMEBUFFER_FETCH_AVAILABLE UNITY_ENABLE_NATIVE_SHADOW_LOOKUPS UNITY_METAL_SHADOWS_USE_POINT_FILTERING UNITY_NO_SCREENSPACE_SHADOWS UNITY_PBS_USE_BRDF2 UNITY_PBS_USE_BRDF3 UNITY_NO_FULL_STANDARD_SHADER UNITY_HARDWARE_TIER1 UNITY_HARDWARE_TIER2 UNITY_HARDWARE_TIER3 UNITY_COLORSPACE_GAMMA UNITY_HALF_PRECISION_FRAGMENT_SHADER_REGISTERS UNITY_LIGHTMAP_DLDR_ENCODING UNITY_LIGHTMAP_RGBM_ENCODING UNITY_VIRTUAL_TEXTURING UNITY_PRETRANSFORM_TO_DISPLAY_ORIENTATION UNITY_ASTC_NORMALMAP_ENCODING SHADER_API_GLES30 UNITY_UNIFIED_SHADER_PRECISION_MODEL flags=0 lang=3 type=Vertex platform=d3d11 reqs=1249259 mask=54 start=1561  error: 1 plat 4 at (1669): implicit truncation of vector type
  error: 1 plat 4 at (1694): implicit truncation of vector type
  error: 1 plat 4 at (1695): implicit truncation of vector type
  error: 1 plat 4 at (1766): implicit truncation of vector type
  error: 1 plat 4 at (1784): implicit truncation of vector type
  error: 1 plat 4 at (1785): implicit truncation of vector type
  error: 1 plat 4 at (1786): implicit truncation of vector type
  error: 1 plat 4 at (1788): 'lerp': implicit truncation of vector type
  error: 1 plat 4 at (1797): 'GetVertexPositionInputs': implicit truncation of vector type
  error: 1 plat 4 at (1815): implicit truncation of vector type
 ok=1 outsize=710

Cmd: compileSnippet
  insize=14249 file=Assets/BruteForce/Shaders/SnowIce/URP/BruteForce/URP/SnowIceNoTessellationURP pass=<Unnamed Pass 1> cachingPP=1 ppOnly=0 stripLineD=0 buildPlatform=19 rsLen=0 pKW=UNITY_ENABLE_REFLECTION_BUFFERS UNITY_USE_DITHER_MASK_FOR_ALPHABLENDED_SHADOWS UNITY_PBS_USE_BRDF1 UNITY_SPECCUBE_BOX_PROJECTION UNITY_SPECCUBE_BLENDING UNITY_ENABLE_DETAIL_NORMALMAP SHADER_API_DESKTOP UNITY_LIGHT_PROBE_PROXY_VOLUME UNITY_LIGHTMAP_FULL_HDR UNITY_PASS_SHADOWCASTER uKW=USE_AL USE_WC DIRECTIONAL dKW=IS_T IS_ICE USE_VR LOD_FADE_CROSSFADE USE_RT IS_ADD USE_INTER FOG_LINEAR FOG_EXP FOG_EXP2 LIGHTPROBE_SH SHADOWS_SHADOWMASK DYNAMICLIGHTMAP_ON LIGHTMAP_ON LIGHTMAP_SHADOW_MIXING DIRLIGHTMAP_COMBINED SHADOWS_SCREEN UNITY_NO_DXT5nm UNITY_FRAMEBUFFER_FETCH_AVAILABLE UNITY_ENABLE_NATIVE_SHADOW_LOOKUPS UNITY_METAL_SHADOWS_USE_POINT_FILTERING UNITY_NO_SCREENSPACE_SHADOWS UNITY_PBS_USE_BRDF2 UNITY_PBS_USE_BRDF3 UNITY_NO_FULL_STANDARD_SHADER UNITY_HARDWARE_TIER1 UNITY_HARDWARE_TIER2 UNITY_HARDWARE_TIER3 UNITY_COLORSPACE_GAMMA UNITY_HALF_PRECISION_FRAGMENT_SHADER_REGISTERS UNITY_LIGHTMAP_DLDR_ENCODING UNITY_LIGHTMAP_RGBM_ENCODING UNITY_VIRTUAL_TEXTURING UNITY_PRETRANSFORM_TO_DISPLAY_ORIENTATION UNITY_ASTC_NORMALMAP_ENCODING SHADER_API_GLES30 UNITY_UNIFIED_SHADER_PRECISION_MODEL flags=0 lang=3 type=Fragment platform=d3d11 reqs=227 mask=6 start=1359  error: 1 plat 4 at (1463): implicit truncation of vector type
  error: 1 plat 4 at (1560): implicit truncation of vector type
  error: 1 plat 4 at (1578): implicit truncation of vector type
  error: 1 plat 4 at (1579): implicit truncation of vector type
  error: 1 plat 4 at (1580): implicit truncation of vector type
  error: 1 plat 4 at (1582): 'lerp': implicit truncation of vector type
  error: 1 plat 4 at (1591): 'GetVertexPositionInputs': implicit truncation of vector type
  error: 1 plat 4 at (1622): implicit truncation of vector type
 ok=1 outsize=474

Cmd: shutdown
