Base path: 'C:/Program Files/Unity/Hub/Editor/2021.3.4f1/Editor/Data', plugins path 'C:/Program Files/Unity/Hub/Editor/2021.3.4f1/Editor/Data/PlaybackEngines'
Cmd: initializeCompiler

Cmd: compileSnippet
  insize=1383 file=Assets/BruteForce/Shaders/Extra/CustomCameraFX/SquareBanding pass=<Unnamed Pass 0> cachingPP=1 ppOnly=0 stripLineD=0 buildPlatform=19 rsLen=0 pKW=UNITY_ENABLE_REFLECTION_BUFFERS UNITY_USE_DITHER_MASK_FOR_ALPHABLENDED_SHADOWS UNITY_PBS_USE_BRDF1 UNITY_SPECCUBE_BOX_PROJECTION UNITY_SPECCUBE_BLENDING UNITY_ENABLE_DETAIL_NORMALMAP SHADER_API_DESKTOP UNITY_LIGHT_PROBE_PROXY_VOLUME UNITY_LIGHTMAP_FULL_HDR uKW= dKW=UNITY_NO_DXT5nm UNITY_FRAMEBUFFER_FETCH_AVAILABLE UNITY_ENABLE_NATIVE_SHADOW_LOOKUPS UNITY_METAL_SHADOWS_USE_POINT_FILTERING UNITY_NO_SCREENSPACE_SHADOWS UNITY_PBS_USE_BRDF2 UNITY_PBS_USE_BRDF3 UNITY_NO_FULL_STANDARD_SHADER UNITY_HARDWARE_TIER1 UNITY_HARDWARE_TIER2 UNITY_HARDWARE_TIER3 UNITY_COLORSPACE_GAMMA UNITY_HALF_PRECISION_FRAGMENT_SHADER_REGISTERS UNITY_LIGHTMAP_DLDR_ENCODING UNITY_LIGHTMAP_RGBM_ENCODING UNITY_VIRTUAL_TEXTURING UNITY_PRETRANSFORM_TO_DISPLAY_ORIENTATION UNITY_ASTC_NORMALMAP_ENCODING SHADER_API_GLES30 UNITY_UNIFIED_SHADER_PRECISION_MODEL flags=0 lang=0 type=Fragment platform=d3d11 reqs=33 mask=6 start=15 ok=1 outsize=618

Cmd: compileSnippet
  insize=56215 file=Assets/BruteForce/Shaders/SnowIce/Standard/BruteForce/Standard/SnowIce pass=<Unnamed Pass 0> cachingPP=1 ppOnly=0 stripLineD=0 buildPlatform=19 rsLen=0 pKW=UNITY_ENABLE_REFLECTION_BUFFERS UNITY_USE_DITHER_MASK_FOR_ALPHABLENDED_SHADOWS UNITY_PBS_USE_BRDF1 UNITY_SPECCUBE_BOX_PROJECTION UNITY_SPECCUBE_BLENDING UNITY_ENABLE_DETAIL_NORMALMAP SHADER_API_DESKTOP UNITY_LIGHT_PROBE_PROXY_VOLUME UNITY_LIGHTMAP_FULL_HDR UNITY_PASS_FORWARDBASE uKW=DIRECTIONAL dKW=IS_T IS_ICE USE_VR _TESSELLATION_EDGE LOD_FADE_CROSSFADE USE_AL USE_RT IS_ADD USE_INTER USE_WC USE_LS FOG_LINEAR FOG_EXP FOG_EXP2 LIGHTPROBE_SH SHADOWS_SHADOWMASK DYNAMICLIGHTMAP_ON LIGHTMAP_ON LIGHTMAP_SHADOW_MIXING DIRLIGHTMAP_COMBINED SHADOWS_SCREEN UNITY_NO_DXT5nm UNITY_FRAMEBUFFER_FETCH_AVAILABLE UNITY_ENABLE_NATIVE_SHADOW_LOOKUPS UNITY_METAL_SHADOWS_USE_POINT_FILTERING UNITY_NO_SCREENSPACE_SHADOWS UNITY_PBS_USE_BRDF2 UNITY_PBS_USE_BRDF3 UNITY_NO_FULL_STANDARD_SHADER UNITY_HARDWARE_TIER1 UNITY_HARDWARE_TIER2 UNITY_HARDWARE_TIER3 UNITY_COLORSPACE_GAMMA UNITY_HALF_PRECISION_FRAGMENT_SHADER_REGISTERS UNITY_LIGHTMAP_DLDR_ENCODING UNITY_LIGHTMAP_RGBM_ENCODING UNITY_VIRTUAL_TEXTURING UNITY_PRETRANSFORM_TO_DISPLAY_ORIENTATION UNITY_ASTC_NORMALMAP_ENCODING SHADER_API_GLES30 UNITY_UNIFIED_SHADER_PRECISION_MODEL flags=0 lang=0 type=Hull platform=d3d11 reqs=1249259 mask=54 start=391 ok=1 outsize=1106

Cmd: compileSnippet
  insize=56215 file=Assets/BruteForce/Shaders/SnowIce/Standard/BruteForce/Standard/SnowIce pass=<Unnamed Pass 0> cachingPP=1 ppOnly=0 stripLineD=0 buildPlatform=19 rsLen=0 pKW=UNITY_ENABLE_REFLECTION_BUFFERS UNITY_USE_DITHER_MASK_FOR_ALPHABLENDED_SHADOWS UNITY_PBS_USE_BRDF1 UNITY_SPECCUBE_BOX_PROJECTION UNITY_SPECCUBE_BLENDING UNITY_ENABLE_DETAIL_NORMALMAP SHADER_API_DESKTOP UNITY_LIGHT_PROBE_PROXY_VOLUME UNITY_LIGHTMAP_FULL_HDR UNITY_PASS_FORWARDBASE uKW=DIRECTIONAL dKW=IS_T IS_ICE USE_VR _TESSELLATION_EDGE LOD_FADE_CROSSFADE USE_AL USE_RT IS_ADD USE_INTER USE_WC USE_LS FOG_LINEAR FOG_EXP FOG_EXP2 LIGHTPROBE_SH SHADOWS_SHADOWMASK DYNAMICLIGHTMAP_ON LIGHTMAP_ON LIGHTMAP_SHADOW_MIXING DIRLIGHTMAP_COMBINED SHADOWS_SCREEN UNITY_NO_DXT5nm UNITY_FRAMEBUFFER_FETCH_AVAILABLE UNITY_ENABLE_NATIVE_SHADOW_LOOKUPS UNITY_METAL_SHADOWS_USE_POINT_FILTERING UNITY_NO_SCREENSPACE_SHADOWS UNITY_PBS_USE_BRDF2 UNITY_PBS_USE_BRDF3 UNITY_NO_FULL_STANDARD_SHADER UNITY_HARDWARE_TIER1 UNITY_HARDWARE_TIER2 UNITY_HARDWARE_TIER3 UNITY_COLORSPACE_GAMMA UNITY_HALF_PRECISION_FRAGMENT_SHADER_REGISTERS UNITY_LIGHTMAP_DLDR_ENCODING UNITY_LIGHTMAP_RGBM_ENCODING UNITY_VIRTUAL_TEXTURING UNITY_PRETRANSFORM_TO_DISPLAY_ORIENTATION UNITY_ASTC_NORMALMAP_ENCODING SHADER_API_GLES30 UNITY_UNIFIED_SHADER_PRECISION_MODEL flags=0 lang=0 type=Domain platform=d3d11 reqs=1249259 mask=54 start=391 ok=1 outsize=4298

Cmd: compileSnippet
  insize=21000 file=Assets/BruteForce/Shaders/SnowIce/Standard/BruteForce/Standard/SnowIce pass=<Unnamed Pass 2> cachingPP=1 ppOnly=0 stripLineD=0 buildPlatform=19 rsLen=0 pKW=UNITY_ENABLE_REFLECTION_BUFFERS UNITY_USE_DITHER_MASK_FOR_ALPHABLENDED_SHADOWS UNITY_PBS_USE_BRDF1 UNITY_SPECCUBE_BOX_PROJECTION UNITY_SPECCUBE_BLENDING UNITY_ENABLE_DETAIL_NORMALMAP SHADER_API_DESKTOP UNITY_LIGHT_PROBE_PROXY_VOLUME UNITY_LIGHTMAP_FULL_HDR UNITY_PASS_FORWARDADD uKW=POINT dKW=IS_T IS_ICE USE_VR _TESSELLATION_EDGE LOD_FADE_CROSSFADE USE_AL USE_RT IS_ADD USE_INTER USE_WC FOG_LINEAR FOG_EXP FOG_EXP2 DIRECTIONAL SPOT POINT_COOKIE DIRECTIONAL_COOKIE SHADOWS_SHADOWMASK LIGHTMAP_SHADOW_MIXING SHADOWS_DEPTH SHADOWS_SOFT SHADOWS_SCREEN SHADOWS_CUBE UNITY_NO_DXT5nm UNITY_FRAMEBUFFER_FETCH_AVAILABLE UNITY_ENABLE_NATIVE_SHADOW_LOOKUPS UNITY_METAL_SHADOWS_USE_POINT_FILTERING UNITY_NO_SCREENSPACE_SHADOWS UNITY_PBS_USE_BRDF2 UNITY_PBS_USE_BRDF3 UNITY_NO_FULL_STANDARD_SHADER UNITY_HARDWARE_TIER1 UNITY_HARDWARE_TIER2 UNITY_HARDWARE_TIER3 UNITY_COLORSPACE_GAMMA UNITY_HALF_PRECISION_FRAGMENT_SHADER_REGISTERS UNITY_LIGHTMAP_DLDR_ENCODING UNITY_LIGHTMAP_RGBM_ENCODING UNITY_VIRTUAL_TEXTURING UNITY_PRETRANSFORM_TO_DISPLAY_ORIENTATION UNITY_ASTC_NORMALMAP_ENCODING SHADER_API_GLES30 UNITY_UNIFIED_SHADER_PRECISION_MODEL flags=0 lang=0 type=Vertex platform=d3d11 reqs=1249259 mask=54 start=1897 ok=1 outsize=710

Cmd: compileSnippet
  insize=21000 file=Assets/BruteForce/Shaders/SnowIce/Standard/BruteForce/Standard/SnowIce pass=<Unnamed Pass 2> cachingPP=1 ppOnly=0 stripLineD=0 buildPlatform=19 rsLen=0 pKW=UNITY_ENABLE_REFLECTION_BUFFERS UNITY_USE_DITHER_MASK_FOR_ALPHABLENDED_SHADOWS UNITY_PBS_USE_BRDF1 UNITY_SPECCUBE_BOX_PROJECTION UNITY_SPECCUBE_BLENDING UNITY_ENABLE_DETAIL_NORMALMAP SHADER_API_DESKTOP UNITY_LIGHT_PROBE_PROXY_VOLUME UNITY_LIGHTMAP_FULL_HDR UNITY_PASS_FORWARDADD uKW=POINT dKW=IS_T IS_ICE USE_VR _TESSELLATION_EDGE LOD_FADE_CROSSFADE USE_AL USE_RT IS_ADD USE_INTER USE_WC FOG_LINEAR FOG_EXP FOG_EXP2 DIRECTIONAL SPOT POINT_COOKIE DIRECTIONAL_COOKIE SHADOWS_SHADOWMASK LIGHTMAP_SHADOW_MIXING SHADOWS_DEPTH SHADOWS_SOFT SHADOWS_SCREEN SHADOWS_CUBE UNITY_NO_DXT5nm UNITY_FRAMEBUFFER_FETCH_AVAILABLE UNITY_ENABLE_NATIVE_SHADOW_LOOKUPS UNITY_METAL_SHADOWS_USE_POINT_FILTERING UNITY_NO_SCREENSPACE_SHADOWS UNITY_PBS_USE_BRDF2 UNITY_PBS_USE_BRDF3 UNITY_NO_FULL_STANDARD_SHADER UNITY_HARDWARE_TIER1 UNITY_HARDWARE_TIER2 UNITY_HARDWARE_TIER3 UNITY_COLORSPACE_GAMMA UNITY_HALF_PRECISION_FRAGMENT_SHADER_REGISTERS UNITY_LIGHTMAP_DLDR_ENCODING UNITY_LIGHTMAP_RGBM_ENCODING UNITY_VIRTUAL_TEXTURING UNITY_PRETRANSFORM_TO_DISPLAY_ORIENTATION UNITY_ASTC_NORMALMAP_ENCODING SHADER_API_GLES30 UNITY_UNIFIED_SHADER_PRECISION_MODEL flags=0 lang=0 type=Hull platform=d3d11 reqs=1249259 mask=54 start=1897 ok=1 outsize=1106

Cmd: compileSnippet
  insize=21000 file=Assets/BruteForce/Shaders/SnowIce/Standard/BruteForce/Standard/SnowIce pass=<Unnamed Pass 2> cachingPP=1 ppOnly=0 stripLineD=0 buildPlatform=19 rsLen=0 pKW=UNITY_ENABLE_REFLECTION_BUFFERS UNITY_USE_DITHER_MASK_FOR_ALPHABLENDED_SHADOWS UNITY_PBS_USE_BRDF1 UNITY_SPECCUBE_BOX_PROJECTION UNITY_SPECCUBE_BLENDING UNITY_ENABLE_DETAIL_NORMALMAP SHADER_API_DESKTOP UNITY_LIGHT_PROBE_PROXY_VOLUME UNITY_LIGHTMAP_FULL_HDR UNITY_PASS_FORWARDADD uKW=POINT dKW=IS_T IS_ICE USE_VR _TESSELLATION_EDGE LOD_FADE_CROSSFADE USE_AL USE_RT IS_ADD USE_INTER USE_WC FOG_LINEAR FOG_EXP FOG_EXP2 DIRECTIONAL SPOT POINT_COOKIE DIRECTIONAL_COOKIE SHADOWS_SHADOWMASK LIGHTMAP_SHADOW_MIXING SHADOWS_DEPTH SHADOWS_SOFT SHADOWS_SCREEN SHADOWS_CUBE UNITY_NO_DXT5nm UNITY_FRAMEBUFFER_FETCH_AVAILABLE UNITY_ENABLE_NATIVE_SHADOW_LOOKUPS UNITY_METAL_SHADOWS_USE_POINT_FILTERING UNITY_NO_SCREENSPACE_SHADOWS UNITY_PBS_USE_BRDF2 UNITY_PBS_USE_BRDF3 UNITY_NO_FULL_STANDARD_SHADER UNITY_HARDWARE_TIER1 UNITY_HARDWARE_TIER2 UNITY_HARDWARE_TIER3 UNITY_COLORSPACE_GAMMA UNITY_HALF_PRECISION_FRAGMENT_SHADER_REGISTERS UNITY_LIGHTMAP_DLDR_ENCODING UNITY_LIGHTMAP_RGBM_ENCODING UNITY_VIRTUAL_TEXTURING UNITY_PRETRANSFORM_TO_DISPLAY_ORIENTATION UNITY_ASTC_NORMALMAP_ENCODING SHADER_API_GLES30 UNITY_UNIFIED_SHADER_PRECISION_MODEL flags=0 lang=0 type=Domain platform=d3d11 reqs=1249259 mask=54 start=1897 ok=1 outsize=4474

Cmd: compileSnippet
  insize=13546 file=Assets/BruteForce/Shaders/SnowIce/Standard/BruteForce/Standard/SnowIceNoTessellation pass=<Unnamed Pass 1> cachingPP=1 ppOnly=0 stripLineD=0 buildPlatform=19 rsLen=0 pKW=UNITY_ENABLE_REFLECTION_BUFFERS UNITY_USE_DITHER_MASK_FOR_ALPHABLENDED_SHADOWS UNITY_PBS_USE_BRDF1 UNITY_SPECCUBE_BOX_PROJECTION UNITY_SPECCUBE_BLENDING UNITY_ENABLE_DETAIL_NORMALMAP SHADER_API_DESKTOP UNITY_LIGHT_PROBE_PROXY_VOLUME UNITY_LIGHTMAP_FULL_HDR UNITY_PASS_SHADOWCASTER uKW=DIRECTIONAL dKW=IS_T IS_ICE USE_VR LOD_FADE_CROSSFADE USE_AL USE_RT IS_ADD USE_INTER USE_WC FOG_LINEAR FOG_EXP FOG_EXP2 LIGHTPROBE_SH SHADOWS_SHADOWMASK DYNAMICLIGHTMAP_ON LIGHTMAP_ON LIGHTMAP_SHADOW_MIXING DIRLIGHTMAP_COMBINED SHADOWS_SCREEN UNITY_NO_DXT5nm UNITY_FRAMEBUFFER_FETCH_AVAILABLE UNITY_ENABLE_NATIVE_SHADOW_LOOKUPS UNITY_METAL_SHADOWS_USE_POINT_FILTERING UNITY_NO_SCREENSPACE_SHADOWS UNITY_PBS_USE_BRDF2 UNITY_PBS_USE_BRDF3 UNITY_NO_FULL_STANDARD_SHADER UNITY_HARDWARE_TIER1 UNITY_HARDWARE_TIER2 UNITY_HARDWARE_TIER3 UNITY_COLORSPACE_GAMMA UNITY_HALF_PRECISION_FRAGMENT_SHADER_REGISTERS UNITY_LIGHTMAP_DLDR_ENCODING UNITY_LIGHTMAP_RGBM_ENCODING UNITY_VIRTUAL_TEXTURING UNITY_PRETRANSFORM_TO_DISPLAY_ORIENTATION UNITY_ASTC_NORMALMAP_ENCODING SHADER_API_GLES30 UNITY_UNIFIED_SHADER_PRECISION_MODEL flags=0 lang=0 type=Fragment platform=d3d11 reqs=227 mask=6 start=1317 ok=1 outsize=450

Cmd: compileSnippet
  insize=14249 file=Assets/BruteForce/Shaders/SnowIce/URP/BruteForce/URP/SnowIceNoTessellationURP pass=<Unnamed Pass 1> cachingPP=1 ppOnly=0 stripLineD=0 buildPlatform=19 rsLen=0 pKW=UNITY_ENABLE_REFLECTION_BUFFERS UNITY_USE_DITHER_MASK_FOR_ALPHABLENDED_SHADOWS UNITY_PBS_USE_BRDF1 UNITY_SPECCUBE_BOX_PROJECTION UNITY_SPECCUBE_BLENDING UNITY_ENABLE_DETAIL_NORMALMAP SHADER_API_DESKTOP UNITY_LIGHT_PROBE_PROXY_VOLUME UNITY_LIGHTMAP_FULL_HDR UNITY_PASS_SHADOWCASTER uKW=DIRECTIONAL dKW=IS_T IS_ICE USE_VR LOD_FADE_CROSSFADE USE_AL USE_RT IS_ADD USE_INTER USE_WC FOG_LINEAR FOG_EXP FOG_EXP2 LIGHTPROBE_SH SHADOWS_SHADOWMASK DYNAMICLIGHTMAP_ON LIGHTMAP_ON LIGHTMAP_SHADOW_MIXING DIRLIGHTMAP_COMBINED SHADOWS_SCREEN VERTEXLIGHT_ON UNITY_NO_DXT5nm UNITY_FRAMEBUFFER_FETCH_AVAILABLE UNITY_ENABLE_NATIVE_SHADOW_LOOKUPS UNITY_METAL_SHADOWS_USE_POINT_FILTERING UNITY_NO_SCREENSPACE_SHADOWS UNITY_PBS_USE_BRDF2 UNITY_PBS_USE_BRDF3 UNITY_NO_FULL_STANDARD_SHADER UNITY_HARDWARE_TIER1 UNITY_HARDWARE_TIER2 UNITY_HARDWARE_TIER3 UNITY_COLORSPACE_GAMMA UNITY_HALF_PRECISION_FRAGMENT_SHADER_REGISTERS UNITY_LIGHTMAP_DLDR_ENCODING UNITY_LIGHTMAP_RGBM_ENCODING UNITY_VIRTUAL_TEXTURING UNITY_PRETRANSFORM_TO_DISPLAY_ORIENTATION UNITY_ASTC_NORMALMAP_ENCODING SHADER_API_GLES30 UNITY_UNIFIED_SHADER_PRECISION_MODEL flags=0 lang=3 type=Vertex platform=d3d11 reqs=227 mask=6 start=1359  error: 1 plat 4 at (1453): Output value 'vert' is not completely initialized
  error: 1 plat 4 at (1463): implicit truncation of vector type
  error: 1 plat 4 at (1560): implicit truncation of vector type
  error: 1 plat 4 at (1578): implicit truncation of vector type
  error: 1 plat 4 at (1579): implicit truncation of vector type
  error: 1 plat 4 at (1580): implicit truncation of vector type
  error: 1 plat 4 at (1582): 'lerp': implicit truncation of vector type
  error: 1 plat 4 at (1591): 'GetVertexPositionInputs': implicit truncation of vector type
  error: 1 plat 4 at (1622): implicit truncation of vector type
 ok=1 outsize=3846

Cmd: compileSnippet
  insize=19647 file=Assets/BruteForce/Shaders/SnowIce/URP/BruteForce/URP/SnowIceURP pass=<Unnamed Pass 1> cachingPP=1 ppOnly=0 stripLineD=0 buildPlatform=19 rsLen=0 pKW=UNITY_ENABLE_REFLECTION_BUFFERS UNITY_USE_DITHER_MASK_FOR_ALPHABLENDED_SHADOWS UNITY_PBS_USE_BRDF1 UNITY_SPECCUBE_BOX_PROJECTION UNITY_SPECCUBE_BLENDING UNITY_ENABLE_DETAIL_NORMALMAP SHADER_API_DESKTOP UNITY_LIGHT_PROBE_PROXY_VOLUME UNITY_LIGHTMAP_FULL_HDR UNITY_PASS_SHADOWCASTER uKW=DIRECTIONAL dKW=IS_T IS_ICE USE_VR _TESSELLATION_EDGE LOD_FADE_CROSSFADE USE_AL USE_RT IS_ADD USE_INTER USE_WC FOG_LINEAR FOG_EXP FOG_EXP2 LIGHTPROBE_SH SHADOWS_SHADOWMASK DYNAMICLIGHTMAP_ON LIGHTMAP_ON LIGHTMAP_SHADOW_MIXING DIRLIGHTMAP_COMBINED SHADOWS_SCREEN UNITY_NO_DXT5nm UNITY_FRAMEBUFFER_FETCH_AVAILABLE UNITY_ENABLE_NATIVE_SHADOW_LOOKUPS UNITY_METAL_SHADOWS_USE_POINT_FILTERING UNITY_NO_SCREENSPACE_SHADOWS UNITY_PBS_USE_BRDF2 UNITY_PBS_USE_BRDF3 UNITY_NO_FULL_STANDARD_SHADER UNITY_HARDWARE_TIER1 UNITY_HARDWARE_TIER2 UNITY_HARDWARE_TIER3 UNITY_COLORSPACE_GAMMA UNITY_HALF_PRECISION_FRAGMENT_SHADER_REGISTERS UNITY_LIGHTMAP_DLDR_ENCODING UNITY_LIGHTMAP_RGBM_ENCODING UNITY_VIRTUAL_TEXTURING UNITY_PRETRANSFORM_TO_DISPLAY_ORIENTATION UNITY_ASTC_NORMALMAP_ENCODING SHADER_API_GLES30 UNITY_UNIFIED_SHADER_PRECISION_MODEL flags=0 lang=3 type=Hull platform=d3d11 reqs=1249259 mask=54 start=1561  error: 1 plat 4 at (1669): implicit truncation of vector type
  error: 1 plat 4 at (1766): implicit truncation of vector type
  error: 1 plat 4 at (1784): implicit truncation of vector type
  error: 1 plat 4 at (1785): implicit truncation of vector type
  error: 1 plat 4 at (1786): implicit truncation of vector type
  error: 1 plat 4 at (1788): 'lerp': implicit truncation of vector type
  error: 1 plat 4 at (1797): 'GetVertexPositionInputs': implicit truncation of vector type
  error: 1 plat 4 at (1828): implicit truncation of vector type
 ok=1 outsize=1106

Cmd: compileSnippet
  insize=5648 file=Assets/TextMesh Pro/Shaders/TextMeshPro/Mobile/Distance Field pass=<Unnamed Pass 0> cachingPP=1 ppOnly=0 stripLineD=0 buildPlatform=19 rsLen=0 pKW=UNITY_ENABLE_REFLECTION_BUFFERS UNITY_USE_DITHER_MASK_FOR_ALPHABLENDED_SHADOWS UNITY_PBS_USE_BRDF1 UNITY_SPECCUBE_BOX_PROJECTION UNITY_SPECCUBE_BLENDING UNITY_ENABLE_DETAIL_NORMALMAP SHADER_API_DESKTOP UNITY_LIGHT_PROBE_PROXY_VOLUME UNITY_LIGHTMAP_FULL_HDR uKW=OUTLINE_ON UNDERLAY_ON UNITY_UI_CLIP_RECT dKW=UNDERLAY_INNER UNITY_UI_ALPHACLIP UNITY_NO_DXT5nm UNITY_FRAMEBUFFER_FETCH_AVAILABLE UNITY_ENABLE_NATIVE_SHADOW_LOOKUPS UNITY_METAL_SHADOWS_USE_POINT_FILTERING UNITY_NO_SCREENSPACE_SHADOWS UNITY_PBS_USE_BRDF2 UNITY_PBS_USE_BRDF3 UNITY_NO_FULL_STANDARD_SHADER UNITY_HARDWARE_TIER1 UNITY_HARDWARE_TIER2 UNITY_HARDWARE_TIER3 UNITY_COLORSPACE_GAMMA UNITY_HALF_PRECISION_FRAGMENT_SHADER_REGISTERS UNITY_LIGHTMAP_DLDR_ENCODING UNITY_LIGHTMAP_RGBM_ENCODING UNITY_VIRTUAL_TEXTURING UNITY_PRETRANSFORM_TO_DISPLAY_ORIENTATION UNITY_ASTC_NORMALMAP_ENCODING SHADER_API_GLES30 UNITY_UNIFIED_SHADER_PRECISION_MODEL flags=0 lang=0 type=Fragment platform=d3d11 reqs=33 mask=6 start=83 ok=1 outsize=1134

Cmd: compileSnippet
  insize=58681 file=Assets/BruteForce/Shaders/SnowIce/URP/BruteForce/URP/SnowIceURP pass=<Unnamed Pass 0> cachingPP=1 ppOnly=0 stripLineD=0 buildPlatform=19 rsLen=0 pKW=UNITY_ENABLE_REFLECTION_BUFFERS UNITY_USE_DITHER_MASK_FOR_ALPHABLENDED_SHADOWS UNITY_PBS_USE_BRDF1 UNITY_SPECCUBE_BOX_PROJECTION UNITY_SPECCUBE_BLENDING UNITY_ENABLE_DETAIL_NORMALMAP SHADER_API_DESKTOP UNITY_LIGHT_PROBE_PROXY_VOLUME UNITY_LIGHTMAP_FULL_HDR uKW=_TESSELLATION_EDGE USE_AL USE_RT USE_WC USE_LS _MAIN_LIGHT_SHADOWS _SHADOWS_SOFT dKW=IS_T IS_ICE USE_VR LOD_FADE_CROSSFADE IS_ADD USE_INTER _MAIN_LIGHT_SHADOWS_CASCADE _MIXED_LIGHTING_SUBTRACTIVE LIGHTMAP_ON FOG_LINEAR FOG_EXP FOG_EXP2 UNITY_NO_DXT5nm UNITY_FRAMEBUFFER_FETCH_AVAILABLE UNITY_ENABLE_NATIVE_SHADOW_LOOKUPS UNITY_METAL_SHADOWS_USE_POINT_FILTERING UNITY_NO_SCREENSPACE_SHADOWS UNITY_PBS_USE_BRDF2 UNITY_PBS_USE_BRDF3 UNITY_NO_FULL_STANDARD_SHADER UNITY_HARDWARE_TIER1 UNITY_HARDWARE_TIER2 UNITY_HARDWARE_TIER3 UNITY_COLORSPACE_GAMMA UNITY_HALF_PRECISION_FRAGMENT_SHADER_REGISTERS UNITY_LIGHTMAP_DLDR_ENCODING UNITY_LIGHTMAP_RGBM_ENCODING UNITY_VIRTUAL_TEXTURING UNITY_PRETRANSFORM_TO_DISPLAY_ORIENTATION UNITY_ASTC_NORMALMAP_ENCODING SHADER_API_GLES30 UNITY_UNIFIED_SHADER_PRECISION_MODEL flags=0 lang=3 type=Domain platform=d3d11 reqs=1249259 mask=54 start=409  error: 1 plat 4 at (609): implicit truncation of vector type
  error: 1 plat 4 at (634): implicit truncation of vector type
  error: 1 plat 4 at (635): implicit truncation of vector type
  error: 1 plat 4 at (717): implicit truncation of vector type
  error: 1 plat 4 at (752): implicit truncation of vector type
  error: 1 plat 4 at (753): implicit truncation of vector type
  error: 1 plat 4 at (754): implicit truncation of vector type
  error: 1 plat 4 at (756): 'lerp': implicit truncation of vector type
  error: 1 plat 4 at (770): 'GetVertexPositionInputs': implicit truncation of vector type
  error: 1 plat 4 at (804): implicit truncation of vector type
  error: 1 plat 4 at (877): 'InitializeStandardLitSurfaceData': implicit truncation of vector type
  error: 1 plat 4 at (902): 'Sample': implicit truncation of vector type
  error: 1 plat 4 at (916): implicit truncation of vector type
  error: 1 plat 4 at (917): implicit truncation of vector type
  error: 1 plat 4 at (979): 'Sample': implicit truncation of vector type
  error: 1 plat 4 at (980): 'Sample': implicit truncation of vector type
  error: 1 plat 4 at (1023): implicit truncation of vector type
  error: 1 plat 4 at (1027): implicit truncation of vector type
  error: 1 plat 4 at (1039): 'tex2D': implicit truncation of vector type
  error: 1 plat 4 at (1043): 'Sample': implicit truncation of vector type
  error: 1 plat 4 at (1043): implicit truncation of vector type
  error: 1 plat 4 at (1051): implicit truncation of vector type
  error: 1 plat 4 at (1052): implicit truncation of vector type
  error: 1 plat 4 at (1066): 'Sample': implicit truncation of vector type
  error: 1 plat 4 at (1066): implicit truncation of vector type
  error: 1 plat 4 at (1077): 'Sample': implicit truncation of vector type
  error: 1 plat 4 at (1085): 'tex2D': implicit truncation of vector type
  error: 1 plat 4 at (1133): 'tex2D': implicit truncation of vector type
  error: 1 plat 4 at (1133): implicit truncation of vector type
  error: 1 plat 4 at (1136): 'tex2D': implicit truncation of vector type
  error: 1 plat 4 at (1136): implicit truncation of vector type
  error: 1 plat 4 at (1139): implicit truncation of vector type
  error: 1 plat 4 at (1166): 'tex2D': implicit truncation of vector type
  error: 1 plat 4 at (1166): implicit truncation of vector type
  error: 1 plat 4 at (1169): 'tex2D': implicit truncation of vector type
  error: 1 plat 4 at (1169): implicit truncation of vector type
  error: 1 plat 4 at (1172): implicit truncation of vector type
  error: 1 plat 4 at (1199): 'tex2D': implicit truncation of vector type
  error: 1 plat 4 at (1199): implicit truncation of vector type
  error: 1 plat 4 at (1202): 'tex2D': implicit truncation of vector type
  error: 1 plat 4 at (1202): implicit truncation of vector type
  error: 1 plat 4 at (1205): implicit truncation of vector type
  error: 1 plat 4 at (1247): 'lerp': implicit truncation of vector type
  error: 1 plat 4 at (1271): 'Sample': implicit truncation of vector type
  error: 1 plat 4 at (1361): implicit truncation of vector type
  error: 1 plat 4 at (1368): 'tex2D': implicit truncation of vector type
  error: 1 plat 4 at (1369): 'tex2D': implicit truncation of vector type
  error: 1 plat 4 at (1387): 'tex2D': implicit truncation of vector type
  error: 1 plat 4 at (1397): implicit truncation of vector type
  error: 1 plat 4 at (1398): implicit truncation of vector type
  error: 1 plat 4 at (1402): implicit truncation of vector type
  error: 1 plat 4 at (1418): 'Sample': implicit truncation of vector type
  error: 1 plat 4 at (1418): implicit truncation of vector type
  error: 1 plat 4 at (1441): 'SampleSH': implicit truncation of vector type
  error: 1 plat 4 at (1454): implicit truncation of vector type
  error: 1 plat 4 at (1458): implicit truncation of vector type
 ok=1 outsize=7858

Cmd: compileSnippet
  insize=53316 file=Assets/BruteForce/Shaders/SnowIce/URP/BruteForce/URP/SnowIceNoTessellationURP pass=<Unnamed Pass 0> cachingPP=1 ppOnly=0 stripLineD=0 buildPlatform=19 rsLen=0 pKW=UNITY_ENABLE_REFLECTION_BUFFERS UNITY_USE_DITHER_MASK_FOR_ALPHABLENDED_SHADOWS UNITY_PBS_USE_BRDF1 UNITY_SPECCUBE_BOX_PROJECTION UNITY_SPECCUBE_BLENDING UNITY_ENABLE_DETAIL_NORMALMAP SHADER_API_DESKTOP UNITY_LIGHT_PROBE_PROXY_VOLUME UNITY_LIGHTMAP_FULL_HDR uKW=USE_AL USE_WC USE_LS _MAIN_LIGHT_SHADOWS _SHADOWS_SOFT dKW=IS_T IS_ICE USE_VR LOD_FADE_CROSSFADE USE_RT IS_ADD USE_INTER _MAIN_LIGHT_SHADOWS_CASCADE _MIXED_LIGHTING_SUBTRACTIVE LIGHTMAP_ON FOG_LINEAR FOG_EXP FOG_EXP2 UNITY_NO_DXT5nm UNITY_FRAMEBUFFER_FETCH_AVAILABLE UNITY_ENABLE_NATIVE_SHADOW_LOOKUPS UNITY_METAL_SHADOWS_USE_POINT_FILTERING UNITY_NO_SCREENSPACE_SHADOWS UNITY_PBS_USE_BRDF2 UNITY_PBS_USE_BRDF3 UNITY_NO_FULL_STANDARD_SHADER UNITY_HARDWARE_TIER1 UNITY_HARDWARE_TIER2 UNITY_HARDWARE_TIER3 UNITY_COLORSPACE_GAMMA UNITY_HALF_PRECISION_FRAGMENT_SHADER_REGISTERS UNITY_LIGHTMAP_DLDR_ENCODING UNITY_LIGHTMAP_RGBM_ENCODING UNITY_VIRTUAL_TEXTURING UNITY_PRETRANSFORM_TO_DISPLAY_ORIENTATION UNITY_ASTC_NORMALMAP_ENCODING SHADER_API_GLES30 UNITY_UNIFIED_SHADER_PRECISION_MODEL flags=0 lang=3 type=Vertex platform=d3d11 reqs=227 mask=6 start=272  error: 1 plat 4 at (468): implicit truncation of vector type
  error: 1 plat 4 at (576): implicit truncation of vector type
  error: 1 plat 4 at (611): implicit truncation of vector type
  error: 1 plat 4 at (612): implicit truncation of vector type
  error: 1 plat 4 at (613): implicit truncation of vector type
  error: 1 plat 4 at (615): 'lerp': implicit truncation of vector type
  error: 1 plat 4 at (629): 'GetVertexPositionInputs': implicit truncation of vector type
  error: 1 plat 4 at (663): implicit truncation of vector type
  error: 1 plat 4 at (736): 'InitializeStandardLitSurfaceData': implicit truncation of vector type
  error: 1 plat 4 at (761): 'Sample': implicit truncation of vector type
  error: 1 plat 4 at (838): 'Sample': implicit truncation of vector type
  error: 1 plat 4 at (839): 'Sample': implicit truncation of vector type
  error: 1 plat 4 at (886): implicit truncation of vector type
  error: 1 plat 4 at (898): 'tex2D': implicit truncation of vector type
  error: 1 plat 4 at (902): 'Sample': implicit truncation of vector type
  error: 1 plat 4 at (902): implicit truncation of vector type
  error: 1 plat 4 at (910): implicit truncation of vector type
  error: 1 plat 4 at (911): implicit truncation of vector type
  error: 1 plat 4 at (925): 'Sample': implicit truncation of vector type
  error: 1 plat 4 at (925): implicit truncation of vector type
  error: 1 plat 4 at (936): 'Sample': implicit truncation of vector type
  error: 1 plat 4 at (944): 'tex2D': implicit truncation of vector type
  error: 1 plat 4 at (992): 'tex2D': implicit truncation of vector type
  error: 1 plat 4 at (992): implicit truncation of vector type
  error: 1 plat 4 at (995): 'tex2D': implicit truncation of vector type
  error: 1 plat 4 at (995): implicit truncation of vector type
  error: 1 plat 4 at (998): implicit truncation of vector type
  error: 1 plat 4 at (1025): 'tex2D': implicit truncation of vector type
  error: 1 plat 4 at (1025): implicit truncation of vector type
  error: 1 plat 4 at (1028): 'tex2D': implicit truncation of vector type
  error: 1 plat 4 at (1028): implicit truncation of vector type
  error: 1 plat 4 at (1031): implicit truncation of vector type
  error: 1 plat 4 at (1058): 'tex2D': implicit truncation of vector type
  error: 1 plat 4 at (1058): implicit truncation of vector type
  error: 1 plat 4 at (1061): 'tex2D': implicit truncation of vector type
  error: 1 plat 4 at (1061): implicit truncation of vector type
  error: 1 plat 4 at (1064): implicit truncation of vector type
  error: 1 plat 4 at (1106): 'lerp': implicit truncation of vector type
  error: 1 plat 4 at (1130): 'Sample': implicit truncation of vector type
  error: 1 plat 4 at (1220): implicit truncation of vector type
  error: 1 plat 4 at (1227): 'tex2D': implicit truncation of vector type
  error: 1 plat 4 at (1228): 'tex2D': implicit truncation of vector type
  error: 1 plat 4 at (1246): 'tex2D': implicit truncation of vector type
  error: 1 plat 4 at (1264): implicit truncation of vector type
  error: 1 plat 4 at (1277): 'Sample': implicit truncation of vector type
  error: 1 plat 4 at (1277): implicit truncation of vector type
  error: 1 plat 4 at (1300): 'SampleSH': implicit truncation of vector type
  error: 1 plat 4 at (1313): implicit truncation of vector type
  error: 1 plat 4 at (1317): implicit truncation of vector type
 ok=1 outsize=3890

Cmd: shutdown
